[DEBUG] 2018-05-02 21:31:54.809 [http-nio-8080-exec-3] IntegratorServiceImpl - Adding Integrator [org.hibernate.cfg.beanvalidation.BeanValidationIntegrator].
[DEBUG] 2018-05-02 21:31:54.861 [http-nio-8080-exec-3] IntegratorServiceImpl - Adding Integrator [org.hibernate.secure.spi.JaccIntegrator].
[DEBUG] 2018-05-02 21:31:54.890 [http-nio-8080-exec-3] IntegratorServiceImpl - Adding Integrator [org.hibernate.cache.internal.CollectionCacheInvalidator].
[INFO ] 2018-05-02 21:31:55.280 [http-nio-8080-exec-3] Version - HHH000412: Hibernate Core {5.2.3.Final}
[INFO ] 2018-05-02 21:31:55.285 [http-nio-8080-exec-3] Environment - HHH000206: hibernate.properties not found
[INFO ] 2018-05-02 21:31:55.296 [http-nio-8080-exec-3] Environment - HHH000021: Bytecode provider name : javassist
[DEBUG] 2018-05-02 21:31:55.560 [http-nio-8080-exec-3] LocalXmlResourceResolver - Interpreting public/system identifier : [-//Hibernate/Hibernate Configuration DTD//EN] - [http://www.hibernate.org/dtd/hibernate-configuration-3.0.dtd]
[DEBUG] 2018-05-02 21:31:55.563 [http-nio-8080-exec-3] LocalXmlResourceResolver - Recognized hibernate-configuration identifier; attempting to resolve on classpath under org/hibernate/
[DEBUG] 2018-05-02 21:31:55.667 [http-nio-8080-exec-3] JaxbCfgProcessor - cfg.xml document did not define namespaces; wrapping in custom event reader to introduce namespace information
[DEBUG] 2018-05-02 21:31:56.423 [http-nio-8080-exec-3] ServiceBinding - Overriding existing service binding [org.hibernate.secure.spi.JaccService]
[DEBUG] 2018-05-02 21:31:56.532 [http-nio-8080-exec-3] RegionFactoryInitiator - Cache region factory : org.hibernate.cache.internal.NoCachingRegionFactory
[INFO ] 2018-05-02 21:31:56.595 [http-nio-8080-exec-3] Version - HCANN000001: Hibernate Commons Annotations {5.0.1.Final}
[DEBUG] 2018-05-02 21:31:56.664 [http-nio-8080-exec-3] BasicTypeRegistry - Adding type registration boolean -> org.hibernate.type.BooleanType@c0eefa1
[DEBUG] 2018-05-02 21:31:56.665 [http-nio-8080-exec-3] BasicTypeRegistry - Adding type registration boolean -> org.hibernate.type.BooleanType@c0eefa1
[DEBUG] 2018-05-02 21:31:56.665 [http-nio-8080-exec-3] BasicTypeRegistry - Adding type registration java.lang.Boolean -> org.hibernate.type.BooleanType@c0eefa1
[DEBUG] 2018-05-02 21:31:56.666 [http-nio-8080-exec-3] BasicTypeRegistry - Adding type registration numeric_boolean -> org.hibernate.type.NumericBooleanType@462332ae
[DEBUG] 2018-05-02 21:31:56.667 [http-nio-8080-exec-3] BasicTypeRegistry - Adding type registration true_false -> org.hibernate.type.TrueFalseType@2daf444
[DEBUG] 2018-05-02 21:31:56.670 [http-nio-8080-exec-3] BasicTypeRegistry - Adding type registration yes_no -> org.hibernate.type.YesNoType@14d7104e
[DEBUG] 2018-05-02 21:31:56.673 [http-nio-8080-exec-3] BasicTypeRegistry - Adding type registration byte -> org.hibernate.type.ByteType@27427ea0
[DEBUG] 2018-05-02 21:31:56.679 [http-nio-8080-exec-3] BasicTypeRegistry - Adding type registration byte -> org.hibernate.type.ByteType@27427ea0
[DEBUG] 2018-05-02 21:31:56.679 [http-nio-8080-exec-3] BasicTypeRegistry - Adding type registration java.lang.Byte -> org.hibernate.type.ByteType@27427ea0
[DEBUG] 2018-05-02 21:31:56.682 [http-nio-8080-exec-3] BasicTypeRegistry - Adding type registration character -> org.hibernate.type.CharacterType@1ae98e29
[DEBUG] 2018-05-02 21:31:56.683 [http-nio-8080-exec-3] BasicTypeRegistry - Adding type registration char -> org.hibernate.type.CharacterType@1ae98e29
[DEBUG] 2018-05-02 21:31:56.683 [http-nio-8080-exec-3] BasicTypeRegistry - Adding type registration java.lang.Character -> org.hibernate.type.CharacterType@1ae98e29
[DEBUG] 2018-05-02 21:31:56.685 [http-nio-8080-exec-3] BasicTypeRegistry - Adding type registration short -> org.hibernate.type.ShortType@7aa97718
[DEBUG] 2018-05-02 21:31:56.685 [http-nio-8080-exec-3] BasicTypeRegistry - Adding type registration short -> org.hibernate.type.ShortType@7aa97718
[DEBUG] 2018-05-02 21:31:56.691 [http-nio-8080-exec-3] BasicTypeRegistry - Adding type registration java.lang.Short -> org.hibernate.type.ShortType@7aa97718
[DEBUG] 2018-05-02 21:31:56.693 [http-nio-8080-exec-3] BasicTypeRegistry - Adding type registration integer -> org.hibernate.type.IntegerType@731140c2
[DEBUG] 2018-05-02 21:31:56.694 [http-nio-8080-exec-3] BasicTypeRegistry - Adding type registration int -> org.hibernate.type.IntegerType@731140c2
[DEBUG] 2018-05-02 21:31:56.694 [http-nio-8080-exec-3] BasicTypeRegistry - Adding type registration java.lang.Integer -> org.hibernate.type.IntegerType@731140c2
[DEBUG] 2018-05-02 21:31:56.703 [http-nio-8080-exec-3] BasicTypeRegistry - Adding type registration long -> org.hibernate.type.LongType@473229d
[DEBUG] 2018-05-02 21:31:56.703 [http-nio-8080-exec-3] BasicTypeRegistry - Adding type registration long -> org.hibernate.type.LongType@473229d
[DEBUG] 2018-05-02 21:31:56.703 [http-nio-8080-exec-3] BasicTypeRegistry - Adding type registration java.lang.Long -> org.hibernate.type.LongType@473229d
[DEBUG] 2018-05-02 21:31:56.709 [http-nio-8080-exec-3] BasicTypeRegistry - Adding type registration float -> org.hibernate.type.FloatType@1025c4f
[DEBUG] 2018-05-02 21:31:56.709 [http-nio-8080-exec-3] BasicTypeRegistry - Adding type registration float -> org.hibernate.type.FloatType@1025c4f
[DEBUG] 2018-05-02 21:31:56.709 [http-nio-8080-exec-3] BasicTypeRegistry - Adding type registration java.lang.Float -> org.hibernate.type.FloatType@1025c4f
[DEBUG] 2018-05-02 21:31:56.717 [http-nio-8080-exec-3] BasicTypeRegistry - Adding type registration double -> org.hibernate.type.DoubleType@f18468a
[DEBUG] 2018-05-02 21:31:56.717 [http-nio-8080-exec-3] BasicTypeRegistry - Adding type registration double -> org.hibernate.type.DoubleType@f18468a
[DEBUG] 2018-05-02 21:31:56.717 [http-nio-8080-exec-3] BasicTypeRegistry - Adding type registration java.lang.Double -> org.hibernate.type.DoubleType@f18468a
[DEBUG] 2018-05-02 21:31:56.719 [http-nio-8080-exec-3] BasicTypeRegistry - Adding type registration big_decimal -> org.hibernate.type.BigDecimalType@22203113
[DEBUG] 2018-05-02 21:31:56.719 [http-nio-8080-exec-3] BasicTypeRegistry - Adding type registration java.math.BigDecimal -> org.hibernate.type.BigDecimalType@22203113
[DEBUG] 2018-05-02 21:31:56.720 [http-nio-8080-exec-3] BasicTypeRegistry - Adding type registration big_integer -> org.hibernate.type.BigIntegerType@683b467d
[DEBUG] 2018-05-02 21:31:56.720 [http-nio-8080-exec-3] BasicTypeRegistry - Adding type registration java.math.BigInteger -> org.hibernate.type.BigIntegerType@683b467d
[DEBUG] 2018-05-02 21:31:56.723 [http-nio-8080-exec-3] BasicTypeRegistry - Adding type registration string -> org.hibernate.type.StringType@51442205
[DEBUG] 2018-05-02 21:31:56.723 [http-nio-8080-exec-3] BasicTypeRegistry - Adding type registration java.lang.String -> org.hibernate.type.StringType@51442205
[DEBUG] 2018-05-02 21:31:56.725 [http-nio-8080-exec-3] BasicTypeRegistry - Adding type registration nstring -> org.hibernate.type.StringNVarcharType@77005de2
[DEBUG] 2018-05-02 21:31:56.727 [http-nio-8080-exec-3] BasicTypeRegistry - Adding type registration ncharacter -> org.hibernate.type.CharacterNCharType@187c42a4
[DEBUG] 2018-05-02 21:31:56.730 [http-nio-8080-exec-3] BasicTypeRegistry - Adding type registration url -> org.hibernate.type.UrlType@305cf986
[DEBUG] 2018-05-02 21:31:56.736 [http-nio-8080-exec-3] BasicTypeRegistry - Adding type registration java.net.URL -> org.hibernate.type.UrlType@305cf986
[DEBUG] 2018-05-02 21:31:56.742 [http-nio-8080-exec-3] BasicTypeRegistry - Adding type registration Duration -> org.hibernate.type.DurationType@7800a7b9
[DEBUG] 2018-05-02 21:31:56.743 [http-nio-8080-exec-3] BasicTypeRegistry - Adding type registration java.time.Duration -> org.hibernate.type.DurationType@7800a7b9
[DEBUG] 2018-05-02 21:31:56.811 [http-nio-8080-exec-3] BasicTypeRegistry - Adding type registration Instant -> org.hibernate.type.InstantType@206073e4
[DEBUG] 2018-05-02 21:31:56.812 [http-nio-8080-exec-3] BasicTypeRegistry - Adding type registration java.time.Instant -> org.hibernate.type.InstantType@206073e4
[DEBUG] 2018-05-02 21:31:56.819 [http-nio-8080-exec-3] BasicTypeRegistry - Adding type registration LocalDateTime -> org.hibernate.type.LocalDateTimeType@708a827a
[DEBUG] 2018-05-02 21:31:56.820 [http-nio-8080-exec-3] BasicTypeRegistry - Adding type registration java.time.LocalDateTime -> org.hibernate.type.LocalDateTimeType@708a827a
[DEBUG] 2018-05-02 21:31:56.825 [http-nio-8080-exec-3] BasicTypeRegistry - Adding type registration LocalDate -> org.hibernate.type.LocalDateType@adcd189
[DEBUG] 2018-05-02 21:31:56.825 [http-nio-8080-exec-3] BasicTypeRegistry - Adding type registration java.time.LocalDate -> org.hibernate.type.LocalDateType@adcd189
[DEBUG] 2018-05-02 21:31:56.828 [http-nio-8080-exec-3] BasicTypeRegistry - Adding type registration LocalTime -> org.hibernate.type.LocalTimeType@19762997
[DEBUG] 2018-05-02 21:31:56.828 [http-nio-8080-exec-3] BasicTypeRegistry - Adding type registration java.time.LocalTime -> org.hibernate.type.LocalTimeType@19762997
[DEBUG] 2018-05-02 21:31:56.835 [http-nio-8080-exec-3] BasicTypeRegistry - Adding type registration OffsetDateTime -> org.hibernate.type.OffsetDateTimeType@7883c5b3
[DEBUG] 2018-05-02 21:31:56.835 [http-nio-8080-exec-3] BasicTypeRegistry - Adding type registration java.time.OffsetDateTime -> org.hibernate.type.OffsetDateTimeType@7883c5b3
[DEBUG] 2018-05-02 21:31:56.842 [http-nio-8080-exec-3] BasicTypeRegistry - Adding type registration OffsetTime -> org.hibernate.type.OffsetTimeType@1a91617c
[DEBUG] 2018-05-02 21:31:56.842 [http-nio-8080-exec-3] BasicTypeRegistry - Adding type registration java.time.OffsetTime -> org.hibernate.type.OffsetTimeType@1a91617c
[DEBUG] 2018-05-02 21:31:56.874 [http-nio-8080-exec-3] BasicTypeRegistry - Adding type registration ZonedDateTime -> org.hibernate.type.ZonedDateTimeType@6e4e3c57
[DEBUG] 2018-05-02 21:31:56.875 [http-nio-8080-exec-3] BasicTypeRegistry - Adding type registration java.time.ZonedDateTime -> org.hibernate.type.ZonedDateTimeType@6e4e3c57
[DEBUG] 2018-05-02 21:31:56.882 [http-nio-8080-exec-3] BasicTypeRegistry - Adding type registration date -> org.hibernate.type.DateType@90179a8
[DEBUG] 2018-05-02 21:31:56.882 [http-nio-8080-exec-3] BasicTypeRegistry - Adding type registration java.sql.Date -> org.hibernate.type.DateType@90179a8
[DEBUG] 2018-05-02 21:31:56.889 [http-nio-8080-exec-3] BasicTypeRegistry - Adding type registration time -> org.hibernate.type.TimeType@31fa189a
[DEBUG] 2018-05-02 21:31:56.890 [http-nio-8080-exec-3] BasicTypeRegistry - Adding type registration java.sql.Time -> org.hibernate.type.TimeType@31fa189a
[DEBUG] 2018-05-02 21:31:56.893 [http-nio-8080-exec-3] BasicTypeRegistry - Adding type registration timestamp -> org.hibernate.type.TimestampType@69fff927
[DEBUG] 2018-05-02 21:31:56.893 [http-nio-8080-exec-3] BasicTypeRegistry - Adding type registration java.sql.Timestamp -> org.hibernate.type.TimestampType@69fff927
[DEBUG] 2018-05-02 21:31:56.893 [http-nio-8080-exec-3] BasicTypeRegistry - Adding type registration java.util.Date -> org.hibernate.type.TimestampType@69fff927
[DEBUG] 2018-05-02 21:31:56.899 [http-nio-8080-exec-3] BasicTypeRegistry - Adding type registration dbtimestamp -> org.hibernate.type.DbTimestampType@67b36205
[DEBUG] 2018-05-02 21:31:56.903 [http-nio-8080-exec-3] BasicTypeRegistry - Adding type registration calendar -> org.hibernate.type.CalendarType@34651f80
[DEBUG] 2018-05-02 21:31:56.903 [http-nio-8080-exec-3] BasicTypeRegistry - Adding type registration java.util.Calendar -> org.hibernate.type.CalendarType@34651f80
[DEBUG] 2018-05-02 21:31:56.904 [http-nio-8080-exec-3] BasicTypeRegistry - Adding type registration java.util.GregorianCalendar -> org.hibernate.type.CalendarType@34651f80
[DEBUG] 2018-05-02 21:31:56.906 [http-nio-8080-exec-3] BasicTypeRegistry - Adding type registration calendar_date -> org.hibernate.type.CalendarDateType@6bac0eb4
[DEBUG] 2018-05-02 21:31:56.909 [http-nio-8080-exec-3] BasicTypeRegistry - Adding type registration locale -> org.hibernate.type.LocaleType@160b9756
[DEBUG] 2018-05-02 21:31:56.909 [http-nio-8080-exec-3] BasicTypeRegistry - Adding type registration java.util.Locale -> org.hibernate.type.LocaleType@160b9756
[DEBUG] 2018-05-02 21:31:56.910 [http-nio-8080-exec-3] BasicTypeRegistry - Adding type registration currency -> org.hibernate.type.CurrencyType@5eda5978
[DEBUG] 2018-05-02 21:31:56.911 [http-nio-8080-exec-3] BasicTypeRegistry - Adding type registration java.util.Currency -> org.hibernate.type.CurrencyType@5eda5978
[DEBUG] 2018-05-02 21:31:56.916 [http-nio-8080-exec-3] BasicTypeRegistry - Adding type registration timezone -> org.hibernate.type.TimeZoneType@546b205c
[DEBUG] 2018-05-02 21:31:56.916 [http-nio-8080-exec-3] BasicTypeRegistry - Adding type registration java.util.TimeZone -> org.hibernate.type.TimeZoneType@546b205c
[DEBUG] 2018-05-02 21:31:56.919 [http-nio-8080-exec-3] BasicTypeRegistry - Adding type registration class -> org.hibernate.type.ClassType@4cd5b430
[DEBUG] 2018-05-02 21:31:56.920 [http-nio-8080-exec-3] BasicTypeRegistry - Adding type registration java.lang.Class -> org.hibernate.type.ClassType@4cd5b430
[DEBUG] 2018-05-02 21:31:56.924 [http-nio-8080-exec-3] BasicTypeRegistry - Adding type registration uuid-binary -> org.hibernate.type.UUIDBinaryType@6e60d6a
[DEBUG] 2018-05-02 21:31:56.924 [http-nio-8080-exec-3] BasicTypeRegistry - Adding type registration java.util.UUID -> org.hibernate.type.UUIDBinaryType@6e60d6a
[DEBUG] 2018-05-02 21:31:56.925 [http-nio-8080-exec-3] BasicTypeRegistry - Adding type registration uuid-char -> org.hibernate.type.UUIDCharType@25230444
[DEBUG] 2018-05-02 21:31:56.926 [http-nio-8080-exec-3] BasicTypeRegistry - Adding type registration binary -> org.hibernate.type.BinaryType@272883dd
[DEBUG] 2018-05-02 21:31:56.927 [http-nio-8080-exec-3] BasicTypeRegistry - Adding type registration byte[] -> org.hibernate.type.BinaryType@272883dd
[DEBUG] 2018-05-02 21:31:56.927 [http-nio-8080-exec-3] BasicTypeRegistry - Adding type registration [B -> org.hibernate.type.BinaryType@272883dd
[DEBUG] 2018-05-02 21:31:56.928 [http-nio-8080-exec-3] BasicTypeRegistry - Adding type registration wrapper-binary -> org.hibernate.type.WrapperBinaryType@54eb244b
[DEBUG] 2018-05-02 21:31:56.928 [http-nio-8080-exec-3] BasicTypeRegistry - Adding type registration Byte[] -> org.hibernate.type.WrapperBinaryType@54eb244b
[DEBUG] 2018-05-02 21:31:56.928 [http-nio-8080-exec-3] BasicTypeRegistry - Adding type registration [Ljava.lang.Byte; -> org.hibernate.type.WrapperBinaryType@54eb244b
[DEBUG] 2018-05-02 21:31:56.932 [http-nio-8080-exec-3] BasicTypeRegistry - Adding type registration row_version -> org.hibernate.type.RowVersionType@1e8702f9
[DEBUG] 2018-05-02 21:31:56.936 [http-nio-8080-exec-3] BasicTypeRegistry - Adding type registration image -> org.hibernate.type.ImageType@f0d37c9
[DEBUG] 2018-05-02 21:31:56.939 [http-nio-8080-exec-3] BasicTypeRegistry - Adding type registration characters -> org.hibernate.type.CharArrayType@66d6c688
[DEBUG] 2018-05-02 21:31:56.941 [http-nio-8080-exec-3] BasicTypeRegistry - Adding type registration char[] -> org.hibernate.type.CharArrayType@66d6c688
[DEBUG] 2018-05-02 21:31:56.941 [http-nio-8080-exec-3] BasicTypeRegistry - Adding type registration [C -> org.hibernate.type.CharArrayType@66d6c688
[DEBUG] 2018-05-02 21:31:56.942 [http-nio-8080-exec-3] BasicTypeRegistry - Adding type registration wrapper-characters -> org.hibernate.type.CharacterArrayType@7516b82a
[DEBUG] 2018-05-02 21:31:56.943 [http-nio-8080-exec-3] BasicTypeRegistry - Adding type registration [Ljava.lang.Character; -> org.hibernate.type.CharacterArrayType@7516b82a
[DEBUG] 2018-05-02 21:31:56.943 [http-nio-8080-exec-3] BasicTypeRegistry - Adding type registration Character[] -> org.hibernate.type.CharacterArrayType@7516b82a
[DEBUG] 2018-05-02 21:31:56.943 [http-nio-8080-exec-3] BasicTypeRegistry - Adding type registration text -> org.hibernate.type.TextType@18225ee0
[DEBUG] 2018-05-02 21:31:56.944 [http-nio-8080-exec-3] BasicTypeRegistry - Adding type registration ntext -> org.hibernate.type.NTextType@251e7f90
[DEBUG] 2018-05-02 21:31:56.969 [http-nio-8080-exec-3] BasicTypeRegistry - Adding type registration blob -> org.hibernate.type.BlobType@47e22887
[DEBUG] 2018-05-02 21:31:56.969 [http-nio-8080-exec-3] BasicTypeRegistry - Adding type registration java.sql.Blob -> org.hibernate.type.BlobType@47e22887
[DEBUG] 2018-05-02 21:31:56.970 [http-nio-8080-exec-3] BasicTypeRegistry - Adding type registration materialized_blob -> org.hibernate.type.MaterializedBlobType@138a4935
[DEBUG] 2018-05-02 21:31:57.017 [http-nio-8080-exec-3] BasicTypeRegistry - Adding type registration clob -> org.hibernate.type.ClobType@6bc27131
[DEBUG] 2018-05-02 21:31:57.017 [http-nio-8080-exec-3] BasicTypeRegistry - Adding type registration java.sql.Clob -> org.hibernate.type.ClobType@6bc27131
[DEBUG] 2018-05-02 21:31:57.034 [http-nio-8080-exec-3] BasicTypeRegistry - Adding type registration nclob -> org.hibernate.type.NClobType@4734ba78
[DEBUG] 2018-05-02 21:31:57.034 [http-nio-8080-exec-3] BasicTypeRegistry - Adding type registration java.sql.NClob -> org.hibernate.type.NClobType@4734ba78
[DEBUG] 2018-05-02 21:31:57.035 [http-nio-8080-exec-3] BasicTypeRegistry - Adding type registration materialized_clob -> org.hibernate.type.MaterializedClobType@2cbdb2bf
[DEBUG] 2018-05-02 21:31:57.035 [http-nio-8080-exec-3] BasicTypeRegistry - Adding type registration materialized_nclob -> org.hibernate.type.MaterializedNClobType@2375889f
[DEBUG] 2018-05-02 21:31:57.046 [http-nio-8080-exec-3] BasicTypeRegistry - Adding type registration serializable -> org.hibernate.type.SerializableType@527a39b8
[DEBUG] 2018-05-02 21:31:57.061 [http-nio-8080-exec-3] BasicTypeRegistry - Adding type registration object -> org.hibernate.type.ObjectType@d66fdec
[DEBUG] 2018-05-02 21:31:57.061 [http-nio-8080-exec-3] BasicTypeRegistry - Adding type registration java.lang.Object -> org.hibernate.type.ObjectType@d66fdec
[DEBUG] 2018-05-02 21:31:57.062 [http-nio-8080-exec-3] BasicTypeRegistry - Adding type registration imm_date -> org.hibernate.type.AdaptedImmutableType@30487626
[DEBUG] 2018-05-02 21:31:57.063 [http-nio-8080-exec-3] BasicTypeRegistry - Adding type registration imm_time -> org.hibernate.type.AdaptedImmutableType@a7b745e
[DEBUG] 2018-05-02 21:31:57.063 [http-nio-8080-exec-3] BasicTypeRegistry - Adding type registration imm_timestamp -> org.hibernate.type.AdaptedImmutableType@1832c38
[DEBUG] 2018-05-02 21:31:57.063 [http-nio-8080-exec-3] BasicTypeRegistry - Adding type registration imm_dbtimestamp -> org.hibernate.type.AdaptedImmutableType@1bcbee
[DEBUG] 2018-05-02 21:31:57.063 [http-nio-8080-exec-3] BasicTypeRegistry - Adding type registration imm_calendar -> org.hibernate.type.AdaptedImmutableType@7311748d
[DEBUG] 2018-05-02 21:31:57.063 [http-nio-8080-exec-3] BasicTypeRegistry - Adding type registration imm_calendar_date -> org.hibernate.type.AdaptedImmutableType@22193735
[DEBUG] 2018-05-02 21:31:57.070 [http-nio-8080-exec-3] BasicTypeRegistry - Adding type registration imm_binary -> org.hibernate.type.AdaptedImmutableType@3ae33da2
[DEBUG] 2018-05-02 21:31:57.072 [http-nio-8080-exec-3] BasicTypeRegistry - Adding type registration imm_serializable -> org.hibernate.type.AdaptedImmutableType@6479c5ab
[INFO ] 2018-05-02 21:31:57.118 [http-nio-8080-exec-3] C3P0ConnectionProvider - HHH010002: C3P0 using driver: com.mysql.jdbc.Driver at URL: jdbc:mysql://localhost:3306/puppy_playtime_test
[INFO ] 2018-05-02 21:31:57.120 [http-nio-8080-exec-3] C3P0ConnectionProvider - HHH10001001: Connection properties: {user=root, password=****}
[INFO ] 2018-05-02 21:31:57.120 [http-nio-8080-exec-3] C3P0ConnectionProvider - HHH10001003: Autocommit mode: false
[INFO ] 2018-05-02 21:31:57.712 [http-nio-8080-exec-3] C3P0ConnectionProvider - HHH10001007: JDBC isolation level: <unknown>
[DEBUG] 2018-05-02 21:31:58.438 [http-nio-8080-exec-3] JdbcEnvironmentInitiator - Database ->
       name : MySQL
    version : 5.7.22-0ubuntu0.16.04.1
      major : 5
      minor : 7
[DEBUG] 2018-05-02 21:31:58.438 [http-nio-8080-exec-3] JdbcEnvironmentInitiator - Driver ->
       name : MySQL Connector Java
    version : mysql-connector-java-5.1.39 ( Revision: 3289a357af6d09ecc1a10fd3c26e95183e5790ad )
      major : 5
      minor : 1
[DEBUG] 2018-05-02 21:31:58.438 [http-nio-8080-exec-3] JdbcEnvironmentInitiator - JDBC version : 4.0
[INFO ] 2018-05-02 21:31:58.540 [http-nio-8080-exec-3] Dialect - HHH000400: Using dialect: org.hibernate.dialect.MySQL5Dialect
[DEBUG] 2018-05-02 21:31:58.667 [http-nio-8080-exec-3] IdentifierHelperBuilder - JDBC driver metadata reported database stores quoted identifiers in more than one case
[DEBUG] 2018-05-02 21:31:58.683 [http-nio-8080-exec-3] IdentifierHelperBuilder - IdentifierCaseStrategy for both quoted and unquoted identifiers was set to the same strategy [MIXED]; that will likely lead to problems in schema update and validation if using quoted identifiers
[DEBUG] 2018-05-02 21:31:58.801 [http-nio-8080-exec-3] DefaultIdentifierGeneratorFactory - Registering IdentifierGenerator strategy [uuid2] -> [org.hibernate.id.UUIDGenerator]
[DEBUG] 2018-05-02 21:31:58.802 [http-nio-8080-exec-3] DefaultIdentifierGeneratorFactory - Registering IdentifierGenerator strategy [guid] -> [org.hibernate.id.GUIDGenerator]
[DEBUG] 2018-05-02 21:31:58.804 [http-nio-8080-exec-3] DefaultIdentifierGeneratorFactory - Registering IdentifierGenerator strategy [uuid] -> [org.hibernate.id.UUIDHexGenerator]
[DEBUG] 2018-05-02 21:31:58.820 [http-nio-8080-exec-3] DefaultIdentifierGeneratorFactory - Registering IdentifierGenerator strategy [uuid.hex] -> [org.hibernate.id.UUIDHexGenerator]
[DEBUG] 2018-05-02 21:31:58.820 [http-nio-8080-exec-3] DefaultIdentifierGeneratorFactory - Registering IdentifierGenerator strategy [assigned] -> [org.hibernate.id.Assigned]
[DEBUG] 2018-05-02 21:31:58.827 [http-nio-8080-exec-3] DefaultIdentifierGeneratorFactory - Registering IdentifierGenerator strategy [identity] -> [org.hibernate.id.IdentityGenerator]
[DEBUG] 2018-05-02 21:31:58.829 [http-nio-8080-exec-3] DefaultIdentifierGeneratorFactory - Registering IdentifierGenerator strategy [select] -> [org.hibernate.id.SelectGenerator]
[DEBUG] 2018-05-02 21:31:58.838 [http-nio-8080-exec-3] DefaultIdentifierGeneratorFactory - Registering IdentifierGenerator strategy [sequence] -> [org.hibernate.id.enhanced.SequenceStyleGenerator]
[DEBUG] 2018-05-02 21:31:58.840 [http-nio-8080-exec-3] DefaultIdentifierGeneratorFactory - Registering IdentifierGenerator strategy [seqhilo] -> [org.hibernate.id.SequenceHiLoGenerator]
[DEBUG] 2018-05-02 21:31:58.840 [http-nio-8080-exec-3] DefaultIdentifierGeneratorFactory - Registering IdentifierGenerator strategy [increment] -> [org.hibernate.id.IncrementGenerator]
[DEBUG] 2018-05-02 21:31:58.841 [http-nio-8080-exec-3] DefaultIdentifierGeneratorFactory - Registering IdentifierGenerator strategy [foreign] -> [org.hibernate.id.ForeignGenerator]
[DEBUG] 2018-05-02 21:31:58.841 [http-nio-8080-exec-3] DefaultIdentifierGeneratorFactory - Registering IdentifierGenerator strategy [sequence-identity] -> [org.hibernate.id.SequenceIdentityGenerator]
[DEBUG] 2018-05-02 21:31:58.841 [http-nio-8080-exec-3] DefaultIdentifierGeneratorFactory - Registering IdentifierGenerator strategy [enhanced-sequence] -> [org.hibernate.id.enhanced.SequenceStyleGenerator]
[DEBUG] 2018-05-02 21:31:58.844 [http-nio-8080-exec-3] DefaultIdentifierGeneratorFactory - Registering IdentifierGenerator strategy [enhanced-table] -> [org.hibernate.id.enhanced.TableGenerator]
[DEBUG] 2018-05-02 21:31:58.951 [http-nio-8080-exec-3] Namespace - Created database namespace [logicalName=Name{catalog=null, schema=null}, physicalName=Name{catalog=null, schema=null}]
[DEBUG] 2018-05-02 21:31:59.051 [http-nio-8080-exec-3] AnnotationBinder - Binding entity from annotated class: com.choinoski.entity.PlaydateMember
[DEBUG] 2018-05-02 21:31:59.152 [http-nio-8080-exec-3] Ejb3Column - Binding column: Ejb3DiscriminatorColumn{logicalColumnName'DTYPE', discriminatorTypeName='string'}
[DEBUG] 2018-05-02 21:31:59.167 [http-nio-8080-exec-3] EntityBinder - Import with entity name PlaydateMember
[DEBUG] 2018-05-02 21:31:59.200 [http-nio-8080-exec-3] EntityBinder - Bind entity com.choinoski.entity.PlaydateMember on table playdate_member
[DEBUG] 2018-05-02 21:31:59.274 [http-nio-8080-exec-3] Ejb3Column - Binding column: Ejb3Column{table=org.hibernate.mapping.Table(playdate_member), mappingColumn=playdate_member_nr, insertable=true, updatable=true, unique=false}
[DEBUG] 2018-05-02 21:31:59.283 [http-nio-8080-exec-3] PropertyBinder - MetadataSourceProcessor property packdateMemberNumber with lazy=false
[DEBUG] 2018-05-02 21:31:59.293 [http-nio-8080-exec-3] AbstractPropertyHolder - Attempting to locate auto-apply AttributeConverter for property [com.choinoski.entity.PlaydateMember:packdateMemberNumber]
[DEBUG] 2018-05-02 21:31:59.294 [http-nio-8080-exec-3] SimpleValueBinder - building SimpleValue for packdateMemberNumber
[DEBUG] 2018-05-02 21:31:59.300 [http-nio-8080-exec-3] PropertyBinder - Building property packdateMemberNumber
[DEBUG] 2018-05-02 21:31:59.313 [http-nio-8080-exec-3] Ejb3Column - Binding column: Ejb3Column{table=org.hibernate.mapping.Table(playdate_member), mappingColumn=create_date, insertable=true, updatable=true, unique=false}
[DEBUG] 2018-05-02 21:31:59.314 [http-nio-8080-exec-3] PropertyBinder - MetadataSourceProcessor property createDate with lazy=false
[DEBUG] 2018-05-02 21:31:59.316 [http-nio-8080-exec-3] AbstractPropertyHolder - Attempting to locate auto-apply AttributeConverter for property [com.choinoski.entity.PlaydateMember:createDate]
[DEBUG] 2018-05-02 21:31:59.317 [http-nio-8080-exec-3] SimpleValueBinder - building SimpleValue for createDate
[DEBUG] 2018-05-02 21:31:59.317 [http-nio-8080-exec-3] PropertyBinder - Building property createDate
[DEBUG] 2018-05-02 21:31:59.341 [http-nio-8080-exec-3] Ejb3Column - Binding column: Ejb3Column{table=org.hibernate.mapping.Table(playdate_member), mappingColumn=last_modified_date, insertable=true, updatable=true, unique=false}
[DEBUG] 2018-05-02 21:31:59.341 [http-nio-8080-exec-3] PropertyBinder - MetadataSourceProcessor property lastModifiedDate with lazy=false
[DEBUG] 2018-05-02 21:31:59.341 [http-nio-8080-exec-3] AbstractPropertyHolder - Attempting to locate auto-apply AttributeConverter for property [com.choinoski.entity.PlaydateMember:lastModifiedDate]
[DEBUG] 2018-05-02 21:31:59.343 [http-nio-8080-exec-3] SimpleValueBinder - building SimpleValue for lastModifiedDate
[DEBUG] 2018-05-02 21:31:59.343 [http-nio-8080-exec-3] PropertyBinder - Building property lastModifiedDate
[DEBUG] 2018-05-02 21:31:59.344 [http-nio-8080-exec-3] Ejb3Column - Binding column: Ejb3Column{table=org.hibernate.mapping.Table(playdate_member), mappingColumn=pack_member_nr, insertable=true, updatable=true, unique=false}
[DEBUG] 2018-05-02 21:31:59.344 [http-nio-8080-exec-3] PropertyBinder - MetadataSourceProcessor property packMemberNumber with lazy=false
[DEBUG] 2018-05-02 21:31:59.345 [http-nio-8080-exec-3] AbstractPropertyHolder - Attempting to locate auto-apply AttributeConverter for property [com.choinoski.entity.PlaydateMember:packMemberNumber]
[DEBUG] 2018-05-02 21:31:59.345 [http-nio-8080-exec-3] SimpleValueBinder - building SimpleValue for packMemberNumber
[DEBUG] 2018-05-02 21:31:59.345 [http-nio-8080-exec-3] PropertyBinder - Building property packMemberNumber
[DEBUG] 2018-05-02 21:31:59.347 [http-nio-8080-exec-3] Ejb3Column - Binding column: Ejb3JoinColumn{logicalColumnName='playdate_nr', referencedColumn='', mappedBy=''}
[DEBUG] 2018-05-02 21:31:59.351 [http-nio-8080-exec-3] Ejb3Column - Binding column: Ejb3Column{table=org.hibernate.mapping.Table(playdate_member), mappingColumn=playdate, insertable=true, updatable=true, unique=false}
[DEBUG] 2018-05-02 21:31:59.359 [http-nio-8080-exec-3] PropertyBinder - Building property playdate
[DEBUG] 2018-05-02 21:31:59.361 [http-nio-8080-exec-3] Ejb3Column - Binding column: Ejb3Column{table=org.hibernate.mapping.Table(playdate_member), mappingColumn=playdate_nr, insertable=true, updatable=true, unique=false}
[DEBUG] 2018-05-02 21:31:59.361 [http-nio-8080-exec-3] PropertyBinder - MetadataSourceProcessor property playdateNumber with lazy=false
[DEBUG] 2018-05-02 21:31:59.361 [http-nio-8080-exec-3] AbstractPropertyHolder - Attempting to locate auto-apply AttributeConverter for property [com.choinoski.entity.PlaydateMember:playdateNumber]
[DEBUG] 2018-05-02 21:31:59.361 [http-nio-8080-exec-3] SimpleValueBinder - building SimpleValue for playdateNumber
[DEBUG] 2018-05-02 21:31:59.361 [http-nio-8080-exec-3] PropertyBinder - Building property playdateNumber
[DEBUG] 2018-05-02 21:31:59.362 [http-nio-8080-exec-3] Ejb3Column - Binding column: Ejb3Column{table=org.hibernate.mapping.Table(playdate_member), mappingColumn=status, insertable=true, updatable=true, unique=false}
[DEBUG] 2018-05-02 21:31:59.362 [http-nio-8080-exec-3] PropertyBinder - MetadataSourceProcessor property status with lazy=false
[DEBUG] 2018-05-02 21:31:59.362 [http-nio-8080-exec-3] AbstractPropertyHolder - Attempting to locate auto-apply AttributeConverter for property [com.choinoski.entity.PlaydateMember:status]
[DEBUG] 2018-05-02 21:31:59.362 [http-nio-8080-exec-3] SimpleValueBinder - building SimpleValue for status
[DEBUG] 2018-05-02 21:31:59.363 [http-nio-8080-exec-3] PropertyBinder - Building property status
[DEBUG] 2018-05-02 21:31:59.364 [http-nio-8080-exec-3] AnnotationBinder - Binding entity from annotated class: com.choinoski.entity.Playdate
[DEBUG] 2018-05-02 21:31:59.364 [http-nio-8080-exec-3] Ejb3Column - Binding column: Ejb3DiscriminatorColumn{logicalColumnName'DTYPE', discriminatorTypeName='string'}
[DEBUG] 2018-05-02 21:31:59.367 [http-nio-8080-exec-3] EntityBinder - Import with entity name Playdate
[DEBUG] 2018-05-02 21:31:59.368 [http-nio-8080-exec-3] EntityBinder - Bind entity com.choinoski.entity.Playdate on table playdate
[DEBUG] 2018-05-02 21:31:59.379 [http-nio-8080-exec-3] Ejb3Column - Binding column: Ejb3Column{table=org.hibernate.mapping.Table(playdate), mappingColumn=playdate_nr, insertable=true, updatable=true, unique=false}
[DEBUG] 2018-05-02 21:31:59.379 [http-nio-8080-exec-3] PropertyBinder - MetadataSourceProcessor property playdateNumber with lazy=false
[DEBUG] 2018-05-02 21:31:59.379 [http-nio-8080-exec-3] AbstractPropertyHolder - Attempting to locate auto-apply AttributeConverter for property [com.choinoski.entity.Playdate:playdateNumber]
[DEBUG] 2018-05-02 21:31:59.379 [http-nio-8080-exec-3] SimpleValueBinder - building SimpleValue for playdateNumber
[DEBUG] 2018-05-02 21:31:59.379 [http-nio-8080-exec-3] PropertyBinder - Building property playdateNumber
[DEBUG] 2018-05-02 21:31:59.379 [http-nio-8080-exec-3] Ejb3Column - Binding column: Ejb3Column{table=org.hibernate.mapping.Table(playdate), mappingColumn=create_date, insertable=true, updatable=true, unique=false}
[DEBUG] 2018-05-02 21:31:59.379 [http-nio-8080-exec-3] PropertyBinder - MetadataSourceProcessor property createDate with lazy=false
[DEBUG] 2018-05-02 21:31:59.379 [http-nio-8080-exec-3] AbstractPropertyHolder - Attempting to locate auto-apply AttributeConverter for property [com.choinoski.entity.Playdate:createDate]
[DEBUG] 2018-05-02 21:31:59.379 [http-nio-8080-exec-3] SimpleValueBinder - building SimpleValue for createDate
[DEBUG] 2018-05-02 21:31:59.380 [http-nio-8080-exec-3] PropertyBinder - Building property createDate
[DEBUG] 2018-05-02 21:31:59.380 [http-nio-8080-exec-3] Ejb3Column - Binding column: Ejb3Column{table=org.hibernate.mapping.Table(playdate), mappingColumn=date, insertable=true, updatable=true, unique=false}
[DEBUG] 2018-05-02 21:31:59.380 [http-nio-8080-exec-3] PropertyBinder - MetadataSourceProcessor property date with lazy=false
[DEBUG] 2018-05-02 21:31:59.380 [http-nio-8080-exec-3] AbstractPropertyHolder - Attempting to locate auto-apply AttributeConverter for property [com.choinoski.entity.Playdate:date]
[DEBUG] 2018-05-02 21:31:59.380 [http-nio-8080-exec-3] SimpleValueBinder - building SimpleValue for date
[DEBUG] 2018-05-02 21:31:59.383 [http-nio-8080-exec-3] PropertyBinder - Building property date
[DEBUG] 2018-05-02 21:31:59.383 [http-nio-8080-exec-3] Ejb3Column - Binding column: Ejb3Column{table=org.hibernate.mapping.Table(playdate), mappingColumn=last_modified_date, insertable=true, updatable=true, unique=false}
[DEBUG] 2018-05-02 21:31:59.383 [http-nio-8080-exec-3] PropertyBinder - MetadataSourceProcessor property lastModifiedDate with lazy=false
[DEBUG] 2018-05-02 21:31:59.384 [http-nio-8080-exec-3] AbstractPropertyHolder - Attempting to locate auto-apply AttributeConverter for property [com.choinoski.entity.Playdate:lastModifiedDate]
[DEBUG] 2018-05-02 21:31:59.389 [http-nio-8080-exec-3] SimpleValueBinder - building SimpleValue for lastModifiedDate
[DEBUG] 2018-05-02 21:31:59.389 [http-nio-8080-exec-3] PropertyBinder - Building property lastModifiedDate
[DEBUG] 2018-05-02 21:31:59.390 [http-nio-8080-exec-3] Ejb3Column - Binding column: Ejb3Column{table=org.hibernate.mapping.Table(playdate), mappingColumn=organizing_pack_nr, insertable=true, updatable=true, unique=false}
[DEBUG] 2018-05-02 21:31:59.390 [http-nio-8080-exec-3] PropertyBinder - MetadataSourceProcessor property organizingPackNumber with lazy=false
[DEBUG] 2018-05-02 21:31:59.390 [http-nio-8080-exec-3] AbstractPropertyHolder - Attempting to locate auto-apply AttributeConverter for property [com.choinoski.entity.Playdate:organizingPackNumber]
[DEBUG] 2018-05-02 21:31:59.391 [http-nio-8080-exec-3] SimpleValueBinder - building SimpleValue for organizingPackNumber
[DEBUG] 2018-05-02 21:31:59.391 [http-nio-8080-exec-3] PropertyBinder - Building property organizingPackNumber
[DEBUG] 2018-05-02 21:31:59.394 [http-nio-8080-exec-3] Ejb3Column - Binding column: Ejb3Column{table=org.hibernate.mapping.Table(playdate), mappingColumn=playdate_location, insertable=true, updatable=true, unique=false}
[DEBUG] 2018-05-02 21:31:59.395 [http-nio-8080-exec-3] PropertyBinder - MetadataSourceProcessor property playdateLocation with lazy=false
[DEBUG] 2018-05-02 21:31:59.395 [http-nio-8080-exec-3] AbstractPropertyHolder - Attempting to locate auto-apply AttributeConverter for property [com.choinoski.entity.Playdate:playdateLocation]
[DEBUG] 2018-05-02 21:31:59.396 [http-nio-8080-exec-3] SimpleValueBinder - building SimpleValue for playdateLocation
[DEBUG] 2018-05-02 21:31:59.396 [http-nio-8080-exec-3] PropertyBinder - Building property playdateLocation
[DEBUG] 2018-05-02 21:31:59.397 [http-nio-8080-exec-3] Ejb3Column - Binding column: Ejb3JoinColumn{logicalColumnName='null', referencedColumn='null', mappedBy='playdate'}
[DEBUG] 2018-05-02 21:31:59.399 [http-nio-8080-exec-3] Ejb3Column - Binding column: Ejb3Column{table=org.hibernate.mapping.Table(playdate), mappingColumn=playdateMembers, insertable=true, updatable=true, unique=false}
[DEBUG] 2018-05-02 21:31:59.402 [http-nio-8080-exec-3] Ejb3Column - Binding column: Ejb3Column{table=org.hibernate.mapping.Table(playdate), mappingColumn=null, insertable=true, updatable=true, unique=false}
[DEBUG] 2018-05-02 21:31:59.426 [http-nio-8080-exec-3] Ejb3Column - Binding column: Ejb3Column{table=org.hibernate.mapping.Table(playdate), mappingColumn=element, insertable=true, updatable=true, unique=false}
[DEBUG] 2018-05-02 21:31:59.427 [http-nio-8080-exec-3] Ejb3Column - Binding column: Ejb3Column{table=org.hibernate.mapping.Table(playdate), mappingColumn=playdateMembers_KEY, insertable=true, updatable=true, unique=false}
[DEBUG] 2018-05-02 21:31:59.430 [http-nio-8080-exec-3] Ejb3Column - Binding column: Ejb3JoinColumn{logicalColumnName='playdateMembers_KEY', referencedColumn='null', mappedBy='null'}
[DEBUG] 2018-05-02 21:31:59.430 [http-nio-8080-exec-3] Ejb3Column - Binding column: Ejb3JoinColumn{logicalColumnName='null', referencedColumn='null', mappedBy='playdate'}
[DEBUG] 2018-05-02 21:31:59.430 [http-nio-8080-exec-3] Ejb3Column - Binding column: Ejb3JoinColumn{logicalColumnName='null', referencedColumn='null', mappedBy='playdate'}
[DEBUG] 2018-05-02 21:31:59.433 [http-nio-8080-exec-3] CollectionBinder - Collection role: com.choinoski.entity.Playdate.playdateMembers
[DEBUG] 2018-05-02 21:31:59.436 [http-nio-8080-exec-3] PropertyBinder - Building property playdateMembers
[DEBUG] 2018-05-02 21:31:59.437 [http-nio-8080-exec-3] Ejb3Column - Binding column: Ejb3Column{table=org.hibernate.mapping.Table(playdate), mappingColumn=private_fl, insertable=true, updatable=true, unique=false}
[DEBUG] 2018-05-02 21:31:59.437 [http-nio-8080-exec-3] PropertyBinder - MetadataSourceProcessor property privatePlaydate with lazy=false
[DEBUG] 2018-05-02 21:31:59.437 [http-nio-8080-exec-3] AbstractPropertyHolder - Attempting to locate auto-apply AttributeConverter for property [com.choinoski.entity.Playdate:privatePlaydate]
[DEBUG] 2018-05-02 21:31:59.437 [http-nio-8080-exec-3] SimpleValueBinder - building SimpleValue for privatePlaydate
[DEBUG] 2018-05-02 21:31:59.437 [http-nio-8080-exec-3] PropertyBinder - Building property privatePlaydate
[DEBUG] 2018-05-02 21:31:59.437 [http-nio-8080-exec-3] Ejb3Column - Binding column: Ejb3Column{table=org.hibernate.mapping.Table(playdate), mappingColumn=status, insertable=true, updatable=true, unique=false}
[DEBUG] 2018-05-02 21:31:59.438 [http-nio-8080-exec-3] PropertyBinder - MetadataSourceProcessor property status with lazy=false
[DEBUG] 2018-05-02 21:31:59.438 [http-nio-8080-exec-3] AbstractPropertyHolder - Attempting to locate auto-apply AttributeConverter for property [com.choinoski.entity.Playdate:status]
[DEBUG] 2018-05-02 21:31:59.438 [http-nio-8080-exec-3] SimpleValueBinder - building SimpleValue for status
[DEBUG] 2018-05-02 21:31:59.438 [http-nio-8080-exec-3] PropertyBinder - Building property status
[DEBUG] 2018-05-02 21:31:59.438 [http-nio-8080-exec-3] Ejb3Column - Binding column: Ejb3Column{table=org.hibernate.mapping.Table(playdate), mappingColumn=time, insertable=true, updatable=true, unique=false}
[DEBUG] 2018-05-02 21:31:59.438 [http-nio-8080-exec-3] PropertyBinder - MetadataSourceProcessor property time with lazy=false
[DEBUG] 2018-05-02 21:31:59.438 [http-nio-8080-exec-3] AbstractPropertyHolder - Attempting to locate auto-apply AttributeConverter for property [com.choinoski.entity.Playdate:time]
[DEBUG] 2018-05-02 21:31:59.438 [http-nio-8080-exec-3] SimpleValueBinder - building SimpleValue for time
[DEBUG] 2018-05-02 21:31:59.438 [http-nio-8080-exec-3] PropertyBinder - Building property time
[DEBUG] 2018-05-02 21:31:59.438 [http-nio-8080-exec-3] AnnotationBinder - Binding entity from annotated class: com.choinoski.entity.Pack
[DEBUG] 2018-05-02 21:31:59.440 [http-nio-8080-exec-3] Ejb3Column - Binding column: Ejb3DiscriminatorColumn{logicalColumnName'DTYPE', discriminatorTypeName='string'}
[DEBUG] 2018-05-02 21:31:59.440 [http-nio-8080-exec-3] EntityBinder - Import with entity name Pack
[DEBUG] 2018-05-02 21:31:59.440 [http-nio-8080-exec-3] EntityBinder - Bind entity com.choinoski.entity.Pack on table pack
[DEBUG] 2018-05-02 21:31:59.449 [http-nio-8080-exec-3] Ejb3Column - Binding column: Ejb3Column{table=org.hibernate.mapping.Table(pack), mappingColumn=pack_nr, insertable=true, updatable=true, unique=false}
[DEBUG] 2018-05-02 21:31:59.450 [http-nio-8080-exec-3] PropertyBinder - MetadataSourceProcessor property packNumber with lazy=false
[DEBUG] 2018-05-02 21:31:59.450 [http-nio-8080-exec-3] AbstractPropertyHolder - Attempting to locate auto-apply AttributeConverter for property [com.choinoski.entity.Pack:packNumber]
[DEBUG] 2018-05-02 21:31:59.451 [http-nio-8080-exec-3] SimpleValueBinder - building SimpleValue for packNumber
[DEBUG] 2018-05-02 21:31:59.452 [http-nio-8080-exec-3] PropertyBinder - Building property packNumber
[DEBUG] 2018-05-02 21:31:59.453 [http-nio-8080-exec-3] Ejb3Column - Binding column: Ejb3Column{table=org.hibernate.mapping.Table(pack), mappingColumn=address, insertable=true, updatable=true, unique=false}
[DEBUG] 2018-05-02 21:31:59.455 [http-nio-8080-exec-3] PropertyBinder - MetadataSourceProcessor property address with lazy=false
[DEBUG] 2018-05-02 21:31:59.457 [http-nio-8080-exec-3] AbstractPropertyHolder - Attempting to locate auto-apply AttributeConverter for property [com.choinoski.entity.Pack:address]
[DEBUG] 2018-05-02 21:31:59.457 [http-nio-8080-exec-3] SimpleValueBinder - building SimpleValue for address
[DEBUG] 2018-05-02 21:31:59.459 [http-nio-8080-exec-3] PropertyBinder - Building property address
[DEBUG] 2018-05-02 21:31:59.460 [http-nio-8080-exec-3] Ejb3Column - Binding column: Ejb3Column{table=org.hibernate.mapping.Table(pack), mappingColumn=email_address, insertable=true, updatable=true, unique=false}
[DEBUG] 2018-05-02 21:31:59.460 [http-nio-8080-exec-3] PropertyBinder - MetadataSourceProcessor property emailAddress with lazy=false
[DEBUG] 2018-05-02 21:31:59.460 [http-nio-8080-exec-3] AbstractPropertyHolder - Attempting to locate auto-apply AttributeConverter for property [com.choinoski.entity.Pack:emailAddress]
[DEBUG] 2018-05-02 21:31:59.460 [http-nio-8080-exec-3] SimpleValueBinder - building SimpleValue for emailAddress
[DEBUG] 2018-05-02 21:31:59.460 [http-nio-8080-exec-3] PropertyBinder - Building property emailAddress
[DEBUG] 2018-05-02 21:31:59.461 [http-nio-8080-exec-3] Ejb3Column - Binding column: Ejb3Column{table=org.hibernate.mapping.Table(pack), mappingColumn=first_name, insertable=true, updatable=true, unique=false}
[DEBUG] 2018-05-02 21:31:59.461 [http-nio-8080-exec-3] PropertyBinder - MetadataSourceProcessor property firstName with lazy=false
[DEBUG] 2018-05-02 21:31:59.461 [http-nio-8080-exec-3] AbstractPropertyHolder - Attempting to locate auto-apply AttributeConverter for property [com.choinoski.entity.Pack:firstName]
[DEBUG] 2018-05-02 21:31:59.461 [http-nio-8080-exec-3] SimpleValueBinder - building SimpleValue for firstName
[DEBUG] 2018-05-02 21:31:59.461 [http-nio-8080-exec-3] PropertyBinder - Building property firstName
[DEBUG] 2018-05-02 21:31:59.464 [http-nio-8080-exec-3] Ejb3Column - Binding column: Ejb3Column{table=org.hibernate.mapping.Table(pack), mappingColumn=last_name, insertable=true, updatable=true, unique=false}
[DEBUG] 2018-05-02 21:31:59.467 [http-nio-8080-exec-3] PropertyBinder - MetadataSourceProcessor property lastName with lazy=false
[DEBUG] 2018-05-02 21:31:59.467 [http-nio-8080-exec-3] AbstractPropertyHolder - Attempting to locate auto-apply AttributeConverter for property [com.choinoski.entity.Pack:lastName]
[DEBUG] 2018-05-02 21:31:59.467 [http-nio-8080-exec-3] SimpleValueBinder - building SimpleValue for lastName
[DEBUG] 2018-05-02 21:31:59.467 [http-nio-8080-exec-3] PropertyBinder - Building property lastName
[DEBUG] 2018-05-02 21:31:59.468 [http-nio-8080-exec-3] Ejb3Column - Binding column: Ejb3JoinColumn{logicalColumnName='null', referencedColumn='null', mappedBy='pack'}
[DEBUG] 2018-05-02 21:31:59.468 [http-nio-8080-exec-3] Ejb3Column - Binding column: Ejb3Column{table=org.hibernate.mapping.Table(pack), mappingColumn=members, insertable=true, updatable=true, unique=false}
[DEBUG] 2018-05-02 21:31:59.468 [http-nio-8080-exec-3] Ejb3Column - Binding column: Ejb3Column{table=org.hibernate.mapping.Table(pack), mappingColumn=null, insertable=true, updatable=true, unique=false}
[DEBUG] 2018-05-02 21:31:59.468 [http-nio-8080-exec-3] Ejb3Column - Binding column: Ejb3Column{table=org.hibernate.mapping.Table(pack), mappingColumn=element, insertable=true, updatable=true, unique=false}
[DEBUG] 2018-05-02 21:31:59.468 [http-nio-8080-exec-3] Ejb3Column - Binding column: Ejb3Column{table=org.hibernate.mapping.Table(pack), mappingColumn=members_KEY, insertable=true, updatable=true, unique=false}
[DEBUG] 2018-05-02 21:31:59.468 [http-nio-8080-exec-3] Ejb3Column - Binding column: Ejb3JoinColumn{logicalColumnName='members_KEY', referencedColumn='null', mappedBy='null'}
[DEBUG] 2018-05-02 21:31:59.468 [http-nio-8080-exec-3] Ejb3Column - Binding column: Ejb3JoinColumn{logicalColumnName='null', referencedColumn='null', mappedBy='pack'}
[DEBUG] 2018-05-02 21:31:59.468 [http-nio-8080-exec-3] Ejb3Column - Binding column: Ejb3JoinColumn{logicalColumnName='null', referencedColumn='null', mappedBy='pack'}
[DEBUG] 2018-05-02 21:31:59.468 [http-nio-8080-exec-3] CollectionBinder - Collection role: com.choinoski.entity.Pack.members
[DEBUG] 2018-05-02 21:31:59.468 [http-nio-8080-exec-3] PropertyBinder - Building property members
[DEBUG] 2018-05-02 21:31:59.472 [http-nio-8080-exec-3] Ejb3Column - Binding column: Ejb3Column{table=org.hibernate.mapping.Table(pack), mappingColumn=pack_name, insertable=true, updatable=true, unique=false}
[DEBUG] 2018-05-02 21:31:59.472 [http-nio-8080-exec-3] PropertyBinder - MetadataSourceProcessor property packName with lazy=false
[DEBUG] 2018-05-02 21:31:59.472 [http-nio-8080-exec-3] AbstractPropertyHolder - Attempting to locate auto-apply AttributeConverter for property [com.choinoski.entity.Pack:packName]
[DEBUG] 2018-05-02 21:31:59.472 [http-nio-8080-exec-3] SimpleValueBinder - building SimpleValue for packName
[DEBUG] 2018-05-02 21:31:59.472 [http-nio-8080-exec-3] PropertyBinder - Building property packName
[DEBUG] 2018-05-02 21:31:59.475 [http-nio-8080-exec-3] Ejb3Column - Binding column: Ejb3Column{table=org.hibernate.mapping.Table(pack), mappingColumn=password, insertable=true, updatable=true, unique=false}
[DEBUG] 2018-05-02 21:31:59.475 [http-nio-8080-exec-3] PropertyBinder - MetadataSourceProcessor property password with lazy=false
[DEBUG] 2018-05-02 21:31:59.475 [http-nio-8080-exec-3] AbstractPropertyHolder - Attempting to locate auto-apply AttributeConverter for property [com.choinoski.entity.Pack:password]
[DEBUG] 2018-05-02 21:31:59.475 [http-nio-8080-exec-3] SimpleValueBinder - building SimpleValue for password
[DEBUG] 2018-05-02 21:31:59.475 [http-nio-8080-exec-3] PropertyBinder - Building property password
[DEBUG] 2018-05-02 21:31:59.476 [http-nio-8080-exec-3] Ejb3Column - Binding column: Ejb3Column{table=org.hibernate.mapping.Table(pack), mappingColumn=phone_number, insertable=true, updatable=true, unique=false}
[DEBUG] 2018-05-02 21:31:59.476 [http-nio-8080-exec-3] PropertyBinder - MetadataSourceProcessor property phoneNumber with lazy=false
[DEBUG] 2018-05-02 21:31:59.481 [http-nio-8080-exec-3] AbstractPropertyHolder - Attempting to locate auto-apply AttributeConverter for property [com.choinoski.entity.Pack:phoneNumber]
[DEBUG] 2018-05-02 21:31:59.482 [http-nio-8080-exec-3] SimpleValueBinder - building SimpleValue for phoneNumber
[DEBUG] 2018-05-02 21:31:59.482 [http-nio-8080-exec-3] PropertyBinder - Building property phoneNumber
[DEBUG] 2018-05-02 21:31:59.485 [http-nio-8080-exec-3] Ejb3Column - Binding column: Ejb3JoinColumn{logicalColumnName='null', referencedColumn='null', mappedBy='pack'}
[DEBUG] 2018-05-02 21:31:59.485 [http-nio-8080-exec-3] Ejb3Column - Binding column: Ejb3Column{table=org.hibernate.mapping.Table(pack), mappingColumn=roles, insertable=true, updatable=true, unique=false}
[DEBUG] 2018-05-02 21:31:59.485 [http-nio-8080-exec-3] Ejb3Column - Binding column: Ejb3Column{table=org.hibernate.mapping.Table(pack), mappingColumn=null, insertable=true, updatable=true, unique=false}
[DEBUG] 2018-05-02 21:31:59.488 [http-nio-8080-exec-3] Ejb3Column - Binding column: Ejb3Column{table=org.hibernate.mapping.Table(pack), mappingColumn=element, insertable=true, updatable=true, unique=false}
[DEBUG] 2018-05-02 21:31:59.489 [http-nio-8080-exec-3] Ejb3Column - Binding column: Ejb3Column{table=org.hibernate.mapping.Table(pack), mappingColumn=roles_KEY, insertable=true, updatable=true, unique=false}
[DEBUG] 2018-05-02 21:31:59.491 [http-nio-8080-exec-3] Ejb3Column - Binding column: Ejb3JoinColumn{logicalColumnName='roles_KEY', referencedColumn='null', mappedBy='null'}
[DEBUG] 2018-05-02 21:31:59.491 [http-nio-8080-exec-3] Ejb3Column - Binding column: Ejb3JoinColumn{logicalColumnName='null', referencedColumn='null', mappedBy='pack'}
[DEBUG] 2018-05-02 21:31:59.491 [http-nio-8080-exec-3] Ejb3Column - Binding column: Ejb3JoinColumn{logicalColumnName='null', referencedColumn='null', mappedBy='pack'}
[DEBUG] 2018-05-02 21:31:59.491 [http-nio-8080-exec-3] CollectionBinder - Collection role: com.choinoski.entity.Pack.roles
[DEBUG] 2018-05-02 21:31:59.491 [http-nio-8080-exec-3] PropertyBinder - Building property roles
[DEBUG] 2018-05-02 21:31:59.492 [http-nio-8080-exec-3] AnnotationBinder - Binding entity from annotated class: com.choinoski.entity.PackMember
[DEBUG] 2018-05-02 21:31:59.492 [http-nio-8080-exec-3] Ejb3Column - Binding column: Ejb3DiscriminatorColumn{logicalColumnName'DTYPE', discriminatorTypeName='string'}
[DEBUG] 2018-05-02 21:31:59.492 [http-nio-8080-exec-3] EntityBinder - Import with entity name PackMember
[DEBUG] 2018-05-02 21:31:59.495 [http-nio-8080-exec-3] EntityBinder - Bind entity com.choinoski.entity.PackMember on table pack_member
[DEBUG] 2018-05-02 21:31:59.501 [http-nio-8080-exec-3] Ejb3Column - Binding column: Ejb3Column{table=org.hibernate.mapping.Table(pack_member), mappingColumn=pack_member_nr, insertable=true, updatable=true, unique=false}
[DEBUG] 2018-05-02 21:31:59.501 [http-nio-8080-exec-3] PropertyBinder - MetadataSourceProcessor property packMemberNumber with lazy=false
[DEBUG] 2018-05-02 21:31:59.501 [http-nio-8080-exec-3] AbstractPropertyHolder - Attempting to locate auto-apply AttributeConverter for property [com.choinoski.entity.PackMember:packMemberNumber]
[DEBUG] 2018-05-02 21:31:59.501 [http-nio-8080-exec-3] SimpleValueBinder - building SimpleValue for packMemberNumber
[DEBUG] 2018-05-02 21:31:59.501 [http-nio-8080-exec-3] PropertyBinder - Building property packMemberNumber
[DEBUG] 2018-05-02 21:31:59.501 [http-nio-8080-exec-3] Ejb3Column - Binding column: Ejb3Column{table=org.hibernate.mapping.Table(pack_member), mappingColumn=breed, insertable=true, updatable=true, unique=false}
[DEBUG] 2018-05-02 21:31:59.501 [http-nio-8080-exec-3] PropertyBinder - MetadataSourceProcessor property breed with lazy=false
[DEBUG] 2018-05-02 21:31:59.501 [http-nio-8080-exec-3] AbstractPropertyHolder - Attempting to locate auto-apply AttributeConverter for property [com.choinoski.entity.PackMember:breed]
[DEBUG] 2018-05-02 21:31:59.503 [http-nio-8080-exec-3] SimpleValueBinder - building SimpleValue for breed
[DEBUG] 2018-05-02 21:31:59.503 [http-nio-8080-exec-3] PropertyBinder - Building property breed
[DEBUG] 2018-05-02 21:31:59.503 [http-nio-8080-exec-3] Ejb3Column - Binding column: Ejb3Column{table=org.hibernate.mapping.Table(pack_member), mappingColumn=create_date, insertable=true, updatable=true, unique=false}
[DEBUG] 2018-05-02 21:31:59.503 [http-nio-8080-exec-3] PropertyBinder - MetadataSourceProcessor property createDate with lazy=false
[DEBUG] 2018-05-02 21:31:59.503 [http-nio-8080-exec-3] AbstractPropertyHolder - Attempting to locate auto-apply AttributeConverter for property [com.choinoski.entity.PackMember:createDate]
[DEBUG] 2018-05-02 21:31:59.503 [http-nio-8080-exec-3] SimpleValueBinder - building SimpleValue for createDate
[DEBUG] 2018-05-02 21:31:59.503 [http-nio-8080-exec-3] PropertyBinder - Building property createDate
[DEBUG] 2018-05-02 21:31:59.509 [http-nio-8080-exec-3] Ejb3Column - Binding column: Ejb3Column{table=org.hibernate.mapping.Table(pack_member), mappingColumn=date_of_birth, insertable=true, updatable=true, unique=false}
[DEBUG] 2018-05-02 21:31:59.509 [http-nio-8080-exec-3] PropertyBinder - MetadataSourceProcessor property dateOfBirth with lazy=false
[DEBUG] 2018-05-02 21:31:59.509 [http-nio-8080-exec-3] AbstractPropertyHolder - Attempting to locate auto-apply AttributeConverter for property [com.choinoski.entity.PackMember:dateOfBirth]
[DEBUG] 2018-05-02 21:31:59.509 [http-nio-8080-exec-3] SimpleValueBinder - building SimpleValue for dateOfBirth
[DEBUG] 2018-05-02 21:31:59.509 [http-nio-8080-exec-3] PropertyBinder - Building property dateOfBirth
[DEBUG] 2018-05-02 21:31:59.510 [http-nio-8080-exec-3] Ejb3Column - Binding column: Ejb3Column{table=org.hibernate.mapping.Table(pack_member), mappingColumn=intact, insertable=true, updatable=true, unique=false}
[DEBUG] 2018-05-02 21:31:59.510 [http-nio-8080-exec-3] PropertyBinder - MetadataSourceProcessor property intact with lazy=false
[DEBUG] 2018-05-02 21:31:59.510 [http-nio-8080-exec-3] AbstractPropertyHolder - Attempting to locate auto-apply AttributeConverter for property [com.choinoski.entity.PackMember:intact]
[DEBUG] 2018-05-02 21:31:59.510 [http-nio-8080-exec-3] SimpleValueBinder - building SimpleValue for intact
[DEBUG] 2018-05-02 21:31:59.510 [http-nio-8080-exec-3] PropertyBinder - Building property intact
[DEBUG] 2018-05-02 21:31:59.511 [http-nio-8080-exec-3] Ejb3Column - Binding column: Ejb3Column{table=org.hibernate.mapping.Table(pack_member), mappingColumn=last_modified_date, insertable=true, updatable=true, unique=false}
[DEBUG] 2018-05-02 21:31:59.511 [http-nio-8080-exec-3] PropertyBinder - MetadataSourceProcessor property lastModifiedDate with lazy=false
[DEBUG] 2018-05-02 21:31:59.512 [http-nio-8080-exec-3] AbstractPropertyHolder - Attempting to locate auto-apply AttributeConverter for property [com.choinoski.entity.PackMember:lastModifiedDate]
[DEBUG] 2018-05-02 21:31:59.512 [http-nio-8080-exec-3] SimpleValueBinder - building SimpleValue for lastModifiedDate
[DEBUG] 2018-05-02 21:31:59.513 [http-nio-8080-exec-3] PropertyBinder - Building property lastModifiedDate
[DEBUG] 2018-05-02 21:31:59.516 [http-nio-8080-exec-3] Ejb3Column - Binding column: Ejb3Column{table=org.hibernate.mapping.Table(pack_member), mappingColumn=name, insertable=true, updatable=true, unique=false}
[DEBUG] 2018-05-02 21:31:59.516 [http-nio-8080-exec-3] PropertyBinder - MetadataSourceProcessor property name with lazy=false
[DEBUG] 2018-05-02 21:31:59.516 [http-nio-8080-exec-3] AbstractPropertyHolder - Attempting to locate auto-apply AttributeConverter for property [com.choinoski.entity.PackMember:name]
[DEBUG] 2018-05-02 21:31:59.516 [http-nio-8080-exec-3] SimpleValueBinder - building SimpleValue for name
[DEBUG] 2018-05-02 21:31:59.516 [http-nio-8080-exec-3] PropertyBinder - Building property name
[DEBUG] 2018-05-02 21:31:59.516 [http-nio-8080-exec-3] Ejb3Column - Binding column: Ejb3JoinColumn{logicalColumnName='pack_nr', referencedColumn='', mappedBy=''}
[DEBUG] 2018-05-02 21:31:59.516 [http-nio-8080-exec-3] Ejb3Column - Binding column: Ejb3Column{table=org.hibernate.mapping.Table(pack_member), mappingColumn=pack, insertable=true, updatable=true, unique=false}
[DEBUG] 2018-05-02 21:31:59.518 [http-nio-8080-exec-3] PropertyBinder - Building property pack
[DEBUG] 2018-05-02 21:31:59.518 [http-nio-8080-exec-3] Ejb3Column - Binding column: Ejb3Column{table=org.hibernate.mapping.Table(pack_member), mappingColumn=picture_filename, insertable=true, updatable=true, unique=false}
[DEBUG] 2018-05-02 21:31:59.518 [http-nio-8080-exec-3] PropertyBinder - MetadataSourceProcessor property pictureFilename with lazy=false
[DEBUG] 2018-05-02 21:31:59.518 [http-nio-8080-exec-3] AbstractPropertyHolder - Attempting to locate auto-apply AttributeConverter for property [com.choinoski.entity.PackMember:pictureFilename]
[DEBUG] 2018-05-02 21:31:59.518 [http-nio-8080-exec-3] SimpleValueBinder - building SimpleValue for pictureFilename
[DEBUG] 2018-05-02 21:31:59.519 [http-nio-8080-exec-3] PropertyBinder - Building property pictureFilename
[DEBUG] 2018-05-02 21:31:59.519 [http-nio-8080-exec-3] Ejb3Column - Binding column: Ejb3Column{table=org.hibernate.mapping.Table(pack_member), mappingColumn=sex, insertable=true, updatable=true, unique=false}
[DEBUG] 2018-05-02 21:31:59.520 [http-nio-8080-exec-3] PropertyBinder - MetadataSourceProcessor property sex with lazy=false
[DEBUG] 2018-05-02 21:31:59.520 [http-nio-8080-exec-3] AbstractPropertyHolder - Attempting to locate auto-apply AttributeConverter for property [com.choinoski.entity.PackMember:sex]
[DEBUG] 2018-05-02 21:31:59.520 [http-nio-8080-exec-3] SimpleValueBinder - building SimpleValue for sex
[DEBUG] 2018-05-02 21:31:59.520 [http-nio-8080-exec-3] PropertyBinder - Building property sex
[DEBUG] 2018-05-02 21:31:59.526 [http-nio-8080-exec-3] Ejb3Column - Binding column: Ejb3Column{table=org.hibernate.mapping.Table(pack_member), mappingColumn=weight, insertable=true, updatable=true, unique=false}
[DEBUG] 2018-05-02 21:31:59.526 [http-nio-8080-exec-3] PropertyBinder - MetadataSourceProcessor property weight with lazy=false
[DEBUG] 2018-05-02 21:31:59.526 [http-nio-8080-exec-3] AbstractPropertyHolder - Attempting to locate auto-apply AttributeConverter for property [com.choinoski.entity.PackMember:weight]
[DEBUG] 2018-05-02 21:31:59.526 [http-nio-8080-exec-3] SimpleValueBinder - building SimpleValue for weight
[DEBUG] 2018-05-02 21:31:59.527 [http-nio-8080-exec-3] PropertyBinder - Building property weight
[DEBUG] 2018-05-02 21:31:59.527 [http-nio-8080-exec-3] AnnotationBinder - Binding entity from annotated class: com.choinoski.entity.Role
[DEBUG] 2018-05-02 21:31:59.528 [http-nio-8080-exec-3] Ejb3Column - Binding column: Ejb3DiscriminatorColumn{logicalColumnName'DTYPE', discriminatorTypeName='string'}
[DEBUG] 2018-05-02 21:31:59.528 [http-nio-8080-exec-3] EntityBinder - Import with entity name Role
[DEBUG] 2018-05-02 21:31:59.528 [http-nio-8080-exec-3] EntityBinder - Bind entity com.choinoski.entity.Role on table role
[DEBUG] 2018-05-02 21:31:59.535 [http-nio-8080-exec-3] Ejb3Column - Binding column: Ejb3Column{table=org.hibernate.mapping.Table(role), mappingColumn=roleID, insertable=true, updatable=true, unique=false}
[DEBUG] 2018-05-02 21:31:59.535 [http-nio-8080-exec-3] PropertyBinder - MetadataSourceProcessor property roldId with lazy=false
[DEBUG] 2018-05-02 21:31:59.535 [http-nio-8080-exec-3] AbstractPropertyHolder - Attempting to locate auto-apply AttributeConverter for property [com.choinoski.entity.Role:roldId]
[DEBUG] 2018-05-02 21:31:59.535 [http-nio-8080-exec-3] SimpleValueBinder - building SimpleValue for roldId
[DEBUG] 2018-05-02 21:31:59.535 [http-nio-8080-exec-3] PropertyBinder - Building property roldId
[DEBUG] 2018-05-02 21:31:59.535 [http-nio-8080-exec-3] Ejb3Column - Binding column: Ejb3Column{table=org.hibernate.mapping.Table(role), mappingColumn=createDate, insertable=true, updatable=true, unique=false}
[DEBUG] 2018-05-02 21:31:59.535 [http-nio-8080-exec-3] PropertyBinder - MetadataSourceProcessor property createDate with lazy=false
[DEBUG] 2018-05-02 21:31:59.535 [http-nio-8080-exec-3] AbstractPropertyHolder - Attempting to locate auto-apply AttributeConverter for property [com.choinoski.entity.Role:createDate]
[DEBUG] 2018-05-02 21:31:59.535 [http-nio-8080-exec-3] SimpleValueBinder - building SimpleValue for createDate
[DEBUG] 2018-05-02 21:31:59.535 [http-nio-8080-exec-3] PropertyBinder - Building property createDate
[DEBUG] 2018-05-02 21:31:59.537 [http-nio-8080-exec-3] Ejb3Column - Binding column: Ejb3Column{table=org.hibernate.mapping.Table(role), mappingColumn=pack_name, insertable=true, updatable=true, unique=false}
[DEBUG] 2018-05-02 21:31:59.538 [http-nio-8080-exec-3] PropertyBinder - MetadataSourceProcessor property login with lazy=false
[DEBUG] 2018-05-02 21:31:59.539 [http-nio-8080-exec-3] AbstractPropertyHolder - Attempting to locate auto-apply AttributeConverter for property [com.choinoski.entity.Role:login]
[DEBUG] 2018-05-02 21:31:59.539 [http-nio-8080-exec-3] SimpleValueBinder - building SimpleValue for login
[DEBUG] 2018-05-02 21:31:59.540 [http-nio-8080-exec-3] PropertyBinder - Building property login
[DEBUG] 2018-05-02 21:31:59.540 [http-nio-8080-exec-3] Ejb3Column - Binding column: Ejb3JoinColumn{logicalColumnName='pack_nr', referencedColumn='', mappedBy=''}
[DEBUG] 2018-05-02 21:31:59.540 [http-nio-8080-exec-3] Ejb3Column - Binding column: Ejb3Column{table=org.hibernate.mapping.Table(role), mappingColumn=pack, insertable=true, updatable=true, unique=false}
[DEBUG] 2018-05-02 21:31:59.540 [http-nio-8080-exec-3] PropertyBinder - Building property pack
[DEBUG] 2018-05-02 21:31:59.540 [http-nio-8080-exec-3] Ejb3Column - Binding column: Ejb3Column{table=org.hibernate.mapping.Table(role), mappingColumn=role_name, insertable=true, updatable=true, unique=false}
[DEBUG] 2018-05-02 21:31:59.540 [http-nio-8080-exec-3] PropertyBinder - MetadataSourceProcessor property roleName with lazy=false
[DEBUG] 2018-05-02 21:31:59.540 [http-nio-8080-exec-3] AbstractPropertyHolder - Attempting to locate auto-apply AttributeConverter for property [com.choinoski.entity.Role:roleName]
[DEBUG] 2018-05-02 21:31:59.540 [http-nio-8080-exec-3] SimpleValueBinder - building SimpleValue for roleName
[DEBUG] 2018-05-02 21:31:59.540 [http-nio-8080-exec-3] PropertyBinder - Building property roleName
[DEBUG] 2018-05-02 21:31:59.540 [http-nio-8080-exec-3] Ejb3Column - Binding column: Ejb3Column{table=org.hibernate.mapping.Table(role), mappingColumn=updateDate, insertable=true, updatable=true, unique=false}
[DEBUG] 2018-05-02 21:31:59.540 [http-nio-8080-exec-3] PropertyBinder - MetadataSourceProcessor property updateDate with lazy=false
[DEBUG] 2018-05-02 21:31:59.540 [http-nio-8080-exec-3] AbstractPropertyHolder - Attempting to locate auto-apply AttributeConverter for property [com.choinoski.entity.Role:updateDate]
[DEBUG] 2018-05-02 21:31:59.544 [http-nio-8080-exec-3] SimpleValueBinder - building SimpleValue for updateDate
[DEBUG] 2018-05-02 21:31:59.545 [http-nio-8080-exec-3] PropertyBinder - Building property updateDate
[DEBUG] 2018-05-02 21:31:59.562 [http-nio-8080-exec-3] SimpleValueBinder - Starting fillSimpleValue for packdateMemberNumber
[DEBUG] 2018-05-02 21:31:59.562 [http-nio-8080-exec-3] SimpleValueBinder - Starting fillSimpleValue for createDate
[DEBUG] 2018-05-02 21:31:59.562 [http-nio-8080-exec-3] SimpleValueBinder - Starting fillSimpleValue for lastModifiedDate
[DEBUG] 2018-05-02 21:31:59.563 [http-nio-8080-exec-3] SimpleValueBinder - Starting fillSimpleValue for packMemberNumber
[DEBUG] 2018-05-02 21:31:59.563 [http-nio-8080-exec-3] SimpleValueBinder - Starting fillSimpleValue for playdateNumber
[DEBUG] 2018-05-02 21:31:59.568 [http-nio-8080-exec-3] SimpleValueBinder - Starting fillSimpleValue for status
[DEBUG] 2018-05-02 21:31:59.568 [http-nio-8080-exec-3] SimpleValueBinder - Starting fillSimpleValue for playdateNumber
[DEBUG] 2018-05-02 21:31:59.568 [http-nio-8080-exec-3] SimpleValueBinder - Starting fillSimpleValue for createDate
[DEBUG] 2018-05-02 21:31:59.568 [http-nio-8080-exec-3] SimpleValueBinder - Starting fillSimpleValue for date
[DEBUG] 2018-05-02 21:31:59.568 [http-nio-8080-exec-3] SimpleValueBinder - Starting fillSimpleValue for lastModifiedDate
[DEBUG] 2018-05-02 21:31:59.570 [http-nio-8080-exec-3] SimpleValueBinder - Starting fillSimpleValue for organizingPackNumber
[DEBUG] 2018-05-02 21:31:59.570 [http-nio-8080-exec-3] SimpleValueBinder - Starting fillSimpleValue for playdateLocation
[DEBUG] 2018-05-02 21:31:59.570 [http-nio-8080-exec-3] SimpleValueBinder - Starting fillSimpleValue for privatePlaydate
[DEBUG] 2018-05-02 21:31:59.572 [http-nio-8080-exec-3] SimpleValueBinder - Starting fillSimpleValue for status
[DEBUG] 2018-05-02 21:31:59.572 [http-nio-8080-exec-3] SimpleValueBinder - Starting fillSimpleValue for time
[DEBUG] 2018-05-02 21:31:59.572 [http-nio-8080-exec-3] SimpleValueBinder - Starting fillSimpleValue for packNumber
[DEBUG] 2018-05-02 21:31:59.572 [http-nio-8080-exec-3] SimpleValueBinder - Starting fillSimpleValue for address
[DEBUG] 2018-05-02 21:31:59.572 [http-nio-8080-exec-3] SimpleValueBinder - Starting fillSimpleValue for emailAddress
[DEBUG] 2018-05-02 21:31:59.572 [http-nio-8080-exec-3] SimpleValueBinder - Starting fillSimpleValue for firstName
[DEBUG] 2018-05-02 21:31:59.572 [http-nio-8080-exec-3] SimpleValueBinder - Starting fillSimpleValue for lastName
[DEBUG] 2018-05-02 21:31:59.572 [http-nio-8080-exec-3] SimpleValueBinder - Starting fillSimpleValue for packName
[DEBUG] 2018-05-02 21:31:59.573 [http-nio-8080-exec-3] SimpleValueBinder - Starting fillSimpleValue for password
[DEBUG] 2018-05-02 21:31:59.573 [http-nio-8080-exec-3] SimpleValueBinder - Starting fillSimpleValue for phoneNumber
[DEBUG] 2018-05-02 21:31:59.573 [http-nio-8080-exec-3] SimpleValueBinder - Starting fillSimpleValue for packMemberNumber
[DEBUG] 2018-05-02 21:31:59.573 [http-nio-8080-exec-3] SimpleValueBinder - Starting fillSimpleValue for breed
[DEBUG] 2018-05-02 21:31:59.573 [http-nio-8080-exec-3] SimpleValueBinder - Starting fillSimpleValue for createDate
[DEBUG] 2018-05-02 21:31:59.573 [http-nio-8080-exec-3] SimpleValueBinder - Starting fillSimpleValue for dateOfBirth
[DEBUG] 2018-05-02 21:31:59.573 [http-nio-8080-exec-3] SimpleValueBinder - Starting fillSimpleValue for intact
[DEBUG] 2018-05-02 21:31:59.573 [http-nio-8080-exec-3] SimpleValueBinder - Starting fillSimpleValue for lastModifiedDate
[DEBUG] 2018-05-02 21:31:59.574 [http-nio-8080-exec-3] SimpleValueBinder - Starting fillSimpleValue for name
[DEBUG] 2018-05-02 21:31:59.574 [http-nio-8080-exec-3] SimpleValueBinder - Starting fillSimpleValue for pictureFilename
[DEBUG] 2018-05-02 21:31:59.574 [http-nio-8080-exec-3] SimpleValueBinder - Starting fillSimpleValue for sex
[DEBUG] 2018-05-02 21:31:59.574 [http-nio-8080-exec-3] SimpleValueBinder - Starting fillSimpleValue for weight
[DEBUG] 2018-05-02 21:31:59.574 [http-nio-8080-exec-3] SimpleValueBinder - Starting fillSimpleValue for roldId
[DEBUG] 2018-05-02 21:31:59.574 [http-nio-8080-exec-3] SimpleValueBinder - Starting fillSimpleValue for createDate
[DEBUG] 2018-05-02 21:31:59.574 [http-nio-8080-exec-3] SimpleValueBinder - Starting fillSimpleValue for login
[DEBUG] 2018-05-02 21:31:59.574 [http-nio-8080-exec-3] SimpleValueBinder - Starting fillSimpleValue for roleName
[DEBUG] 2018-05-02 21:31:59.574 [http-nio-8080-exec-3] SimpleValueBinder - Starting fillSimpleValue for updateDate
[DEBUG] 2018-05-02 21:31:59.588 [http-nio-8080-exec-3] PrimaryKey - Forcing column [playdate_member_nr] to be non-null as it is part of the primary key for table [playdate_member]
[DEBUG] 2018-05-02 21:31:59.588 [http-nio-8080-exec-3] PrimaryKey - Forcing column [playdate_nr] to be non-null as it is part of the primary key for table [playdate]
[DEBUG] 2018-05-02 21:31:59.588 [http-nio-8080-exec-3] PrimaryKey - Forcing column [pack_nr] to be non-null as it is part of the primary key for table [pack]
[DEBUG] 2018-05-02 21:31:59.588 [http-nio-8080-exec-3] PrimaryKey - Forcing column [pack_member_nr] to be non-null as it is part of the primary key for table [pack_member]
[DEBUG] 2018-05-02 21:31:59.588 [http-nio-8080-exec-3] PrimaryKey - Forcing column [roleid] to be non-null as it is part of the primary key for table [role]
[DEBUG] 2018-05-02 21:31:59.588 [http-nio-8080-exec-3] CollectionSecondPass - Second pass for collection: com.choinoski.entity.Playdate.playdateMembers
[DEBUG] 2018-05-02 21:31:59.589 [http-nio-8080-exec-3] CollectionBinder - Binding a OneToMany: com.choinoski.entity.Playdate.playdateMembers through a foreign key
[DEBUG] 2018-05-02 21:31:59.590 [http-nio-8080-exec-3] CollectionBinder - Mapping collection: com.choinoski.entity.Playdate.playdateMembers -> playdate_member
[DEBUG] 2018-05-02 21:31:59.591 [http-nio-8080-exec-3] TableBinder - Retrieving property com.choinoski.entity.PlaydateMember.playdate
[DEBUG] 2018-05-02 21:31:59.591 [http-nio-8080-exec-3] CollectionSecondPass - Mapped collection key: playdate_nr, one-to-many: com.choinoski.entity.PlaydateMember
[DEBUG] 2018-05-02 21:31:59.591 [http-nio-8080-exec-3] CollectionSecondPass - Second pass for collection: com.choinoski.entity.Pack.members
[DEBUG] 2018-05-02 21:31:59.591 [http-nio-8080-exec-3] CollectionBinder - Binding a OneToMany: com.choinoski.entity.Pack.members through a foreign key
[DEBUG] 2018-05-02 21:31:59.591 [http-nio-8080-exec-3] CollectionBinder - Mapping collection: com.choinoski.entity.Pack.members -> pack_member
[DEBUG] 2018-05-02 21:31:59.591 [http-nio-8080-exec-3] TableBinder - Retrieving property com.choinoski.entity.PackMember.pack
[DEBUG] 2018-05-02 21:31:59.591 [http-nio-8080-exec-3] CollectionSecondPass - Mapped collection key: pack_nr, one-to-many: com.choinoski.entity.PackMember
[DEBUG] 2018-05-02 21:31:59.591 [http-nio-8080-exec-3] CollectionSecondPass - Second pass for collection: com.choinoski.entity.Pack.roles
[DEBUG] 2018-05-02 21:31:59.591 [http-nio-8080-exec-3] CollectionBinder - Binding a OneToMany: com.choinoski.entity.Pack.roles through a foreign key
[DEBUG] 2018-05-02 21:31:59.591 [http-nio-8080-exec-3] CollectionBinder - Mapping collection: com.choinoski.entity.Pack.roles -> role
[DEBUG] 2018-05-02 21:31:59.591 [http-nio-8080-exec-3] TableBinder - Retrieving property com.choinoski.entity.Role.pack
[DEBUG] 2018-05-02 21:31:59.591 [http-nio-8080-exec-3] CollectionSecondPass - Mapped collection key: pack_nr, one-to-many: com.choinoski.entity.Role
[DEBUG] 2018-05-02 21:31:59.593 [http-nio-8080-exec-3] InFlightMetadataCollectorImpl - Resolving reference to class: com.choinoski.entity.Pack
[DEBUG] 2018-05-02 21:31:59.594 [http-nio-8080-exec-3] InFlightMetadataCollectorImpl - Resolving reference to class: com.choinoski.entity.Playdate
[DEBUG] 2018-05-02 21:31:59.594 [http-nio-8080-exec-3] InFlightMetadataCollectorImpl - Resolving reference to class: com.choinoski.entity.Pack
[DEBUG] 2018-05-02 21:31:59.601 [http-nio-8080-exec-3] InFlightMetadataCollectorImpl - Resolving reference to class: com.choinoski.entity.Pack
[DEBUG] 2018-05-02 21:31:59.601 [http-nio-8080-exec-3] InFlightMetadataCollectorImpl - Resolving reference to class: com.choinoski.entity.Playdate
[DEBUG] 2018-05-02 21:31:59.601 [http-nio-8080-exec-3] InFlightMetadataCollectorImpl - Resolving reference to class: com.choinoski.entity.Pack
