[DEBUG] 2018-04-21 12:57:12.175 [http-nio-8080-exec-5] IntegratorServiceImpl - Adding Integrator [org.hibernate.cfg.beanvalidation.BeanValidationIntegrator].
[DEBUG] 2018-04-21 12:57:12.182 [http-nio-8080-exec-5] IntegratorServiceImpl - Adding Integrator [org.hibernate.secure.spi.JaccIntegrator].
[DEBUG] 2018-04-21 12:57:12.188 [http-nio-8080-exec-5] IntegratorServiceImpl - Adding Integrator [org.hibernate.cache.internal.CollectionCacheInvalidator].
[INFO ] 2018-04-21 12:57:12.326 [http-nio-8080-exec-5] Version - HHH000412: Hibernate Core {5.2.3.Final}
[INFO ] 2018-04-21 12:57:12.328 [http-nio-8080-exec-5] Environment - HHH000206: hibernate.properties not found
[INFO ] 2018-04-21 12:57:12.329 [http-nio-8080-exec-5] Environment - HHH000021: Bytecode provider name : javassist
[DEBUG] 2018-04-21 12:57:12.534 [http-nio-8080-exec-5] LocalXmlResourceResolver - Interpreting public/system identifier : [-//Hibernate/Hibernate Configuration DTD//EN] - [http://www.hibernate.org/dtd/hibernate-configuration-3.0.dtd]
[DEBUG] 2018-04-21 12:57:12.538 [http-nio-8080-exec-5] LocalXmlResourceResolver - Recognized hibernate-configuration identifier; attempting to resolve on classpath under org/hibernate/
[DEBUG] 2018-04-21 12:57:12.578 [http-nio-8080-exec-5] JaxbCfgProcessor - cfg.xml document did not define namespaces; wrapping in custom event reader to introduce namespace information
[DEBUG] 2018-04-21 12:57:12.847 [http-nio-8080-exec-5] ServiceBinding - Overriding existing service binding [org.hibernate.secure.spi.JaccService]
[DEBUG] 2018-04-21 12:57:12.876 [http-nio-8080-exec-5] RegionFactoryInitiator - Cache region factory : org.hibernate.cache.internal.NoCachingRegionFactory
[INFO ] 2018-04-21 12:57:12.896 [http-nio-8080-exec-5] Version - HCANN000001: Hibernate Commons Annotations {5.0.1.Final}
[DEBUG] 2018-04-21 12:57:12.923 [http-nio-8080-exec-5] BasicTypeRegistry - Adding type registration boolean -> org.hibernate.type.BooleanType@3e22b681
[DEBUG] 2018-04-21 12:57:12.923 [http-nio-8080-exec-5] BasicTypeRegistry - Adding type registration boolean -> org.hibernate.type.BooleanType@3e22b681
[DEBUG] 2018-04-21 12:57:12.923 [http-nio-8080-exec-5] BasicTypeRegistry - Adding type registration java.lang.Boolean -> org.hibernate.type.BooleanType@3e22b681
[DEBUG] 2018-04-21 12:57:12.924 [http-nio-8080-exec-5] BasicTypeRegistry - Adding type registration numeric_boolean -> org.hibernate.type.NumericBooleanType@4846d40
[DEBUG] 2018-04-21 12:57:12.925 [http-nio-8080-exec-5] BasicTypeRegistry - Adding type registration true_false -> org.hibernate.type.TrueFalseType@67deffcf
[DEBUG] 2018-04-21 12:57:12.926 [http-nio-8080-exec-5] BasicTypeRegistry - Adding type registration yes_no -> org.hibernate.type.YesNoType@2feb00f9
[DEBUG] 2018-04-21 12:57:12.928 [http-nio-8080-exec-5] BasicTypeRegistry - Adding type registration byte -> org.hibernate.type.ByteType@33b58150
[DEBUG] 2018-04-21 12:57:12.928 [http-nio-8080-exec-5] BasicTypeRegistry - Adding type registration byte -> org.hibernate.type.ByteType@33b58150
[DEBUG] 2018-04-21 12:57:12.928 [http-nio-8080-exec-5] BasicTypeRegistry - Adding type registration java.lang.Byte -> org.hibernate.type.ByteType@33b58150
[DEBUG] 2018-04-21 12:57:12.929 [http-nio-8080-exec-5] BasicTypeRegistry - Adding type registration character -> org.hibernate.type.CharacterType@25b49c9c
[DEBUG] 2018-04-21 12:57:12.929 [http-nio-8080-exec-5] BasicTypeRegistry - Adding type registration char -> org.hibernate.type.CharacterType@25b49c9c
[DEBUG] 2018-04-21 12:57:12.930 [http-nio-8080-exec-5] BasicTypeRegistry - Adding type registration java.lang.Character -> org.hibernate.type.CharacterType@25b49c9c
[DEBUG] 2018-04-21 12:57:12.931 [http-nio-8080-exec-5] BasicTypeRegistry - Adding type registration short -> org.hibernate.type.ShortType@4810eed0
[DEBUG] 2018-04-21 12:57:12.931 [http-nio-8080-exec-5] BasicTypeRegistry - Adding type registration short -> org.hibernate.type.ShortType@4810eed0
[DEBUG] 2018-04-21 12:57:12.931 [http-nio-8080-exec-5] BasicTypeRegistry - Adding type registration java.lang.Short -> org.hibernate.type.ShortType@4810eed0
[DEBUG] 2018-04-21 12:57:12.932 [http-nio-8080-exec-5] BasicTypeRegistry - Adding type registration integer -> org.hibernate.type.IntegerType@2f967072
[DEBUG] 2018-04-21 12:57:12.932 [http-nio-8080-exec-5] BasicTypeRegistry - Adding type registration int -> org.hibernate.type.IntegerType@2f967072
[DEBUG] 2018-04-21 12:57:12.932 [http-nio-8080-exec-5] BasicTypeRegistry - Adding type registration java.lang.Integer -> org.hibernate.type.IntegerType@2f967072
[DEBUG] 2018-04-21 12:57:12.933 [http-nio-8080-exec-5] BasicTypeRegistry - Adding type registration long -> org.hibernate.type.LongType@8323805
[DEBUG] 2018-04-21 12:57:12.933 [http-nio-8080-exec-5] BasicTypeRegistry - Adding type registration long -> org.hibernate.type.LongType@8323805
[DEBUG] 2018-04-21 12:57:12.933 [http-nio-8080-exec-5] BasicTypeRegistry - Adding type registration java.lang.Long -> org.hibernate.type.LongType@8323805
[DEBUG] 2018-04-21 12:57:12.935 [http-nio-8080-exec-5] BasicTypeRegistry - Adding type registration float -> org.hibernate.type.FloatType@14117c67
[DEBUG] 2018-04-21 12:57:12.935 [http-nio-8080-exec-5] BasicTypeRegistry - Adding type registration float -> org.hibernate.type.FloatType@14117c67
[DEBUG] 2018-04-21 12:57:12.935 [http-nio-8080-exec-5] BasicTypeRegistry - Adding type registration java.lang.Float -> org.hibernate.type.FloatType@14117c67
[DEBUG] 2018-04-21 12:57:12.937 [http-nio-8080-exec-5] BasicTypeRegistry - Adding type registration double -> org.hibernate.type.DoubleType@5ef06395
[DEBUG] 2018-04-21 12:57:12.937 [http-nio-8080-exec-5] BasicTypeRegistry - Adding type registration double -> org.hibernate.type.DoubleType@5ef06395
[DEBUG] 2018-04-21 12:57:12.937 [http-nio-8080-exec-5] BasicTypeRegistry - Adding type registration java.lang.Double -> org.hibernate.type.DoubleType@5ef06395
[DEBUG] 2018-04-21 12:57:12.939 [http-nio-8080-exec-5] BasicTypeRegistry - Adding type registration big_decimal -> org.hibernate.type.BigDecimalType@7287fc6f
[DEBUG] 2018-04-21 12:57:12.939 [http-nio-8080-exec-5] BasicTypeRegistry - Adding type registration java.math.BigDecimal -> org.hibernate.type.BigDecimalType@7287fc6f
[DEBUG] 2018-04-21 12:57:12.940 [http-nio-8080-exec-5] BasicTypeRegistry - Adding type registration big_integer -> org.hibernate.type.BigIntegerType@48a11fa2
[DEBUG] 2018-04-21 12:57:12.940 [http-nio-8080-exec-5] BasicTypeRegistry - Adding type registration java.math.BigInteger -> org.hibernate.type.BigIntegerType@48a11fa2
[DEBUG] 2018-04-21 12:57:12.941 [http-nio-8080-exec-5] BasicTypeRegistry - Adding type registration string -> org.hibernate.type.StringType@29cf5eba
[DEBUG] 2018-04-21 12:57:12.941 [http-nio-8080-exec-5] BasicTypeRegistry - Adding type registration java.lang.String -> org.hibernate.type.StringType@29cf5eba
[DEBUG] 2018-04-21 12:57:12.943 [http-nio-8080-exec-5] BasicTypeRegistry - Adding type registration nstring -> org.hibernate.type.StringNVarcharType@45a97da5
[DEBUG] 2018-04-21 12:57:12.944 [http-nio-8080-exec-5] BasicTypeRegistry - Adding type registration ncharacter -> org.hibernate.type.CharacterNCharType@293c7fa0
[DEBUG] 2018-04-21 12:57:12.945 [http-nio-8080-exec-5] BasicTypeRegistry - Adding type registration url -> org.hibernate.type.UrlType@d3f6d84
[DEBUG] 2018-04-21 12:57:12.949 [http-nio-8080-exec-5] BasicTypeRegistry - Adding type registration java.net.URL -> org.hibernate.type.UrlType@d3f6d84
[DEBUG] 2018-04-21 12:57:12.950 [http-nio-8080-exec-5] BasicTypeRegistry - Adding type registration Duration -> org.hibernate.type.DurationType@7d458ab7
[DEBUG] 2018-04-21 12:57:12.950 [http-nio-8080-exec-5] BasicTypeRegistry - Adding type registration java.time.Duration -> org.hibernate.type.DurationType@7d458ab7
[DEBUG] 2018-04-21 12:57:12.974 [http-nio-8080-exec-5] BasicTypeRegistry - Adding type registration Instant -> org.hibernate.type.InstantType@1fcdd220
[DEBUG] 2018-04-21 12:57:12.975 [http-nio-8080-exec-5] BasicTypeRegistry - Adding type registration java.time.Instant -> org.hibernate.type.InstantType@1fcdd220
[DEBUG] 2018-04-21 12:57:12.978 [http-nio-8080-exec-5] BasicTypeRegistry - Adding type registration LocalDateTime -> org.hibernate.type.LocalDateTimeType@48137304
[DEBUG] 2018-04-21 12:57:12.978 [http-nio-8080-exec-5] BasicTypeRegistry - Adding type registration java.time.LocalDateTime -> org.hibernate.type.LocalDateTimeType@48137304
[DEBUG] 2018-04-21 12:57:12.982 [http-nio-8080-exec-5] BasicTypeRegistry - Adding type registration LocalDate -> org.hibernate.type.LocalDateType@752971ff
[DEBUG] 2018-04-21 12:57:12.982 [http-nio-8080-exec-5] BasicTypeRegistry - Adding type registration java.time.LocalDate -> org.hibernate.type.LocalDateType@752971ff
[DEBUG] 2018-04-21 12:57:12.984 [http-nio-8080-exec-5] BasicTypeRegistry - Adding type registration LocalTime -> org.hibernate.type.LocalTimeType@3f5a6d63
[DEBUG] 2018-04-21 12:57:12.984 [http-nio-8080-exec-5] BasicTypeRegistry - Adding type registration java.time.LocalTime -> org.hibernate.type.LocalTimeType@3f5a6d63
[DEBUG] 2018-04-21 12:57:12.988 [http-nio-8080-exec-5] BasicTypeRegistry - Adding type registration OffsetDateTime -> org.hibernate.type.OffsetDateTimeType@29e6d67e
[DEBUG] 2018-04-21 12:57:12.988 [http-nio-8080-exec-5] BasicTypeRegistry - Adding type registration java.time.OffsetDateTime -> org.hibernate.type.OffsetDateTimeType@29e6d67e
[DEBUG] 2018-04-21 12:57:12.989 [http-nio-8080-exec-5] BasicTypeRegistry - Adding type registration OffsetTime -> org.hibernate.type.OffsetTimeType@7a63a41b
[DEBUG] 2018-04-21 12:57:12.989 [http-nio-8080-exec-5] BasicTypeRegistry - Adding type registration java.time.OffsetTime -> org.hibernate.type.OffsetTimeType@7a63a41b
[DEBUG] 2018-04-21 12:57:12.997 [http-nio-8080-exec-5] BasicTypeRegistry - Adding type registration ZonedDateTime -> org.hibernate.type.ZonedDateTimeType@56d1bb0
[DEBUG] 2018-04-21 12:57:12.997 [http-nio-8080-exec-5] BasicTypeRegistry - Adding type registration java.time.ZonedDateTime -> org.hibernate.type.ZonedDateTimeType@56d1bb0
[DEBUG] 2018-04-21 12:57:12.999 [http-nio-8080-exec-5] BasicTypeRegistry - Adding type registration date -> org.hibernate.type.DateType@7bb4432f
[DEBUG] 2018-04-21 12:57:12.999 [http-nio-8080-exec-5] BasicTypeRegistry - Adding type registration java.sql.Date -> org.hibernate.type.DateType@7bb4432f
[DEBUG] 2018-04-21 12:57:13.001 [http-nio-8080-exec-5] BasicTypeRegistry - Adding type registration time -> org.hibernate.type.TimeType@587f3da1
[DEBUG] 2018-04-21 12:57:13.001 [http-nio-8080-exec-5] BasicTypeRegistry - Adding type registration java.sql.Time -> org.hibernate.type.TimeType@587f3da1
[DEBUG] 2018-04-21 12:57:13.002 [http-nio-8080-exec-5] BasicTypeRegistry - Adding type registration timestamp -> org.hibernate.type.TimestampType@a50f7f
[DEBUG] 2018-04-21 12:57:13.002 [http-nio-8080-exec-5] BasicTypeRegistry - Adding type registration java.sql.Timestamp -> org.hibernate.type.TimestampType@a50f7f
[DEBUG] 2018-04-21 12:57:13.002 [http-nio-8080-exec-5] BasicTypeRegistry - Adding type registration java.util.Date -> org.hibernate.type.TimestampType@a50f7f
[DEBUG] 2018-04-21 12:57:13.006 [http-nio-8080-exec-5] BasicTypeRegistry - Adding type registration dbtimestamp -> org.hibernate.type.DbTimestampType@34575746
[DEBUG] 2018-04-21 12:57:13.007 [http-nio-8080-exec-5] BasicTypeRegistry - Adding type registration calendar -> org.hibernate.type.CalendarType@5074ce50
[DEBUG] 2018-04-21 12:57:13.007 [http-nio-8080-exec-5] BasicTypeRegistry - Adding type registration java.util.Calendar -> org.hibernate.type.CalendarType@5074ce50
[DEBUG] 2018-04-21 12:57:13.007 [http-nio-8080-exec-5] BasicTypeRegistry - Adding type registration java.util.GregorianCalendar -> org.hibernate.type.CalendarType@5074ce50
[DEBUG] 2018-04-21 12:57:13.007 [http-nio-8080-exec-5] BasicTypeRegistry - Adding type registration calendar_date -> org.hibernate.type.CalendarDateType@7ff6aab2
[DEBUG] 2018-04-21 12:57:13.008 [http-nio-8080-exec-5] BasicTypeRegistry - Adding type registration locale -> org.hibernate.type.LocaleType@ce31c00
[DEBUG] 2018-04-21 12:57:13.008 [http-nio-8080-exec-5] BasicTypeRegistry - Adding type registration java.util.Locale -> org.hibernate.type.LocaleType@ce31c00
[DEBUG] 2018-04-21 12:57:13.009 [http-nio-8080-exec-5] BasicTypeRegistry - Adding type registration currency -> org.hibernate.type.CurrencyType@2cdd81c4
[DEBUG] 2018-04-21 12:57:13.011 [http-nio-8080-exec-5] BasicTypeRegistry - Adding type registration java.util.Currency -> org.hibernate.type.CurrencyType@2cdd81c4
[DEBUG] 2018-04-21 12:57:13.012 [http-nio-8080-exec-5] BasicTypeRegistry - Adding type registration timezone -> org.hibernate.type.TimeZoneType@3f390703
[DEBUG] 2018-04-21 12:57:13.013 [http-nio-8080-exec-5] BasicTypeRegistry - Adding type registration java.util.TimeZone -> org.hibernate.type.TimeZoneType@3f390703
[DEBUG] 2018-04-21 12:57:13.013 [http-nio-8080-exec-5] BasicTypeRegistry - Adding type registration class -> org.hibernate.type.ClassType@e4e5193
[DEBUG] 2018-04-21 12:57:13.013 [http-nio-8080-exec-5] BasicTypeRegistry - Adding type registration java.lang.Class -> org.hibernate.type.ClassType@e4e5193
[DEBUG] 2018-04-21 12:57:13.015 [http-nio-8080-exec-5] BasicTypeRegistry - Adding type registration uuid-binary -> org.hibernate.type.UUIDBinaryType@6da00e88
[DEBUG] 2018-04-21 12:57:13.015 [http-nio-8080-exec-5] BasicTypeRegistry - Adding type registration java.util.UUID -> org.hibernate.type.UUIDBinaryType@6da00e88
[DEBUG] 2018-04-21 12:57:13.015 [http-nio-8080-exec-5] BasicTypeRegistry - Adding type registration uuid-char -> org.hibernate.type.UUIDCharType@76b4c8be
[DEBUG] 2018-04-21 12:57:13.017 [http-nio-8080-exec-5] BasicTypeRegistry - Adding type registration binary -> org.hibernate.type.BinaryType@761b0917
[DEBUG] 2018-04-21 12:57:13.017 [http-nio-8080-exec-5] BasicTypeRegistry - Adding type registration byte[] -> org.hibernate.type.BinaryType@761b0917
[DEBUG] 2018-04-21 12:57:13.017 [http-nio-8080-exec-5] BasicTypeRegistry - Adding type registration [B -> org.hibernate.type.BinaryType@761b0917
[DEBUG] 2018-04-21 12:57:13.018 [http-nio-8080-exec-5] BasicTypeRegistry - Adding type registration wrapper-binary -> org.hibernate.type.WrapperBinaryType@78a26739
[DEBUG] 2018-04-21 12:57:13.018 [http-nio-8080-exec-5] BasicTypeRegistry - Adding type registration Byte[] -> org.hibernate.type.WrapperBinaryType@78a26739
[DEBUG] 2018-04-21 12:57:13.018 [http-nio-8080-exec-5] BasicTypeRegistry - Adding type registration [Ljava.lang.Byte; -> org.hibernate.type.WrapperBinaryType@78a26739
[DEBUG] 2018-04-21 12:57:13.021 [http-nio-8080-exec-5] BasicTypeRegistry - Adding type registration row_version -> org.hibernate.type.RowVersionType@1264f2a3
[DEBUG] 2018-04-21 12:57:13.022 [http-nio-8080-exec-5] BasicTypeRegistry - Adding type registration image -> org.hibernate.type.ImageType@51a6dc96
[DEBUG] 2018-04-21 12:57:13.023 [http-nio-8080-exec-5] BasicTypeRegistry - Adding type registration characters -> org.hibernate.type.CharArrayType@46735687
[DEBUG] 2018-04-21 12:57:13.023 [http-nio-8080-exec-5] BasicTypeRegistry - Adding type registration char[] -> org.hibernate.type.CharArrayType@46735687
[DEBUG] 2018-04-21 12:57:13.023 [http-nio-8080-exec-5] BasicTypeRegistry - Adding type registration [C -> org.hibernate.type.CharArrayType@46735687
[DEBUG] 2018-04-21 12:57:13.024 [http-nio-8080-exec-5] BasicTypeRegistry - Adding type registration wrapper-characters -> org.hibernate.type.CharacterArrayType@7d22d6ad
[DEBUG] 2018-04-21 12:57:13.024 [http-nio-8080-exec-5] BasicTypeRegistry - Adding type registration [Ljava.lang.Character; -> org.hibernate.type.CharacterArrayType@7d22d6ad
[DEBUG] 2018-04-21 12:57:13.024 [http-nio-8080-exec-5] BasicTypeRegistry - Adding type registration Character[] -> org.hibernate.type.CharacterArrayType@7d22d6ad
[DEBUG] 2018-04-21 12:57:13.024 [http-nio-8080-exec-5] BasicTypeRegistry - Adding type registration text -> org.hibernate.type.TextType@4e41def
[DEBUG] 2018-04-21 12:57:13.025 [http-nio-8080-exec-5] BasicTypeRegistry - Adding type registration ntext -> org.hibernate.type.NTextType@5244e221
[DEBUG] 2018-04-21 12:57:13.029 [http-nio-8080-exec-5] BasicTypeRegistry - Adding type registration blob -> org.hibernate.type.BlobType@7cd52e3b
[DEBUG] 2018-04-21 12:57:13.030 [http-nio-8080-exec-5] BasicTypeRegistry - Adding type registration java.sql.Blob -> org.hibernate.type.BlobType@7cd52e3b
[DEBUG] 2018-04-21 12:57:13.030 [http-nio-8080-exec-5] BasicTypeRegistry - Adding type registration materialized_blob -> org.hibernate.type.MaterializedBlobType@147965b2
[DEBUG] 2018-04-21 12:57:13.047 [http-nio-8080-exec-5] BasicTypeRegistry - Adding type registration clob -> org.hibernate.type.ClobType@57bf96cb
[DEBUG] 2018-04-21 12:57:13.047 [http-nio-8080-exec-5] BasicTypeRegistry - Adding type registration java.sql.Clob -> org.hibernate.type.ClobType@57bf96cb
[DEBUG] 2018-04-21 12:57:13.051 [http-nio-8080-exec-5] BasicTypeRegistry - Adding type registration nclob -> org.hibernate.type.NClobType@289b9240
[DEBUG] 2018-04-21 12:57:13.052 [http-nio-8080-exec-5] BasicTypeRegistry - Adding type registration java.sql.NClob -> org.hibernate.type.NClobType@289b9240
[DEBUG] 2018-04-21 12:57:13.052 [http-nio-8080-exec-5] BasicTypeRegistry - Adding type registration materialized_clob -> org.hibernate.type.MaterializedClobType@38a29d1f
[DEBUG] 2018-04-21 12:57:13.053 [http-nio-8080-exec-5] BasicTypeRegistry - Adding type registration materialized_nclob -> org.hibernate.type.MaterializedNClobType@222cd35a
[DEBUG] 2018-04-21 12:57:13.055 [http-nio-8080-exec-5] BasicTypeRegistry - Adding type registration serializable -> org.hibernate.type.SerializableType@27d74056
[DEBUG] 2018-04-21 12:57:13.059 [http-nio-8080-exec-5] BasicTypeRegistry - Adding type registration object -> org.hibernate.type.ObjectType@35fa9e4a
[DEBUG] 2018-04-21 12:57:13.059 [http-nio-8080-exec-5] BasicTypeRegistry - Adding type registration java.lang.Object -> org.hibernate.type.ObjectType@35fa9e4a
[DEBUG] 2018-04-21 12:57:13.060 [http-nio-8080-exec-5] BasicTypeRegistry - Adding type registration imm_date -> org.hibernate.type.AdaptedImmutableType@30431cc
[DEBUG] 2018-04-21 12:57:13.060 [http-nio-8080-exec-5] BasicTypeRegistry - Adding type registration imm_time -> org.hibernate.type.AdaptedImmutableType@62ede728
[DEBUG] 2018-04-21 12:57:13.060 [http-nio-8080-exec-5] BasicTypeRegistry - Adding type registration imm_timestamp -> org.hibernate.type.AdaptedImmutableType@63c0d365
[DEBUG] 2018-04-21 12:57:13.060 [http-nio-8080-exec-5] BasicTypeRegistry - Adding type registration imm_dbtimestamp -> org.hibernate.type.AdaptedImmutableType@2b4e1b5c
[DEBUG] 2018-04-21 12:57:13.060 [http-nio-8080-exec-5] BasicTypeRegistry - Adding type registration imm_calendar -> org.hibernate.type.AdaptedImmutableType@966c5a8
[DEBUG] 2018-04-21 12:57:13.060 [http-nio-8080-exec-5] BasicTypeRegistry - Adding type registration imm_calendar_date -> org.hibernate.type.AdaptedImmutableType@4bfa70b
[DEBUG] 2018-04-21 12:57:13.060 [http-nio-8080-exec-5] BasicTypeRegistry - Adding type registration imm_binary -> org.hibernate.type.AdaptedImmutableType@61811702
[DEBUG] 2018-04-21 12:57:13.060 [http-nio-8080-exec-5] BasicTypeRegistry - Adding type registration imm_serializable -> org.hibernate.type.AdaptedImmutableType@3a4e6495
[INFO ] 2018-04-21 12:57:13.077 [http-nio-8080-exec-5] C3P0ConnectionProvider - HHH010002: C3P0 using driver: com.mysql.jdbc.Driver at URL: jdbc:mysql://localhost:3306/puppy_playtime_test
[INFO ] 2018-04-21 12:57:13.078 [http-nio-8080-exec-5] C3P0ConnectionProvider - HHH10001001: Connection properties: {user=root, password=****}
[INFO ] 2018-04-21 12:57:13.078 [http-nio-8080-exec-5] C3P0ConnectionProvider - HHH10001003: Autocommit mode: false
[INFO ] 2018-04-21 12:57:13.597 [http-nio-8080-exec-5] C3P0ConnectionProvider - HHH10001007: JDBC isolation level: <unknown>
[DEBUG] 2018-04-21 12:57:14.008 [http-nio-8080-exec-5] JdbcEnvironmentInitiator - Database ->
       name : MySQL
    version : 5.7.21-0ubuntu0.16.04.1
      major : 5
      minor : 7
[DEBUG] 2018-04-21 12:57:14.009 [http-nio-8080-exec-5] JdbcEnvironmentInitiator - Driver ->
       name : MySQL Connector Java
    version : mysql-connector-java-5.1.39 ( Revision: 3289a357af6d09ecc1a10fd3c26e95183e5790ad )
      major : 5
      minor : 1
[DEBUG] 2018-04-21 12:57:14.009 [http-nio-8080-exec-5] JdbcEnvironmentInitiator - JDBC version : 4.0
[INFO ] 2018-04-21 12:57:14.039 [http-nio-8080-exec-5] Dialect - HHH000400: Using dialect: org.hibernate.dialect.MySQL5Dialect
[DEBUG] 2018-04-21 12:57:14.106 [http-nio-8080-exec-5] IdentifierHelperBuilder - JDBC driver metadata reported database stores quoted identifiers in more than one case
[DEBUG] 2018-04-21 12:57:14.112 [http-nio-8080-exec-5] IdentifierHelperBuilder - IdentifierCaseStrategy for both quoted and unquoted identifiers was set to the same strategy [MIXED]; that will likely lead to problems in schema update and validation if using quoted identifiers
[DEBUG] 2018-04-21 12:57:14.217 [http-nio-8080-exec-5] DefaultIdentifierGeneratorFactory - Registering IdentifierGenerator strategy [uuid2] -> [org.hibernate.id.UUIDGenerator]
[DEBUG] 2018-04-21 12:57:14.226 [http-nio-8080-exec-5] DefaultIdentifierGeneratorFactory - Registering IdentifierGenerator strategy [guid] -> [org.hibernate.id.GUIDGenerator]
[DEBUG] 2018-04-21 12:57:14.228 [http-nio-8080-exec-5] DefaultIdentifierGeneratorFactory - Registering IdentifierGenerator strategy [uuid] -> [org.hibernate.id.UUIDHexGenerator]
[DEBUG] 2018-04-21 12:57:14.229 [http-nio-8080-exec-5] DefaultIdentifierGeneratorFactory - Registering IdentifierGenerator strategy [uuid.hex] -> [org.hibernate.id.UUIDHexGenerator]
[DEBUG] 2018-04-21 12:57:14.229 [http-nio-8080-exec-5] DefaultIdentifierGeneratorFactory - Registering IdentifierGenerator strategy [assigned] -> [org.hibernate.id.Assigned]
[DEBUG] 2018-04-21 12:57:14.230 [http-nio-8080-exec-5] DefaultIdentifierGeneratorFactory - Registering IdentifierGenerator strategy [identity] -> [org.hibernate.id.IdentityGenerator]
[DEBUG] 2018-04-21 12:57:14.233 [http-nio-8080-exec-5] DefaultIdentifierGeneratorFactory - Registering IdentifierGenerator strategy [select] -> [org.hibernate.id.SelectGenerator]
[DEBUG] 2018-04-21 12:57:14.236 [http-nio-8080-exec-5] DefaultIdentifierGeneratorFactory - Registering IdentifierGenerator strategy [sequence] -> [org.hibernate.id.enhanced.SequenceStyleGenerator]
[DEBUG] 2018-04-21 12:57:14.238 [http-nio-8080-exec-5] DefaultIdentifierGeneratorFactory - Registering IdentifierGenerator strategy [seqhilo] -> [org.hibernate.id.SequenceHiLoGenerator]
[DEBUG] 2018-04-21 12:57:14.241 [http-nio-8080-exec-5] DefaultIdentifierGeneratorFactory - Registering IdentifierGenerator strategy [increment] -> [org.hibernate.id.IncrementGenerator]
[DEBUG] 2018-04-21 12:57:14.242 [http-nio-8080-exec-5] DefaultIdentifierGeneratorFactory - Registering IdentifierGenerator strategy [foreign] -> [org.hibernate.id.ForeignGenerator]
[DEBUG] 2018-04-21 12:57:14.242 [http-nio-8080-exec-5] DefaultIdentifierGeneratorFactory - Registering IdentifierGenerator strategy [sequence-identity] -> [org.hibernate.id.SequenceIdentityGenerator]
[DEBUG] 2018-04-21 12:57:14.242 [http-nio-8080-exec-5] DefaultIdentifierGeneratorFactory - Registering IdentifierGenerator strategy [enhanced-sequence] -> [org.hibernate.id.enhanced.SequenceStyleGenerator]
[DEBUG] 2018-04-21 12:57:14.245 [http-nio-8080-exec-5] DefaultIdentifierGeneratorFactory - Registering IdentifierGenerator strategy [enhanced-table] -> [org.hibernate.id.enhanced.TableGenerator]
[DEBUG] 2018-04-21 12:57:14.343 [http-nio-8080-exec-5] Namespace - Created database namespace [logicalName=Name{catalog=null, schema=null}, physicalName=Name{catalog=null, schema=null}]
[DEBUG] 2018-04-21 12:57:14.384 [http-nio-8080-exec-5] AnnotationBinder - Binding entity from annotated class: com.choinoski.entity.Pack
[DEBUG] 2018-04-21 12:57:14.437 [http-nio-8080-exec-5] Ejb3Column - Binding column: Ejb3DiscriminatorColumn{logicalColumnName'DTYPE', discriminatorTypeName='string'}
[DEBUG] 2018-04-21 12:57:14.446 [http-nio-8080-exec-5] EntityBinder - Import with entity name Pack
[DEBUG] 2018-04-21 12:57:14.449 [http-nio-8080-exec-5] EntityBinder - Bind entity com.choinoski.entity.Pack on table pack
[DEBUG] 2018-04-21 12:57:14.490 [http-nio-8080-exec-5] Ejb3Column - Binding column: Ejb3Column{table=org.hibernate.mapping.Table(pack), mappingColumn=pack_nr, insertable=true, updatable=true, unique=false}
[DEBUG] 2018-04-21 12:57:14.496 [http-nio-8080-exec-5] PropertyBinder - MetadataSourceProcessor property packNumber with lazy=false
[DEBUG] 2018-04-21 12:57:14.498 [http-nio-8080-exec-5] AbstractPropertyHolder - Attempting to locate auto-apply AttributeConverter for property [com.choinoski.entity.Pack:packNumber]
[DEBUG] 2018-04-21 12:57:14.500 [http-nio-8080-exec-5] SimpleValueBinder - building SimpleValue for packNumber
[DEBUG] 2018-04-21 12:57:14.502 [http-nio-8080-exec-5] PropertyBinder - Building property packNumber
[DEBUG] 2018-04-21 12:57:14.517 [http-nio-8080-exec-5] Ejb3Column - Binding column: Ejb3Column{table=org.hibernate.mapping.Table(pack), mappingColumn=address, insertable=true, updatable=true, unique=false}
[DEBUG] 2018-04-21 12:57:14.517 [http-nio-8080-exec-5] PropertyBinder - MetadataSourceProcessor property address with lazy=false
[DEBUG] 2018-04-21 12:57:14.517 [http-nio-8080-exec-5] AbstractPropertyHolder - Attempting to locate auto-apply AttributeConverter for property [com.choinoski.entity.Pack:address]
[DEBUG] 2018-04-21 12:57:14.517 [http-nio-8080-exec-5] SimpleValueBinder - building SimpleValue for address
[DEBUG] 2018-04-21 12:57:14.517 [http-nio-8080-exec-5] PropertyBinder - Building property address
[DEBUG] 2018-04-21 12:57:14.517 [http-nio-8080-exec-5] Ejb3Column - Binding column: Ejb3Column{table=org.hibernate.mapping.Table(pack), mappingColumn=dao, insertable=true, updatable=true, unique=false}
[DEBUG] 2018-04-21 12:57:14.518 [http-nio-8080-exec-5] PropertyBinder - MetadataSourceProcessor property dao with lazy=false
[DEBUG] 2018-04-21 12:57:14.518 [http-nio-8080-exec-5] AbstractPropertyHolder - Attempting to locate auto-apply AttributeConverter for property [com.choinoski.entity.Pack:dao]
[DEBUG] 2018-04-21 12:57:14.518 [http-nio-8080-exec-5] SimpleValueBinder - building SimpleValue for dao
[DEBUG] 2018-04-21 12:57:14.518 [http-nio-8080-exec-5] PropertyBinder - Building property dao
[DEBUG] 2018-04-21 12:57:14.518 [http-nio-8080-exec-5] Ejb3Column - Binding column: Ejb3Column{table=org.hibernate.mapping.Table(pack), mappingColumn=email_address, insertable=true, updatable=true, unique=false}
[DEBUG] 2018-04-21 12:57:14.519 [http-nio-8080-exec-5] PropertyBinder - MetadataSourceProcessor property emailAddress with lazy=false
[DEBUG] 2018-04-21 12:57:14.519 [http-nio-8080-exec-5] AbstractPropertyHolder - Attempting to locate auto-apply AttributeConverter for property [com.choinoski.entity.Pack:emailAddress]
[DEBUG] 2018-04-21 12:57:14.521 [http-nio-8080-exec-5] SimpleValueBinder - building SimpleValue for emailAddress
[DEBUG] 2018-04-21 12:57:14.521 [http-nio-8080-exec-5] PropertyBinder - Building property emailAddress
[DEBUG] 2018-04-21 12:57:14.521 [http-nio-8080-exec-5] Ejb3Column - Binding column: Ejb3Column{table=org.hibernate.mapping.Table(pack), mappingColumn=first_name, insertable=true, updatable=true, unique=false}
[DEBUG] 2018-04-21 12:57:14.521 [http-nio-8080-exec-5] PropertyBinder - MetadataSourceProcessor property firstName with lazy=false
[DEBUG] 2018-04-21 12:57:14.521 [http-nio-8080-exec-5] AbstractPropertyHolder - Attempting to locate auto-apply AttributeConverter for property [com.choinoski.entity.Pack:firstName]
[DEBUG] 2018-04-21 12:57:14.523 [http-nio-8080-exec-5] SimpleValueBinder - building SimpleValue for firstName
[DEBUG] 2018-04-21 12:57:14.523 [http-nio-8080-exec-5] PropertyBinder - Building property firstName
[DEBUG] 2018-04-21 12:57:14.523 [http-nio-8080-exec-5] Ejb3Column - Binding column: Ejb3Column{table=org.hibernate.mapping.Table(pack), mappingColumn=last_name, insertable=true, updatable=true, unique=false}
[DEBUG] 2018-04-21 12:57:14.523 [http-nio-8080-exec-5] PropertyBinder - MetadataSourceProcessor property lastName with lazy=false
[DEBUG] 2018-04-21 12:57:14.523 [http-nio-8080-exec-5] AbstractPropertyHolder - Attempting to locate auto-apply AttributeConverter for property [com.choinoski.entity.Pack:lastName]
[DEBUG] 2018-04-21 12:57:14.523 [http-nio-8080-exec-5] SimpleValueBinder - building SimpleValue for lastName
[DEBUG] 2018-04-21 12:57:14.523 [http-nio-8080-exec-5] PropertyBinder - Building property lastName
[DEBUG] 2018-04-21 12:57:14.524 [http-nio-8080-exec-5] Ejb3Column - Binding column: Ejb3JoinColumn{logicalColumnName='null', referencedColumn='null', mappedBy='pack'}
[DEBUG] 2018-04-21 12:57:14.525 [http-nio-8080-exec-5] Ejb3Column - Binding column: Ejb3Column{table=org.hibernate.mapping.Table(pack), mappingColumn=members, insertable=true, updatable=true, unique=false}
[DEBUG] 2018-04-21 12:57:14.526 [http-nio-8080-exec-5] Ejb3Column - Binding column: Ejb3Column{table=org.hibernate.mapping.Table(pack), mappingColumn=null, insertable=true, updatable=true, unique=false}
[DEBUG] 2018-04-21 12:57:14.536 [http-nio-8080-exec-5] Ejb3Column - Binding column: Ejb3Column{table=org.hibernate.mapping.Table(pack), mappingColumn=element, insertable=true, updatable=true, unique=false}
[DEBUG] 2018-04-21 12:57:14.537 [http-nio-8080-exec-5] Ejb3Column - Binding column: Ejb3Column{table=org.hibernate.mapping.Table(pack), mappingColumn=members_KEY, insertable=true, updatable=true, unique=false}
[DEBUG] 2018-04-21 12:57:14.539 [http-nio-8080-exec-5] Ejb3Column - Binding column: Ejb3JoinColumn{logicalColumnName='members_KEY', referencedColumn='null', mappedBy='null'}
[DEBUG] 2018-04-21 12:57:14.540 [http-nio-8080-exec-5] Ejb3Column - Binding column: Ejb3JoinColumn{logicalColumnName='null', referencedColumn='null', mappedBy='pack'}
[DEBUG] 2018-04-21 12:57:14.540 [http-nio-8080-exec-5] Ejb3Column - Binding column: Ejb3JoinColumn{logicalColumnName='null', referencedColumn='null', mappedBy='pack'}
[DEBUG] 2018-04-21 12:57:14.541 [http-nio-8080-exec-5] CollectionBinder - Collection role: com.choinoski.entity.Pack.members
[DEBUG] 2018-04-21 12:57:14.544 [http-nio-8080-exec-5] PropertyBinder - Building property members
[DEBUG] 2018-04-21 12:57:14.546 [http-nio-8080-exec-5] Ejb3Column - Binding column: Ejb3Column{table=org.hibernate.mapping.Table(pack), mappingColumn=pack_name, insertable=true, updatable=true, unique=false}
[DEBUG] 2018-04-21 12:57:14.546 [http-nio-8080-exec-5] PropertyBinder - MetadataSourceProcessor property packName with lazy=false
[DEBUG] 2018-04-21 12:57:14.546 [http-nio-8080-exec-5] AbstractPropertyHolder - Attempting to locate auto-apply AttributeConverter for property [com.choinoski.entity.Pack:packName]
[DEBUG] 2018-04-21 12:57:14.546 [http-nio-8080-exec-5] SimpleValueBinder - building SimpleValue for packName
[DEBUG] 2018-04-21 12:57:14.546 [http-nio-8080-exec-5] PropertyBinder - Building property packName
[DEBUG] 2018-04-21 12:57:14.547 [http-nio-8080-exec-5] Ejb3Column - Binding column: Ejb3Column{table=org.hibernate.mapping.Table(pack), mappingColumn=password, insertable=true, updatable=true, unique=false}
[DEBUG] 2018-04-21 12:57:14.547 [http-nio-8080-exec-5] PropertyBinder - MetadataSourceProcessor property password with lazy=false
[DEBUG] 2018-04-21 12:57:14.547 [http-nio-8080-exec-5] AbstractPropertyHolder - Attempting to locate auto-apply AttributeConverter for property [com.choinoski.entity.Pack:password]
[DEBUG] 2018-04-21 12:57:14.547 [http-nio-8080-exec-5] SimpleValueBinder - building SimpleValue for password
[DEBUG] 2018-04-21 12:57:14.547 [http-nio-8080-exec-5] PropertyBinder - Building property password
[DEBUG] 2018-04-21 12:57:14.547 [http-nio-8080-exec-5] Ejb3Column - Binding column: Ejb3Column{table=org.hibernate.mapping.Table(pack), mappingColumn=phone_number, insertable=true, updatable=true, unique=false}
[DEBUG] 2018-04-21 12:57:14.547 [http-nio-8080-exec-5] PropertyBinder - MetadataSourceProcessor property phoneNumber with lazy=false
[DEBUG] 2018-04-21 12:57:14.547 [http-nio-8080-exec-5] AbstractPropertyHolder - Attempting to locate auto-apply AttributeConverter for property [com.choinoski.entity.Pack:phoneNumber]
[DEBUG] 2018-04-21 12:57:14.547 [http-nio-8080-exec-5] SimpleValueBinder - building SimpleValue for phoneNumber
[DEBUG] 2018-04-21 12:57:14.547 [http-nio-8080-exec-5] PropertyBinder - Building property phoneNumber
[DEBUG] 2018-04-21 12:57:14.548 [http-nio-8080-exec-5] Ejb3Column - Binding column: Ejb3JoinColumn{logicalColumnName='null', referencedColumn='null', mappedBy='pack'}
[DEBUG] 2018-04-21 12:57:14.548 [http-nio-8080-exec-5] Ejb3Column - Binding column: Ejb3Column{table=org.hibernate.mapping.Table(pack), mappingColumn=roles, insertable=true, updatable=true, unique=false}
[DEBUG] 2018-04-21 12:57:14.548 [http-nio-8080-exec-5] Ejb3Column - Binding column: Ejb3Column{table=org.hibernate.mapping.Table(pack), mappingColumn=null, insertable=true, updatable=true, unique=false}
[DEBUG] 2018-04-21 12:57:14.548 [http-nio-8080-exec-5] Ejb3Column - Binding column: Ejb3Column{table=org.hibernate.mapping.Table(pack), mappingColumn=element, insertable=true, updatable=true, unique=false}
[DEBUG] 2018-04-21 12:57:14.548 [http-nio-8080-exec-5] Ejb3Column - Binding column: Ejb3Column{table=org.hibernate.mapping.Table(pack), mappingColumn=roles_KEY, insertable=true, updatable=true, unique=false}
[DEBUG] 2018-04-21 12:57:14.548 [http-nio-8080-exec-5] Ejb3Column - Binding column: Ejb3JoinColumn{logicalColumnName='roles_KEY', referencedColumn='null', mappedBy='null'}
[DEBUG] 2018-04-21 12:57:14.549 [http-nio-8080-exec-5] Ejb3Column - Binding column: Ejb3JoinColumn{logicalColumnName='null', referencedColumn='null', mappedBy='pack'}
[DEBUG] 2018-04-21 12:57:14.549 [http-nio-8080-exec-5] Ejb3Column - Binding column: Ejb3JoinColumn{logicalColumnName='null', referencedColumn='null', mappedBy='pack'}
[DEBUG] 2018-04-21 12:57:14.549 [http-nio-8080-exec-5] CollectionBinder - Collection role: com.choinoski.entity.Pack.roles
[DEBUG] 2018-04-21 12:57:14.549 [http-nio-8080-exec-5] PropertyBinder - Building property roles
[DEBUG] 2018-04-21 12:57:14.550 [http-nio-8080-exec-5] AnnotationBinder - Binding entity from annotated class: com.choinoski.entity.PackMember
[DEBUG] 2018-04-21 12:57:14.550 [http-nio-8080-exec-5] Ejb3Column - Binding column: Ejb3DiscriminatorColumn{logicalColumnName'DTYPE', discriminatorTypeName='string'}
[DEBUG] 2018-04-21 12:57:14.551 [http-nio-8080-exec-5] EntityBinder - Import with entity name PackMember
[DEBUG] 2018-04-21 12:57:14.551 [http-nio-8080-exec-5] EntityBinder - Bind entity com.choinoski.entity.PackMember on table pack_member
[DEBUG] 2018-04-21 12:57:14.563 [http-nio-8080-exec-5] Ejb3Column - Binding column: Ejb3Column{table=org.hibernate.mapping.Table(pack_member), mappingColumn=pack_member_nr, insertable=true, updatable=true, unique=false}
[DEBUG] 2018-04-21 12:57:14.563 [http-nio-8080-exec-5] PropertyBinder - MetadataSourceProcessor property packMemberNumber with lazy=false
[DEBUG] 2018-04-21 12:57:14.563 [http-nio-8080-exec-5] AbstractPropertyHolder - Attempting to locate auto-apply AttributeConverter for property [com.choinoski.entity.PackMember:packMemberNumber]
[DEBUG] 2018-04-21 12:57:14.563 [http-nio-8080-exec-5] SimpleValueBinder - building SimpleValue for packMemberNumber
[DEBUG] 2018-04-21 12:57:14.564 [http-nio-8080-exec-5] PropertyBinder - Building property packMemberNumber
[DEBUG] 2018-04-21 12:57:14.564 [http-nio-8080-exec-5] Ejb3Column - Binding column: Ejb3Column{table=org.hibernate.mapping.Table(pack_member), mappingColumn=breed, insertable=true, updatable=true, unique=false}
[DEBUG] 2018-04-21 12:57:14.564 [http-nio-8080-exec-5] PropertyBinder - MetadataSourceProcessor property breed with lazy=false
[DEBUG] 2018-04-21 12:57:14.564 [http-nio-8080-exec-5] AbstractPropertyHolder - Attempting to locate auto-apply AttributeConverter for property [com.choinoski.entity.PackMember:breed]
[DEBUG] 2018-04-21 12:57:14.565 [http-nio-8080-exec-5] SimpleValueBinder - building SimpleValue for breed
[DEBUG] 2018-04-21 12:57:14.565 [http-nio-8080-exec-5] PropertyBinder - Building property breed
[DEBUG] 2018-04-21 12:57:14.565 [http-nio-8080-exec-5] Ejb3Column - Binding column: Ejb3Column{table=org.hibernate.mapping.Table(pack_member), mappingColumn=create_date, insertable=true, updatable=true, unique=false}
[DEBUG] 2018-04-21 12:57:14.565 [http-nio-8080-exec-5] PropertyBinder - MetadataSourceProcessor property createDate with lazy=false
[DEBUG] 2018-04-21 12:57:14.565 [http-nio-8080-exec-5] AbstractPropertyHolder - Attempting to locate auto-apply AttributeConverter for property [com.choinoski.entity.PackMember:createDate]
[DEBUG] 2018-04-21 12:57:14.565 [http-nio-8080-exec-5] SimpleValueBinder - building SimpleValue for createDate
[DEBUG] 2018-04-21 12:57:14.565 [http-nio-8080-exec-5] PropertyBinder - Building property createDate
[DEBUG] 2018-04-21 12:57:14.579 [http-nio-8080-exec-5] Ejb3Column - Binding column: Ejb3Column{table=org.hibernate.mapping.Table(pack_member), mappingColumn=date_of_birth, insertable=true, updatable=true, unique=false}
[DEBUG] 2018-04-21 12:57:14.579 [http-nio-8080-exec-5] PropertyBinder - MetadataSourceProcessor property dateOfBirth with lazy=false
[DEBUG] 2018-04-21 12:57:14.579 [http-nio-8080-exec-5] AbstractPropertyHolder - Attempting to locate auto-apply AttributeConverter for property [com.choinoski.entity.PackMember:dateOfBirth]
[DEBUG] 2018-04-21 12:57:14.579 [http-nio-8080-exec-5] SimpleValueBinder - building SimpleValue for dateOfBirth
[DEBUG] 2018-04-21 12:57:14.579 [http-nio-8080-exec-5] PropertyBinder - Building property dateOfBirth
[DEBUG] 2018-04-21 12:57:14.579 [http-nio-8080-exec-5] Ejb3Column - Binding column: Ejb3Column{table=org.hibernate.mapping.Table(pack_member), mappingColumn=intact, insertable=true, updatable=true, unique=false}
[DEBUG] 2018-04-21 12:57:14.579 [http-nio-8080-exec-5] PropertyBinder - MetadataSourceProcessor property intact with lazy=false
[DEBUG] 2018-04-21 12:57:14.579 [http-nio-8080-exec-5] AbstractPropertyHolder - Attempting to locate auto-apply AttributeConverter for property [com.choinoski.entity.PackMember:intact]
[DEBUG] 2018-04-21 12:57:14.579 [http-nio-8080-exec-5] SimpleValueBinder - building SimpleValue for intact
[DEBUG] 2018-04-21 12:57:14.579 [http-nio-8080-exec-5] PropertyBinder - Building property intact
[DEBUG] 2018-04-21 12:57:14.580 [http-nio-8080-exec-5] Ejb3Column - Binding column: Ejb3Column{table=org.hibernate.mapping.Table(pack_member), mappingColumn=last_modified_date, insertable=true, updatable=true, unique=false}
[DEBUG] 2018-04-21 12:57:14.580 [http-nio-8080-exec-5] PropertyBinder - MetadataSourceProcessor property lastModifiedDate with lazy=false
[DEBUG] 2018-04-21 12:57:14.580 [http-nio-8080-exec-5] AbstractPropertyHolder - Attempting to locate auto-apply AttributeConverter for property [com.choinoski.entity.PackMember:lastModifiedDate]
[DEBUG] 2018-04-21 12:57:14.580 [http-nio-8080-exec-5] SimpleValueBinder - building SimpleValue for lastModifiedDate
[DEBUG] 2018-04-21 12:57:14.580 [http-nio-8080-exec-5] PropertyBinder - Building property lastModifiedDate
[DEBUG] 2018-04-21 12:57:14.581 [http-nio-8080-exec-5] Ejb3Column - Binding column: Ejb3Column{table=org.hibernate.mapping.Table(pack_member), mappingColumn=name, insertable=true, updatable=true, unique=false}
[DEBUG] 2018-04-21 12:57:14.582 [http-nio-8080-exec-5] PropertyBinder - MetadataSourceProcessor property name with lazy=false
[DEBUG] 2018-04-21 12:57:14.583 [http-nio-8080-exec-5] AbstractPropertyHolder - Attempting to locate auto-apply AttributeConverter for property [com.choinoski.entity.PackMember:name]
[DEBUG] 2018-04-21 12:57:14.584 [http-nio-8080-exec-5] SimpleValueBinder - building SimpleValue for name
[DEBUG] 2018-04-21 12:57:14.585 [http-nio-8080-exec-5] PropertyBinder - Building property name
[DEBUG] 2018-04-21 12:57:14.585 [http-nio-8080-exec-5] Ejb3Column - Binding column: Ejb3JoinColumn{logicalColumnName='pack_nr', referencedColumn='', mappedBy=''}
[DEBUG] 2018-04-21 12:57:14.585 [http-nio-8080-exec-5] Ejb3Column - Binding column: Ejb3Column{table=org.hibernate.mapping.Table(pack_member), mappingColumn=pack, insertable=true, updatable=true, unique=false}
[DEBUG] 2018-04-21 12:57:14.590 [http-nio-8080-exec-5] PropertyBinder - Building property pack
[DEBUG] 2018-04-21 12:57:14.592 [http-nio-8080-exec-5] Ejb3Column - Binding column: Ejb3Column{table=org.hibernate.mapping.Table(pack_member), mappingColumn=sex, insertable=true, updatable=true, unique=false}
[DEBUG] 2018-04-21 12:57:14.593 [http-nio-8080-exec-5] PropertyBinder - MetadataSourceProcessor property sex with lazy=false
[DEBUG] 2018-04-21 12:57:14.593 [http-nio-8080-exec-5] AbstractPropertyHolder - Attempting to locate auto-apply AttributeConverter for property [com.choinoski.entity.PackMember:sex]
[DEBUG] 2018-04-21 12:57:14.593 [http-nio-8080-exec-5] SimpleValueBinder - building SimpleValue for sex
[DEBUG] 2018-04-21 12:57:14.593 [http-nio-8080-exec-5] PropertyBinder - Building property sex
[DEBUG] 2018-04-21 12:57:14.593 [http-nio-8080-exec-5] Ejb3Column - Binding column: Ejb3Column{table=org.hibernate.mapping.Table(pack_member), mappingColumn=size, insertable=true, updatable=true, unique=false}
[DEBUG] 2018-04-21 12:57:14.593 [http-nio-8080-exec-5] PropertyBinder - MetadataSourceProcessor property size with lazy=false
[DEBUG] 2018-04-21 12:57:14.593 [http-nio-8080-exec-5] AbstractPropertyHolder - Attempting to locate auto-apply AttributeConverter for property [com.choinoski.entity.PackMember:size]
[DEBUG] 2018-04-21 12:57:14.593 [http-nio-8080-exec-5] SimpleValueBinder - building SimpleValue for size
[DEBUG] 2018-04-21 12:57:14.593 [http-nio-8080-exec-5] PropertyBinder - Building property size
[DEBUG] 2018-04-21 12:57:14.593 [http-nio-8080-exec-5] Ejb3Column - Binding column: Ejb3Column{table=org.hibernate.mapping.Table(pack_member), mappingColumn=weight, insertable=true, updatable=true, unique=false}
[DEBUG] 2018-04-21 12:57:14.594 [http-nio-8080-exec-5] PropertyBinder - MetadataSourceProcessor property weight with lazy=false
[DEBUG] 2018-04-21 12:57:14.594 [http-nio-8080-exec-5] AbstractPropertyHolder - Attempting to locate auto-apply AttributeConverter for property [com.choinoski.entity.PackMember:weight]
[DEBUG] 2018-04-21 12:57:14.594 [http-nio-8080-exec-5] SimpleValueBinder - building SimpleValue for weight
[DEBUG] 2018-04-21 12:57:14.594 [http-nio-8080-exec-5] PropertyBinder - Building property weight
[DEBUG] 2018-04-21 12:57:14.594 [http-nio-8080-exec-5] AnnotationBinder - Binding entity from annotated class: com.choinoski.entity.PackLeader
[DEBUG] 2018-04-21 12:57:14.594 [http-nio-8080-exec-5] Ejb3Column - Binding column: Ejb3DiscriminatorColumn{logicalColumnName'DTYPE', discriminatorTypeName='string'}
[DEBUG] 2018-04-21 12:57:14.594 [http-nio-8080-exec-5] EntityBinder - Import with entity name PackLeader
[DEBUG] 2018-04-21 12:57:14.595 [http-nio-8080-exec-5] EntityBinder - Bind entity com.choinoski.entity.PackLeader on table pack_leader
[DEBUG] 2018-04-21 12:57:14.598 [http-nio-8080-exec-5] Ejb3Column - Binding column: Ejb3Column{table=org.hibernate.mapping.Table(pack_leader), mappingColumn=pack_leader_nr, insertable=true, updatable=true, unique=false}
[DEBUG] 2018-04-21 12:57:14.598 [http-nio-8080-exec-5] PropertyBinder - MetadataSourceProcessor property packLeaderNumber with lazy=false
[DEBUG] 2018-04-21 12:57:14.598 [http-nio-8080-exec-5] AbstractPropertyHolder - Attempting to locate auto-apply AttributeConverter for property [com.choinoski.entity.PackLeader:packLeaderNumber]
[DEBUG] 2018-04-21 12:57:14.600 [http-nio-8080-exec-5] SimpleValueBinder - building SimpleValue for packLeaderNumber
[DEBUG] 2018-04-21 12:57:14.600 [http-nio-8080-exec-5] PropertyBinder - Building property packLeaderNumber
[DEBUG] 2018-04-21 12:57:14.600 [http-nio-8080-exec-5] Ejb3Column - Binding column: Ejb3Column{table=org.hibernate.mapping.Table(pack_leader), mappingColumn=address, insertable=true, updatable=true, unique=false}
[DEBUG] 2018-04-21 12:57:14.600 [http-nio-8080-exec-5] PropertyBinder - MetadataSourceProcessor property address with lazy=false
[DEBUG] 2018-04-21 12:57:14.600 [http-nio-8080-exec-5] AbstractPropertyHolder - Attempting to locate auto-apply AttributeConverter for property [com.choinoski.entity.PackLeader:address]
[DEBUG] 2018-04-21 12:57:14.600 [http-nio-8080-exec-5] SimpleValueBinder - building SimpleValue for address
[DEBUG] 2018-04-21 12:57:14.600 [http-nio-8080-exec-5] PropertyBinder - Building property address
[DEBUG] 2018-04-21 12:57:14.601 [http-nio-8080-exec-5] Ejb3Column - Binding column: Ejb3Column{table=org.hibernate.mapping.Table(pack_leader), mappingColumn=create_date, insertable=true, updatable=true, unique=false}
[DEBUG] 2018-04-21 12:57:14.601 [http-nio-8080-exec-5] PropertyBinder - MetadataSourceProcessor property createDate with lazy=false
[DEBUG] 2018-04-21 12:57:14.601 [http-nio-8080-exec-5] AbstractPropertyHolder - Attempting to locate auto-apply AttributeConverter for property [com.choinoski.entity.PackLeader:createDate]
[DEBUG] 2018-04-21 12:57:14.601 [http-nio-8080-exec-5] SimpleValueBinder - building SimpleValue for createDate
[DEBUG] 2018-04-21 12:57:14.601 [http-nio-8080-exec-5] PropertyBinder - Building property createDate
[DEBUG] 2018-04-21 12:57:14.601 [http-nio-8080-exec-5] Ejb3Column - Binding column: Ejb3Column{table=org.hibernate.mapping.Table(pack_leader), mappingColumn=email_address, insertable=true, updatable=true, unique=false}
[DEBUG] 2018-04-21 12:57:14.606 [http-nio-8080-exec-5] PropertyBinder - MetadataSourceProcessor property emailAddress with lazy=false
[DEBUG] 2018-04-21 12:57:14.606 [http-nio-8080-exec-5] AbstractPropertyHolder - Attempting to locate auto-apply AttributeConverter for property [com.choinoski.entity.PackLeader:emailAddress]
[DEBUG] 2018-04-21 12:57:14.606 [http-nio-8080-exec-5] SimpleValueBinder - building SimpleValue for emailAddress
[DEBUG] 2018-04-21 12:57:14.606 [http-nio-8080-exec-5] PropertyBinder - Building property emailAddress
[DEBUG] 2018-04-21 12:57:14.607 [http-nio-8080-exec-5] Ejb3Column - Binding column: Ejb3Column{table=org.hibernate.mapping.Table(pack_leader), mappingColumn=last_modified_date, insertable=true, updatable=true, unique=false}
[DEBUG] 2018-04-21 12:57:14.607 [http-nio-8080-exec-5] PropertyBinder - MetadataSourceProcessor property lastModifiedDate with lazy=false
[DEBUG] 2018-04-21 12:57:14.607 [http-nio-8080-exec-5] AbstractPropertyHolder - Attempting to locate auto-apply AttributeConverter for property [com.choinoski.entity.PackLeader:lastModifiedDate]
[DEBUG] 2018-04-21 12:57:14.607 [http-nio-8080-exec-5] SimpleValueBinder - building SimpleValue for lastModifiedDate
[DEBUG] 2018-04-21 12:57:14.607 [http-nio-8080-exec-5] PropertyBinder - Building property lastModifiedDate
[DEBUG] 2018-04-21 12:57:14.608 [http-nio-8080-exec-5] Ejb3Column - Binding column: Ejb3JoinColumn{logicalColumnName='pack_nr', referencedColumn='', mappedBy=''}
[DEBUG] 2018-04-21 12:57:14.609 [http-nio-8080-exec-5] Ejb3Column - Binding column: Ejb3Column{table=org.hibernate.mapping.Table(pack_leader), mappingColumn=pack, insertable=true, updatable=true, unique=false}
[DEBUG] 2018-04-21 12:57:14.609 [http-nio-8080-exec-5] PropertyBinder - Building property pack
[DEBUG] 2018-04-21 12:57:14.609 [http-nio-8080-exec-5] Ejb3Column - Binding column: Ejb3Column{table=org.hibernate.mapping.Table(pack_leader), mappingColumn=pack_name, insertable=true, updatable=true, unique=false}
[DEBUG] 2018-04-21 12:57:14.609 [http-nio-8080-exec-5] PropertyBinder - MetadataSourceProcessor property packName with lazy=false
[DEBUG] 2018-04-21 12:57:14.609 [http-nio-8080-exec-5] AbstractPropertyHolder - Attempting to locate auto-apply AttributeConverter for property [com.choinoski.entity.PackLeader:packName]
[DEBUG] 2018-04-21 12:57:14.609 [http-nio-8080-exec-5] SimpleValueBinder - building SimpleValue for packName
[DEBUG] 2018-04-21 12:57:14.609 [http-nio-8080-exec-5] PropertyBinder - Building property packName
[DEBUG] 2018-04-21 12:57:14.609 [http-nio-8080-exec-5] Ejb3Column - Binding column: Ejb3Column{table=org.hibernate.mapping.Table(pack_leader), mappingColumn=phone_number, insertable=true, updatable=true, unique=false}
[DEBUG] 2018-04-21 12:57:14.609 [http-nio-8080-exec-5] PropertyBinder - MetadataSourceProcessor property phoneNumber with lazy=false
[DEBUG] 2018-04-21 12:57:14.609 [http-nio-8080-exec-5] AbstractPropertyHolder - Attempting to locate auto-apply AttributeConverter for property [com.choinoski.entity.PackLeader:phoneNumber]
[DEBUG] 2018-04-21 12:57:14.609 [http-nio-8080-exec-5] SimpleValueBinder - building SimpleValue for phoneNumber
[DEBUG] 2018-04-21 12:57:14.609 [http-nio-8080-exec-5] PropertyBinder - Building property phoneNumber
[DEBUG] 2018-04-21 12:57:14.609 [http-nio-8080-exec-5] AnnotationBinder - Binding entity from annotated class: com.choinoski.entity.Role
[DEBUG] 2018-04-21 12:57:14.610 [http-nio-8080-exec-5] Ejb3Column - Binding column: Ejb3DiscriminatorColumn{logicalColumnName'DTYPE', discriminatorTypeName='string'}
[DEBUG] 2018-04-21 12:57:14.610 [http-nio-8080-exec-5] EntityBinder - Import with entity name Role
[DEBUG] 2018-04-21 12:57:14.610 [http-nio-8080-exec-5] EntityBinder - Bind entity com.choinoski.entity.Role on table role
[DEBUG] 2018-04-21 12:57:14.617 [http-nio-8080-exec-5] Ejb3Column - Binding column: Ejb3Column{table=org.hibernate.mapping.Table(role), mappingColumn=roleID, insertable=true, updatable=true, unique=false}
[DEBUG] 2018-04-21 12:57:14.617 [http-nio-8080-exec-5] PropertyBinder - MetadataSourceProcessor property roldId with lazy=false
[DEBUG] 2018-04-21 12:57:14.617 [http-nio-8080-exec-5] AbstractPropertyHolder - Attempting to locate auto-apply AttributeConverter for property [com.choinoski.entity.Role:roldId]
[DEBUG] 2018-04-21 12:57:14.617 [http-nio-8080-exec-5] SimpleValueBinder - building SimpleValue for roldId
[DEBUG] 2018-04-21 12:57:14.617 [http-nio-8080-exec-5] PropertyBinder - Building property roldId
[DEBUG] 2018-04-21 12:57:14.617 [http-nio-8080-exec-5] Ejb3Column - Binding column: Ejb3Column{table=org.hibernate.mapping.Table(role), mappingColumn=createDate, insertable=true, updatable=true, unique=false}
[DEBUG] 2018-04-21 12:57:14.617 [http-nio-8080-exec-5] PropertyBinder - MetadataSourceProcessor property createDate with lazy=false
[DEBUG] 2018-04-21 12:57:14.629 [http-nio-8080-exec-5] SimpleValueBinder - Starting applyAttributeConverter [com.choinoski.entity.Role:createDate]
[DEBUG] 2018-04-21 12:57:14.630 [http-nio-8080-exec-5] SimpleValueBinder - building SimpleValue for createDate
[DEBUG] 2018-04-21 12:57:14.630 [http-nio-8080-exec-5] PropertyBinder - Building property createDate
[DEBUG] 2018-04-21 12:57:14.633 [http-nio-8080-exec-5] Ejb3Column - Binding column: Ejb3Column{table=org.hibernate.mapping.Table(role), mappingColumn=pack_name, insertable=true, updatable=true, unique=false}
[DEBUG] 2018-04-21 12:57:14.633 [http-nio-8080-exec-5] PropertyBinder - MetadataSourceProcessor property login with lazy=false
[DEBUG] 2018-04-21 12:57:14.633 [http-nio-8080-exec-5] AbstractPropertyHolder - Attempting to locate auto-apply AttributeConverter for property [com.choinoski.entity.Role:login]
[DEBUG] 2018-04-21 12:57:14.633 [http-nio-8080-exec-5] SimpleValueBinder - building SimpleValue for login
[DEBUG] 2018-04-21 12:57:14.633 [http-nio-8080-exec-5] PropertyBinder - Building property login
[DEBUG] 2018-04-21 12:57:14.633 [http-nio-8080-exec-5] Ejb3Column - Binding column: Ejb3JoinColumn{logicalColumnName='pack_nr', referencedColumn='', mappedBy=''}
[DEBUG] 2018-04-21 12:57:14.633 [http-nio-8080-exec-5] Ejb3Column - Binding column: Ejb3Column{table=org.hibernate.mapping.Table(role), mappingColumn=pack, insertable=true, updatable=true, unique=false}
[DEBUG] 2018-04-21 12:57:14.633 [http-nio-8080-exec-5] PropertyBinder - Building property pack
[DEBUG] 2018-04-21 12:57:14.633 [http-nio-8080-exec-5] Ejb3Column - Binding column: Ejb3Column{table=org.hibernate.mapping.Table(role), mappingColumn=role_name, insertable=true, updatable=true, unique=false}
[DEBUG] 2018-04-21 12:57:14.633 [http-nio-8080-exec-5] PropertyBinder - MetadataSourceProcessor property roleName with lazy=false
[DEBUG] 2018-04-21 12:57:14.633 [http-nio-8080-exec-5] AbstractPropertyHolder - Attempting to locate auto-apply AttributeConverter for property [com.choinoski.entity.Role:roleName]
[DEBUG] 2018-04-21 12:57:14.634 [http-nio-8080-exec-5] SimpleValueBinder - building SimpleValue for roleName
[DEBUG] 2018-04-21 12:57:14.634 [http-nio-8080-exec-5] PropertyBinder - Building property roleName
[DEBUG] 2018-04-21 12:57:14.634 [http-nio-8080-exec-5] Ejb3Column - Binding column: Ejb3Column{table=org.hibernate.mapping.Table(role), mappingColumn=updateDate, insertable=true, updatable=true, unique=false}
[DEBUG] 2018-04-21 12:57:14.634 [http-nio-8080-exec-5] PropertyBinder - MetadataSourceProcessor property updateDate with lazy=false
[DEBUG] 2018-04-21 12:57:14.634 [http-nio-8080-exec-5] SimpleValueBinder - Starting applyAttributeConverter [com.choinoski.entity.Role:updateDate]
[DEBUG] 2018-04-21 12:57:14.634 [http-nio-8080-exec-5] SimpleValueBinder - building SimpleValue for updateDate
[DEBUG] 2018-04-21 12:57:14.634 [http-nio-8080-exec-5] PropertyBinder - Building property updateDate
[DEBUG] 2018-04-21 12:57:14.635 [http-nio-8080-exec-5] SimpleValueBinder - Starting fillSimpleValue for packNumber
[DEBUG] 2018-04-21 12:57:14.635 [http-nio-8080-exec-5] SimpleValueBinder - Starting fillSimpleValue for address
[DEBUG] 2018-04-21 12:57:14.635 [http-nio-8080-exec-5] SimpleValueBinder - Starting fillSimpleValue for dao
[DEBUG] 2018-04-21 12:57:14.635 [http-nio-8080-exec-5] ClassLoaderAccessImpl - Not known whether passed class name [com.choinoski.persistence.GenericDao] is safe
[DEBUG] 2018-04-21 12:57:14.635 [http-nio-8080-exec-5] ClassLoaderAccessImpl - No temp ClassLoader provided; using live ClassLoader for loading potentially unsafe class : com.choinoski.persistence.GenericDao
[DEBUG] 2018-04-21 12:57:14.636 [http-nio-8080-exec-5] SimpleValueBinder - Starting fillSimpleValue for emailAddress
[DEBUG] 2018-04-21 12:57:14.640 [http-nio-8080-exec-5] SimpleValueBinder - Starting fillSimpleValue for firstName
[DEBUG] 2018-04-21 12:57:14.640 [http-nio-8080-exec-5] SimpleValueBinder - Starting fillSimpleValue for lastName
[DEBUG] 2018-04-21 12:57:14.640 [http-nio-8080-exec-5] SimpleValueBinder - Starting fillSimpleValue for packName
[DEBUG] 2018-04-21 12:57:14.640 [http-nio-8080-exec-5] SimpleValueBinder - Starting fillSimpleValue for password
[DEBUG] 2018-04-21 12:57:14.640 [http-nio-8080-exec-5] SimpleValueBinder - Starting fillSimpleValue for phoneNumber
[DEBUG] 2018-04-21 12:57:14.640 [http-nio-8080-exec-5] SimpleValueBinder - Starting fillSimpleValue for packMemberNumber
[DEBUG] 2018-04-21 12:57:14.640 [http-nio-8080-exec-5] SimpleValueBinder - Starting fillSimpleValue for breed
[DEBUG] 2018-04-21 12:57:14.640 [http-nio-8080-exec-5] SimpleValueBinder - Starting fillSimpleValue for createDate
[DEBUG] 2018-04-21 12:57:14.640 [http-nio-8080-exec-5] SimpleValueBinder - Starting fillSimpleValue for dateOfBirth
[DEBUG] 2018-04-21 12:57:14.640 [http-nio-8080-exec-5] SimpleValueBinder - Starting fillSimpleValue for intact
[DEBUG] 2018-04-21 12:57:14.640 [http-nio-8080-exec-5] SimpleValueBinder - Starting fillSimpleValue for lastModifiedDate
[DEBUG] 2018-04-21 12:57:14.640 [http-nio-8080-exec-5] SimpleValueBinder - Starting fillSimpleValue for name
[DEBUG] 2018-04-21 12:57:14.640 [http-nio-8080-exec-5] SimpleValueBinder - Starting fillSimpleValue for sex
[DEBUG] 2018-04-21 12:57:14.640 [http-nio-8080-exec-5] SimpleValueBinder - Starting fillSimpleValue for size
[DEBUG] 2018-04-21 12:57:14.641 [http-nio-8080-exec-5] SimpleValueBinder - Starting fillSimpleValue for weight
[DEBUG] 2018-04-21 12:57:14.641 [http-nio-8080-exec-5] SimpleValueBinder - Starting fillSimpleValue for packLeaderNumber
[DEBUG] 2018-04-21 12:57:14.641 [http-nio-8080-exec-5] SimpleValueBinder - Starting fillSimpleValue for address
[DEBUG] 2018-04-21 12:57:14.641 [http-nio-8080-exec-5] SimpleValueBinder - Starting fillSimpleValue for createDate
[DEBUG] 2018-04-21 12:57:14.641 [http-nio-8080-exec-5] SimpleValueBinder - Starting fillSimpleValue for emailAddress
[DEBUG] 2018-04-21 12:57:14.641 [http-nio-8080-exec-5] SimpleValueBinder - Starting fillSimpleValue for lastModifiedDate
[DEBUG] 2018-04-21 12:57:14.641 [http-nio-8080-exec-5] SimpleValueBinder - Starting fillSimpleValue for packName
[DEBUG] 2018-04-21 12:57:14.641 [http-nio-8080-exec-5] SimpleValueBinder - Starting fillSimpleValue for phoneNumber
[DEBUG] 2018-04-21 12:57:14.641 [http-nio-8080-exec-5] SimpleValueBinder - Starting fillSimpleValue for roldId
[DEBUG] 2018-04-21 12:57:14.641 [http-nio-8080-exec-5] SimpleValueBinder - Starting fillSimpleValue for createDate
[DEBUG] 2018-04-21 12:57:14.641 [http-nio-8080-exec-5] SimpleValueBinder - Applying JPA AttributeConverter [org.hibernate.boot.internal.AttributeConverterDescriptorImpl@4e82164b] to [com.choinoski.entity.Role:createDate]
[DEBUG] 2018-04-21 12:57:14.648 [http-nio-8080-exec-5] AttributeConverterTypeAdapter - Created AttributeConverterTypeAdapter -> converted::com.choinoski.util.TimestampAttributeConverter
[DEBUG] 2018-04-21 12:57:14.649 [http-nio-8080-exec-5] SimpleValueBinder - Starting fillSimpleValue for login
[DEBUG] 2018-04-21 12:57:14.651 [http-nio-8080-exec-5] SimpleValueBinder - Starting fillSimpleValue for roleName
[DEBUG] 2018-04-21 12:57:14.651 [http-nio-8080-exec-5] SimpleValueBinder - Starting fillSimpleValue for updateDate
[DEBUG] 2018-04-21 12:57:14.651 [http-nio-8080-exec-5] SimpleValueBinder - Applying JPA AttributeConverter [org.hibernate.boot.internal.AttributeConverterDescriptorImpl@76dcd836] to [com.choinoski.entity.Role:updateDate]
[DEBUG] 2018-04-21 12:57:14.651 [http-nio-8080-exec-5] AttributeConverterTypeAdapter - Created AttributeConverterTypeAdapter -> converted::com.choinoski.util.TimestampAttributeConverter
[DEBUG] 2018-04-21 12:57:14.660 [http-nio-8080-exec-5] PrimaryKey - Forcing column [pack_nr] to be non-null as it is part of the primary key for table [pack]
[DEBUG] 2018-04-21 12:57:14.660 [http-nio-8080-exec-5] PrimaryKey - Forcing column [pack_member_nr] to be non-null as it is part of the primary key for table [pack_member]
[DEBUG] 2018-04-21 12:57:14.660 [http-nio-8080-exec-5] PrimaryKey - Forcing column [pack_leader_nr] to be non-null as it is part of the primary key for table [pack_leader]
[DEBUG] 2018-04-21 12:57:14.660 [http-nio-8080-exec-5] PrimaryKey - Forcing column [roleid] to be non-null as it is part of the primary key for table [role]
[DEBUG] 2018-04-21 12:57:14.660 [http-nio-8080-exec-5] CollectionSecondPass - Second pass for collection: com.choinoski.entity.Pack.members
[DEBUG] 2018-04-21 12:57:14.662 [http-nio-8080-exec-5] CollectionBinder - Binding a OneToMany: com.choinoski.entity.Pack.members through a foreign key
[DEBUG] 2018-04-21 12:57:14.663 [http-nio-8080-exec-5] CollectionBinder - Mapping collection: com.choinoski.entity.Pack.members -> pack_member
[DEBUG] 2018-04-21 12:57:14.664 [http-nio-8080-exec-5] TableBinder - Retrieving property com.choinoski.entity.PackMember.pack
[DEBUG] 2018-04-21 12:57:14.664 [http-nio-8080-exec-5] CollectionSecondPass - Mapped collection key: pack_nr, one-to-many: com.choinoski.entity.PackMember
[DEBUG] 2018-04-21 12:57:14.664 [http-nio-8080-exec-5] CollectionSecondPass - Second pass for collection: com.choinoski.entity.Pack.roles
[DEBUG] 2018-04-21 12:57:14.664 [http-nio-8080-exec-5] CollectionBinder - Binding a OneToMany: com.choinoski.entity.Pack.roles through a foreign key
[DEBUG] 2018-04-21 12:57:14.664 [http-nio-8080-exec-5] CollectionBinder - Mapping collection: com.choinoski.entity.Pack.roles -> role
[DEBUG] 2018-04-21 12:57:14.664 [http-nio-8080-exec-5] TableBinder - Retrieving property com.choinoski.entity.Role.pack
[DEBUG] 2018-04-21 12:57:14.664 [http-nio-8080-exec-5] CollectionSecondPass - Mapped collection key: pack_nr, one-to-many: com.choinoski.entity.Role
[DEBUG] 2018-04-21 12:57:14.664 [http-nio-8080-exec-5] InFlightMetadataCollectorImpl - Resolving reference to class: com.choinoski.entity.Pack
[DEBUG] 2018-04-21 12:57:14.665 [http-nio-8080-exec-5] InFlightMetadataCollectorImpl - Resolving reference to class: com.choinoski.entity.Pack
[DEBUG] 2018-04-21 12:57:14.665 [http-nio-8080-exec-5] InFlightMetadataCollectorImpl - Resolving reference to class: com.choinoski.entity.Pack
[DEBUG] 2018-04-21 12:57:14.666 [http-nio-8080-exec-5] InFlightMetadataCollectorImpl - Resolving reference to class: com.choinoski.entity.Pack
[DEBUG] 2018-04-21 12:57:14.666 [http-nio-8080-exec-5] InFlightMetadataCollectorImpl - Resolving reference to class: com.choinoski.entity.Pack
[DEBUG] 2018-04-21 12:57:14.666 [http-nio-8080-exec-5] InFlightMetadataCollectorImpl - Resolving reference to class: com.choinoski.entity.Pack
