[DEBUG] 2018-03-30 00:04:53.777 [http-nio-8080-exec-3] IntegratorServiceImpl - Adding Integrator [org.hibernate.cfg.beanvalidation.BeanValidationIntegrator].
[DEBUG] 2018-03-30 00:04:53.804 [http-nio-8080-exec-3] IntegratorServiceImpl - Adding Integrator [org.hibernate.secure.spi.JaccIntegrator].
[DEBUG] 2018-03-30 00:04:53.819 [http-nio-8080-exec-3] IntegratorServiceImpl - Adding Integrator [org.hibernate.cache.internal.CollectionCacheInvalidator].
[INFO ] 2018-03-30 00:04:54.168 [http-nio-8080-exec-3] Version - HHH000412: Hibernate Core {5.2.12.Final}
[INFO ] 2018-03-30 00:04:54.176 [http-nio-8080-exec-3] Environment - HHH000206: hibernate.properties not found
[DEBUG] 2018-03-30 00:04:54.322 [http-nio-8080-exec-3] LocalXmlResourceResolver - Interpreting public/system identifier : [-//Hibernate/Hibernate Configuration DTD//EN] - [http://www.hibernate.org/dtd/hibernate-configuration-3.0.dtd]
[DEBUG] 2018-03-30 00:04:54.324 [http-nio-8080-exec-3] LocalXmlResourceResolver - Recognized hibernate-configuration identifier; attempting to resolve on classpath under org/hibernate/
[DEBUG] 2018-03-30 00:04:54.409 [http-nio-8080-exec-3] JaxbCfgProcessor - cfg.xml document did not define namespaces; wrapping in custom event reader to introduce namespace information
[DEBUG] 2018-03-30 00:04:55.201 [http-nio-8080-exec-3] ServiceBinding - Overriding existing service binding [org.hibernate.secure.spi.JaccService]
[DEBUG] 2018-03-30 00:04:55.332 [http-nio-8080-exec-3] RegionFactoryInitiator - Cache region factory : org.hibernate.cache.internal.NoCachingRegionFactory
[INFO ] 2018-03-30 00:04:55.399 [http-nio-8080-exec-3] Version - HCANN000001: Hibernate Commons Annotations {5.0.1.Final}
[DEBUG] 2018-03-30 00:04:55.645 [http-nio-8080-exec-3] BasicTypeRegistry - Adding type registration boolean -> org.hibernate.type.BooleanType@730a5e47
[DEBUG] 2018-03-30 00:04:55.649 [http-nio-8080-exec-3] BasicTypeRegistry - Adding type registration boolean -> org.hibernate.type.BooleanType@730a5e47
[DEBUG] 2018-03-30 00:04:55.649 [http-nio-8080-exec-3] BasicTypeRegistry - Adding type registration java.lang.Boolean -> org.hibernate.type.BooleanType@730a5e47
[DEBUG] 2018-03-30 00:04:55.659 [http-nio-8080-exec-3] BasicTypeRegistry - Adding type registration numeric_boolean -> org.hibernate.type.NumericBooleanType@1deae897
[DEBUG] 2018-03-30 00:04:55.696 [http-nio-8080-exec-3] BasicTypeRegistry - Adding type registration true_false -> org.hibernate.type.TrueFalseType@a7d4ffe
[DEBUG] 2018-03-30 00:04:55.707 [http-nio-8080-exec-3] BasicTypeRegistry - Adding type registration yes_no -> org.hibernate.type.YesNoType@7424956a
[DEBUG] 2018-03-30 00:04:55.713 [http-nio-8080-exec-3] BasicTypeRegistry - Adding type registration byte -> org.hibernate.type.ByteType@6d49dd2a
[DEBUG] 2018-03-30 00:04:55.713 [http-nio-8080-exec-3] BasicTypeRegistry - Adding type registration byte -> org.hibernate.type.ByteType@6d49dd2a
[DEBUG] 2018-03-30 00:04:55.713 [http-nio-8080-exec-3] BasicTypeRegistry - Adding type registration java.lang.Byte -> org.hibernate.type.ByteType@6d49dd2a
[DEBUG] 2018-03-30 00:04:55.714 [http-nio-8080-exec-3] BasicTypeRegistry - Adding type registration character -> org.hibernate.type.CharacterType@3e71c3cf
[DEBUG] 2018-03-30 00:04:55.714 [http-nio-8080-exec-3] BasicTypeRegistry - Adding type registration char -> org.hibernate.type.CharacterType@3e71c3cf
[DEBUG] 2018-03-30 00:04:55.736 [http-nio-8080-exec-3] BasicTypeRegistry - Adding type registration java.lang.Character -> org.hibernate.type.CharacterType@3e71c3cf
[DEBUG] 2018-03-30 00:04:55.751 [http-nio-8080-exec-3] BasicTypeRegistry - Adding type registration short -> org.hibernate.type.ShortType@33fe921e
[DEBUG] 2018-03-30 00:04:55.751 [http-nio-8080-exec-3] BasicTypeRegistry - Adding type registration short -> org.hibernate.type.ShortType@33fe921e
[DEBUG] 2018-03-30 00:04:55.751 [http-nio-8080-exec-3] BasicTypeRegistry - Adding type registration java.lang.Short -> org.hibernate.type.ShortType@33fe921e
[DEBUG] 2018-03-30 00:04:55.760 [http-nio-8080-exec-3] BasicTypeRegistry - Adding type registration integer -> org.hibernate.type.IntegerType@104ba1d2
[DEBUG] 2018-03-30 00:04:55.760 [http-nio-8080-exec-3] BasicTypeRegistry - Adding type registration int -> org.hibernate.type.IntegerType@104ba1d2
[DEBUG] 2018-03-30 00:04:55.760 [http-nio-8080-exec-3] BasicTypeRegistry - Adding type registration java.lang.Integer -> org.hibernate.type.IntegerType@104ba1d2
[DEBUG] 2018-03-30 00:04:55.783 [http-nio-8080-exec-3] BasicTypeRegistry - Adding type registration long -> org.hibernate.type.LongType@300c1c0b
[DEBUG] 2018-03-30 00:04:55.783 [http-nio-8080-exec-3] BasicTypeRegistry - Adding type registration long -> org.hibernate.type.LongType@300c1c0b
[DEBUG] 2018-03-30 00:04:55.786 [http-nio-8080-exec-3] BasicTypeRegistry - Adding type registration java.lang.Long -> org.hibernate.type.LongType@300c1c0b
[DEBUG] 2018-03-30 00:04:55.807 [http-nio-8080-exec-3] BasicTypeRegistry - Adding type registration float -> org.hibernate.type.FloatType@778cfb91
[DEBUG] 2018-03-30 00:04:55.807 [http-nio-8080-exec-3] BasicTypeRegistry - Adding type registration float -> org.hibernate.type.FloatType@778cfb91
[DEBUG] 2018-03-30 00:04:55.807 [http-nio-8080-exec-3] BasicTypeRegistry - Adding type registration java.lang.Float -> org.hibernate.type.FloatType@778cfb91
[DEBUG] 2018-03-30 00:04:55.829 [http-nio-8080-exec-3] BasicTypeRegistry - Adding type registration double -> org.hibernate.type.DoubleType@621ba6d2
[DEBUG] 2018-03-30 00:04:55.829 [http-nio-8080-exec-3] BasicTypeRegistry - Adding type registration double -> org.hibernate.type.DoubleType@621ba6d2
[DEBUG] 2018-03-30 00:04:55.829 [http-nio-8080-exec-3] BasicTypeRegistry - Adding type registration java.lang.Double -> org.hibernate.type.DoubleType@621ba6d2
[DEBUG] 2018-03-30 00:04:55.842 [http-nio-8080-exec-3] BasicTypeRegistry - Adding type registration big_decimal -> org.hibernate.type.BigDecimalType@2a2046e5
[DEBUG] 2018-03-30 00:04:55.842 [http-nio-8080-exec-3] BasicTypeRegistry - Adding type registration java.math.BigDecimal -> org.hibernate.type.BigDecimalType@2a2046e5
[DEBUG] 2018-03-30 00:04:55.843 [http-nio-8080-exec-3] BasicTypeRegistry - Adding type registration big_integer -> org.hibernate.type.BigIntegerType@4f588369
[DEBUG] 2018-03-30 00:04:55.852 [http-nio-8080-exec-3] BasicTypeRegistry - Adding type registration java.math.BigInteger -> org.hibernate.type.BigIntegerType@4f588369
[DEBUG] 2018-03-30 00:04:55.855 [http-nio-8080-exec-3] BasicTypeRegistry - Adding type registration string -> org.hibernate.type.StringType@6eaf7733
[DEBUG] 2018-03-30 00:04:55.856 [http-nio-8080-exec-3] BasicTypeRegistry - Adding type registration java.lang.String -> org.hibernate.type.StringType@6eaf7733
[DEBUG] 2018-03-30 00:04:55.863 [http-nio-8080-exec-3] BasicTypeRegistry - Adding type registration nstring -> org.hibernate.type.StringNVarcharType@658aa679
[DEBUG] 2018-03-30 00:04:55.867 [http-nio-8080-exec-3] BasicTypeRegistry - Adding type registration ncharacter -> org.hibernate.type.CharacterNCharType@444868d5
[DEBUG] 2018-03-30 00:04:55.871 [http-nio-8080-exec-3] BasicTypeRegistry - Adding type registration url -> org.hibernate.type.UrlType@14e6b6a
[DEBUG] 2018-03-30 00:04:55.871 [http-nio-8080-exec-3] BasicTypeRegistry - Adding type registration java.net.URL -> org.hibernate.type.UrlType@14e6b6a
[DEBUG] 2018-03-30 00:04:55.877 [http-nio-8080-exec-3] BasicTypeRegistry - Adding type registration Duration -> org.hibernate.type.DurationType@7b212d71
[DEBUG] 2018-03-30 00:04:55.877 [http-nio-8080-exec-3] BasicTypeRegistry - Adding type registration java.time.Duration -> org.hibernate.type.DurationType@7b212d71
[DEBUG] 2018-03-30 00:04:55.975 [http-nio-8080-exec-3] BasicTypeRegistry - Adding type registration Instant -> org.hibernate.type.InstantType@6b307416
[DEBUG] 2018-03-30 00:04:55.976 [http-nio-8080-exec-3] BasicTypeRegistry - Adding type registration java.time.Instant -> org.hibernate.type.InstantType@6b307416
[DEBUG] 2018-03-30 00:04:56.012 [http-nio-8080-exec-3] BasicTypeRegistry - Adding type registration LocalDateTime -> org.hibernate.type.LocalDateTimeType@2c38b70e
[DEBUG] 2018-03-30 00:04:56.012 [http-nio-8080-exec-3] BasicTypeRegistry - Adding type registration java.time.LocalDateTime -> org.hibernate.type.LocalDateTimeType@2c38b70e
[DEBUG] 2018-03-30 00:04:56.026 [http-nio-8080-exec-3] BasicTypeRegistry - Adding type registration LocalDate -> org.hibernate.type.LocalDateType@35f6538
[DEBUG] 2018-03-30 00:04:56.033 [http-nio-8080-exec-3] BasicTypeRegistry - Adding type registration java.time.LocalDate -> org.hibernate.type.LocalDateType@35f6538
[DEBUG] 2018-03-30 00:04:56.040 [http-nio-8080-exec-3] BasicTypeRegistry - Adding type registration LocalTime -> org.hibernate.type.LocalTimeType@3e308799
[DEBUG] 2018-03-30 00:04:56.042 [http-nio-8080-exec-3] BasicTypeRegistry - Adding type registration java.time.LocalTime -> org.hibernate.type.LocalTimeType@3e308799
[DEBUG] 2018-03-30 00:04:56.053 [http-nio-8080-exec-3] BasicTypeRegistry - Adding type registration OffsetDateTime -> org.hibernate.type.OffsetDateTimeType@65ee4eaa
[DEBUG] 2018-03-30 00:04:56.053 [http-nio-8080-exec-3] BasicTypeRegistry - Adding type registration java.time.OffsetDateTime -> org.hibernate.type.OffsetDateTimeType@65ee4eaa
[DEBUG] 2018-03-30 00:04:56.065 [http-nio-8080-exec-3] BasicTypeRegistry - Adding type registration OffsetTime -> org.hibernate.type.OffsetTimeType@374ad2d6
[DEBUG] 2018-03-30 00:04:56.065 [http-nio-8080-exec-3] BasicTypeRegistry - Adding type registration java.time.OffsetTime -> org.hibernate.type.OffsetTimeType@374ad2d6
[DEBUG] 2018-03-30 00:04:56.086 [http-nio-8080-exec-3] BasicTypeRegistry - Adding type registration ZonedDateTime -> org.hibernate.type.ZonedDateTimeType@6b8f5b8f
[DEBUG] 2018-03-30 00:04:56.088 [http-nio-8080-exec-3] BasicTypeRegistry - Adding type registration java.time.ZonedDateTime -> org.hibernate.type.ZonedDateTimeType@6b8f5b8f
[DEBUG] 2018-03-30 00:04:56.099 [http-nio-8080-exec-3] BasicTypeRegistry - Adding type registration date -> org.hibernate.type.DateType@7304b657
[DEBUG] 2018-03-30 00:04:56.099 [http-nio-8080-exec-3] BasicTypeRegistry - Adding type registration java.sql.Date -> org.hibernate.type.DateType@7304b657
[DEBUG] 2018-03-30 00:04:56.100 [http-nio-8080-exec-3] BasicTypeRegistry - Adding type registration time -> org.hibernate.type.TimeType@7e523695
[DEBUG] 2018-03-30 00:04:56.100 [http-nio-8080-exec-3] BasicTypeRegistry - Adding type registration java.sql.Time -> org.hibernate.type.TimeType@7e523695
[DEBUG] 2018-03-30 00:04:56.119 [http-nio-8080-exec-3] BasicTypeRegistry - Adding type registration timestamp -> org.hibernate.type.TimestampType@57216872
[DEBUG] 2018-03-30 00:04:56.119 [http-nio-8080-exec-3] BasicTypeRegistry - Adding type registration java.sql.Timestamp -> org.hibernate.type.TimestampType@57216872
[DEBUG] 2018-03-30 00:04:56.119 [http-nio-8080-exec-3] BasicTypeRegistry - Adding type registration java.util.Date -> org.hibernate.type.TimestampType@57216872
[DEBUG] 2018-03-30 00:04:56.133 [http-nio-8080-exec-3] BasicTypeRegistry - Adding type registration dbtimestamp -> org.hibernate.type.DbTimestampType@65f1fb00
[DEBUG] 2018-03-30 00:04:56.134 [http-nio-8080-exec-3] BasicTypeRegistry - Adding type registration calendar -> org.hibernate.type.CalendarType@59d995fd
[DEBUG] 2018-03-30 00:04:56.134 [http-nio-8080-exec-3] BasicTypeRegistry - Adding type registration java.util.Calendar -> org.hibernate.type.CalendarType@59d995fd
[DEBUG] 2018-03-30 00:04:56.134 [http-nio-8080-exec-3] BasicTypeRegistry - Adding type registration java.util.GregorianCalendar -> org.hibernate.type.CalendarType@59d995fd
[DEBUG] 2018-03-30 00:04:56.135 [http-nio-8080-exec-3] BasicTypeRegistry - Adding type registration calendar_date -> org.hibernate.type.CalendarDateType@2f57226a
[DEBUG] 2018-03-30 00:04:56.148 [http-nio-8080-exec-3] BasicTypeRegistry - Adding type registration locale -> org.hibernate.type.LocaleType@cef9127
[DEBUG] 2018-03-30 00:04:56.148 [http-nio-8080-exec-3] BasicTypeRegistry - Adding type registration java.util.Locale -> org.hibernate.type.LocaleType@cef9127
[DEBUG] 2018-03-30 00:04:56.150 [http-nio-8080-exec-3] BasicTypeRegistry - Adding type registration currency -> org.hibernate.type.CurrencyType@67c3235
[DEBUG] 2018-03-30 00:04:56.151 [http-nio-8080-exec-3] BasicTypeRegistry - Adding type registration java.util.Currency -> org.hibernate.type.CurrencyType@67c3235
[DEBUG] 2018-03-30 00:04:56.151 [http-nio-8080-exec-3] BasicTypeRegistry - Adding type registration timezone -> org.hibernate.type.TimeZoneType@7d413d1e
[DEBUG] 2018-03-30 00:04:56.157 [http-nio-8080-exec-3] BasicTypeRegistry - Adding type registration java.util.TimeZone -> org.hibernate.type.TimeZoneType@7d413d1e
[DEBUG] 2018-03-30 00:04:56.172 [http-nio-8080-exec-3] BasicTypeRegistry - Adding type registration class -> org.hibernate.type.ClassType@21988c8f
[DEBUG] 2018-03-30 00:04:56.172 [http-nio-8080-exec-3] BasicTypeRegistry - Adding type registration java.lang.Class -> org.hibernate.type.ClassType@21988c8f
[DEBUG] 2018-03-30 00:04:56.184 [http-nio-8080-exec-3] BasicTypeRegistry - Adding type registration uuid-binary -> org.hibernate.type.UUIDBinaryType@b3aff4b
[DEBUG] 2018-03-30 00:04:56.184 [http-nio-8080-exec-3] BasicTypeRegistry - Adding type registration java.util.UUID -> org.hibernate.type.UUIDBinaryType@b3aff4b
[DEBUG] 2018-03-30 00:04:56.185 [http-nio-8080-exec-3] BasicTypeRegistry - Adding type registration uuid-char -> org.hibernate.type.UUIDCharType@385a58e9
[DEBUG] 2018-03-30 00:04:56.198 [http-nio-8080-exec-3] BasicTypeRegistry - Adding type registration binary -> org.hibernate.type.BinaryType@1fee13ae
[DEBUG] 2018-03-30 00:04:56.198 [http-nio-8080-exec-3] BasicTypeRegistry - Adding type registration byte[] -> org.hibernate.type.BinaryType@1fee13ae
[DEBUG] 2018-03-30 00:04:56.198 [http-nio-8080-exec-3] BasicTypeRegistry - Adding type registration [B -> org.hibernate.type.BinaryType@1fee13ae
[DEBUG] 2018-03-30 00:04:56.206 [http-nio-8080-exec-3] BasicTypeRegistry - Adding type registration wrapper-binary -> org.hibernate.type.WrapperBinaryType@1cd829eb
[DEBUG] 2018-03-30 00:04:56.206 [http-nio-8080-exec-3] BasicTypeRegistry - Adding type registration Byte[] -> org.hibernate.type.WrapperBinaryType@1cd829eb
[DEBUG] 2018-03-30 00:04:56.206 [http-nio-8080-exec-3] BasicTypeRegistry - Adding type registration [Ljava.lang.Byte; -> org.hibernate.type.WrapperBinaryType@1cd829eb
[DEBUG] 2018-03-30 00:04:56.215 [http-nio-8080-exec-3] BasicTypeRegistry - Adding type registration row_version -> org.hibernate.type.RowVersionType@797a99ed
[DEBUG] 2018-03-30 00:04:56.219 [http-nio-8080-exec-3] BasicTypeRegistry - Adding type registration image -> org.hibernate.type.ImageType@5c60c083
[DEBUG] 2018-03-30 00:04:56.221 [http-nio-8080-exec-3] BasicTypeRegistry - Adding type registration characters -> org.hibernate.type.CharArrayType@38139ab8
[DEBUG] 2018-03-30 00:04:56.221 [http-nio-8080-exec-3] BasicTypeRegistry - Adding type registration char[] -> org.hibernate.type.CharArrayType@38139ab8
[DEBUG] 2018-03-30 00:04:56.223 [http-nio-8080-exec-3] BasicTypeRegistry - Adding type registration [C -> org.hibernate.type.CharArrayType@38139ab8
[DEBUG] 2018-03-30 00:04:56.224 [http-nio-8080-exec-3] BasicTypeRegistry - Adding type registration wrapper-characters -> org.hibernate.type.CharacterArrayType@59a1e613
[DEBUG] 2018-03-30 00:04:56.224 [http-nio-8080-exec-3] BasicTypeRegistry - Adding type registration [Ljava.lang.Character; -> org.hibernate.type.CharacterArrayType@59a1e613
[DEBUG] 2018-03-30 00:04:56.224 [http-nio-8080-exec-3] BasicTypeRegistry - Adding type registration Character[] -> org.hibernate.type.CharacterArrayType@59a1e613
[DEBUG] 2018-03-30 00:04:56.236 [http-nio-8080-exec-3] BasicTypeRegistry - Adding type registration text -> org.hibernate.type.TextType@5142f9bc
[DEBUG] 2018-03-30 00:04:56.237 [http-nio-8080-exec-3] BasicTypeRegistry - Adding type registration ntext -> org.hibernate.type.NTextType@7076801a
[DEBUG] 2018-03-30 00:04:56.265 [http-nio-8080-exec-3] BasicTypeRegistry - Adding type registration blob -> org.hibernate.type.BlobType@80110ac
[DEBUG] 2018-03-30 00:04:56.265 [http-nio-8080-exec-3] BasicTypeRegistry - Adding type registration java.sql.Blob -> org.hibernate.type.BlobType@80110ac
[DEBUG] 2018-03-30 00:04:56.266 [http-nio-8080-exec-3] BasicTypeRegistry - Adding type registration materialized_blob -> org.hibernate.type.MaterializedBlobType@1ac79b62
[DEBUG] 2018-03-30 00:04:56.284 [http-nio-8080-exec-3] BasicTypeRegistry - Adding type registration clob -> org.hibernate.type.ClobType@45e0e1eb
[DEBUG] 2018-03-30 00:04:56.284 [http-nio-8080-exec-3] BasicTypeRegistry - Adding type registration java.sql.Clob -> org.hibernate.type.ClobType@45e0e1eb
[DEBUG] 2018-03-30 00:04:56.308 [http-nio-8080-exec-3] BasicTypeRegistry - Adding type registration nclob -> org.hibernate.type.NClobType@35d3cc3b
[DEBUG] 2018-03-30 00:04:56.308 [http-nio-8080-exec-3] BasicTypeRegistry - Adding type registration java.sql.NClob -> org.hibernate.type.NClobType@35d3cc3b
[DEBUG] 2018-03-30 00:04:56.311 [http-nio-8080-exec-3] BasicTypeRegistry - Adding type registration materialized_clob -> org.hibernate.type.MaterializedClobType@776c12e
[DEBUG] 2018-03-30 00:04:56.321 [http-nio-8080-exec-3] BasicTypeRegistry - Adding type registration materialized_nclob -> org.hibernate.type.MaterializedNClobType@3b4ec580
[DEBUG] 2018-03-30 00:04:56.325 [http-nio-8080-exec-3] BasicTypeRegistry - Adding type registration serializable -> org.hibernate.type.SerializableType@17ce248
[DEBUG] 2018-03-30 00:04:56.363 [http-nio-8080-exec-3] BasicTypeRegistry - Adding type registration object -> org.hibernate.type.ObjectType@1a9352fe
[DEBUG] 2018-03-30 00:04:56.366 [http-nio-8080-exec-3] BasicTypeRegistry - Adding type registration java.lang.Object -> org.hibernate.type.ObjectType@1a9352fe
[DEBUG] 2018-03-30 00:04:56.367 [http-nio-8080-exec-3] BasicTypeRegistry - Adding type registration imm_date -> org.hibernate.type.AdaptedImmutableType@1f067a24
[DEBUG] 2018-03-30 00:04:56.368 [http-nio-8080-exec-3] BasicTypeRegistry - Adding type registration imm_time -> org.hibernate.type.AdaptedImmutableType@1f02df98
[DEBUG] 2018-03-30 00:04:56.370 [http-nio-8080-exec-3] BasicTypeRegistry - Adding type registration imm_timestamp -> org.hibernate.type.AdaptedImmutableType@2e39c622
[DEBUG] 2018-03-30 00:04:56.370 [http-nio-8080-exec-3] BasicTypeRegistry - Adding type registration imm_dbtimestamp -> org.hibernate.type.AdaptedImmutableType@64838ba4
[DEBUG] 2018-03-30 00:04:56.370 [http-nio-8080-exec-3] BasicTypeRegistry - Adding type registration imm_calendar -> org.hibernate.type.AdaptedImmutableType@48780a4a
[DEBUG] 2018-03-30 00:04:56.370 [http-nio-8080-exec-3] BasicTypeRegistry - Adding type registration imm_calendar_date -> org.hibernate.type.AdaptedImmutableType@418fe2c2
[DEBUG] 2018-03-30 00:04:56.373 [http-nio-8080-exec-3] BasicTypeRegistry - Adding type registration imm_binary -> org.hibernate.type.AdaptedImmutableType@21e73407
[DEBUG] 2018-03-30 00:04:56.373 [http-nio-8080-exec-3] BasicTypeRegistry - Adding type registration imm_serializable -> org.hibernate.type.AdaptedImmutableType@59414534
[INFO ] 2018-03-30 00:04:56.430 [http-nio-8080-exec-3] C3P0ConnectionProvider - HHH010002: C3P0 using driver: com.mysql.jdbc.Driver at URL: jdbc:mysql://localhost:3306/puppy_playtime_test
[INFO ] 2018-03-30 00:04:56.437 [http-nio-8080-exec-3] C3P0ConnectionProvider - HHH10001001: Connection properties: {user=root, password=****}
[INFO ] 2018-03-30 00:04:56.438 [http-nio-8080-exec-3] C3P0ConnectionProvider - HHH10001003: Autocommit mode: false
[INFO ] 2018-03-30 00:04:57.884 [http-nio-8080-exec-3] C3P0ConnectionProvider - HHH10001007: JDBC isolation level: <unknown>
[DEBUG] 2018-03-30 00:05:00.096 [http-nio-8080-exec-3] JdbcEnvironmentInitiator - Database ->
       name : MySQL
    version : 5.7.21-0ubuntu0.16.04.1
      major : 5
      minor : 7
[DEBUG] 2018-03-30 00:05:00.119 [http-nio-8080-exec-3] JdbcEnvironmentInitiator - Driver ->
       name : MySQL Connector Java
    version : mysql-connector-java-5.1.39 ( Revision: 3289a357af6d09ecc1a10fd3c26e95183e5790ad )
      major : 5
      minor : 1
[DEBUG] 2018-03-30 00:05:00.119 [http-nio-8080-exec-3] JdbcEnvironmentInitiator - JDBC version : 4.0
[INFO ] 2018-03-30 00:05:00.236 [http-nio-8080-exec-3] Dialect - HHH000400: Using dialect: org.hibernate.dialect.MySQL5Dialect
[DEBUG] 2018-03-30 00:05:00.658 [http-nio-8080-exec-3] IdentifierHelperBuilder - JDBC driver metadata reported database stores quoted identifiers in more than one case
[DEBUG] 2018-03-30 00:05:00.670 [http-nio-8080-exec-3] IdentifierHelperBuilder - IdentifierCaseStrategy for both quoted and unquoted identifiers was set to the same strategy [MIXED]; that will likely lead to problems in schema update and validation if using quoted identifiers
[DEBUG] 2018-03-30 00:05:01.045 [http-nio-8080-exec-3] DefaultIdentifierGeneratorFactory - Registering IdentifierGenerator strategy [uuid2] -> [org.hibernate.id.UUIDGenerator]
[DEBUG] 2018-03-30 00:05:01.050 [http-nio-8080-exec-3] DefaultIdentifierGeneratorFactory - Registering IdentifierGenerator strategy [guid] -> [org.hibernate.id.GUIDGenerator]
[DEBUG] 2018-03-30 00:05:01.051 [http-nio-8080-exec-3] DefaultIdentifierGeneratorFactory - Registering IdentifierGenerator strategy [uuid] -> [org.hibernate.id.UUIDHexGenerator]
[DEBUG] 2018-03-30 00:05:01.052 [http-nio-8080-exec-3] DefaultIdentifierGeneratorFactory - Registering IdentifierGenerator strategy [uuid.hex] -> [org.hibernate.id.UUIDHexGenerator]
[DEBUG] 2018-03-30 00:05:01.062 [http-nio-8080-exec-3] DefaultIdentifierGeneratorFactory - Registering IdentifierGenerator strategy [assigned] -> [org.hibernate.id.Assigned]
[DEBUG] 2018-03-30 00:05:01.064 [http-nio-8080-exec-3] DefaultIdentifierGeneratorFactory - Registering IdentifierGenerator strategy [identity] -> [org.hibernate.id.IdentityGenerator]
[DEBUG] 2018-03-30 00:05:01.069 [http-nio-8080-exec-3] DefaultIdentifierGeneratorFactory - Registering IdentifierGenerator strategy [select] -> [org.hibernate.id.SelectGenerator]
[DEBUG] 2018-03-30 00:05:01.072 [http-nio-8080-exec-3] DefaultIdentifierGeneratorFactory - Registering IdentifierGenerator strategy [sequence] -> [org.hibernate.id.enhanced.SequenceStyleGenerator]
[DEBUG] 2018-03-30 00:05:01.079 [http-nio-8080-exec-3] DefaultIdentifierGeneratorFactory - Registering IdentifierGenerator strategy [seqhilo] -> [org.hibernate.id.SequenceHiLoGenerator]
[DEBUG] 2018-03-30 00:05:01.083 [http-nio-8080-exec-3] DefaultIdentifierGeneratorFactory - Registering IdentifierGenerator strategy [increment] -> [org.hibernate.id.IncrementGenerator]
[DEBUG] 2018-03-30 00:05:01.087 [http-nio-8080-exec-3] DefaultIdentifierGeneratorFactory - Registering IdentifierGenerator strategy [foreign] -> [org.hibernate.id.ForeignGenerator]
[DEBUG] 2018-03-30 00:05:01.088 [http-nio-8080-exec-3] DefaultIdentifierGeneratorFactory - Registering IdentifierGenerator strategy [sequence-identity] -> [org.hibernate.id.SequenceIdentityGenerator]
[DEBUG] 2018-03-30 00:05:01.089 [http-nio-8080-exec-3] DefaultIdentifierGeneratorFactory - Registering IdentifierGenerator strategy [enhanced-sequence] -> [org.hibernate.id.enhanced.SequenceStyleGenerator]
[DEBUG] 2018-03-30 00:05:01.097 [http-nio-8080-exec-3] DefaultIdentifierGeneratorFactory - Registering IdentifierGenerator strategy [enhanced-table] -> [org.hibernate.id.enhanced.TableGenerator]
[DEBUG] 2018-03-30 00:05:01.411 [http-nio-8080-exec-3] Namespace - Created database namespace [logicalName=Name{catalog=null, schema=null}, physicalName=Name{catalog=null, schema=null}]
[DEBUG] 2018-03-30 00:05:01.681 [http-nio-8080-exec-3] AnnotationBinder - Binding entity from annotated class: com.choinoski.entity.Pack
[DEBUG] 2018-03-30 00:05:01.973 [http-nio-8080-exec-3] Ejb3Column - Binding column: Ejb3DiscriminatorColumn{logicalColumnName'DTYPE', discriminatorTypeName='string'}
[DEBUG] 2018-03-30 00:05:02.040 [http-nio-8080-exec-3] EntityBinder - Import with entity name Pack
[DEBUG] 2018-03-30 00:05:02.074 [http-nio-8080-exec-3] EntityBinder - Bind entity com.choinoski.entity.Pack on table pack
[DEBUG] 2018-03-30 00:05:02.353 [http-nio-8080-exec-3] Ejb3Column - Binding column: Ejb3Column{table=org.hibernate.mapping.Table(pack), mappingColumn=pack_nr, insertable=true, updatable=true, unique=false}
[DEBUG] 2018-03-30 00:05:02.392 [http-nio-8080-exec-3] PropertyBinder - MetadataSourceProcessor property packNumber with lazy=false
[DEBUG] 2018-03-30 00:05:02.422 [http-nio-8080-exec-3] AbstractPropertyHolder - Attempting to locate auto-apply AttributeConverter for property [com.choinoski.entity.Pack:packNumber]
[DEBUG] 2018-03-30 00:05:02.423 [http-nio-8080-exec-3] SimpleValueBinder - building SimpleValue for packNumber
[DEBUG] 2018-03-30 00:05:02.509 [http-nio-8080-exec-3] PropertyBinder - Building property packNumber
[DEBUG] 2018-03-30 00:05:02.590 [http-nio-8080-exec-3] Ejb3Column - Binding column: Ejb3Column{table=org.hibernate.mapping.Table(pack), mappingColumn=login, insertable=true, updatable=true, unique=false}
[DEBUG] 2018-03-30 00:05:02.600 [http-nio-8080-exec-3] PropertyBinder - MetadataSourceProcessor property login with lazy=false
[DEBUG] 2018-03-30 00:05:02.600 [http-nio-8080-exec-3] AbstractPropertyHolder - Attempting to locate auto-apply AttributeConverter for property [com.choinoski.entity.Pack:login]
[DEBUG] 2018-03-30 00:05:02.600 [http-nio-8080-exec-3] SimpleValueBinder - building SimpleValue for login
[DEBUG] 2018-03-30 00:05:02.604 [http-nio-8080-exec-3] PropertyBinder - Building property login
[DEBUG] 2018-03-30 00:05:02.620 [http-nio-8080-exec-3] Ejb3Column - Binding column: Ejb3JoinColumn{logicalColumnName='null', referencedColumn='null', mappedBy='pack'}
[DEBUG] 2018-03-30 00:05:02.626 [http-nio-8080-exec-3] Ejb3Column - Binding column: Ejb3Column{table=org.hibernate.mapping.Table(pack), mappingColumn=members, insertable=true, updatable=true, unique=false}
[DEBUG] 2018-03-30 00:05:02.646 [http-nio-8080-exec-3] Ejb3Column - Binding column: Ejb3Column{table=org.hibernate.mapping.Table(pack), mappingColumn=null, insertable=true, updatable=true, unique=false}
[DEBUG] 2018-03-30 00:05:02.742 [http-nio-8080-exec-3] Ejb3Column - Binding column: Ejb3Column{table=org.hibernate.mapping.Table(pack), mappingColumn=element, insertable=true, updatable=true, unique=false}
[DEBUG] 2018-03-30 00:05:02.743 [http-nio-8080-exec-3] Ejb3Column - Binding column: Ejb3Column{table=org.hibernate.mapping.Table(pack), mappingColumn=members_KEY, insertable=true, updatable=true, unique=false}
[DEBUG] 2018-03-30 00:05:02.749 [http-nio-8080-exec-3] Ejb3Column - Binding column: Ejb3JoinColumn{logicalColumnName='members_KEY', referencedColumn='null', mappedBy='null'}
[DEBUG] 2018-03-30 00:05:02.752 [http-nio-8080-exec-3] Ejb3Column - Binding column: Ejb3JoinColumn{logicalColumnName='null', referencedColumn='null', mappedBy='pack'}
[DEBUG] 2018-03-30 00:05:02.761 [http-nio-8080-exec-3] Ejb3Column - Binding column: Ejb3JoinColumn{logicalColumnName='null', referencedColumn='null', mappedBy='pack'}
[DEBUG] 2018-03-30 00:05:02.762 [http-nio-8080-exec-3] CollectionBinder - Collection role: com.choinoski.entity.Pack.members
[DEBUG] 2018-03-30 00:05:02.785 [http-nio-8080-exec-3] PropertyBinder - Building property members
[DEBUG] 2018-03-30 00:05:02.793 [http-nio-8080-exec-3] Ejb3Column - Binding column: Ejb3Column{table=org.hibernate.mapping.Table(pack), mappingColumn=pack_name, insertable=true, updatable=true, unique=false}
[DEBUG] 2018-03-30 00:05:02.795 [http-nio-8080-exec-3] PropertyBinder - MetadataSourceProcessor property packName with lazy=false
[DEBUG] 2018-03-30 00:05:02.795 [http-nio-8080-exec-3] AbstractPropertyHolder - Attempting to locate auto-apply AttributeConverter for property [com.choinoski.entity.Pack:packName]
[DEBUG] 2018-03-30 00:05:02.795 [http-nio-8080-exec-3] SimpleValueBinder - building SimpleValue for packName
[DEBUG] 2018-03-30 00:05:02.795 [http-nio-8080-exec-3] PropertyBinder - Building property packName
[DEBUG] 2018-03-30 00:05:02.800 [http-nio-8080-exec-3] Ejb3Column - Binding column: Ejb3Column{table=org.hibernate.mapping.Table(pack), mappingColumn=password, insertable=true, updatable=true, unique=false}
[DEBUG] 2018-03-30 00:05:02.801 [http-nio-8080-exec-3] PropertyBinder - MetadataSourceProcessor property password with lazy=false
[DEBUG] 2018-03-30 00:05:02.801 [http-nio-8080-exec-3] AbstractPropertyHolder - Attempting to locate auto-apply AttributeConverter for property [com.choinoski.entity.Pack:password]
[DEBUG] 2018-03-30 00:05:02.801 [http-nio-8080-exec-3] SimpleValueBinder - building SimpleValue for password
[DEBUG] 2018-03-30 00:05:02.801 [http-nio-8080-exec-3] PropertyBinder - Building property password
[DEBUG] 2018-03-30 00:05:02.804 [http-nio-8080-exec-3] Ejb3Column - Binding column: Ejb3JoinColumn{logicalColumnName='null', referencedColumn='null', mappedBy='pack'}
[DEBUG] 2018-03-30 00:05:02.806 [http-nio-8080-exec-3] Ejb3Column - Binding column: Ejb3Column{table=org.hibernate.mapping.Table(pack), mappingColumn=roles, insertable=true, updatable=true, unique=false}
[DEBUG] 2018-03-30 00:05:02.806 [http-nio-8080-exec-3] Ejb3Column - Binding column: Ejb3Column{table=org.hibernate.mapping.Table(pack), mappingColumn=null, insertable=true, updatable=true, unique=false}
[DEBUG] 2018-03-30 00:05:02.811 [http-nio-8080-exec-3] Ejb3Column - Binding column: Ejb3Column{table=org.hibernate.mapping.Table(pack), mappingColumn=element, insertable=true, updatable=true, unique=false}
[DEBUG] 2018-03-30 00:05:02.812 [http-nio-8080-exec-3] Ejb3Column - Binding column: Ejb3Column{table=org.hibernate.mapping.Table(pack), mappingColumn=roles_KEY, insertable=true, updatable=true, unique=false}
[DEBUG] 2018-03-30 00:05:02.813 [http-nio-8080-exec-3] Ejb3Column - Binding column: Ejb3JoinColumn{logicalColumnName='roles_KEY', referencedColumn='null', mappedBy='null'}
[DEBUG] 2018-03-30 00:05:02.813 [http-nio-8080-exec-3] Ejb3Column - Binding column: Ejb3JoinColumn{logicalColumnName='null', referencedColumn='null', mappedBy='pack'}
[DEBUG] 2018-03-30 00:05:02.813 [http-nio-8080-exec-3] Ejb3Column - Binding column: Ejb3JoinColumn{logicalColumnName='null', referencedColumn='null', mappedBy='pack'}
[DEBUG] 2018-03-30 00:05:02.813 [http-nio-8080-exec-3] CollectionBinder - Collection role: com.choinoski.entity.Pack.roles
[DEBUG] 2018-03-30 00:05:02.813 [http-nio-8080-exec-3] PropertyBinder - Building property roles
[DEBUG] 2018-03-30 00:05:02.817 [http-nio-8080-exec-3] AnnotationBinder - Binding entity from annotated class: com.choinoski.entity.PackMember
[DEBUG] 2018-03-30 00:05:02.818 [http-nio-8080-exec-3] Ejb3Column - Binding column: Ejb3DiscriminatorColumn{logicalColumnName'DTYPE', discriminatorTypeName='string'}
[DEBUG] 2018-03-30 00:05:02.818 [http-nio-8080-exec-3] EntityBinder - Import with entity name PackMember
[DEBUG] 2018-03-30 00:05:02.818 [http-nio-8080-exec-3] EntityBinder - Bind entity com.choinoski.entity.PackMember on table pack_member
[DEBUG] 2018-03-30 00:05:02.850 [http-nio-8080-exec-3] Ejb3Column - Binding column: Ejb3Column{table=org.hibernate.mapping.Table(pack_member), mappingColumn=pack_member_nr, insertable=true, updatable=true, unique=false}
[DEBUG] 2018-03-30 00:05:02.850 [http-nio-8080-exec-3] PropertyBinder - MetadataSourceProcessor property packMemberNumber with lazy=false
[DEBUG] 2018-03-30 00:05:02.850 [http-nio-8080-exec-3] AbstractPropertyHolder - Attempting to locate auto-apply AttributeConverter for property [com.choinoski.entity.PackMember:packMemberNumber]
[DEBUG] 2018-03-30 00:05:02.851 [http-nio-8080-exec-3] SimpleValueBinder - building SimpleValue for packMemberNumber
[DEBUG] 2018-03-30 00:05:02.851 [http-nio-8080-exec-3] PropertyBinder - Building property packMemberNumber
[DEBUG] 2018-03-30 00:05:02.851 [http-nio-8080-exec-3] Ejb3Column - Binding column: Ejb3Column{table=org.hibernate.mapping.Table(pack_member), mappingColumn=breed, insertable=true, updatable=true, unique=false}
[DEBUG] 2018-03-30 00:05:02.854 [http-nio-8080-exec-3] PropertyBinder - MetadataSourceProcessor property breed with lazy=false
[DEBUG] 2018-03-30 00:05:02.854 [http-nio-8080-exec-3] AbstractPropertyHolder - Attempting to locate auto-apply AttributeConverter for property [com.choinoski.entity.PackMember:breed]
[DEBUG] 2018-03-30 00:05:02.854 [http-nio-8080-exec-3] SimpleValueBinder - building SimpleValue for breed
[DEBUG] 2018-03-30 00:05:02.854 [http-nio-8080-exec-3] PropertyBinder - Building property breed
[DEBUG] 2018-03-30 00:05:02.855 [http-nio-8080-exec-3] Ejb3Column - Binding column: Ejb3Column{table=org.hibernate.mapping.Table(pack_member), mappingColumn=create_date, insertable=true, updatable=true, unique=false}
[DEBUG] 2018-03-30 00:05:02.855 [http-nio-8080-exec-3] PropertyBinder - MetadataSourceProcessor property createDate with lazy=false
[DEBUG] 2018-03-30 00:05:02.855 [http-nio-8080-exec-3] AbstractPropertyHolder - Attempting to locate auto-apply AttributeConverter for property [com.choinoski.entity.PackMember:createDate]
[DEBUG] 2018-03-30 00:05:02.861 [http-nio-8080-exec-3] SimpleValueBinder - building SimpleValue for createDate
[DEBUG] 2018-03-30 00:05:02.862 [http-nio-8080-exec-3] PropertyBinder - Building property createDate
[DEBUG] 2018-03-30 00:05:02.862 [http-nio-8080-exec-3] Ejb3Column - Binding column: Ejb3Column{table=org.hibernate.mapping.Table(pack_member), mappingColumn=date_of_birth, insertable=true, updatable=true, unique=false}
[DEBUG] 2018-03-30 00:05:02.863 [http-nio-8080-exec-3] PropertyBinder - MetadataSourceProcessor property dateOfBirth with lazy=false
[DEBUG] 2018-03-30 00:05:02.863 [http-nio-8080-exec-3] AbstractPropertyHolder - Attempting to locate auto-apply AttributeConverter for property [com.choinoski.entity.PackMember:dateOfBirth]
[DEBUG] 2018-03-30 00:05:02.863 [http-nio-8080-exec-3] SimpleValueBinder - building SimpleValue for dateOfBirth
[DEBUG] 2018-03-30 00:05:02.864 [http-nio-8080-exec-3] PropertyBinder - Building property dateOfBirth
[DEBUG] 2018-03-30 00:05:02.865 [http-nio-8080-exec-3] Ejb3Column - Binding column: Ejb3Column{table=org.hibernate.mapping.Table(pack_member), mappingColumn=intact, insertable=true, updatable=true, unique=false}
[DEBUG] 2018-03-30 00:05:02.865 [http-nio-8080-exec-3] PropertyBinder - MetadataSourceProcessor property intact with lazy=false
[DEBUG] 2018-03-30 00:05:02.865 [http-nio-8080-exec-3] AbstractPropertyHolder - Attempting to locate auto-apply AttributeConverter for property [com.choinoski.entity.PackMember:intact]
[DEBUG] 2018-03-30 00:05:02.865 [http-nio-8080-exec-3] SimpleValueBinder - building SimpleValue for intact
[DEBUG] 2018-03-30 00:05:02.865 [http-nio-8080-exec-3] PropertyBinder - Building property intact
[DEBUG] 2018-03-30 00:05:02.865 [http-nio-8080-exec-3] Ejb3Column - Binding column: Ejb3Column{table=org.hibernate.mapping.Table(pack_member), mappingColumn=last_modified_date, insertable=true, updatable=true, unique=false}
[DEBUG] 2018-03-30 00:05:02.865 [http-nio-8080-exec-3] PropertyBinder - MetadataSourceProcessor property lastModifiedDate with lazy=false
[DEBUG] 2018-03-30 00:05:02.865 [http-nio-8080-exec-3] AbstractPropertyHolder - Attempting to locate auto-apply AttributeConverter for property [com.choinoski.entity.PackMember:lastModifiedDate]
[DEBUG] 2018-03-30 00:05:02.869 [http-nio-8080-exec-3] SimpleValueBinder - building SimpleValue for lastModifiedDate
[DEBUG] 2018-03-30 00:05:02.869 [http-nio-8080-exec-3] PropertyBinder - Building property lastModifiedDate
[DEBUG] 2018-03-30 00:05:02.869 [http-nio-8080-exec-3] Ejb3Column - Binding column: Ejb3Column{table=org.hibernate.mapping.Table(pack_member), mappingColumn=name, insertable=true, updatable=true, unique=false}
[DEBUG] 2018-03-30 00:05:02.870 [http-nio-8080-exec-3] PropertyBinder - MetadataSourceProcessor property name with lazy=false
[DEBUG] 2018-03-30 00:05:02.870 [http-nio-8080-exec-3] AbstractPropertyHolder - Attempting to locate auto-apply AttributeConverter for property [com.choinoski.entity.PackMember:name]
[DEBUG] 2018-03-30 00:05:02.870 [http-nio-8080-exec-3] SimpleValueBinder - building SimpleValue for name
[DEBUG] 2018-03-30 00:05:02.870 [http-nio-8080-exec-3] PropertyBinder - Building property name
[DEBUG] 2018-03-30 00:05:02.870 [http-nio-8080-exec-3] Ejb3Column - Binding column: Ejb3JoinColumn{logicalColumnName='pack_nr', referencedColumn='', mappedBy=''}
[DEBUG] 2018-03-30 00:05:02.871 [http-nio-8080-exec-3] Ejb3Column - Binding column: Ejb3Column{table=org.hibernate.mapping.Table(pack_member), mappingColumn=pack, insertable=true, updatable=true, unique=false}
[DEBUG] 2018-03-30 00:05:02.883 [http-nio-8080-exec-3] PropertyBinder - Building property pack
[DEBUG] 2018-03-30 00:05:02.889 [http-nio-8080-exec-3] Ejb3Column - Binding column: Ejb3Column{table=org.hibernate.mapping.Table(pack_member), mappingColumn=sex, insertable=true, updatable=true, unique=false}
[DEBUG] 2018-03-30 00:05:02.890 [http-nio-8080-exec-3] PropertyBinder - MetadataSourceProcessor property sex with lazy=false
[DEBUG] 2018-03-30 00:05:02.890 [http-nio-8080-exec-3] AbstractPropertyHolder - Attempting to locate auto-apply AttributeConverter for property [com.choinoski.entity.PackMember:sex]
[DEBUG] 2018-03-30 00:05:02.890 [http-nio-8080-exec-3] SimpleValueBinder - building SimpleValue for sex
[DEBUG] 2018-03-30 00:05:02.890 [http-nio-8080-exec-3] PropertyBinder - Building property sex
[DEBUG] 2018-03-30 00:05:02.891 [http-nio-8080-exec-3] Ejb3Column - Binding column: Ejb3Column{table=org.hibernate.mapping.Table(pack_member), mappingColumn=size, insertable=true, updatable=true, unique=false}
[DEBUG] 2018-03-30 00:05:02.898 [http-nio-8080-exec-3] PropertyBinder - MetadataSourceProcessor property size with lazy=false
[DEBUG] 2018-03-30 00:05:02.898 [http-nio-8080-exec-3] AbstractPropertyHolder - Attempting to locate auto-apply AttributeConverter for property [com.choinoski.entity.PackMember:size]
[DEBUG] 2018-03-30 00:05:02.898 [http-nio-8080-exec-3] SimpleValueBinder - building SimpleValue for size
[DEBUG] 2018-03-30 00:05:02.898 [http-nio-8080-exec-3] PropertyBinder - Building property size
[DEBUG] 2018-03-30 00:05:02.898 [http-nio-8080-exec-3] AnnotationBinder - Binding entity from annotated class: com.choinoski.entity.PackLeader
[DEBUG] 2018-03-30 00:05:02.898 [http-nio-8080-exec-3] Ejb3Column - Binding column: Ejb3DiscriminatorColumn{logicalColumnName'DTYPE', discriminatorTypeName='string'}
[DEBUG] 2018-03-30 00:05:02.898 [http-nio-8080-exec-3] EntityBinder - Import with entity name PackLeader
[DEBUG] 2018-03-30 00:05:02.898 [http-nio-8080-exec-3] EntityBinder - Bind entity com.choinoski.entity.PackLeader on table pack_leader
[DEBUG] 2018-03-30 00:05:02.909 [http-nio-8080-exec-3] Ejb3Column - Binding column: Ejb3Column{table=org.hibernate.mapping.Table(pack_leader), mappingColumn=pack_leader_nr, insertable=true, updatable=true, unique=false}
[DEBUG] 2018-03-30 00:05:02.909 [http-nio-8080-exec-3] PropertyBinder - MetadataSourceProcessor property packLeaderNumber with lazy=false
[DEBUG] 2018-03-30 00:05:02.909 [http-nio-8080-exec-3] AbstractPropertyHolder - Attempting to locate auto-apply AttributeConverter for property [com.choinoski.entity.PackLeader:packLeaderNumber]
[DEBUG] 2018-03-30 00:05:02.909 [http-nio-8080-exec-3] SimpleValueBinder - building SimpleValue for packLeaderNumber
[DEBUG] 2018-03-30 00:05:02.912 [http-nio-8080-exec-3] PropertyBinder - Building property packLeaderNumber
[DEBUG] 2018-03-30 00:05:02.918 [http-nio-8080-exec-3] Ejb3Column - Binding column: Ejb3Column{table=org.hibernate.mapping.Table(pack_leader), mappingColumn=address, insertable=true, updatable=true, unique=false}
[DEBUG] 2018-03-30 00:05:02.919 [http-nio-8080-exec-3] PropertyBinder - MetadataSourceProcessor property address with lazy=false
[DEBUG] 2018-03-30 00:05:02.919 [http-nio-8080-exec-3] AbstractPropertyHolder - Attempting to locate auto-apply AttributeConverter for property [com.choinoski.entity.PackLeader:address]
[DEBUG] 2018-03-30 00:05:02.919 [http-nio-8080-exec-3] SimpleValueBinder - building SimpleValue for address
[DEBUG] 2018-03-30 00:05:02.919 [http-nio-8080-exec-3] PropertyBinder - Building property address
[DEBUG] 2018-03-30 00:05:02.919 [http-nio-8080-exec-3] Ejb3Column - Binding column: Ejb3Column{table=org.hibernate.mapping.Table(pack_leader), mappingColumn=create_date, insertable=true, updatable=true, unique=false}
[DEBUG] 2018-03-30 00:05:02.919 [http-nio-8080-exec-3] PropertyBinder - MetadataSourceProcessor property createDate with lazy=false
[DEBUG] 2018-03-30 00:05:02.920 [http-nio-8080-exec-3] AbstractPropertyHolder - Attempting to locate auto-apply AttributeConverter for property [com.choinoski.entity.PackLeader:createDate]
[DEBUG] 2018-03-30 00:05:02.920 [http-nio-8080-exec-3] SimpleValueBinder - building SimpleValue for createDate
[DEBUG] 2018-03-30 00:05:02.920 [http-nio-8080-exec-3] PropertyBinder - Building property createDate
[DEBUG] 2018-03-30 00:05:02.920 [http-nio-8080-exec-3] Ejb3Column - Binding column: Ejb3Column{table=org.hibernate.mapping.Table(pack_leader), mappingColumn=email_address, insertable=true, updatable=true, unique=false}
[DEBUG] 2018-03-30 00:05:02.925 [http-nio-8080-exec-3] PropertyBinder - MetadataSourceProcessor property emailAddress with lazy=false
[DEBUG] 2018-03-30 00:05:02.925 [http-nio-8080-exec-3] AbstractPropertyHolder - Attempting to locate auto-apply AttributeConverter for property [com.choinoski.entity.PackLeader:emailAddress]
[DEBUG] 2018-03-30 00:05:02.925 [http-nio-8080-exec-3] SimpleValueBinder - building SimpleValue for emailAddress
[DEBUG] 2018-03-30 00:05:02.925 [http-nio-8080-exec-3] PropertyBinder - Building property emailAddress
[DEBUG] 2018-03-30 00:05:02.925 [http-nio-8080-exec-3] Ejb3Column - Binding column: Ejb3Column{table=org.hibernate.mapping.Table(pack_leader), mappingColumn=last_modified_date, insertable=true, updatable=true, unique=false}
[DEBUG] 2018-03-30 00:05:02.925 [http-nio-8080-exec-3] PropertyBinder - MetadataSourceProcessor property lastModifiedDate with lazy=false
[DEBUG] 2018-03-30 00:05:02.925 [http-nio-8080-exec-3] AbstractPropertyHolder - Attempting to locate auto-apply AttributeConverter for property [com.choinoski.entity.PackLeader:lastModifiedDate]
[DEBUG] 2018-03-30 00:05:02.925 [http-nio-8080-exec-3] SimpleValueBinder - building SimpleValue for lastModifiedDate
[DEBUG] 2018-03-30 00:05:02.925 [http-nio-8080-exec-3] PropertyBinder - Building property lastModifiedDate
[DEBUG] 2018-03-30 00:05:02.925 [http-nio-8080-exec-3] Ejb3Column - Binding column: Ejb3JoinColumn{logicalColumnName='pack_nr', referencedColumn='', mappedBy=''}
[DEBUG] 2018-03-30 00:05:02.925 [http-nio-8080-exec-3] Ejb3Column - Binding column: Ejb3Column{table=org.hibernate.mapping.Table(pack_leader), mappingColumn=pack, insertable=true, updatable=true, unique=false}
[DEBUG] 2018-03-30 00:05:02.925 [http-nio-8080-exec-3] PropertyBinder - Building property pack
[DEBUG] 2018-03-30 00:05:02.925 [http-nio-8080-exec-3] Ejb3Column - Binding column: Ejb3Column{table=org.hibernate.mapping.Table(pack_leader), mappingColumn=pack_name, insertable=true, updatable=true, unique=false}
[DEBUG] 2018-03-30 00:05:02.926 [http-nio-8080-exec-3] PropertyBinder - MetadataSourceProcessor property packName with lazy=false
[DEBUG] 2018-03-30 00:05:02.929 [http-nio-8080-exec-3] AbstractPropertyHolder - Attempting to locate auto-apply AttributeConverter for property [com.choinoski.entity.PackLeader:packName]
[DEBUG] 2018-03-30 00:05:02.929 [http-nio-8080-exec-3] SimpleValueBinder - building SimpleValue for packName
[DEBUG] 2018-03-30 00:05:02.929 [http-nio-8080-exec-3] PropertyBinder - Building property packName
[DEBUG] 2018-03-30 00:05:02.933 [http-nio-8080-exec-3] Ejb3Column - Binding column: Ejb3Column{table=org.hibernate.mapping.Table(pack_leader), mappingColumn=phone_number, insertable=true, updatable=true, unique=false}
[DEBUG] 2018-03-30 00:05:02.933 [http-nio-8080-exec-3] PropertyBinder - MetadataSourceProcessor property phoneNumber with lazy=false
[DEBUG] 2018-03-30 00:05:02.933 [http-nio-8080-exec-3] AbstractPropertyHolder - Attempting to locate auto-apply AttributeConverter for property [com.choinoski.entity.PackLeader:phoneNumber]
[DEBUG] 2018-03-30 00:05:02.935 [http-nio-8080-exec-3] SimpleValueBinder - building SimpleValue for phoneNumber
[DEBUG] 2018-03-30 00:05:02.935 [http-nio-8080-exec-3] PropertyBinder - Building property phoneNumber
[DEBUG] 2018-03-30 00:05:02.936 [http-nio-8080-exec-3] AnnotationBinder - Binding entity from annotated class: com.choinoski.entity.Role
[DEBUG] 2018-03-30 00:05:02.936 [http-nio-8080-exec-3] Ejb3Column - Binding column: Ejb3DiscriminatorColumn{logicalColumnName'DTYPE', discriminatorTypeName='string'}
[DEBUG] 2018-03-30 00:05:02.936 [http-nio-8080-exec-3] EntityBinder - Import with entity name Role
[DEBUG] 2018-03-30 00:05:02.939 [http-nio-8080-exec-3] EntityBinder - Bind entity com.choinoski.entity.Role on table role
[DEBUG] 2018-03-30 00:05:02.953 [http-nio-8080-exec-3] Ejb3Column - Binding column: Ejb3Column{table=org.hibernate.mapping.Table(role), mappingColumn=roleID, insertable=true, updatable=true, unique=false}
[DEBUG] 2018-03-30 00:05:02.953 [http-nio-8080-exec-3] PropertyBinder - MetadataSourceProcessor property roldId with lazy=false
[DEBUG] 2018-03-30 00:05:02.953 [http-nio-8080-exec-3] AbstractPropertyHolder - Attempting to locate auto-apply AttributeConverter for property [com.choinoski.entity.Role:roldId]
[DEBUG] 2018-03-30 00:05:02.954 [http-nio-8080-exec-3] SimpleValueBinder - building SimpleValue for roldId
[DEBUG] 2018-03-30 00:05:02.954 [http-nio-8080-exec-3] PropertyBinder - Building property roldId
[DEBUG] 2018-03-30 00:05:02.957 [http-nio-8080-exec-3] Ejb3Column - Binding column: Ejb3Column{table=org.hibernate.mapping.Table(role), mappingColumn=createDate, insertable=true, updatable=true, unique=false}
[DEBUG] 2018-03-30 00:05:02.958 [http-nio-8080-exec-3] PropertyBinder - MetadataSourceProcessor property createDate with lazy=false
[DEBUG] 2018-03-30 00:05:02.993 [http-nio-8080-exec-3] SimpleValueBinder - Starting applyAttributeConverter [com.choinoski.entity.Role:createDate]
[DEBUG] 2018-03-30 00:05:02.993 [http-nio-8080-exec-3] SimpleValueBinder - building SimpleValue for createDate
[DEBUG] 2018-03-30 00:05:02.995 [http-nio-8080-exec-3] PropertyBinder - Building property createDate
[DEBUG] 2018-03-30 00:05:02.995 [http-nio-8080-exec-3] Ejb3Column - Binding column: Ejb3Column{table=org.hibernate.mapping.Table(role), mappingColumn=login, insertable=true, updatable=true, unique=false}
[DEBUG] 2018-03-30 00:05:02.995 [http-nio-8080-exec-3] PropertyBinder - MetadataSourceProcessor property login with lazy=false
[DEBUG] 2018-03-30 00:05:02.995 [http-nio-8080-exec-3] AbstractPropertyHolder - Attempting to locate auto-apply AttributeConverter for property [com.choinoski.entity.Role:login]
[DEBUG] 2018-03-30 00:05:02.995 [http-nio-8080-exec-3] SimpleValueBinder - building SimpleValue for login
[DEBUG] 2018-03-30 00:05:02.995 [http-nio-8080-exec-3] PropertyBinder - Building property login
[DEBUG] 2018-03-30 00:05:02.996 [http-nio-8080-exec-3] Ejb3Column - Binding column: Ejb3JoinColumn{logicalColumnName='pack_nr', referencedColumn='', mappedBy=''}
[DEBUG] 2018-03-30 00:05:02.996 [http-nio-8080-exec-3] Ejb3Column - Binding column: Ejb3Column{table=org.hibernate.mapping.Table(role), mappingColumn=pack, insertable=true, updatable=true, unique=false}
[DEBUG] 2018-03-30 00:05:02.996 [http-nio-8080-exec-3] PropertyBinder - Building property pack
[DEBUG] 2018-03-30 00:05:02.996 [http-nio-8080-exec-3] Ejb3Column - Binding column: Ejb3Column{table=org.hibernate.mapping.Table(role), mappingColumn=role_name, insertable=true, updatable=true, unique=false}
[DEBUG] 2018-03-30 00:05:02.996 [http-nio-8080-exec-3] PropertyBinder - MetadataSourceProcessor property roleName with lazy=false
[DEBUG] 2018-03-30 00:05:02.996 [http-nio-8080-exec-3] AbstractPropertyHolder - Attempting to locate auto-apply AttributeConverter for property [com.choinoski.entity.Role:roleName]
[DEBUG] 2018-03-30 00:05:02.996 [http-nio-8080-exec-3] SimpleValueBinder - building SimpleValue for roleName
[DEBUG] 2018-03-30 00:05:02.996 [http-nio-8080-exec-3] PropertyBinder - Building property roleName
[DEBUG] 2018-03-30 00:05:02.998 [http-nio-8080-exec-3] Ejb3Column - Binding column: Ejb3Column{table=org.hibernate.mapping.Table(role), mappingColumn=updateDate, insertable=true, updatable=true, unique=false}
[DEBUG] 2018-03-30 00:05:02.998 [http-nio-8080-exec-3] PropertyBinder - MetadataSourceProcessor property updateDate with lazy=false
[DEBUG] 2018-03-30 00:05:02.998 [http-nio-8080-exec-3] SimpleValueBinder - Starting applyAttributeConverter [com.choinoski.entity.Role:updateDate]
[DEBUG] 2018-03-30 00:05:02.998 [http-nio-8080-exec-3] SimpleValueBinder - building SimpleValue for updateDate
[DEBUG] 2018-03-30 00:05:02.998 [http-nio-8080-exec-3] PropertyBinder - Building property updateDate
[DEBUG] 2018-03-30 00:05:03.005 [http-nio-8080-exec-3] SimpleValueBinder - Starting fillSimpleValue for packNumber
[DEBUG] 2018-03-30 00:05:03.005 [http-nio-8080-exec-3] SimpleValueBinder - Starting fillSimpleValue for login
[DEBUG] 2018-03-30 00:05:03.006 [http-nio-8080-exec-3] SimpleValueBinder - Starting fillSimpleValue for packName
[DEBUG] 2018-03-30 00:05:03.006 [http-nio-8080-exec-3] SimpleValueBinder - Starting fillSimpleValue for password
[DEBUG] 2018-03-30 00:05:03.006 [http-nio-8080-exec-3] SimpleValueBinder - Starting fillSimpleValue for packMemberNumber
[DEBUG] 2018-03-30 00:05:03.006 [http-nio-8080-exec-3] SimpleValueBinder - Starting fillSimpleValue for breed
[DEBUG] 2018-03-30 00:05:03.006 [http-nio-8080-exec-3] SimpleValueBinder - Starting fillSimpleValue for createDate
[DEBUG] 2018-03-30 00:05:03.006 [http-nio-8080-exec-3] SimpleValueBinder - Starting fillSimpleValue for dateOfBirth
[DEBUG] 2018-03-30 00:05:03.006 [http-nio-8080-exec-3] SimpleValueBinder - Starting fillSimpleValue for intact
[DEBUG] 2018-03-30 00:05:03.006 [http-nio-8080-exec-3] SimpleValueBinder - Starting fillSimpleValue for lastModifiedDate
[DEBUG] 2018-03-30 00:05:03.006 [http-nio-8080-exec-3] SimpleValueBinder - Starting fillSimpleValue for name
[DEBUG] 2018-03-30 00:05:03.006 [http-nio-8080-exec-3] SimpleValueBinder - Starting fillSimpleValue for sex
[DEBUG] 2018-03-30 00:05:03.006 [http-nio-8080-exec-3] SimpleValueBinder - Starting fillSimpleValue for size
[DEBUG] 2018-03-30 00:05:03.006 [http-nio-8080-exec-3] SimpleValueBinder - Starting fillSimpleValue for packLeaderNumber
[DEBUG] 2018-03-30 00:05:03.006 [http-nio-8080-exec-3] SimpleValueBinder - Starting fillSimpleValue for address
[DEBUG] 2018-03-30 00:05:03.006 [http-nio-8080-exec-3] SimpleValueBinder - Starting fillSimpleValue for createDate
[DEBUG] 2018-03-30 00:05:03.006 [http-nio-8080-exec-3] SimpleValueBinder - Starting fillSimpleValue for emailAddress
[DEBUG] 2018-03-30 00:05:03.006 [http-nio-8080-exec-3] SimpleValueBinder - Starting fillSimpleValue for lastModifiedDate
[DEBUG] 2018-03-30 00:05:03.006 [http-nio-8080-exec-3] SimpleValueBinder - Starting fillSimpleValue for packName
[DEBUG] 2018-03-30 00:05:03.006 [http-nio-8080-exec-3] SimpleValueBinder - Starting fillSimpleValue for phoneNumber
[DEBUG] 2018-03-30 00:05:03.007 [http-nio-8080-exec-3] SimpleValueBinder - Starting fillSimpleValue for roldId
[DEBUG] 2018-03-30 00:05:03.007 [http-nio-8080-exec-3] SimpleValueBinder - Starting fillSimpleValue for createDate
[DEBUG] 2018-03-30 00:05:03.013 [http-nio-8080-exec-3] SimpleValueBinder - Applying JPA AttributeConverter [org.hibernate.boot.internal.AttributeConverterDescriptorImpl@310da7fc] to [com.choinoski.entity.Role:createDate]
[DEBUG] 2018-03-30 00:05:03.034 [http-nio-8080-exec-3] AttributeConverterTypeAdapter - Created AttributeConverterTypeAdapter -> converted::com.choinoski.util.TimestampAttributeConverter
[DEBUG] 2018-03-30 00:05:03.035 [http-nio-8080-exec-3] SimpleValueBinder - Starting fillSimpleValue for login
[DEBUG] 2018-03-30 00:05:03.035 [http-nio-8080-exec-3] SimpleValueBinder - Starting fillSimpleValue for roleName
[DEBUG] 2018-03-30 00:05:03.035 [http-nio-8080-exec-3] SimpleValueBinder - Starting fillSimpleValue for updateDate
[DEBUG] 2018-03-30 00:05:03.035 [http-nio-8080-exec-3] SimpleValueBinder - Applying JPA AttributeConverter [org.hibernate.boot.internal.AttributeConverterDescriptorImpl@43fbb1a8] to [com.choinoski.entity.Role:updateDate]
[DEBUG] 2018-03-30 00:05:03.035 [http-nio-8080-exec-3] AttributeConverterTypeAdapter - Created AttributeConverterTypeAdapter -> converted::com.choinoski.util.TimestampAttributeConverter
[DEBUG] 2018-03-30 00:05:03.057 [http-nio-8080-exec-3] PrimaryKey - Forcing column [pack_nr] to be non-null as it is part of the primary key for table [pack]
[DEBUG] 2018-03-30 00:05:03.057 [http-nio-8080-exec-3] PrimaryKey - Forcing column [pack_member_nr] to be non-null as it is part of the primary key for table [pack_member]
[DEBUG] 2018-03-30 00:05:03.057 [http-nio-8080-exec-3] PrimaryKey - Forcing column [pack_leader_nr] to be non-null as it is part of the primary key for table [pack_leader]
[DEBUG] 2018-03-30 00:05:03.057 [http-nio-8080-exec-3] PrimaryKey - Forcing column [roleid] to be non-null as it is part of the primary key for table [role]
[DEBUG] 2018-03-30 00:05:03.058 [http-nio-8080-exec-3] CollectionSecondPass - Second pass for collection: com.choinoski.entity.Pack.members
[DEBUG] 2018-03-30 00:05:03.058 [http-nio-8080-exec-3] CollectionBinder - Binding a OneToMany: com.choinoski.entity.Pack.members through a foreign key
[DEBUG] 2018-03-30 00:05:03.060 [http-nio-8080-exec-3] CollectionBinder - Mapping collection: com.choinoski.entity.Pack.members -> pack_member
[DEBUG] 2018-03-30 00:05:03.065 [http-nio-8080-exec-3] TableBinder - Retrieving property com.choinoski.entity.PackMember.pack
[DEBUG] 2018-03-30 00:05:03.065 [http-nio-8080-exec-3] CollectionSecondPass - Mapped collection key: pack_nr, one-to-many: com.choinoski.entity.PackMember
[DEBUG] 2018-03-30 00:05:03.065 [http-nio-8080-exec-3] CollectionSecondPass - Second pass for collection: com.choinoski.entity.Pack.roles
[DEBUG] 2018-03-30 00:05:03.066 [http-nio-8080-exec-3] CollectionBinder - Binding a OneToMany: com.choinoski.entity.Pack.roles through a foreign key
[DEBUG] 2018-03-30 00:05:03.066 [http-nio-8080-exec-3] CollectionBinder - Mapping collection: com.choinoski.entity.Pack.roles -> role
[DEBUG] 2018-03-30 00:05:03.066 [http-nio-8080-exec-3] TableBinder - Retrieving property com.choinoski.entity.Role.pack
[DEBUG] 2018-03-30 00:05:03.066 [http-nio-8080-exec-3] CollectionSecondPass - Mapped collection key: pack_nr, one-to-many: com.choinoski.entity.Role
[DEBUG] 2018-03-30 00:05:03.066 [http-nio-8080-exec-3] InFlightMetadataCollectorImpl - Resolving reference to class: com.choinoski.entity.Pack
[DEBUG] 2018-03-30 00:05:03.069 [http-nio-8080-exec-3] InFlightMetadataCollectorImpl - Resolving reference to class: com.choinoski.entity.Pack
[DEBUG] 2018-03-30 00:05:03.069 [http-nio-8080-exec-3] InFlightMetadataCollectorImpl - Resolving reference to class: com.choinoski.entity.Pack
[DEBUG] 2018-03-30 00:05:03.076 [http-nio-8080-exec-3] InFlightMetadataCollectorImpl - Resolving reference to class: com.choinoski.entity.Pack
[DEBUG] 2018-03-30 00:05:03.076 [http-nio-8080-exec-3] InFlightMetadataCollectorImpl - Resolving reference to class: com.choinoski.entity.Pack
[DEBUG] 2018-03-30 00:05:03.076 [http-nio-8080-exec-3] InFlightMetadataCollectorImpl - Resolving reference to class: com.choinoski.entity.Pack
[DEBUG] 2018-03-30 00:05:03.324 [http-nio-8080-exec-3] SessionFactoryImpl - Building session factory
[DEBUG] 2018-03-30 00:05:03.345 [http-nio-8080-exec-3] Settings - SessionFactory name : null
[DEBUG] 2018-03-30 00:05:03.345 [http-nio-8080-exec-3] Settings - Automatic flush during beforeCompletion(): enabled
[DEBUG] 2018-03-30 00:05:03.345 [http-nio-8080-exec-3] Settings - Automatic session close at end of transaction: disabled
[DEBUG] 2018-03-30 00:05:03.345 [http-nio-8080-exec-3] Settings - Statistics: disabled
[DEBUG] 2018-03-30 00:05:03.345 [http-nio-8080-exec-3] Settings - Deleted entity synthetic identifier rollback: disabled
[DEBUG] 2018-03-30 00:05:03.345 [http-nio-8080-exec-3] Settings - Default entity-mode: pojo
[DEBUG] 2018-03-30 00:05:03.345 [http-nio-8080-exec-3] Settings - Check Nullability in Core (should be disabled when Bean Validation is on): enabled
[DEBUG] 2018-03-30 00:05:03.345 [http-nio-8080-exec-3] Settings - Allow initialization of lazy state outside session : disabled
[DEBUG] 2018-03-30 00:05:03.346 [http-nio-8080-exec-3] Settings - Using BatchFetchStyle : LEGACY
[DEBUG] 2018-03-30 00:05:03.346 [http-nio-8080-exec-3] Settings - Default batch fetch size: -1
[DEBUG] 2018-03-30 00:05:03.346 [http-nio-8080-exec-3] Settings - Maximum outer join fetch depth: 2
[DEBUG] 2018-03-30 00:05:03.346 [http-nio-8080-exec-3] Settings - Default null ordering: NONE
[DEBUG] 2018-03-30 00:05:03.352 [http-nio-8080-exec-3] Settings - Order SQL updates by primary key: disabled
[DEBUG] 2018-03-30 00:05:03.352 [http-nio-8080-exec-3] Settings - Order SQL inserts for batching: disabled
[DEBUG] 2018-03-30 00:05:03.357 [http-nio-8080-exec-3] Settings - multi-tenancy strategy : NONE
[DEBUG] 2018-03-30 00:05:03.357 [http-nio-8080-exec-3] Settings - JTA Track by Thread: enabled
[DEBUG] 2018-03-30 00:05:03.364 [http-nio-8080-exec-3] Settings - Query language substitutions: {}
[DEBUG] 2018-03-30 00:05:03.364 [http-nio-8080-exec-3] Settings - JPA query language strict compliance: disabled
[DEBUG] 2018-03-30 00:05:03.365 [http-nio-8080-exec-3] Settings - Named query checking : enabled
[DEBUG] 2018-03-30 00:05:03.365 [http-nio-8080-exec-3] Settings - Second-level cache: enabled
[DEBUG] 2018-03-30 00:05:03.365 [http-nio-8080-exec-3] Settings - Second-level query cache: disabled
[DEBUG] 2018-03-30 00:05:03.365 [http-nio-8080-exec-3] Settings - Second-level query cache factory: org.hibernate.cache.internal.StandardQueryCacheFactory@1a27905f
[DEBUG] 2018-03-30 00:05:03.365 [http-nio-8080-exec-3] Settings - Second-level cache region prefix: null
[DEBUG] 2018-03-30 00:05:03.365 [http-nio-8080-exec-3] Settings - Optimize second-level cache for minimal puts: disabled
[DEBUG] 2018-03-30 00:05:03.365 [http-nio-8080-exec-3] Settings - Structured second-level cache entries: disabled
[DEBUG] 2018-03-30 00:05:03.365 [http-nio-8080-exec-3] Settings - Second-level cache direct-reference entries: disabled
[DEBUG] 2018-03-30 00:05:03.365 [http-nio-8080-exec-3] Settings - Automatic eviction of collection cache: disabled
[DEBUG] 2018-03-30 00:05:03.365 [http-nio-8080-exec-3] Settings - JDBC batch size: 15
[DEBUG] 2018-03-30 00:05:03.365 [http-nio-8080-exec-3] Settings - JDBC batch updates for versioned data: enabled
[DEBUG] 2018-03-30 00:05:03.365 [http-nio-8080-exec-3] Settings - Scrollable result sets: enabled
[DEBUG] 2018-03-30 00:05:03.365 [http-nio-8080-exec-3] Settings - Wrap result sets: disabled
[DEBUG] 2018-03-30 00:05:03.365 [http-nio-8080-exec-3] Settings - JDBC3 getGeneratedKeys(): enabled
[DEBUG] 2018-03-30 00:05:03.365 [http-nio-8080-exec-3] Settings - JDBC result set fetch size: null
[DEBUG] 2018-03-30 00:05:03.365 [http-nio-8080-exec-3] Settings - Connection release mode: AFTER_TRANSACTION
[DEBUG] 2018-03-30 00:05:03.365 [http-nio-8080-exec-3] Settings - Generate SQL with comments: disabled
[DEBUG] 2018-03-30 00:05:04.043 [http-nio-8080-exec-3] SessionFactoryImpl - Session factory constructed with filter configurations : {}
[DEBUG] 2018-03-30 00:05:04.045 [http-nio-8080-exec-3] SessionFactoryImpl - Instantiating session factory with properties: {awt.toolkit=sun.awt.X11.XToolkit, java.specification.version=1.8, sun.cpu.isalist=, hibernate.c3p0.idle_test_period=3000, sun.jnu.encoding=UTF-8, hibernate.c3p0.min_size=5, sun.arch.data.model=64, catalina.useNaming=true, java.vendor.url=http://java.oracle.com/, openejb.provider.default=org.apache.tomee, sun.boot.library.path=/usr/lib/jvm/java-8-oracle/jre/lib/amd64, com.sun.management.jmxremote.ssl=false, sun.java.command=org.apache.catalina.startup.Bootstrap start, java.specification.vendor=Oracle Corporation, openejb.embedder.source=ServerListener, java.naming.factory.url.pkgs=org.apache.naming:org.apache.openejb.core.ivm.naming, java.home=/usr/lib/jvm/java-8-oracle/jre, file.separator=/, line.separator=
, hibernate.c3p0.timeout=300, java.vm.specification.vendor=Oracle Corporation, java.specification.name=Java Platform API Specification, package.definition=sun.,java.,org.apache.catalina.,org.apache.coyote.,org.apache.jasper.,org.apache.naming.,org.apache.tomcat., openejb.deployments.classpath.filter.systemapps=false, sun.boot.class.path=/usr/lib/jvm/java-8-oracle/jre/lib/resources.jar:/usr/lib/jvm/java-8-oracle/jre/lib/rt.jar:/usr/lib/jvm/java-8-oracle/jre/lib/sunrsasign.jar:/usr/lib/jvm/java-8-oracle/jre/lib/jsse.jar:/usr/lib/jvm/java-8-oracle/jre/lib/jce.jar:/usr/lib/jvm/java-8-oracle/jre/lib/charsets.jar:/usr/lib/jvm/java-8-oracle/jre/lib/jfr.jar:/usr/lib/jvm/java-8-oracle/jre/classes, jdk.tls.ephemeralDHKeySize=2048, java.util.logging.config.file=/home/student/.IntelliJIdea2017.3/system/tomcat/Unnamed_PuppyPlaytime/conf/logging.properties, connection.password=student, sun.management.compiler=HotSpot 64-Bit Tiered Compilers, java.runtime.version=1.8.0_144-b01, user.name=student, org.apache.johnzon.max-string-length=8192, file.encoding=UTF-8, derby.system.home=/home/student/tomcat/bin, hibernate.connection.driver_class=com.mysql.jdbc.Driver, java.io.tmpdir=/home/student/tomcat/temp, tomcat.util.scan.StandardJarScanFilter.jarsToScan=log4j-core*.jar,log4j-taglib*.jar,log4javascript*.jar,slf4j-taglib*.jar, com.sun.management.jmxremote.port=1099, java.version=1.8.0_144, tomcat.util.scan.StandardJarScanFilter.jarsToSkip=bootstrap.jar,commons-daemon.jar,tomcat-juli.jar,annotations-api.jar,el-api.jar,jsp-api.jar,servlet-api.jar,websocket-api.jar,jaspic-api.jar,catalina.jar,catalina-ant.jar,catalina-ha.jar,catalina-storeconfig.jar,catalina-tribes.jar,jasper.jar,jasper-el.jar,ecj-*.jar,tomcat-api.jar,tomcat-util.jar,tomcat-util-scan.jar,tomcat-coyote.jar,tomcat-dbcp.jar,tomcat-jni.jar,tomcat-websocket.jar,tomcat-i18n-en.jar,tomcat-i18n-es.jar,tomcat-i18n-fr.jar,tomcat-i18n-ja.jar,tomcat-juli-adapters.jar,catalina-jmx-remote.jar,catalina-ws.jar,tomcat-jdbc.jar,tools.jar,commons-beanutils*.jar,commons-codec*.jar,commons-collections*.jar,commons-dbcp*.jar,commons-digester*.jar,commons-fileupload*.jar,commons-httpclient*.jar,commons-io*.jar,commons-lang*.jar,commons-logging*.jar,commons-math*.jar,commons-pool*.jar,jstl.jar,taglibs-standard-spec-*.jar,geronimo-spec-jaxrpc*.jar,wsdl4j*.jar,ant.jar,ant-junit*.jar,aspectj*.jar,jmx.jar,h2*.jar,hibernate*.jar,httpclient*.jar,jmx-tools.jar,jta*.jar,log4j*.jar,mail*.jar,slf4j*.jar,xercesImpl.jar,xmlParserAPIs.jar,xml-apis.jar,junit.jar,junit-*.jar,ant-launcher.jar,cobertura-*.jar,asm-*.jar,dom4j-*.jar,icu4j-*.jar,jaxen-*.jar,jdom-*.jar,jetty-*.jar,oro-*.jar,servlet-api-*.jar,tagsoup-*.jar,xmlParserAPIs-*.jar,xom-*.jar, connection.username=root, java.vm.specification.name=Java Virtual Machine Specification, java.awt.printerjob=sun.print.PSPrinterJob, sun.os.patch.level=unknown, connection.driver_class=com.mysql.jdbc.Driver, tomcat.built=Jun 9 2016 11:16:29 UTC, java.library.path=/usr/java/packages/lib/amd64:/usr/lib64:/lib64:/lib:/usr/lib, java.vendor=Oracle Corporation, tomee.version=7.0.1, java.rmi.server.randomIDs=true, sun.io.unicode.encoding=UnicodeLittle, tomcat.util.buf.StringCache.byte.enabled=true, sun.desktop=gnome, file.encoding.pkg=sun.io, com.sun.management.jmxremote.authenticate=false, java.class.path=/home/student/tomcat/bin/bootstrap.jar:/home/student/tomcat/bin/tomcat-juli.jar:/home/student/tomcat/lib/openejb-javaagent.jar, tomcat.version=8.5.3.0, java.vm.vendor=Oracle Corporation, openejb.home=/home/student/tomcat, openejb.system.apps=true, user.timezone=America/Chicago, os.name=Linux, java.vm.specification.version=1.8, sun.java.launcher=SUN_STANDARD, user.country=US, openejb.base=/home/student/.IntelliJIdea2017.3/system/tomcat/Unnamed_PuppyPlaytime, com.sun.management.jmxremote=, sun.cpu.endian=little, user.home=/home/student, hibernate.c3p0.max_statements=50, user.language=en, openejb.deployments.classpath=false, java.awt.graphicsenv=sun.awt.X11GraphicsEnvironment, package.access=sun.,org.apache.catalina.,org.apache.coyote.,org.apache.jasper.,org.apache.tomcat., openejb.loader=tomcat-system, server.loader=, hibernate.c3p0.max_size=20, java.naming.factory.initial=org.apache.naming.java.javaURLContextFactory, org.apache.openejb.core.security.JaccProvider=org.apache.openejb.core.security.jacc.BasicJaccProvider, path.separator=:, hibernate.connection.username=root, common.loader="/home/student/tomcat/lib","/home/student/tomcat/lib/*.jar","/home/student/tomcat/lib","/home/student/tomcat/lib/*.jar", openejb.java9.hack=false, os.version=4.4.0-116-generic, openejb.version=7.0.1, java.endorsed.dirs=/usr/lib/jvm/java-8-oracle/jre/lib/endorsed, org.apache.security.jacc.EJBMethodPermission.methodInterfaces=BusinessLocalHome,BusinessRemoteHome,BusinessRemote,BusinessLocal, java.runtime.name=Java(TM) SE Runtime Environment, hibernate.connection.url=jdbc:mysql://localhost:3306/puppy_playtime_test, java.vm.name=Java HotSpot(TM) 64-Bit Server VM, tomee.remote.support=true, java.vendor.url.bug=http://bugreport.sun.com/bugreport/, catalina.home=/home/student/tomcat, bval.in-container=true, user.dir=/home/student/tomcat/bin, os.arch=amd64, openjpa.Log=org.apache.openejb.openjpa.JULOpenJPALogFactory, hibernate.connection.password=****, tomee.serialization.class.blacklist=-, tomee.serialization.class.whitelist=, catalina.base=/home/student/.IntelliJIdea2017.3/system/tomcat/Unnamed_PuppyPlaytime, shared.loader=, hibernate.boot.CfgXmlAccessService.key=org.hibernate.boot.cfgxml.spi.LoadedConfig@595033c6, java.util.logging.manager=org.apache.juli.ClassLoaderLogManager, noBanner=true, org.apache.webbeans.logger.WebBeansLoggerFacade=org.apache.openejb.cdi.logging.ContainerJULLoggerFactory, java.vm.info=mixed mode, java.vm.version=25.144-b01, hibernate.bytecode.use_reflection_optimizer=false, java.rmi.server.hostname=127.0.0.1, javax.security.jacc.PolicyConfigurationFactory.provider=org.apache.openejb.core.security.JaccProvider$Factory, java.ext.dirs=/usr/lib/jvm/java-8-oracle/jre/lib/ext:/usr/java/packages/lib/ext, connection.url=jdbc:mysql://localhost:3306/puppy_playtime_test, java.class.version=52.0, authconfigprovider.factory=false}
[DEBUG] 2018-03-30 00:05:04.141 [http-nio-8080-exec-3] ClassLoaderAccessImpl - Not known whether passed class name [com.choinoski.entity.Pack] is safe
[DEBUG] 2018-03-30 00:05:04.141 [http-nio-8080-exec-3] ClassLoaderAccessImpl - No temp ClassLoader provided; using live ClassLoader for loading potentially unsafe class : com.choinoski.entity.Pack
[DEBUG] 2018-03-30 00:05:04.248 [http-nio-8080-exec-3] ClassLoaderAccessImpl - Not known whether passed class name [com.choinoski.entity.PackLeader] is safe
[DEBUG] 2018-03-30 00:05:04.256 [http-nio-8080-exec-3] ClassLoaderAccessImpl - No temp ClassLoader provided; using live ClassLoader for loading potentially unsafe class : com.choinoski.entity.PackLeader
[DEBUG] 2018-03-30 00:05:04.276 [http-nio-8080-exec-3] ClassLoaderAccessImpl - Not known whether passed class name [com.choinoski.entity.Role] is safe
[DEBUG] 2018-03-30 00:05:04.277 [http-nio-8080-exec-3] ClassLoaderAccessImpl - No temp ClassLoader provided; using live ClassLoader for loading potentially unsafe class : com.choinoski.entity.Role
[DEBUG] 2018-03-30 00:05:04.282 [http-nio-8080-exec-3] ClassLoaderAccessImpl - Not known whether passed class name [com.choinoski.entity.PackMember] is safe
[DEBUG] 2018-03-30 00:05:04.282 [http-nio-8080-exec-3] ClassLoaderAccessImpl - No temp ClassLoader provided; using live ClassLoader for loading potentially unsafe class : com.choinoski.entity.PackMember
[DEBUG] 2018-03-30 00:05:04.301 [http-nio-8080-exec-3] JaccIntegrator - Skipping JACC integration as it was not enabled
[DEBUG] 2018-03-30 00:05:04.347 [http-nio-8080-exec-3] SessionFactoryImpl - Instantiated session factory
[DEBUG] 2018-03-30 00:05:04.661 [http-nio-8080-exec-3] ClassLoaderAccessImpl - Not known whether passed class name [com.choinoski.entity.Pack] is safe
[DEBUG] 2018-03-30 00:05:04.662 [http-nio-8080-exec-3] ClassLoaderAccessImpl - No temp ClassLoader provided; using live ClassLoader for loading potentially unsafe class : com.choinoski.entity.Pack
[DEBUG] 2018-03-30 00:05:05.107 [http-nio-8080-exec-3] AbstractServiceRegistryImpl - Implicitly destroying ServiceRegistry on de-registration of all child ServiceRegistries
[DEBUG] 2018-03-30 00:05:05.118 [http-nio-8080-exec-3] BootstrapServiceRegistryImpl - Implicitly destroying Boot-strap registry on de-registration of all child ServiceRegistries
