[DEBUG] 2018-04-21 13:00:30.689 [http-nio-8080-exec-4] IntegratorServiceImpl - Adding Integrator [org.hibernate.cfg.beanvalidation.BeanValidationIntegrator].
[DEBUG] 2018-04-21 13:00:30.697 [http-nio-8080-exec-4] IntegratorServiceImpl - Adding Integrator [org.hibernate.secure.spi.JaccIntegrator].
[DEBUG] 2018-04-21 13:00:30.701 [http-nio-8080-exec-4] IntegratorServiceImpl - Adding Integrator [org.hibernate.cache.internal.CollectionCacheInvalidator].
[INFO ] 2018-04-21 13:00:30.814 [http-nio-8080-exec-4] Version - HHH000412: Hibernate Core {5.2.3.Final}
[INFO ] 2018-04-21 13:00:30.819 [http-nio-8080-exec-4] Environment - HHH000206: hibernate.properties not found
[INFO ] 2018-04-21 13:00:30.825 [http-nio-8080-exec-4] Environment - HHH000021: Bytecode provider name : javassist
[DEBUG] 2018-04-21 13:00:30.955 [http-nio-8080-exec-4] LocalXmlResourceResolver - Interpreting public/system identifier : [-//Hibernate/Hibernate Configuration DTD//EN] - [http://www.hibernate.org/dtd/hibernate-configuration-3.0.dtd]
[DEBUG] 2018-04-21 13:00:30.959 [http-nio-8080-exec-4] LocalXmlResourceResolver - Recognized hibernate-configuration identifier; attempting to resolve on classpath under org/hibernate/
[DEBUG] 2018-04-21 13:00:31.001 [http-nio-8080-exec-4] JaxbCfgProcessor - cfg.xml document did not define namespaces; wrapping in custom event reader to introduce namespace information
[DEBUG] 2018-04-21 13:00:31.218 [http-nio-8080-exec-4] ServiceBinding - Overriding existing service binding [org.hibernate.secure.spi.JaccService]
[DEBUG] 2018-04-21 13:00:31.247 [http-nio-8080-exec-4] RegionFactoryInitiator - Cache region factory : org.hibernate.cache.internal.NoCachingRegionFactory
[INFO ] 2018-04-21 13:00:31.257 [http-nio-8080-exec-4] Version - HCANN000001: Hibernate Commons Annotations {5.0.1.Final}
[DEBUG] 2018-04-21 13:00:31.295 [http-nio-8080-exec-4] BasicTypeRegistry - Adding type registration boolean -> org.hibernate.type.BooleanType@9a1eef8
[DEBUG] 2018-04-21 13:00:31.295 [http-nio-8080-exec-4] BasicTypeRegistry - Adding type registration boolean -> org.hibernate.type.BooleanType@9a1eef8
[DEBUG] 2018-04-21 13:00:31.295 [http-nio-8080-exec-4] BasicTypeRegistry - Adding type registration java.lang.Boolean -> org.hibernate.type.BooleanType@9a1eef8
[DEBUG] 2018-04-21 13:00:31.296 [http-nio-8080-exec-4] BasicTypeRegistry - Adding type registration numeric_boolean -> org.hibernate.type.NumericBooleanType@7392bb3
[DEBUG] 2018-04-21 13:00:31.298 [http-nio-8080-exec-4] BasicTypeRegistry - Adding type registration true_false -> org.hibernate.type.TrueFalseType@6a1dc72c
[DEBUG] 2018-04-21 13:00:31.298 [http-nio-8080-exec-4] BasicTypeRegistry - Adding type registration yes_no -> org.hibernate.type.YesNoType@5207e701
[DEBUG] 2018-04-21 13:00:31.299 [http-nio-8080-exec-4] BasicTypeRegistry - Adding type registration byte -> org.hibernate.type.ByteType@3565efa5
[DEBUG] 2018-04-21 13:00:31.299 [http-nio-8080-exec-4] BasicTypeRegistry - Adding type registration byte -> org.hibernate.type.ByteType@3565efa5
[DEBUG] 2018-04-21 13:00:31.299 [http-nio-8080-exec-4] BasicTypeRegistry - Adding type registration java.lang.Byte -> org.hibernate.type.ByteType@3565efa5
[DEBUG] 2018-04-21 13:00:31.300 [http-nio-8080-exec-4] BasicTypeRegistry - Adding type registration character -> org.hibernate.type.CharacterType@e637dac
[DEBUG] 2018-04-21 13:00:31.301 [http-nio-8080-exec-4] BasicTypeRegistry - Adding type registration char -> org.hibernate.type.CharacterType@e637dac
[DEBUG] 2018-04-21 13:00:31.301 [http-nio-8080-exec-4] BasicTypeRegistry - Adding type registration java.lang.Character -> org.hibernate.type.CharacterType@e637dac
[DEBUG] 2018-04-21 13:00:31.302 [http-nio-8080-exec-4] BasicTypeRegistry - Adding type registration short -> org.hibernate.type.ShortType@497c6345
[DEBUG] 2018-04-21 13:00:31.302 [http-nio-8080-exec-4] BasicTypeRegistry - Adding type registration short -> org.hibernate.type.ShortType@497c6345
[DEBUG] 2018-04-21 13:00:31.302 [http-nio-8080-exec-4] BasicTypeRegistry - Adding type registration java.lang.Short -> org.hibernate.type.ShortType@497c6345
[DEBUG] 2018-04-21 13:00:31.303 [http-nio-8080-exec-4] BasicTypeRegistry - Adding type registration integer -> org.hibernate.type.IntegerType@311f0842
[DEBUG] 2018-04-21 13:00:31.303 [http-nio-8080-exec-4] BasicTypeRegistry - Adding type registration int -> org.hibernate.type.IntegerType@311f0842
[DEBUG] 2018-04-21 13:00:31.303 [http-nio-8080-exec-4] BasicTypeRegistry - Adding type registration java.lang.Integer -> org.hibernate.type.IntegerType@311f0842
[DEBUG] 2018-04-21 13:00:31.304 [http-nio-8080-exec-4] BasicTypeRegistry - Adding type registration long -> org.hibernate.type.LongType@2164c502
[DEBUG] 2018-04-21 13:00:31.304 [http-nio-8080-exec-4] BasicTypeRegistry - Adding type registration long -> org.hibernate.type.LongType@2164c502
[DEBUG] 2018-04-21 13:00:31.305 [http-nio-8080-exec-4] BasicTypeRegistry - Adding type registration java.lang.Long -> org.hibernate.type.LongType@2164c502
[DEBUG] 2018-04-21 13:00:31.308 [http-nio-8080-exec-4] BasicTypeRegistry - Adding type registration float -> org.hibernate.type.FloatType@4c07205b
[DEBUG] 2018-04-21 13:00:31.309 [http-nio-8080-exec-4] BasicTypeRegistry - Adding type registration float -> org.hibernate.type.FloatType@4c07205b
[DEBUG] 2018-04-21 13:00:31.309 [http-nio-8080-exec-4] BasicTypeRegistry - Adding type registration java.lang.Float -> org.hibernate.type.FloatType@4c07205b
[DEBUG] 2018-04-21 13:00:31.310 [http-nio-8080-exec-4] BasicTypeRegistry - Adding type registration double -> org.hibernate.type.DoubleType@5b76ee58
[DEBUG] 2018-04-21 13:00:31.310 [http-nio-8080-exec-4] BasicTypeRegistry - Adding type registration double -> org.hibernate.type.DoubleType@5b76ee58
[DEBUG] 2018-04-21 13:00:31.310 [http-nio-8080-exec-4] BasicTypeRegistry - Adding type registration java.lang.Double -> org.hibernate.type.DoubleType@5b76ee58
[DEBUG] 2018-04-21 13:00:31.311 [http-nio-8080-exec-4] BasicTypeRegistry - Adding type registration big_decimal -> org.hibernate.type.BigDecimalType@3f1ab8ff
[DEBUG] 2018-04-21 13:00:31.311 [http-nio-8080-exec-4] BasicTypeRegistry - Adding type registration java.math.BigDecimal -> org.hibernate.type.BigDecimalType@3f1ab8ff
[DEBUG] 2018-04-21 13:00:31.312 [http-nio-8080-exec-4] BasicTypeRegistry - Adding type registration big_integer -> org.hibernate.type.BigIntegerType@54d01564
[DEBUG] 2018-04-21 13:00:31.312 [http-nio-8080-exec-4] BasicTypeRegistry - Adding type registration java.math.BigInteger -> org.hibernate.type.BigIntegerType@54d01564
[DEBUG] 2018-04-21 13:00:31.314 [http-nio-8080-exec-4] BasicTypeRegistry - Adding type registration string -> org.hibernate.type.StringType@951f1fd
[DEBUG] 2018-04-21 13:00:31.314 [http-nio-8080-exec-4] BasicTypeRegistry - Adding type registration java.lang.String -> org.hibernate.type.StringType@951f1fd
[DEBUG] 2018-04-21 13:00:31.315 [http-nio-8080-exec-4] BasicTypeRegistry - Adding type registration nstring -> org.hibernate.type.StringNVarcharType@48197572
[DEBUG] 2018-04-21 13:00:31.316 [http-nio-8080-exec-4] BasicTypeRegistry - Adding type registration ncharacter -> org.hibernate.type.CharacterNCharType@35c927
[DEBUG] 2018-04-21 13:00:31.317 [http-nio-8080-exec-4] BasicTypeRegistry - Adding type registration url -> org.hibernate.type.UrlType@2e505d8
[DEBUG] 2018-04-21 13:00:31.321 [http-nio-8080-exec-4] BasicTypeRegistry - Adding type registration java.net.URL -> org.hibernate.type.UrlType@2e505d8
[DEBUG] 2018-04-21 13:00:31.322 [http-nio-8080-exec-4] BasicTypeRegistry - Adding type registration Duration -> org.hibernate.type.DurationType@39ee1201
[DEBUG] 2018-04-21 13:00:31.322 [http-nio-8080-exec-4] BasicTypeRegistry - Adding type registration java.time.Duration -> org.hibernate.type.DurationType@39ee1201
[DEBUG] 2018-04-21 13:00:31.342 [http-nio-8080-exec-4] BasicTypeRegistry - Adding type registration Instant -> org.hibernate.type.InstantType@586db257
[DEBUG] 2018-04-21 13:00:31.343 [http-nio-8080-exec-4] BasicTypeRegistry - Adding type registration java.time.Instant -> org.hibernate.type.InstantType@586db257
[DEBUG] 2018-04-21 13:00:31.344 [http-nio-8080-exec-4] BasicTypeRegistry - Adding type registration LocalDateTime -> org.hibernate.type.LocalDateTimeType@fadaa0f
[DEBUG] 2018-04-21 13:00:31.344 [http-nio-8080-exec-4] BasicTypeRegistry - Adding type registration java.time.LocalDateTime -> org.hibernate.type.LocalDateTimeType@fadaa0f
[DEBUG] 2018-04-21 13:00:31.347 [http-nio-8080-exec-4] BasicTypeRegistry - Adding type registration LocalDate -> org.hibernate.type.LocalDateType@44e4d219
[DEBUG] 2018-04-21 13:00:31.347 [http-nio-8080-exec-4] BasicTypeRegistry - Adding type registration java.time.LocalDate -> org.hibernate.type.LocalDateType@44e4d219
[DEBUG] 2018-04-21 13:00:31.348 [http-nio-8080-exec-4] BasicTypeRegistry - Adding type registration LocalTime -> org.hibernate.type.LocalTimeType@8c9e973
[DEBUG] 2018-04-21 13:00:31.348 [http-nio-8080-exec-4] BasicTypeRegistry - Adding type registration java.time.LocalTime -> org.hibernate.type.LocalTimeType@8c9e973
[DEBUG] 2018-04-21 13:00:31.350 [http-nio-8080-exec-4] BasicTypeRegistry - Adding type registration OffsetDateTime -> org.hibernate.type.OffsetDateTimeType@79bd0d2
[DEBUG] 2018-04-21 13:00:31.350 [http-nio-8080-exec-4] BasicTypeRegistry - Adding type registration java.time.OffsetDateTime -> org.hibernate.type.OffsetDateTimeType@79bd0d2
[DEBUG] 2018-04-21 13:00:31.351 [http-nio-8080-exec-4] BasicTypeRegistry - Adding type registration OffsetTime -> org.hibernate.type.OffsetTimeType@6e4d8965
[DEBUG] 2018-04-21 13:00:31.352 [http-nio-8080-exec-4] BasicTypeRegistry - Adding type registration java.time.OffsetTime -> org.hibernate.type.OffsetTimeType@6e4d8965
[DEBUG] 2018-04-21 13:00:31.355 [http-nio-8080-exec-4] BasicTypeRegistry - Adding type registration ZonedDateTime -> org.hibernate.type.ZonedDateTimeType@1337eac5
[DEBUG] 2018-04-21 13:00:31.355 [http-nio-8080-exec-4] BasicTypeRegistry - Adding type registration java.time.ZonedDateTime -> org.hibernate.type.ZonedDateTimeType@1337eac5
[DEBUG] 2018-04-21 13:00:31.358 [http-nio-8080-exec-4] BasicTypeRegistry - Adding type registration date -> org.hibernate.type.DateType@3901f21f
[DEBUG] 2018-04-21 13:00:31.358 [http-nio-8080-exec-4] BasicTypeRegistry - Adding type registration java.sql.Date -> org.hibernate.type.DateType@3901f21f
[DEBUG] 2018-04-21 13:00:31.359 [http-nio-8080-exec-4] BasicTypeRegistry - Adding type registration time -> org.hibernate.type.TimeType@602c9ea4
[DEBUG] 2018-04-21 13:00:31.359 [http-nio-8080-exec-4] BasicTypeRegistry - Adding type registration java.sql.Time -> org.hibernate.type.TimeType@602c9ea4
[DEBUG] 2018-04-21 13:00:31.359 [http-nio-8080-exec-4] BasicTypeRegistry - Adding type registration timestamp -> org.hibernate.type.TimestampType@1d5191a3
[DEBUG] 2018-04-21 13:00:31.360 [http-nio-8080-exec-4] BasicTypeRegistry - Adding type registration java.sql.Timestamp -> org.hibernate.type.TimestampType@1d5191a3
[DEBUG] 2018-04-21 13:00:31.360 [http-nio-8080-exec-4] BasicTypeRegistry - Adding type registration java.util.Date -> org.hibernate.type.TimestampType@1d5191a3
[DEBUG] 2018-04-21 13:00:31.365 [http-nio-8080-exec-4] BasicTypeRegistry - Adding type registration dbtimestamp -> org.hibernate.type.DbTimestampType@5174ec66
[DEBUG] 2018-04-21 13:00:31.366 [http-nio-8080-exec-4] BasicTypeRegistry - Adding type registration calendar -> org.hibernate.type.CalendarType@6c9350fb
[DEBUG] 2018-04-21 13:00:31.367 [http-nio-8080-exec-4] BasicTypeRegistry - Adding type registration java.util.Calendar -> org.hibernate.type.CalendarType@6c9350fb
[DEBUG] 2018-04-21 13:00:31.367 [http-nio-8080-exec-4] BasicTypeRegistry - Adding type registration java.util.GregorianCalendar -> org.hibernate.type.CalendarType@6c9350fb
[DEBUG] 2018-04-21 13:00:31.370 [http-nio-8080-exec-4] BasicTypeRegistry - Adding type registration calendar_date -> org.hibernate.type.CalendarDateType@3affdb30
[DEBUG] 2018-04-21 13:00:31.371 [http-nio-8080-exec-4] BasicTypeRegistry - Adding type registration locale -> org.hibernate.type.LocaleType@758068be
[DEBUG] 2018-04-21 13:00:31.371 [http-nio-8080-exec-4] BasicTypeRegistry - Adding type registration java.util.Locale -> org.hibernate.type.LocaleType@758068be
[DEBUG] 2018-04-21 13:00:31.372 [http-nio-8080-exec-4] BasicTypeRegistry - Adding type registration currency -> org.hibernate.type.CurrencyType@2e88ea43
[DEBUG] 2018-04-21 13:00:31.379 [http-nio-8080-exec-4] BasicTypeRegistry - Adding type registration java.util.Currency -> org.hibernate.type.CurrencyType@2e88ea43
[DEBUG] 2018-04-21 13:00:31.381 [http-nio-8080-exec-4] BasicTypeRegistry - Adding type registration timezone -> org.hibernate.type.TimeZoneType@79feec9b
[DEBUG] 2018-04-21 13:00:31.381 [http-nio-8080-exec-4] BasicTypeRegistry - Adding type registration java.util.TimeZone -> org.hibernate.type.TimeZoneType@79feec9b
[DEBUG] 2018-04-21 13:00:31.383 [http-nio-8080-exec-4] BasicTypeRegistry - Adding type registration class -> org.hibernate.type.ClassType@37393130
[DEBUG] 2018-04-21 13:00:31.388 [http-nio-8080-exec-4] BasicTypeRegistry - Adding type registration java.lang.Class -> org.hibernate.type.ClassType@37393130
[DEBUG] 2018-04-21 13:00:31.395 [http-nio-8080-exec-4] BasicTypeRegistry - Adding type registration uuid-binary -> org.hibernate.type.UUIDBinaryType@87db484
[DEBUG] 2018-04-21 13:00:31.395 [http-nio-8080-exec-4] BasicTypeRegistry - Adding type registration java.util.UUID -> org.hibernate.type.UUIDBinaryType@87db484
[DEBUG] 2018-04-21 13:00:31.396 [http-nio-8080-exec-4] BasicTypeRegistry - Adding type registration uuid-char -> org.hibernate.type.UUIDCharType@26fcaee2
[DEBUG] 2018-04-21 13:00:31.400 [http-nio-8080-exec-4] BasicTypeRegistry - Adding type registration binary -> org.hibernate.type.BinaryType@3e5d356d
[DEBUG] 2018-04-21 13:00:31.400 [http-nio-8080-exec-4] BasicTypeRegistry - Adding type registration byte[] -> org.hibernate.type.BinaryType@3e5d356d
[DEBUG] 2018-04-21 13:00:31.400 [http-nio-8080-exec-4] BasicTypeRegistry - Adding type registration [B -> org.hibernate.type.BinaryType@3e5d356d
[DEBUG] 2018-04-21 13:00:31.401 [http-nio-8080-exec-4] BasicTypeRegistry - Adding type registration wrapper-binary -> org.hibernate.type.WrapperBinaryType@49daba40
[DEBUG] 2018-04-21 13:00:31.401 [http-nio-8080-exec-4] BasicTypeRegistry - Adding type registration Byte[] -> org.hibernate.type.WrapperBinaryType@49daba40
[DEBUG] 2018-04-21 13:00:31.401 [http-nio-8080-exec-4] BasicTypeRegistry - Adding type registration [Ljava.lang.Byte; -> org.hibernate.type.WrapperBinaryType@49daba40
[DEBUG] 2018-04-21 13:00:31.402 [http-nio-8080-exec-4] BasicTypeRegistry - Adding type registration row_version -> org.hibernate.type.RowVersionType@6fe7a9fb
[DEBUG] 2018-04-21 13:00:31.403 [http-nio-8080-exec-4] BasicTypeRegistry - Adding type registration image -> org.hibernate.type.ImageType@41abca7c
[DEBUG] 2018-04-21 13:00:31.403 [http-nio-8080-exec-4] BasicTypeRegistry - Adding type registration characters -> org.hibernate.type.CharArrayType@5f79b413
[DEBUG] 2018-04-21 13:00:31.404 [http-nio-8080-exec-4] BasicTypeRegistry - Adding type registration char[] -> org.hibernate.type.CharArrayType@5f79b413
[DEBUG] 2018-04-21 13:00:31.404 [http-nio-8080-exec-4] BasicTypeRegistry - Adding type registration [C -> org.hibernate.type.CharArrayType@5f79b413
[DEBUG] 2018-04-21 13:00:31.408 [http-nio-8080-exec-4] BasicTypeRegistry - Adding type registration wrapper-characters -> org.hibernate.type.CharacterArrayType@4cfd4056
[DEBUG] 2018-04-21 13:00:31.408 [http-nio-8080-exec-4] BasicTypeRegistry - Adding type registration [Ljava.lang.Character; -> org.hibernate.type.CharacterArrayType@4cfd4056
[DEBUG] 2018-04-21 13:00:31.410 [http-nio-8080-exec-4] BasicTypeRegistry - Adding type registration Character[] -> org.hibernate.type.CharacterArrayType@4cfd4056
[DEBUG] 2018-04-21 13:00:31.411 [http-nio-8080-exec-4] BasicTypeRegistry - Adding type registration text -> org.hibernate.type.TextType@dc66e21
[DEBUG] 2018-04-21 13:00:31.412 [http-nio-8080-exec-4] BasicTypeRegistry - Adding type registration ntext -> org.hibernate.type.NTextType@471f1b7a
[DEBUG] 2018-04-21 13:00:31.416 [http-nio-8080-exec-4] BasicTypeRegistry - Adding type registration blob -> org.hibernate.type.BlobType@3323d80d
[DEBUG] 2018-04-21 13:00:31.417 [http-nio-8080-exec-4] BasicTypeRegistry - Adding type registration java.sql.Blob -> org.hibernate.type.BlobType@3323d80d
[DEBUG] 2018-04-21 13:00:31.417 [http-nio-8080-exec-4] BasicTypeRegistry - Adding type registration materialized_blob -> org.hibernate.type.MaterializedBlobType@563f858b
[DEBUG] 2018-04-21 13:00:31.421 [http-nio-8080-exec-4] BasicTypeRegistry - Adding type registration clob -> org.hibernate.type.ClobType@4474341b
[DEBUG] 2018-04-21 13:00:31.422 [http-nio-8080-exec-4] BasicTypeRegistry - Adding type registration java.sql.Clob -> org.hibernate.type.ClobType@4474341b
[DEBUG] 2018-04-21 13:00:31.427 [http-nio-8080-exec-4] BasicTypeRegistry - Adding type registration nclob -> org.hibernate.type.NClobType@6bf420ae
[DEBUG] 2018-04-21 13:00:31.427 [http-nio-8080-exec-4] BasicTypeRegistry - Adding type registration java.sql.NClob -> org.hibernate.type.NClobType@6bf420ae
[DEBUG] 2018-04-21 13:00:31.427 [http-nio-8080-exec-4] BasicTypeRegistry - Adding type registration materialized_clob -> org.hibernate.type.MaterializedClobType@73ce5c9a
[DEBUG] 2018-04-21 13:00:31.428 [http-nio-8080-exec-4] BasicTypeRegistry - Adding type registration materialized_nclob -> org.hibernate.type.MaterializedNClobType@21ec03d7
[DEBUG] 2018-04-21 13:00:31.429 [http-nio-8080-exec-4] BasicTypeRegistry - Adding type registration serializable -> org.hibernate.type.SerializableType@4ff94c43
[DEBUG] 2018-04-21 13:00:31.432 [http-nio-8080-exec-4] BasicTypeRegistry - Adding type registration object -> org.hibernate.type.ObjectType@71db45fe
[DEBUG] 2018-04-21 13:00:31.432 [http-nio-8080-exec-4] BasicTypeRegistry - Adding type registration java.lang.Object -> org.hibernate.type.ObjectType@71db45fe
[DEBUG] 2018-04-21 13:00:31.432 [http-nio-8080-exec-4] BasicTypeRegistry - Adding type registration imm_date -> org.hibernate.type.AdaptedImmutableType@7e5289da
[DEBUG] 2018-04-21 13:00:31.432 [http-nio-8080-exec-4] BasicTypeRegistry - Adding type registration imm_time -> org.hibernate.type.AdaptedImmutableType@558dd75b
[DEBUG] 2018-04-21 13:00:31.432 [http-nio-8080-exec-4] BasicTypeRegistry - Adding type registration imm_timestamp -> org.hibernate.type.AdaptedImmutableType@788e4996
[DEBUG] 2018-04-21 13:00:31.433 [http-nio-8080-exec-4] BasicTypeRegistry - Adding type registration imm_dbtimestamp -> org.hibernate.type.AdaptedImmutableType@9a47021
[DEBUG] 2018-04-21 13:00:31.433 [http-nio-8080-exec-4] BasicTypeRegistry - Adding type registration imm_calendar -> org.hibernate.type.AdaptedImmutableType@63d22496
[DEBUG] 2018-04-21 13:00:31.433 [http-nio-8080-exec-4] BasicTypeRegistry - Adding type registration imm_calendar_date -> org.hibernate.type.AdaptedImmutableType@585e00b8
[DEBUG] 2018-04-21 13:00:31.433 [http-nio-8080-exec-4] BasicTypeRegistry - Adding type registration imm_binary -> org.hibernate.type.AdaptedImmutableType@529630dc
[DEBUG] 2018-04-21 13:00:31.433 [http-nio-8080-exec-4] BasicTypeRegistry - Adding type registration imm_serializable -> org.hibernate.type.AdaptedImmutableType@781967d7
[INFO ] 2018-04-21 13:00:31.453 [http-nio-8080-exec-4] C3P0ConnectionProvider - HHH010002: C3P0 using driver: com.mysql.jdbc.Driver at URL: jdbc:mysql://localhost:3306/puppy_playtime_test
[INFO ] 2018-04-21 13:00:31.454 [http-nio-8080-exec-4] C3P0ConnectionProvider - HHH10001001: Connection properties: {user=root, password=****}
[INFO ] 2018-04-21 13:00:31.454 [http-nio-8080-exec-4] C3P0ConnectionProvider - HHH10001003: Autocommit mode: false
[INFO ] 2018-04-21 13:00:31.802 [http-nio-8080-exec-4] C3P0ConnectionProvider - HHH10001007: JDBC isolation level: <unknown>
[DEBUG] 2018-04-21 13:00:32.316 [http-nio-8080-exec-4] JdbcEnvironmentInitiator - Database ->
       name : MySQL
    version : 5.7.21-0ubuntu0.16.04.1
      major : 5
      minor : 7
[DEBUG] 2018-04-21 13:00:32.322 [http-nio-8080-exec-4] JdbcEnvironmentInitiator - Driver ->
       name : MySQL Connector Java
    version : mysql-connector-java-5.1.39 ( Revision: 3289a357af6d09ecc1a10fd3c26e95183e5790ad )
      major : 5
      minor : 1
[DEBUG] 2018-04-21 13:00:32.324 [http-nio-8080-exec-4] JdbcEnvironmentInitiator - JDBC version : 4.0
[INFO ] 2018-04-21 13:00:32.342 [http-nio-8080-exec-4] Dialect - HHH000400: Using dialect: org.hibernate.dialect.MySQL5Dialect
[DEBUG] 2018-04-21 13:00:32.408 [http-nio-8080-exec-4] IdentifierHelperBuilder - JDBC driver metadata reported database stores quoted identifiers in more than one case
[DEBUG] 2018-04-21 13:00:32.414 [http-nio-8080-exec-4] IdentifierHelperBuilder - IdentifierCaseStrategy for both quoted and unquoted identifiers was set to the same strategy [MIXED]; that will likely lead to problems in schema update and validation if using quoted identifiers
[DEBUG] 2018-04-21 13:00:32.480 [http-nio-8080-exec-4] DefaultIdentifierGeneratorFactory - Registering IdentifierGenerator strategy [uuid2] -> [org.hibernate.id.UUIDGenerator]
[DEBUG] 2018-04-21 13:00:32.481 [http-nio-8080-exec-4] DefaultIdentifierGeneratorFactory - Registering IdentifierGenerator strategy [guid] -> [org.hibernate.id.GUIDGenerator]
[DEBUG] 2018-04-21 13:00:32.482 [http-nio-8080-exec-4] DefaultIdentifierGeneratorFactory - Registering IdentifierGenerator strategy [uuid] -> [org.hibernate.id.UUIDHexGenerator]
[DEBUG] 2018-04-21 13:00:32.486 [http-nio-8080-exec-4] DefaultIdentifierGeneratorFactory - Registering IdentifierGenerator strategy [uuid.hex] -> [org.hibernate.id.UUIDHexGenerator]
[DEBUG] 2018-04-21 13:00:32.486 [http-nio-8080-exec-4] DefaultIdentifierGeneratorFactory - Registering IdentifierGenerator strategy [assigned] -> [org.hibernate.id.Assigned]
[DEBUG] 2018-04-21 13:00:32.487 [http-nio-8080-exec-4] DefaultIdentifierGeneratorFactory - Registering IdentifierGenerator strategy [identity] -> [org.hibernate.id.IdentityGenerator]
[DEBUG] 2018-04-21 13:00:32.488 [http-nio-8080-exec-4] DefaultIdentifierGeneratorFactory - Registering IdentifierGenerator strategy [select] -> [org.hibernate.id.SelectGenerator]
[DEBUG] 2018-04-21 13:00:32.492 [http-nio-8080-exec-4] DefaultIdentifierGeneratorFactory - Registering IdentifierGenerator strategy [sequence] -> [org.hibernate.id.enhanced.SequenceStyleGenerator]
[DEBUG] 2018-04-21 13:00:32.495 [http-nio-8080-exec-4] DefaultIdentifierGeneratorFactory - Registering IdentifierGenerator strategy [seqhilo] -> [org.hibernate.id.SequenceHiLoGenerator]
[DEBUG] 2018-04-21 13:00:32.497 [http-nio-8080-exec-4] DefaultIdentifierGeneratorFactory - Registering IdentifierGenerator strategy [increment] -> [org.hibernate.id.IncrementGenerator]
[DEBUG] 2018-04-21 13:00:32.497 [http-nio-8080-exec-4] DefaultIdentifierGeneratorFactory - Registering IdentifierGenerator strategy [foreign] -> [org.hibernate.id.ForeignGenerator]
[DEBUG] 2018-04-21 13:00:32.498 [http-nio-8080-exec-4] DefaultIdentifierGeneratorFactory - Registering IdentifierGenerator strategy [sequence-identity] -> [org.hibernate.id.SequenceIdentityGenerator]
[DEBUG] 2018-04-21 13:00:32.498 [http-nio-8080-exec-4] DefaultIdentifierGeneratorFactory - Registering IdentifierGenerator strategy [enhanced-sequence] -> [org.hibernate.id.enhanced.SequenceStyleGenerator]
[DEBUG] 2018-04-21 13:00:32.501 [http-nio-8080-exec-4] DefaultIdentifierGeneratorFactory - Registering IdentifierGenerator strategy [enhanced-table] -> [org.hibernate.id.enhanced.TableGenerator]
[DEBUG] 2018-04-21 13:00:32.584 [http-nio-8080-exec-4] Namespace - Created database namespace [logicalName=Name{catalog=null, schema=null}, physicalName=Name{catalog=null, schema=null}]
[DEBUG] 2018-04-21 13:00:32.619 [http-nio-8080-exec-4] AnnotationBinder - Binding entity from annotated class: com.choinoski.entity.Pack
[DEBUG] 2018-04-21 13:00:32.663 [http-nio-8080-exec-4] Ejb3Column - Binding column: Ejb3DiscriminatorColumn{logicalColumnName'DTYPE', discriminatorTypeName='string'}
[DEBUG] 2018-04-21 13:00:32.672 [http-nio-8080-exec-4] EntityBinder - Import with entity name Pack
[DEBUG] 2018-04-21 13:00:32.680 [http-nio-8080-exec-4] EntityBinder - Bind entity com.choinoski.entity.Pack on table pack
[DEBUG] 2018-04-21 13:00:32.737 [http-nio-8080-exec-4] Ejb3Column - Binding column: Ejb3Column{table=org.hibernate.mapping.Table(pack), mappingColumn=pack_nr, insertable=true, updatable=true, unique=false}
[DEBUG] 2018-04-21 13:00:32.746 [http-nio-8080-exec-4] PropertyBinder - MetadataSourceProcessor property packNumber with lazy=false
[DEBUG] 2018-04-21 13:00:32.750 [http-nio-8080-exec-4] AbstractPropertyHolder - Attempting to locate auto-apply AttributeConverter for property [com.choinoski.entity.Pack:packNumber]
[DEBUG] 2018-04-21 13:00:32.752 [http-nio-8080-exec-4] SimpleValueBinder - building SimpleValue for packNumber
[DEBUG] 2018-04-21 13:00:32.754 [http-nio-8080-exec-4] PropertyBinder - Building property packNumber
[DEBUG] 2018-04-21 13:00:32.769 [http-nio-8080-exec-4] Ejb3Column - Binding column: Ejb3Column{table=org.hibernate.mapping.Table(pack), mappingColumn=address, insertable=true, updatable=true, unique=false}
[DEBUG] 2018-04-21 13:00:32.770 [http-nio-8080-exec-4] PropertyBinder - MetadataSourceProcessor property address with lazy=false
[DEBUG] 2018-04-21 13:00:32.770 [http-nio-8080-exec-4] AbstractPropertyHolder - Attempting to locate auto-apply AttributeConverter for property [com.choinoski.entity.Pack:address]
[DEBUG] 2018-04-21 13:00:32.770 [http-nio-8080-exec-4] SimpleValueBinder - building SimpleValue for address
[DEBUG] 2018-04-21 13:00:32.770 [http-nio-8080-exec-4] PropertyBinder - Building property address
[DEBUG] 2018-04-21 13:00:32.770 [http-nio-8080-exec-4] Ejb3Column - Binding column: Ejb3Column{table=org.hibernate.mapping.Table(pack), mappingColumn=dao, insertable=true, updatable=true, unique=false}
[DEBUG] 2018-04-21 13:00:32.770 [http-nio-8080-exec-4] PropertyBinder - MetadataSourceProcessor property dao with lazy=false
[DEBUG] 2018-04-21 13:00:32.770 [http-nio-8080-exec-4] AbstractPropertyHolder - Attempting to locate auto-apply AttributeConverter for property [com.choinoski.entity.Pack:dao]
[DEBUG] 2018-04-21 13:00:32.771 [http-nio-8080-exec-4] SimpleValueBinder - building SimpleValue for dao
[DEBUG] 2018-04-21 13:00:32.771 [http-nio-8080-exec-4] PropertyBinder - Building property dao
[DEBUG] 2018-04-21 13:00:32.772 [http-nio-8080-exec-4] Ejb3Column - Binding column: Ejb3Column{table=org.hibernate.mapping.Table(pack), mappingColumn=email_address, insertable=true, updatable=true, unique=false}
[DEBUG] 2018-04-21 13:00:32.772 [http-nio-8080-exec-4] PropertyBinder - MetadataSourceProcessor property emailAddress with lazy=false
[DEBUG] 2018-04-21 13:00:32.773 [http-nio-8080-exec-4] AbstractPropertyHolder - Attempting to locate auto-apply AttributeConverter for property [com.choinoski.entity.Pack:emailAddress]
[DEBUG] 2018-04-21 13:00:32.774 [http-nio-8080-exec-4] SimpleValueBinder - building SimpleValue for emailAddress
[DEBUG] 2018-04-21 13:00:32.774 [http-nio-8080-exec-4] PropertyBinder - Building property emailAddress
[DEBUG] 2018-04-21 13:00:32.774 [http-nio-8080-exec-4] Ejb3Column - Binding column: Ejb3Column{table=org.hibernate.mapping.Table(pack), mappingColumn=first_name, insertable=true, updatable=true, unique=false}
[DEBUG] 2018-04-21 13:00:32.774 [http-nio-8080-exec-4] PropertyBinder - MetadataSourceProcessor property firstName with lazy=false
[DEBUG] 2018-04-21 13:00:32.775 [http-nio-8080-exec-4] AbstractPropertyHolder - Attempting to locate auto-apply AttributeConverter for property [com.choinoski.entity.Pack:firstName]
[DEBUG] 2018-04-21 13:00:32.775 [http-nio-8080-exec-4] SimpleValueBinder - building SimpleValue for firstName
[DEBUG] 2018-04-21 13:00:32.775 [http-nio-8080-exec-4] PropertyBinder - Building property firstName
[DEBUG] 2018-04-21 13:00:32.776 [http-nio-8080-exec-4] Ejb3Column - Binding column: Ejb3Column{table=org.hibernate.mapping.Table(pack), mappingColumn=last_name, insertable=true, updatable=true, unique=false}
[DEBUG] 2018-04-21 13:00:32.776 [http-nio-8080-exec-4] PropertyBinder - MetadataSourceProcessor property lastName with lazy=false
[DEBUG] 2018-04-21 13:00:32.776 [http-nio-8080-exec-4] AbstractPropertyHolder - Attempting to locate auto-apply AttributeConverter for property [com.choinoski.entity.Pack:lastName]
[DEBUG] 2018-04-21 13:00:32.776 [http-nio-8080-exec-4] SimpleValueBinder - building SimpleValue for lastName
[DEBUG] 2018-04-21 13:00:32.776 [http-nio-8080-exec-4] PropertyBinder - Building property lastName
[DEBUG] 2018-04-21 13:00:32.778 [http-nio-8080-exec-4] Ejb3Column - Binding column: Ejb3JoinColumn{logicalColumnName='null', referencedColumn='null', mappedBy='pack'}
[DEBUG] 2018-04-21 13:00:32.778 [http-nio-8080-exec-4] Ejb3Column - Binding column: Ejb3Column{table=org.hibernate.mapping.Table(pack), mappingColumn=members, insertable=true, updatable=true, unique=false}
[DEBUG] 2018-04-21 13:00:32.779 [http-nio-8080-exec-4] Ejb3Column - Binding column: Ejb3Column{table=org.hibernate.mapping.Table(pack), mappingColumn=null, insertable=true, updatable=true, unique=false}
[DEBUG] 2018-04-21 13:00:32.794 [http-nio-8080-exec-4] Ejb3Column - Binding column: Ejb3Column{table=org.hibernate.mapping.Table(pack), mappingColumn=element, insertable=true, updatable=true, unique=false}
[DEBUG] 2018-04-21 13:00:32.795 [http-nio-8080-exec-4] Ejb3Column - Binding column: Ejb3Column{table=org.hibernate.mapping.Table(pack), mappingColumn=members_KEY, insertable=true, updatable=true, unique=false}
[DEBUG] 2018-04-21 13:00:32.797 [http-nio-8080-exec-4] Ejb3Column - Binding column: Ejb3JoinColumn{logicalColumnName='members_KEY', referencedColumn='null', mappedBy='null'}
[DEBUG] 2018-04-21 13:00:32.798 [http-nio-8080-exec-4] Ejb3Column - Binding column: Ejb3JoinColumn{logicalColumnName='null', referencedColumn='null', mappedBy='pack'}
[DEBUG] 2018-04-21 13:00:32.798 [http-nio-8080-exec-4] Ejb3Column - Binding column: Ejb3JoinColumn{logicalColumnName='null', referencedColumn='null', mappedBy='pack'}
[DEBUG] 2018-04-21 13:00:32.798 [http-nio-8080-exec-4] CollectionBinder - Collection role: com.choinoski.entity.Pack.members
[DEBUG] 2018-04-21 13:00:32.801 [http-nio-8080-exec-4] PropertyBinder - Building property members
[DEBUG] 2018-04-21 13:00:32.802 [http-nio-8080-exec-4] Ejb3Column - Binding column: Ejb3Column{table=org.hibernate.mapping.Table(pack), mappingColumn=pack_name, insertable=true, updatable=true, unique=false}
[DEBUG] 2018-04-21 13:00:32.802 [http-nio-8080-exec-4] PropertyBinder - MetadataSourceProcessor property packName with lazy=false
[DEBUG] 2018-04-21 13:00:32.802 [http-nio-8080-exec-4] AbstractPropertyHolder - Attempting to locate auto-apply AttributeConverter for property [com.choinoski.entity.Pack:packName]
[DEBUG] 2018-04-21 13:00:32.802 [http-nio-8080-exec-4] SimpleValueBinder - building SimpleValue for packName
[DEBUG] 2018-04-21 13:00:32.802 [http-nio-8080-exec-4] PropertyBinder - Building property packName
[DEBUG] 2018-04-21 13:00:32.803 [http-nio-8080-exec-4] Ejb3Column - Binding column: Ejb3Column{table=org.hibernate.mapping.Table(pack), mappingColumn=password, insertable=true, updatable=true, unique=false}
[DEBUG] 2018-04-21 13:00:32.803 [http-nio-8080-exec-4] PropertyBinder - MetadataSourceProcessor property password with lazy=false
[DEBUG] 2018-04-21 13:00:32.803 [http-nio-8080-exec-4] AbstractPropertyHolder - Attempting to locate auto-apply AttributeConverter for property [com.choinoski.entity.Pack:password]
[DEBUG] 2018-04-21 13:00:32.803 [http-nio-8080-exec-4] SimpleValueBinder - building SimpleValue for password
[DEBUG] 2018-04-21 13:00:32.803 [http-nio-8080-exec-4] PropertyBinder - Building property password
[DEBUG] 2018-04-21 13:00:32.804 [http-nio-8080-exec-4] Ejb3Column - Binding column: Ejb3Column{table=org.hibernate.mapping.Table(pack), mappingColumn=phone_number, insertable=true, updatable=true, unique=false}
[DEBUG] 2018-04-21 13:00:32.804 [http-nio-8080-exec-4] PropertyBinder - MetadataSourceProcessor property phoneNumber with lazy=false
[DEBUG] 2018-04-21 13:00:32.804 [http-nio-8080-exec-4] AbstractPropertyHolder - Attempting to locate auto-apply AttributeConverter for property [com.choinoski.entity.Pack:phoneNumber]
[DEBUG] 2018-04-21 13:00:32.804 [http-nio-8080-exec-4] SimpleValueBinder - building SimpleValue for phoneNumber
[DEBUG] 2018-04-21 13:00:32.804 [http-nio-8080-exec-4] PropertyBinder - Building property phoneNumber
[DEBUG] 2018-04-21 13:00:32.804 [http-nio-8080-exec-4] Ejb3Column - Binding column: Ejb3JoinColumn{logicalColumnName='null', referencedColumn='null', mappedBy='pack'}
[DEBUG] 2018-04-21 13:00:32.804 [http-nio-8080-exec-4] Ejb3Column - Binding column: Ejb3Column{table=org.hibernate.mapping.Table(pack), mappingColumn=roles, insertable=true, updatable=true, unique=false}
[DEBUG] 2018-04-21 13:00:32.804 [http-nio-8080-exec-4] Ejb3Column - Binding column: Ejb3Column{table=org.hibernate.mapping.Table(pack), mappingColumn=null, insertable=true, updatable=true, unique=false}
[DEBUG] 2018-04-21 13:00:32.804 [http-nio-8080-exec-4] Ejb3Column - Binding column: Ejb3Column{table=org.hibernate.mapping.Table(pack), mappingColumn=element, insertable=true, updatable=true, unique=false}
[DEBUG] 2018-04-21 13:00:32.804 [http-nio-8080-exec-4] Ejb3Column - Binding column: Ejb3Column{table=org.hibernate.mapping.Table(pack), mappingColumn=roles_KEY, insertable=true, updatable=true, unique=false}
[DEBUG] 2018-04-21 13:00:32.805 [http-nio-8080-exec-4] Ejb3Column - Binding column: Ejb3JoinColumn{logicalColumnName='roles_KEY', referencedColumn='null', mappedBy='null'}
[DEBUG] 2018-04-21 13:00:32.805 [http-nio-8080-exec-4] Ejb3Column - Binding column: Ejb3JoinColumn{logicalColumnName='null', referencedColumn='null', mappedBy='pack'}
[DEBUG] 2018-04-21 13:00:32.805 [http-nio-8080-exec-4] Ejb3Column - Binding column: Ejb3JoinColumn{logicalColumnName='null', referencedColumn='null', mappedBy='pack'}
[DEBUG] 2018-04-21 13:00:32.805 [http-nio-8080-exec-4] CollectionBinder - Collection role: com.choinoski.entity.Pack.roles
[DEBUG] 2018-04-21 13:00:32.805 [http-nio-8080-exec-4] PropertyBinder - Building property roles
[DEBUG] 2018-04-21 13:00:32.806 [http-nio-8080-exec-4] AnnotationBinder - Binding entity from annotated class: com.choinoski.entity.PackMember
[DEBUG] 2018-04-21 13:00:32.806 [http-nio-8080-exec-4] Ejb3Column - Binding column: Ejb3DiscriminatorColumn{logicalColumnName'DTYPE', discriminatorTypeName='string'}
[DEBUG] 2018-04-21 13:00:32.807 [http-nio-8080-exec-4] EntityBinder - Import with entity name PackMember
[DEBUG] 2018-04-21 13:00:32.810 [http-nio-8080-exec-4] EntityBinder - Bind entity com.choinoski.entity.PackMember on table pack_member
[DEBUG] 2018-04-21 13:00:32.823 [http-nio-8080-exec-4] Ejb3Column - Binding column: Ejb3Column{table=org.hibernate.mapping.Table(pack_member), mappingColumn=pack_member_nr, insertable=true, updatable=true, unique=false}
[DEBUG] 2018-04-21 13:00:32.829 [http-nio-8080-exec-4] PropertyBinder - MetadataSourceProcessor property packMemberNumber with lazy=false
[DEBUG] 2018-04-21 13:00:32.829 [http-nio-8080-exec-4] AbstractPropertyHolder - Attempting to locate auto-apply AttributeConverter for property [com.choinoski.entity.PackMember:packMemberNumber]
[DEBUG] 2018-04-21 13:00:32.829 [http-nio-8080-exec-4] SimpleValueBinder - building SimpleValue for packMemberNumber
[DEBUG] 2018-04-21 13:00:32.829 [http-nio-8080-exec-4] PropertyBinder - Building property packMemberNumber
[DEBUG] 2018-04-21 13:00:32.829 [http-nio-8080-exec-4] Ejb3Column - Binding column: Ejb3Column{table=org.hibernate.mapping.Table(pack_member), mappingColumn=breed, insertable=true, updatable=true, unique=false}
[DEBUG] 2018-04-21 13:00:32.829 [http-nio-8080-exec-4] PropertyBinder - MetadataSourceProcessor property breed with lazy=false
[DEBUG] 2018-04-21 13:00:32.829 [http-nio-8080-exec-4] AbstractPropertyHolder - Attempting to locate auto-apply AttributeConverter for property [com.choinoski.entity.PackMember:breed]
[DEBUG] 2018-04-21 13:00:32.829 [http-nio-8080-exec-4] SimpleValueBinder - building SimpleValue for breed
[DEBUG] 2018-04-21 13:00:32.829 [http-nio-8080-exec-4] PropertyBinder - Building property breed
[DEBUG] 2018-04-21 13:00:32.830 [http-nio-8080-exec-4] Ejb3Column - Binding column: Ejb3Column{table=org.hibernate.mapping.Table(pack_member), mappingColumn=create_date, insertable=true, updatable=true, unique=false}
[DEBUG] 2018-04-21 13:00:32.830 [http-nio-8080-exec-4] PropertyBinder - MetadataSourceProcessor property createDate with lazy=false
[DEBUG] 2018-04-21 13:00:32.830 [http-nio-8080-exec-4] AbstractPropertyHolder - Attempting to locate auto-apply AttributeConverter for property [com.choinoski.entity.PackMember:createDate]
[DEBUG] 2018-04-21 13:00:32.830 [http-nio-8080-exec-4] SimpleValueBinder - building SimpleValue for createDate
[DEBUG] 2018-04-21 13:00:32.830 [http-nio-8080-exec-4] PropertyBinder - Building property createDate
[DEBUG] 2018-04-21 13:00:32.852 [http-nio-8080-exec-4] Ejb3Column - Binding column: Ejb3Column{table=org.hibernate.mapping.Table(pack_member), mappingColumn=date_of_birth, insertable=true, updatable=true, unique=false}
[DEBUG] 2018-04-21 13:00:32.853 [http-nio-8080-exec-4] PropertyBinder - MetadataSourceProcessor property dateOfBirth with lazy=false
[DEBUG] 2018-04-21 13:00:32.853 [http-nio-8080-exec-4] AbstractPropertyHolder - Attempting to locate auto-apply AttributeConverter for property [com.choinoski.entity.PackMember:dateOfBirth]
[DEBUG] 2018-04-21 13:00:32.853 [http-nio-8080-exec-4] SimpleValueBinder - building SimpleValue for dateOfBirth
[DEBUG] 2018-04-21 13:00:32.853 [http-nio-8080-exec-4] PropertyBinder - Building property dateOfBirth
[DEBUG] 2018-04-21 13:00:32.853 [http-nio-8080-exec-4] Ejb3Column - Binding column: Ejb3Column{table=org.hibernate.mapping.Table(pack_member), mappingColumn=intact, insertable=true, updatable=true, unique=false}
[DEBUG] 2018-04-21 13:00:32.853 [http-nio-8080-exec-4] PropertyBinder - MetadataSourceProcessor property intact with lazy=false
[DEBUG] 2018-04-21 13:00:32.853 [http-nio-8080-exec-4] AbstractPropertyHolder - Attempting to locate auto-apply AttributeConverter for property [com.choinoski.entity.PackMember:intact]
[DEBUG] 2018-04-21 13:00:32.853 [http-nio-8080-exec-4] SimpleValueBinder - building SimpleValue for intact
[DEBUG] 2018-04-21 13:00:32.853 [http-nio-8080-exec-4] PropertyBinder - Building property intact
[DEBUG] 2018-04-21 13:00:32.853 [http-nio-8080-exec-4] Ejb3Column - Binding column: Ejb3Column{table=org.hibernate.mapping.Table(pack_member), mappingColumn=last_modified_date, insertable=true, updatable=true, unique=false}
[DEBUG] 2018-04-21 13:00:32.853 [http-nio-8080-exec-4] PropertyBinder - MetadataSourceProcessor property lastModifiedDate with lazy=false
[DEBUG] 2018-04-21 13:00:32.853 [http-nio-8080-exec-4] AbstractPropertyHolder - Attempting to locate auto-apply AttributeConverter for property [com.choinoski.entity.PackMember:lastModifiedDate]
[DEBUG] 2018-04-21 13:00:32.854 [http-nio-8080-exec-4] SimpleValueBinder - building SimpleValue for lastModifiedDate
[DEBUG] 2018-04-21 13:00:32.854 [http-nio-8080-exec-4] PropertyBinder - Building property lastModifiedDate
[DEBUG] 2018-04-21 13:00:32.855 [http-nio-8080-exec-4] Ejb3Column - Binding column: Ejb3Column{table=org.hibernate.mapping.Table(pack_member), mappingColumn=name, insertable=true, updatable=true, unique=false}
[DEBUG] 2018-04-21 13:00:32.861 [http-nio-8080-exec-4] PropertyBinder - MetadataSourceProcessor property name with lazy=false
[DEBUG] 2018-04-21 13:00:32.862 [http-nio-8080-exec-4] AbstractPropertyHolder - Attempting to locate auto-apply AttributeConverter for property [com.choinoski.entity.PackMember:name]
[DEBUG] 2018-04-21 13:00:32.863 [http-nio-8080-exec-4] SimpleValueBinder - building SimpleValue for name
[DEBUG] 2018-04-21 13:00:32.864 [http-nio-8080-exec-4] PropertyBinder - Building property name
[DEBUG] 2018-04-21 13:00:32.864 [http-nio-8080-exec-4] Ejb3Column - Binding column: Ejb3JoinColumn{logicalColumnName='pack_nr', referencedColumn='', mappedBy=''}
[DEBUG] 2018-04-21 13:00:32.865 [http-nio-8080-exec-4] Ejb3Column - Binding column: Ejb3Column{table=org.hibernate.mapping.Table(pack_member), mappingColumn=pack, insertable=true, updatable=true, unique=false}
[DEBUG] 2018-04-21 13:00:32.869 [http-nio-8080-exec-4] PropertyBinder - Building property pack
[DEBUG] 2018-04-21 13:00:32.871 [http-nio-8080-exec-4] Ejb3Column - Binding column: Ejb3Column{table=org.hibernate.mapping.Table(pack_member), mappingColumn=sex, insertable=true, updatable=true, unique=false}
[DEBUG] 2018-04-21 13:00:32.873 [http-nio-8080-exec-4] PropertyBinder - MetadataSourceProcessor property sex with lazy=false
[DEBUG] 2018-04-21 13:00:32.877 [http-nio-8080-exec-4] AbstractPropertyHolder - Attempting to locate auto-apply AttributeConverter for property [com.choinoski.entity.PackMember:sex]
[DEBUG] 2018-04-21 13:00:32.877 [http-nio-8080-exec-4] SimpleValueBinder - building SimpleValue for sex
[DEBUG] 2018-04-21 13:00:32.878 [http-nio-8080-exec-4] PropertyBinder - Building property sex
[DEBUG] 2018-04-21 13:00:32.878 [http-nio-8080-exec-4] Ejb3Column - Binding column: Ejb3Column{table=org.hibernate.mapping.Table(pack_member), mappingColumn=size, insertable=true, updatable=true, unique=false}
[DEBUG] 2018-04-21 13:00:32.878 [http-nio-8080-exec-4] PropertyBinder - MetadataSourceProcessor property size with lazy=false
[DEBUG] 2018-04-21 13:00:32.878 [http-nio-8080-exec-4] AbstractPropertyHolder - Attempting to locate auto-apply AttributeConverter for property [com.choinoski.entity.PackMember:size]
[DEBUG] 2018-04-21 13:00:32.878 [http-nio-8080-exec-4] SimpleValueBinder - building SimpleValue for size
[DEBUG] 2018-04-21 13:00:32.878 [http-nio-8080-exec-4] PropertyBinder - Building property size
[DEBUG] 2018-04-21 13:00:32.878 [http-nio-8080-exec-4] Ejb3Column - Binding column: Ejb3Column{table=org.hibernate.mapping.Table(pack_member), mappingColumn=weight, insertable=true, updatable=true, unique=false}
[DEBUG] 2018-04-21 13:00:32.878 [http-nio-8080-exec-4] PropertyBinder - MetadataSourceProcessor property weight with lazy=false
[DEBUG] 2018-04-21 13:00:32.878 [http-nio-8080-exec-4] AbstractPropertyHolder - Attempting to locate auto-apply AttributeConverter for property [com.choinoski.entity.PackMember:weight]
[DEBUG] 2018-04-21 13:00:32.878 [http-nio-8080-exec-4] SimpleValueBinder - building SimpleValue for weight
[DEBUG] 2018-04-21 13:00:32.878 [http-nio-8080-exec-4] PropertyBinder - Building property weight
[DEBUG] 2018-04-21 13:00:32.878 [http-nio-8080-exec-4] AnnotationBinder - Binding entity from annotated class: com.choinoski.entity.PackLeader
[DEBUG] 2018-04-21 13:00:32.879 [http-nio-8080-exec-4] Ejb3Column - Binding column: Ejb3DiscriminatorColumn{logicalColumnName'DTYPE', discriminatorTypeName='string'}
[DEBUG] 2018-04-21 13:00:32.879 [http-nio-8080-exec-4] EntityBinder - Import with entity name PackLeader
[DEBUG] 2018-04-21 13:00:32.880 [http-nio-8080-exec-4] EntityBinder - Bind entity com.choinoski.entity.PackLeader on table pack_leader
[DEBUG] 2018-04-21 13:00:32.883 [http-nio-8080-exec-4] Ejb3Column - Binding column: Ejb3Column{table=org.hibernate.mapping.Table(pack_leader), mappingColumn=pack_leader_nr, insertable=true, updatable=true, unique=false}
[DEBUG] 2018-04-21 13:00:32.883 [http-nio-8080-exec-4] PropertyBinder - MetadataSourceProcessor property packLeaderNumber with lazy=false
[DEBUG] 2018-04-21 13:00:32.883 [http-nio-8080-exec-4] AbstractPropertyHolder - Attempting to locate auto-apply AttributeConverter for property [com.choinoski.entity.PackLeader:packLeaderNumber]
[DEBUG] 2018-04-21 13:00:32.883 [http-nio-8080-exec-4] SimpleValueBinder - building SimpleValue for packLeaderNumber
[DEBUG] 2018-04-21 13:00:32.883 [http-nio-8080-exec-4] PropertyBinder - Building property packLeaderNumber
[DEBUG] 2018-04-21 13:00:32.883 [http-nio-8080-exec-4] Ejb3Column - Binding column: Ejb3Column{table=org.hibernate.mapping.Table(pack_leader), mappingColumn=address, insertable=true, updatable=true, unique=false}
[DEBUG] 2018-04-21 13:00:32.883 [http-nio-8080-exec-4] PropertyBinder - MetadataSourceProcessor property address with lazy=false
[DEBUG] 2018-04-21 13:00:32.883 [http-nio-8080-exec-4] AbstractPropertyHolder - Attempting to locate auto-apply AttributeConverter for property [com.choinoski.entity.PackLeader:address]
[DEBUG] 2018-04-21 13:00:32.883 [http-nio-8080-exec-4] SimpleValueBinder - building SimpleValue for address
[DEBUG] 2018-04-21 13:00:32.884 [http-nio-8080-exec-4] PropertyBinder - Building property address
[DEBUG] 2018-04-21 13:00:32.884 [http-nio-8080-exec-4] Ejb3Column - Binding column: Ejb3Column{table=org.hibernate.mapping.Table(pack_leader), mappingColumn=create_date, insertable=true, updatable=true, unique=false}
[DEBUG] 2018-04-21 13:00:32.884 [http-nio-8080-exec-4] PropertyBinder - MetadataSourceProcessor property createDate with lazy=false
[DEBUG] 2018-04-21 13:00:32.884 [http-nio-8080-exec-4] AbstractPropertyHolder - Attempting to locate auto-apply AttributeConverter for property [com.choinoski.entity.PackLeader:createDate]
[DEBUG] 2018-04-21 13:00:32.884 [http-nio-8080-exec-4] SimpleValueBinder - building SimpleValue for createDate
[DEBUG] 2018-04-21 13:00:32.884 [http-nio-8080-exec-4] PropertyBinder - Building property createDate
[DEBUG] 2018-04-21 13:00:32.884 [http-nio-8080-exec-4] Ejb3Column - Binding column: Ejb3Column{table=org.hibernate.mapping.Table(pack_leader), mappingColumn=email_address, insertable=true, updatable=true, unique=false}
[DEBUG] 2018-04-21 13:00:32.888 [http-nio-8080-exec-4] PropertyBinder - MetadataSourceProcessor property emailAddress with lazy=false
[DEBUG] 2018-04-21 13:00:32.888 [http-nio-8080-exec-4] AbstractPropertyHolder - Attempting to locate auto-apply AttributeConverter for property [com.choinoski.entity.PackLeader:emailAddress]
[DEBUG] 2018-04-21 13:00:32.888 [http-nio-8080-exec-4] SimpleValueBinder - building SimpleValue for emailAddress
[DEBUG] 2018-04-21 13:00:32.888 [http-nio-8080-exec-4] PropertyBinder - Building property emailAddress
[DEBUG] 2018-04-21 13:00:32.889 [http-nio-8080-exec-4] Ejb3Column - Binding column: Ejb3Column{table=org.hibernate.mapping.Table(pack_leader), mappingColumn=last_modified_date, insertable=true, updatable=true, unique=false}
[DEBUG] 2018-04-21 13:00:32.892 [http-nio-8080-exec-4] PropertyBinder - MetadataSourceProcessor property lastModifiedDate with lazy=false
[DEBUG] 2018-04-21 13:00:32.893 [http-nio-8080-exec-4] AbstractPropertyHolder - Attempting to locate auto-apply AttributeConverter for property [com.choinoski.entity.PackLeader:lastModifiedDate]
[DEBUG] 2018-04-21 13:00:32.893 [http-nio-8080-exec-4] SimpleValueBinder - building SimpleValue for lastModifiedDate
[DEBUG] 2018-04-21 13:00:32.893 [http-nio-8080-exec-4] PropertyBinder - Building property lastModifiedDate
[DEBUG] 2018-04-21 13:00:32.896 [http-nio-8080-exec-4] Ejb3Column - Binding column: Ejb3JoinColumn{logicalColumnName='pack_nr', referencedColumn='', mappedBy=''}
[DEBUG] 2018-04-21 13:00:32.896 [http-nio-8080-exec-4] Ejb3Column - Binding column: Ejb3Column{table=org.hibernate.mapping.Table(pack_leader), mappingColumn=pack, insertable=true, updatable=true, unique=false}
[DEBUG] 2018-04-21 13:00:32.896 [http-nio-8080-exec-4] PropertyBinder - Building property pack
[DEBUG] 2018-04-21 13:00:32.896 [http-nio-8080-exec-4] Ejb3Column - Binding column: Ejb3Column{table=org.hibernate.mapping.Table(pack_leader), mappingColumn=pack_name, insertable=true, updatable=true, unique=false}
[DEBUG] 2018-04-21 13:00:32.896 [http-nio-8080-exec-4] PropertyBinder - MetadataSourceProcessor property packName with lazy=false
[DEBUG] 2018-04-21 13:00:32.896 [http-nio-8080-exec-4] AbstractPropertyHolder - Attempting to locate auto-apply AttributeConverter for property [com.choinoski.entity.PackLeader:packName]
[DEBUG] 2018-04-21 13:00:32.896 [http-nio-8080-exec-4] SimpleValueBinder - building SimpleValue for packName
[DEBUG] 2018-04-21 13:00:32.896 [http-nio-8080-exec-4] PropertyBinder - Building property packName
[DEBUG] 2018-04-21 13:00:32.896 [http-nio-8080-exec-4] Ejb3Column - Binding column: Ejb3Column{table=org.hibernate.mapping.Table(pack_leader), mappingColumn=phone_number, insertable=true, updatable=true, unique=false}
[DEBUG] 2018-04-21 13:00:32.897 [http-nio-8080-exec-4] PropertyBinder - MetadataSourceProcessor property phoneNumber with lazy=false
[DEBUG] 2018-04-21 13:00:32.897 [http-nio-8080-exec-4] AbstractPropertyHolder - Attempting to locate auto-apply AttributeConverter for property [com.choinoski.entity.PackLeader:phoneNumber]
[DEBUG] 2018-04-21 13:00:32.897 [http-nio-8080-exec-4] SimpleValueBinder - building SimpleValue for phoneNumber
[DEBUG] 2018-04-21 13:00:32.897 [http-nio-8080-exec-4] PropertyBinder - Building property phoneNumber
[DEBUG] 2018-04-21 13:00:32.897 [http-nio-8080-exec-4] AnnotationBinder - Binding entity from annotated class: com.choinoski.entity.Role
[DEBUG] 2018-04-21 13:00:32.897 [http-nio-8080-exec-4] Ejb3Column - Binding column: Ejb3DiscriminatorColumn{logicalColumnName'DTYPE', discriminatorTypeName='string'}
[DEBUG] 2018-04-21 13:00:32.897 [http-nio-8080-exec-4] EntityBinder - Import with entity name Role
[DEBUG] 2018-04-21 13:00:32.902 [http-nio-8080-exec-4] EntityBinder - Bind entity com.choinoski.entity.Role on table role
[DEBUG] 2018-04-21 13:00:32.905 [http-nio-8080-exec-4] Ejb3Column - Binding column: Ejb3Column{table=org.hibernate.mapping.Table(role), mappingColumn=roleID, insertable=true, updatable=true, unique=false}
[DEBUG] 2018-04-21 13:00:32.905 [http-nio-8080-exec-4] PropertyBinder - MetadataSourceProcessor property roldId with lazy=false
[DEBUG] 2018-04-21 13:00:32.905 [http-nio-8080-exec-4] AbstractPropertyHolder - Attempting to locate auto-apply AttributeConverter for property [com.choinoski.entity.Role:roldId]
[DEBUG] 2018-04-21 13:00:32.905 [http-nio-8080-exec-4] SimpleValueBinder - building SimpleValue for roldId
[DEBUG] 2018-04-21 13:00:32.905 [http-nio-8080-exec-4] PropertyBinder - Building property roldId
[DEBUG] 2018-04-21 13:00:32.905 [http-nio-8080-exec-4] Ejb3Column - Binding column: Ejb3Column{table=org.hibernate.mapping.Table(role), mappingColumn=createDate, insertable=true, updatable=true, unique=false}
[DEBUG] 2018-04-21 13:00:32.905 [http-nio-8080-exec-4] PropertyBinder - MetadataSourceProcessor property createDate with lazy=false
[DEBUG] 2018-04-21 13:00:32.916 [http-nio-8080-exec-4] SimpleValueBinder - Starting applyAttributeConverter [com.choinoski.entity.Role:createDate]
[DEBUG] 2018-04-21 13:00:32.919 [http-nio-8080-exec-4] SimpleValueBinder - building SimpleValue for createDate
[DEBUG] 2018-04-21 13:00:32.919 [http-nio-8080-exec-4] PropertyBinder - Building property createDate
[DEBUG] 2018-04-21 13:00:32.920 [http-nio-8080-exec-4] Ejb3Column - Binding column: Ejb3Column{table=org.hibernate.mapping.Table(role), mappingColumn=pack_name, insertable=true, updatable=true, unique=false}
[DEBUG] 2018-04-21 13:00:32.920 [http-nio-8080-exec-4] PropertyBinder - MetadataSourceProcessor property login with lazy=false
[DEBUG] 2018-04-21 13:00:32.920 [http-nio-8080-exec-4] AbstractPropertyHolder - Attempting to locate auto-apply AttributeConverter for property [com.choinoski.entity.Role:login]
[DEBUG] 2018-04-21 13:00:32.920 [http-nio-8080-exec-4] SimpleValueBinder - building SimpleValue for login
[DEBUG] 2018-04-21 13:00:32.920 [http-nio-8080-exec-4] PropertyBinder - Building property login
[DEBUG] 2018-04-21 13:00:32.920 [http-nio-8080-exec-4] Ejb3Column - Binding column: Ejb3JoinColumn{logicalColumnName='pack_nr', referencedColumn='', mappedBy=''}
[DEBUG] 2018-04-21 13:00:32.920 [http-nio-8080-exec-4] Ejb3Column - Binding column: Ejb3Column{table=org.hibernate.mapping.Table(role), mappingColumn=pack, insertable=true, updatable=true, unique=false}
[DEBUG] 2018-04-21 13:00:32.920 [http-nio-8080-exec-4] PropertyBinder - Building property pack
[DEBUG] 2018-04-21 13:00:32.920 [http-nio-8080-exec-4] Ejb3Column - Binding column: Ejb3Column{table=org.hibernate.mapping.Table(role), mappingColumn=role_name, insertable=true, updatable=true, unique=false}
[DEBUG] 2018-04-21 13:00:32.920 [http-nio-8080-exec-4] PropertyBinder - MetadataSourceProcessor property roleName with lazy=false
[DEBUG] 2018-04-21 13:00:32.920 [http-nio-8080-exec-4] AbstractPropertyHolder - Attempting to locate auto-apply AttributeConverter for property [com.choinoski.entity.Role:roleName]
[DEBUG] 2018-04-21 13:00:32.920 [http-nio-8080-exec-4] SimpleValueBinder - building SimpleValue for roleName
[DEBUG] 2018-04-21 13:00:32.920 [http-nio-8080-exec-4] PropertyBinder - Building property roleName
[DEBUG] 2018-04-21 13:00:32.920 [http-nio-8080-exec-4] Ejb3Column - Binding column: Ejb3Column{table=org.hibernate.mapping.Table(role), mappingColumn=updateDate, insertable=true, updatable=true, unique=false}
[DEBUG] 2018-04-21 13:00:32.920 [http-nio-8080-exec-4] PropertyBinder - MetadataSourceProcessor property updateDate with lazy=false
[DEBUG] 2018-04-21 13:00:32.921 [http-nio-8080-exec-4] SimpleValueBinder - Starting applyAttributeConverter [com.choinoski.entity.Role:updateDate]
[DEBUG] 2018-04-21 13:00:32.921 [http-nio-8080-exec-4] SimpleValueBinder - building SimpleValue for updateDate
[DEBUG] 2018-04-21 13:00:32.924 [http-nio-8080-exec-4] PropertyBinder - Building property updateDate
[DEBUG] 2018-04-21 13:00:32.926 [http-nio-8080-exec-4] SimpleValueBinder - Starting fillSimpleValue for packNumber
[DEBUG] 2018-04-21 13:00:32.926 [http-nio-8080-exec-4] SimpleValueBinder - Starting fillSimpleValue for address
[DEBUG] 2018-04-21 13:00:32.926 [http-nio-8080-exec-4] SimpleValueBinder - Starting fillSimpleValue for dao
[DEBUG] 2018-04-21 13:00:32.926 [http-nio-8080-exec-4] ClassLoaderAccessImpl - Not known whether passed class name [com.choinoski.persistence.GenericDao] is safe
[DEBUG] 2018-04-21 13:00:32.926 [http-nio-8080-exec-4] ClassLoaderAccessImpl - No temp ClassLoader provided; using live ClassLoader for loading potentially unsafe class : com.choinoski.persistence.GenericDao
[DEBUG] 2018-04-21 13:00:32.927 [http-nio-8080-exec-4] SimpleValueBinder - Starting fillSimpleValue for emailAddress
[DEBUG] 2018-04-21 13:00:32.927 [http-nio-8080-exec-4] SimpleValueBinder - Starting fillSimpleValue for firstName
[DEBUG] 2018-04-21 13:00:32.927 [http-nio-8080-exec-4] SimpleValueBinder - Starting fillSimpleValue for lastName
[DEBUG] 2018-04-21 13:00:32.927 [http-nio-8080-exec-4] SimpleValueBinder - Starting fillSimpleValue for packName
[DEBUG] 2018-04-21 13:00:32.927 [http-nio-8080-exec-4] SimpleValueBinder - Starting fillSimpleValue for password
[DEBUG] 2018-04-21 13:00:32.928 [http-nio-8080-exec-4] SimpleValueBinder - Starting fillSimpleValue for phoneNumber
[DEBUG] 2018-04-21 13:00:32.928 [http-nio-8080-exec-4] SimpleValueBinder - Starting fillSimpleValue for packMemberNumber
[DEBUG] 2018-04-21 13:00:32.928 [http-nio-8080-exec-4] SimpleValueBinder - Starting fillSimpleValue for breed
[DEBUG] 2018-04-21 13:00:32.928 [http-nio-8080-exec-4] SimpleValueBinder - Starting fillSimpleValue for createDate
[DEBUG] 2018-04-21 13:00:32.928 [http-nio-8080-exec-4] SimpleValueBinder - Starting fillSimpleValue for dateOfBirth
[DEBUG] 2018-04-21 13:00:32.928 [http-nio-8080-exec-4] SimpleValueBinder - Starting fillSimpleValue for intact
[DEBUG] 2018-04-21 13:00:32.928 [http-nio-8080-exec-4] SimpleValueBinder - Starting fillSimpleValue for lastModifiedDate
[DEBUG] 2018-04-21 13:00:32.928 [http-nio-8080-exec-4] SimpleValueBinder - Starting fillSimpleValue for name
[DEBUG] 2018-04-21 13:00:32.928 [http-nio-8080-exec-4] SimpleValueBinder - Starting fillSimpleValue for sex
[DEBUG] 2018-04-21 13:00:32.928 [http-nio-8080-exec-4] SimpleValueBinder - Starting fillSimpleValue for size
[DEBUG] 2018-04-21 13:00:32.928 [http-nio-8080-exec-4] SimpleValueBinder - Starting fillSimpleValue for weight
[DEBUG] 2018-04-21 13:00:32.928 [http-nio-8080-exec-4] SimpleValueBinder - Starting fillSimpleValue for packLeaderNumber
[DEBUG] 2018-04-21 13:00:32.928 [http-nio-8080-exec-4] SimpleValueBinder - Starting fillSimpleValue for address
[DEBUG] 2018-04-21 13:00:32.928 [http-nio-8080-exec-4] SimpleValueBinder - Starting fillSimpleValue for createDate
[DEBUG] 2018-04-21 13:00:32.929 [http-nio-8080-exec-4] SimpleValueBinder - Starting fillSimpleValue for emailAddress
[DEBUG] 2018-04-21 13:00:32.929 [http-nio-8080-exec-4] SimpleValueBinder - Starting fillSimpleValue for lastModifiedDate
[DEBUG] 2018-04-21 13:00:32.929 [http-nio-8080-exec-4] SimpleValueBinder - Starting fillSimpleValue for packName
[DEBUG] 2018-04-21 13:00:32.929 [http-nio-8080-exec-4] SimpleValueBinder - Starting fillSimpleValue for phoneNumber
[DEBUG] 2018-04-21 13:00:32.929 [http-nio-8080-exec-4] SimpleValueBinder - Starting fillSimpleValue for roldId
[DEBUG] 2018-04-21 13:00:32.929 [http-nio-8080-exec-4] SimpleValueBinder - Starting fillSimpleValue for createDate
[DEBUG] 2018-04-21 13:00:32.929 [http-nio-8080-exec-4] SimpleValueBinder - Applying JPA AttributeConverter [org.hibernate.boot.internal.AttributeConverterDescriptorImpl@3623aafd] to [com.choinoski.entity.Role:createDate]
[DEBUG] 2018-04-21 13:00:32.936 [http-nio-8080-exec-4] AttributeConverterTypeAdapter - Created AttributeConverterTypeAdapter -> converted::com.choinoski.util.TimestampAttributeConverter
[DEBUG] 2018-04-21 13:00:32.937 [http-nio-8080-exec-4] SimpleValueBinder - Starting fillSimpleValue for login
[DEBUG] 2018-04-21 13:00:32.939 [http-nio-8080-exec-4] SimpleValueBinder - Starting fillSimpleValue for roleName
[DEBUG] 2018-04-21 13:00:32.939 [http-nio-8080-exec-4] SimpleValueBinder - Starting fillSimpleValue for updateDate
[DEBUG] 2018-04-21 13:00:32.939 [http-nio-8080-exec-4] SimpleValueBinder - Applying JPA AttributeConverter [org.hibernate.boot.internal.AttributeConverterDescriptorImpl@70873e68] to [com.choinoski.entity.Role:updateDate]
[DEBUG] 2018-04-21 13:00:32.939 [http-nio-8080-exec-4] AttributeConverterTypeAdapter - Created AttributeConverterTypeAdapter -> converted::com.choinoski.util.TimestampAttributeConverter
[DEBUG] 2018-04-21 13:00:32.948 [http-nio-8080-exec-4] PrimaryKey - Forcing column [pack_nr] to be non-null as it is part of the primary key for table [pack]
[DEBUG] 2018-04-21 13:00:32.950 [http-nio-8080-exec-4] PrimaryKey - Forcing column [pack_member_nr] to be non-null as it is part of the primary key for table [pack_member]
[DEBUG] 2018-04-21 13:00:32.950 [http-nio-8080-exec-4] PrimaryKey - Forcing column [pack_leader_nr] to be non-null as it is part of the primary key for table [pack_leader]
[DEBUG] 2018-04-21 13:00:32.950 [http-nio-8080-exec-4] PrimaryKey - Forcing column [roleid] to be non-null as it is part of the primary key for table [role]
[DEBUG] 2018-04-21 13:00:32.950 [http-nio-8080-exec-4] CollectionSecondPass - Second pass for collection: com.choinoski.entity.Pack.members
[DEBUG] 2018-04-21 13:00:32.951 [http-nio-8080-exec-4] CollectionBinder - Binding a OneToMany: com.choinoski.entity.Pack.members through a foreign key
[DEBUG] 2018-04-21 13:00:32.953 [http-nio-8080-exec-4] CollectionBinder - Mapping collection: com.choinoski.entity.Pack.members -> pack_member
[DEBUG] 2018-04-21 13:00:32.953 [http-nio-8080-exec-4] TableBinder - Retrieving property com.choinoski.entity.PackMember.pack
[DEBUG] 2018-04-21 13:00:32.954 [http-nio-8080-exec-4] CollectionSecondPass - Mapped collection key: pack_nr, one-to-many: com.choinoski.entity.PackMember
[DEBUG] 2018-04-21 13:00:32.954 [http-nio-8080-exec-4] CollectionSecondPass - Second pass for collection: com.choinoski.entity.Pack.roles
[DEBUG] 2018-04-21 13:00:32.954 [http-nio-8080-exec-4] CollectionBinder - Binding a OneToMany: com.choinoski.entity.Pack.roles through a foreign key
[DEBUG] 2018-04-21 13:00:32.954 [http-nio-8080-exec-4] CollectionBinder - Mapping collection: com.choinoski.entity.Pack.roles -> role
[DEBUG] 2018-04-21 13:00:32.954 [http-nio-8080-exec-4] TableBinder - Retrieving property com.choinoski.entity.Role.pack
[DEBUG] 2018-04-21 13:00:32.954 [http-nio-8080-exec-4] CollectionSecondPass - Mapped collection key: pack_nr, one-to-many: com.choinoski.entity.Role
[DEBUG] 2018-04-21 13:00:32.954 [http-nio-8080-exec-4] InFlightMetadataCollectorImpl - Resolving reference to class: com.choinoski.entity.Pack
[DEBUG] 2018-04-21 13:00:32.954 [http-nio-8080-exec-4] InFlightMetadataCollectorImpl - Resolving reference to class: com.choinoski.entity.Pack
[DEBUG] 2018-04-21 13:00:32.954 [http-nio-8080-exec-4] InFlightMetadataCollectorImpl - Resolving reference to class: com.choinoski.entity.Pack
[DEBUG] 2018-04-21 13:00:32.955 [http-nio-8080-exec-4] InFlightMetadataCollectorImpl - Resolving reference to class: com.choinoski.entity.Pack
[DEBUG] 2018-04-21 13:00:32.955 [http-nio-8080-exec-4] InFlightMetadataCollectorImpl - Resolving reference to class: com.choinoski.entity.Pack
[DEBUG] 2018-04-21 13:00:32.958 [http-nio-8080-exec-4] InFlightMetadataCollectorImpl - Resolving reference to class: com.choinoski.entity.Pack
