[DEBUG] 2018-04-20 17:51:54.283 [http-nio-8080-exec-3] IntegratorServiceImpl - Adding Integrator [org.hibernate.cfg.beanvalidation.BeanValidationIntegrator].
[DEBUG] 2018-04-20 17:51:54.294 [http-nio-8080-exec-3] IntegratorServiceImpl - Adding Integrator [org.hibernate.secure.spi.JaccIntegrator].
[DEBUG] 2018-04-20 17:51:54.311 [http-nio-8080-exec-3] IntegratorServiceImpl - Adding Integrator [org.hibernate.cache.internal.CollectionCacheInvalidator].
[INFO ] 2018-04-20 17:51:54.526 [http-nio-8080-exec-3] Version - HHH000412: Hibernate Core {5.2.3.Final}
[INFO ] 2018-04-20 17:51:54.530 [http-nio-8080-exec-3] Environment - HHH000206: hibernate.properties not found
[INFO ] 2018-04-20 17:51:54.532 [http-nio-8080-exec-3] Environment - HHH000021: Bytecode provider name : javassist
[DEBUG] 2018-04-20 17:51:54.663 [http-nio-8080-exec-3] LocalXmlResourceResolver - Interpreting public/system identifier : [-//Hibernate/Hibernate Configuration DTD//EN] - [http://www.hibernate.org/dtd/hibernate-configuration-3.0.dtd]
[DEBUG] 2018-04-20 17:51:54.664 [http-nio-8080-exec-3] LocalXmlResourceResolver - Recognized hibernate-configuration identifier; attempting to resolve on classpath under org/hibernate/
[DEBUG] 2018-04-20 17:51:54.689 [http-nio-8080-exec-3] JaxbCfgProcessor - cfg.xml document did not define namespaces; wrapping in custom event reader to introduce namespace information
[DEBUG] 2018-04-20 17:51:55.032 [http-nio-8080-exec-3] ServiceBinding - Overriding existing service binding [org.hibernate.secure.spi.JaccService]
[DEBUG] 2018-04-20 17:51:55.099 [http-nio-8080-exec-3] RegionFactoryInitiator - Cache region factory : org.hibernate.cache.internal.NoCachingRegionFactory
[INFO ] 2018-04-20 17:51:55.119 [http-nio-8080-exec-3] Version - HCANN000001: Hibernate Commons Annotations {5.0.1.Final}
[DEBUG] 2018-04-20 17:51:55.166 [http-nio-8080-exec-3] BasicTypeRegistry - Adding type registration boolean -> org.hibernate.type.BooleanType@2982c038
[DEBUG] 2018-04-20 17:51:55.167 [http-nio-8080-exec-3] BasicTypeRegistry - Adding type registration boolean -> org.hibernate.type.BooleanType@2982c038
[DEBUG] 2018-04-20 17:51:55.167 [http-nio-8080-exec-3] BasicTypeRegistry - Adding type registration java.lang.Boolean -> org.hibernate.type.BooleanType@2982c038
[DEBUG] 2018-04-20 17:51:55.169 [http-nio-8080-exec-3] BasicTypeRegistry - Adding type registration numeric_boolean -> org.hibernate.type.NumericBooleanType@2c405c6b
[DEBUG] 2018-04-20 17:51:55.171 [http-nio-8080-exec-3] BasicTypeRegistry - Adding type registration true_false -> org.hibernate.type.TrueFalseType@14b7f5a2
[DEBUG] 2018-04-20 17:51:55.172 [http-nio-8080-exec-3] BasicTypeRegistry - Adding type registration yes_no -> org.hibernate.type.YesNoType@5d6da8d
[DEBUG] 2018-04-20 17:51:55.175 [http-nio-8080-exec-3] BasicTypeRegistry - Adding type registration byte -> org.hibernate.type.ByteType@68c733f1
[DEBUG] 2018-04-20 17:51:55.175 [http-nio-8080-exec-3] BasicTypeRegistry - Adding type registration byte -> org.hibernate.type.ByteType@68c733f1
[DEBUG] 2018-04-20 17:51:55.175 [http-nio-8080-exec-3] BasicTypeRegistry - Adding type registration java.lang.Byte -> org.hibernate.type.ByteType@68c733f1
[DEBUG] 2018-04-20 17:51:55.177 [http-nio-8080-exec-3] BasicTypeRegistry - Adding type registration character -> org.hibernate.type.CharacterType@2868a5e
[DEBUG] 2018-04-20 17:51:55.177 [http-nio-8080-exec-3] BasicTypeRegistry - Adding type registration char -> org.hibernate.type.CharacterType@2868a5e
[DEBUG] 2018-04-20 17:51:55.178 [http-nio-8080-exec-3] BasicTypeRegistry - Adding type registration java.lang.Character -> org.hibernate.type.CharacterType@2868a5e
[DEBUG] 2018-04-20 17:51:55.179 [http-nio-8080-exec-3] BasicTypeRegistry - Adding type registration short -> org.hibernate.type.ShortType@13dbfdc0
[DEBUG] 2018-04-20 17:51:55.179 [http-nio-8080-exec-3] BasicTypeRegistry - Adding type registration short -> org.hibernate.type.ShortType@13dbfdc0
[DEBUG] 2018-04-20 17:51:55.179 [http-nio-8080-exec-3] BasicTypeRegistry - Adding type registration java.lang.Short -> org.hibernate.type.ShortType@13dbfdc0
[DEBUG] 2018-04-20 17:51:55.181 [http-nio-8080-exec-3] BasicTypeRegistry - Adding type registration integer -> org.hibernate.type.IntegerType@29ae89b2
[DEBUG] 2018-04-20 17:51:55.181 [http-nio-8080-exec-3] BasicTypeRegistry - Adding type registration int -> org.hibernate.type.IntegerType@29ae89b2
[DEBUG] 2018-04-20 17:51:55.181 [http-nio-8080-exec-3] BasicTypeRegistry - Adding type registration java.lang.Integer -> org.hibernate.type.IntegerType@29ae89b2
[DEBUG] 2018-04-20 17:51:55.182 [http-nio-8080-exec-3] BasicTypeRegistry - Adding type registration long -> org.hibernate.type.LongType@7c74f35c
[DEBUG] 2018-04-20 17:51:55.182 [http-nio-8080-exec-3] BasicTypeRegistry - Adding type registration long -> org.hibernate.type.LongType@7c74f35c
[DEBUG] 2018-04-20 17:51:55.182 [http-nio-8080-exec-3] BasicTypeRegistry - Adding type registration java.lang.Long -> org.hibernate.type.LongType@7c74f35c
[DEBUG] 2018-04-20 17:51:55.183 [http-nio-8080-exec-3] BasicTypeRegistry - Adding type registration float -> org.hibernate.type.FloatType@33518d88
[DEBUG] 2018-04-20 17:51:55.183 [http-nio-8080-exec-3] BasicTypeRegistry - Adding type registration float -> org.hibernate.type.FloatType@33518d88
[DEBUG] 2018-04-20 17:51:55.183 [http-nio-8080-exec-3] BasicTypeRegistry - Adding type registration java.lang.Float -> org.hibernate.type.FloatType@33518d88
[DEBUG] 2018-04-20 17:51:55.190 [http-nio-8080-exec-3] BasicTypeRegistry - Adding type registration double -> org.hibernate.type.DoubleType@1f728013
[DEBUG] 2018-04-20 17:51:55.190 [http-nio-8080-exec-3] BasicTypeRegistry - Adding type registration double -> org.hibernate.type.DoubleType@1f728013
[DEBUG] 2018-04-20 17:51:55.190 [http-nio-8080-exec-3] BasicTypeRegistry - Adding type registration java.lang.Double -> org.hibernate.type.DoubleType@1f728013
[DEBUG] 2018-04-20 17:51:55.192 [http-nio-8080-exec-3] BasicTypeRegistry - Adding type registration big_decimal -> org.hibernate.type.BigDecimalType@5f792016
[DEBUG] 2018-04-20 17:51:55.192 [http-nio-8080-exec-3] BasicTypeRegistry - Adding type registration java.math.BigDecimal -> org.hibernate.type.BigDecimalType@5f792016
[DEBUG] 2018-04-20 17:51:55.193 [http-nio-8080-exec-3] BasicTypeRegistry - Adding type registration big_integer -> org.hibernate.type.BigIntegerType@67a9596b
[DEBUG] 2018-04-20 17:51:55.197 [http-nio-8080-exec-3] BasicTypeRegistry - Adding type registration java.math.BigInteger -> org.hibernate.type.BigIntegerType@67a9596b
[DEBUG] 2018-04-20 17:51:55.198 [http-nio-8080-exec-3] BasicTypeRegistry - Adding type registration string -> org.hibernate.type.StringType@4c583aaf
[DEBUG] 2018-04-20 17:51:55.198 [http-nio-8080-exec-3] BasicTypeRegistry - Adding type registration java.lang.String -> org.hibernate.type.StringType@4c583aaf
[DEBUG] 2018-04-20 17:51:55.200 [http-nio-8080-exec-3] BasicTypeRegistry - Adding type registration nstring -> org.hibernate.type.StringNVarcharType@607314fd
[DEBUG] 2018-04-20 17:51:55.201 [http-nio-8080-exec-3] BasicTypeRegistry - Adding type registration ncharacter -> org.hibernate.type.CharacterNCharType@773a880a
[DEBUG] 2018-04-20 17:51:55.202 [http-nio-8080-exec-3] BasicTypeRegistry - Adding type registration url -> org.hibernate.type.UrlType@56307dca
[DEBUG] 2018-04-20 17:51:55.208 [http-nio-8080-exec-3] BasicTypeRegistry - Adding type registration java.net.URL -> org.hibernate.type.UrlType@56307dca
[DEBUG] 2018-04-20 17:51:55.215 [http-nio-8080-exec-3] BasicTypeRegistry - Adding type registration Duration -> org.hibernate.type.DurationType@5c260db9
[DEBUG] 2018-04-20 17:51:55.215 [http-nio-8080-exec-3] BasicTypeRegistry - Adding type registration java.time.Duration -> org.hibernate.type.DurationType@5c260db9
[DEBUG] 2018-04-20 17:51:55.255 [http-nio-8080-exec-3] BasicTypeRegistry - Adding type registration Instant -> org.hibernate.type.InstantType@390183f3
[DEBUG] 2018-04-20 17:51:55.256 [http-nio-8080-exec-3] BasicTypeRegistry - Adding type registration java.time.Instant -> org.hibernate.type.InstantType@390183f3
[DEBUG] 2018-04-20 17:51:55.261 [http-nio-8080-exec-3] BasicTypeRegistry - Adding type registration LocalDateTime -> org.hibernate.type.LocalDateTimeType@71fe9700
[DEBUG] 2018-04-20 17:51:55.261 [http-nio-8080-exec-3] BasicTypeRegistry - Adding type registration java.time.LocalDateTime -> org.hibernate.type.LocalDateTimeType@71fe9700
[DEBUG] 2018-04-20 17:51:55.265 [http-nio-8080-exec-3] BasicTypeRegistry - Adding type registration LocalDate -> org.hibernate.type.LocalDateType@3bac7f26
[DEBUG] 2018-04-20 17:51:55.265 [http-nio-8080-exec-3] BasicTypeRegistry - Adding type registration java.time.LocalDate -> org.hibernate.type.LocalDateType@3bac7f26
[DEBUG] 2018-04-20 17:51:55.267 [http-nio-8080-exec-3] BasicTypeRegistry - Adding type registration LocalTime -> org.hibernate.type.LocalTimeType@1bef0f59
[DEBUG] 2018-04-20 17:51:55.267 [http-nio-8080-exec-3] BasicTypeRegistry - Adding type registration java.time.LocalTime -> org.hibernate.type.LocalTimeType@1bef0f59
[DEBUG] 2018-04-20 17:51:55.272 [http-nio-8080-exec-3] BasicTypeRegistry - Adding type registration OffsetDateTime -> org.hibernate.type.OffsetDateTimeType@1bf98f55
[DEBUG] 2018-04-20 17:51:55.272 [http-nio-8080-exec-3] BasicTypeRegistry - Adding type registration java.time.OffsetDateTime -> org.hibernate.type.OffsetDateTimeType@1bf98f55
[DEBUG] 2018-04-20 17:51:55.277 [http-nio-8080-exec-3] BasicTypeRegistry - Adding type registration OffsetTime -> org.hibernate.type.OffsetTimeType@55835a9d
[DEBUG] 2018-04-20 17:51:55.277 [http-nio-8080-exec-3] BasicTypeRegistry - Adding type registration java.time.OffsetTime -> org.hibernate.type.OffsetTimeType@55835a9d
[DEBUG] 2018-04-20 17:51:55.294 [http-nio-8080-exec-3] BasicTypeRegistry - Adding type registration ZonedDateTime -> org.hibernate.type.ZonedDateTimeType@7c701c53
[DEBUG] 2018-04-20 17:51:55.295 [http-nio-8080-exec-3] BasicTypeRegistry - Adding type registration java.time.ZonedDateTime -> org.hibernate.type.ZonedDateTimeType@7c701c53
[DEBUG] 2018-04-20 17:51:55.297 [http-nio-8080-exec-3] BasicTypeRegistry - Adding type registration date -> org.hibernate.type.DateType@5b116049
[DEBUG] 2018-04-20 17:51:55.297 [http-nio-8080-exec-3] BasicTypeRegistry - Adding type registration java.sql.Date -> org.hibernate.type.DateType@5b116049
[DEBUG] 2018-04-20 17:51:55.299 [http-nio-8080-exec-3] BasicTypeRegistry - Adding type registration time -> org.hibernate.type.TimeType@3d68e40
[DEBUG] 2018-04-20 17:51:55.299 [http-nio-8080-exec-3] BasicTypeRegistry - Adding type registration java.sql.Time -> org.hibernate.type.TimeType@3d68e40
[DEBUG] 2018-04-20 17:51:55.300 [http-nio-8080-exec-3] BasicTypeRegistry - Adding type registration timestamp -> org.hibernate.type.TimestampType@20fe74af
[DEBUG] 2018-04-20 17:51:55.300 [http-nio-8080-exec-3] BasicTypeRegistry - Adding type registration java.sql.Timestamp -> org.hibernate.type.TimestampType@20fe74af
[DEBUG] 2018-04-20 17:51:55.300 [http-nio-8080-exec-3] BasicTypeRegistry - Adding type registration java.util.Date -> org.hibernate.type.TimestampType@20fe74af
[DEBUG] 2018-04-20 17:51:55.302 [http-nio-8080-exec-3] BasicTypeRegistry - Adding type registration dbtimestamp -> org.hibernate.type.DbTimestampType@5fe1c6e6
[DEBUG] 2018-04-20 17:51:55.303 [http-nio-8080-exec-3] BasicTypeRegistry - Adding type registration calendar -> org.hibernate.type.CalendarType@27c0f1ca
[DEBUG] 2018-04-20 17:51:55.303 [http-nio-8080-exec-3] BasicTypeRegistry - Adding type registration java.util.Calendar -> org.hibernate.type.CalendarType@27c0f1ca
[DEBUG] 2018-04-20 17:51:55.303 [http-nio-8080-exec-3] BasicTypeRegistry - Adding type registration java.util.GregorianCalendar -> org.hibernate.type.CalendarType@27c0f1ca
[DEBUG] 2018-04-20 17:51:55.304 [http-nio-8080-exec-3] BasicTypeRegistry - Adding type registration calendar_date -> org.hibernate.type.CalendarDateType@4ced0d4a
[DEBUG] 2018-04-20 17:51:55.305 [http-nio-8080-exec-3] BasicTypeRegistry - Adding type registration locale -> org.hibernate.type.LocaleType@352ab361
[DEBUG] 2018-04-20 17:51:55.305 [http-nio-8080-exec-3] BasicTypeRegistry - Adding type registration java.util.Locale -> org.hibernate.type.LocaleType@352ab361
[DEBUG] 2018-04-20 17:51:55.306 [http-nio-8080-exec-3] BasicTypeRegistry - Adding type registration currency -> org.hibernate.type.CurrencyType@70f1be53
[DEBUG] 2018-04-20 17:51:55.307 [http-nio-8080-exec-3] BasicTypeRegistry - Adding type registration java.util.Currency -> org.hibernate.type.CurrencyType@70f1be53
[DEBUG] 2018-04-20 17:51:55.309 [http-nio-8080-exec-3] BasicTypeRegistry - Adding type registration timezone -> org.hibernate.type.TimeZoneType@c8acd34
[DEBUG] 2018-04-20 17:51:55.309 [http-nio-8080-exec-3] BasicTypeRegistry - Adding type registration java.util.TimeZone -> org.hibernate.type.TimeZoneType@c8acd34
[DEBUG] 2018-04-20 17:51:55.310 [http-nio-8080-exec-3] BasicTypeRegistry - Adding type registration class -> org.hibernate.type.ClassType@2238324b
[DEBUG] 2018-04-20 17:51:55.310 [http-nio-8080-exec-3] BasicTypeRegistry - Adding type registration java.lang.Class -> org.hibernate.type.ClassType@2238324b
[DEBUG] 2018-04-20 17:51:55.311 [http-nio-8080-exec-3] BasicTypeRegistry - Adding type registration uuid-binary -> org.hibernate.type.UUIDBinaryType@6ff9b7ba
[DEBUG] 2018-04-20 17:51:55.311 [http-nio-8080-exec-3] BasicTypeRegistry - Adding type registration java.util.UUID -> org.hibernate.type.UUIDBinaryType@6ff9b7ba
[DEBUG] 2018-04-20 17:51:55.312 [http-nio-8080-exec-3] BasicTypeRegistry - Adding type registration uuid-char -> org.hibernate.type.UUIDCharType@305f8b13
[DEBUG] 2018-04-20 17:51:55.313 [http-nio-8080-exec-3] BasicTypeRegistry - Adding type registration binary -> org.hibernate.type.BinaryType@2dfb981c
[DEBUG] 2018-04-20 17:51:55.313 [http-nio-8080-exec-3] BasicTypeRegistry - Adding type registration byte[] -> org.hibernate.type.BinaryType@2dfb981c
[DEBUG] 2018-04-20 17:51:55.313 [http-nio-8080-exec-3] BasicTypeRegistry - Adding type registration [B -> org.hibernate.type.BinaryType@2dfb981c
[DEBUG] 2018-04-20 17:51:55.314 [http-nio-8080-exec-3] BasicTypeRegistry - Adding type registration wrapper-binary -> org.hibernate.type.WrapperBinaryType@397fefe8
[DEBUG] 2018-04-20 17:51:55.314 [http-nio-8080-exec-3] BasicTypeRegistry - Adding type registration Byte[] -> org.hibernate.type.WrapperBinaryType@397fefe8
[DEBUG] 2018-04-20 17:51:55.314 [http-nio-8080-exec-3] BasicTypeRegistry - Adding type registration [Ljava.lang.Byte; -> org.hibernate.type.WrapperBinaryType@397fefe8
[DEBUG] 2018-04-20 17:51:55.315 [http-nio-8080-exec-3] BasicTypeRegistry - Adding type registration row_version -> org.hibernate.type.RowVersionType@7387406d
[DEBUG] 2018-04-20 17:51:55.315 [http-nio-8080-exec-3] BasicTypeRegistry - Adding type registration image -> org.hibernate.type.ImageType@4b23334f
[DEBUG] 2018-04-20 17:51:55.316 [http-nio-8080-exec-3] BasicTypeRegistry - Adding type registration characters -> org.hibernate.type.CharArrayType@67043764
[DEBUG] 2018-04-20 17:51:55.316 [http-nio-8080-exec-3] BasicTypeRegistry - Adding type registration char[] -> org.hibernate.type.CharArrayType@67043764
[DEBUG] 2018-04-20 17:51:55.316 [http-nio-8080-exec-3] BasicTypeRegistry - Adding type registration [C -> org.hibernate.type.CharArrayType@67043764
[DEBUG] 2018-04-20 17:51:55.317 [http-nio-8080-exec-3] BasicTypeRegistry - Adding type registration wrapper-characters -> org.hibernate.type.CharacterArrayType@4047a017
[DEBUG] 2018-04-20 17:51:55.317 [http-nio-8080-exec-3] BasicTypeRegistry - Adding type registration [Ljava.lang.Character; -> org.hibernate.type.CharacterArrayType@4047a017
[DEBUG] 2018-04-20 17:51:55.317 [http-nio-8080-exec-3] BasicTypeRegistry - Adding type registration Character[] -> org.hibernate.type.CharacterArrayType@4047a017
[DEBUG] 2018-04-20 17:51:55.318 [http-nio-8080-exec-3] BasicTypeRegistry - Adding type registration text -> org.hibernate.type.TextType@1bea7780
[DEBUG] 2018-04-20 17:51:55.318 [http-nio-8080-exec-3] BasicTypeRegistry - Adding type registration ntext -> org.hibernate.type.NTextType@c1f8c07
[DEBUG] 2018-04-20 17:51:55.326 [http-nio-8080-exec-3] BasicTypeRegistry - Adding type registration blob -> org.hibernate.type.BlobType@4c0b8f23
[DEBUG] 2018-04-20 17:51:55.326 [http-nio-8080-exec-3] BasicTypeRegistry - Adding type registration java.sql.Blob -> org.hibernate.type.BlobType@4c0b8f23
[DEBUG] 2018-04-20 17:51:55.326 [http-nio-8080-exec-3] BasicTypeRegistry - Adding type registration materialized_blob -> org.hibernate.type.MaterializedBlobType@10925ea2
[DEBUG] 2018-04-20 17:51:55.330 [http-nio-8080-exec-3] BasicTypeRegistry - Adding type registration clob -> org.hibernate.type.ClobType@49a57b90
[DEBUG] 2018-04-20 17:51:55.330 [http-nio-8080-exec-3] BasicTypeRegistry - Adding type registration java.sql.Clob -> org.hibernate.type.ClobType@49a57b90
[DEBUG] 2018-04-20 17:51:55.333 [http-nio-8080-exec-3] BasicTypeRegistry - Adding type registration nclob -> org.hibernate.type.NClobType@15676c95
[DEBUG] 2018-04-20 17:51:55.333 [http-nio-8080-exec-3] BasicTypeRegistry - Adding type registration java.sql.NClob -> org.hibernate.type.NClobType@15676c95
[DEBUG] 2018-04-20 17:51:55.339 [http-nio-8080-exec-3] BasicTypeRegistry - Adding type registration materialized_clob -> org.hibernate.type.MaterializedClobType@fefa8e5
[DEBUG] 2018-04-20 17:51:55.340 [http-nio-8080-exec-3] BasicTypeRegistry - Adding type registration materialized_nclob -> org.hibernate.type.MaterializedNClobType@3f8bcf5
[DEBUG] 2018-04-20 17:51:55.345 [http-nio-8080-exec-3] BasicTypeRegistry - Adding type registration serializable -> org.hibernate.type.SerializableType@2036a856
[DEBUG] 2018-04-20 17:51:55.348 [http-nio-8080-exec-3] BasicTypeRegistry - Adding type registration object -> org.hibernate.type.ObjectType@520eb8e7
[DEBUG] 2018-04-20 17:51:55.348 [http-nio-8080-exec-3] BasicTypeRegistry - Adding type registration java.lang.Object -> org.hibernate.type.ObjectType@520eb8e7
[DEBUG] 2018-04-20 17:51:55.349 [http-nio-8080-exec-3] BasicTypeRegistry - Adding type registration imm_date -> org.hibernate.type.AdaptedImmutableType@2a529c1b
[DEBUG] 2018-04-20 17:51:55.349 [http-nio-8080-exec-3] BasicTypeRegistry - Adding type registration imm_time -> org.hibernate.type.AdaptedImmutableType@dbcc036
[DEBUG] 2018-04-20 17:51:55.349 [http-nio-8080-exec-3] BasicTypeRegistry - Adding type registration imm_timestamp -> org.hibernate.type.AdaptedImmutableType@64b334a7
[DEBUG] 2018-04-20 17:51:55.349 [http-nio-8080-exec-3] BasicTypeRegistry - Adding type registration imm_dbtimestamp -> org.hibernate.type.AdaptedImmutableType@25660d04
[DEBUG] 2018-04-20 17:51:55.349 [http-nio-8080-exec-3] BasicTypeRegistry - Adding type registration imm_calendar -> org.hibernate.type.AdaptedImmutableType@1beaeff7
[DEBUG] 2018-04-20 17:51:55.349 [http-nio-8080-exec-3] BasicTypeRegistry - Adding type registration imm_calendar_date -> org.hibernate.type.AdaptedImmutableType@703c31cc
[DEBUG] 2018-04-20 17:51:55.349 [http-nio-8080-exec-3] BasicTypeRegistry - Adding type registration imm_binary -> org.hibernate.type.AdaptedImmutableType@dd73560
[DEBUG] 2018-04-20 17:51:55.349 [http-nio-8080-exec-3] BasicTypeRegistry - Adding type registration imm_serializable -> org.hibernate.type.AdaptedImmutableType@184c17f3
[INFO ] 2018-04-20 17:51:55.363 [http-nio-8080-exec-3] C3P0ConnectionProvider - HHH010002: C3P0 using driver: com.mysql.jdbc.Driver at URL: jdbc:mysql://localhost:3306/puppy_playtime_test
[INFO ] 2018-04-20 17:51:55.364 [http-nio-8080-exec-3] C3P0ConnectionProvider - HHH10001001: Connection properties: {user=root, password=****}
[INFO ] 2018-04-20 17:51:55.364 [http-nio-8080-exec-3] C3P0ConnectionProvider - HHH10001003: Autocommit mode: false
[INFO ] 2018-04-20 17:51:55.708 [http-nio-8080-exec-3] C3P0ConnectionProvider - HHH10001007: JDBC isolation level: <unknown>
[DEBUG] 2018-04-20 17:51:56.215 [http-nio-8080-exec-3] JdbcEnvironmentInitiator - Database ->
       name : MySQL
    version : 5.7.21-0ubuntu0.16.04.1
      major : 5
      minor : 7
[DEBUG] 2018-04-20 17:51:56.215 [http-nio-8080-exec-3] JdbcEnvironmentInitiator - Driver ->
       name : MySQL Connector Java
    version : mysql-connector-java-5.1.39 ( Revision: 3289a357af6d09ecc1a10fd3c26e95183e5790ad )
      major : 5
      minor : 1
[DEBUG] 2018-04-20 17:51:56.215 [http-nio-8080-exec-3] JdbcEnvironmentInitiator - JDBC version : 4.0
[INFO ] 2018-04-20 17:51:56.336 [http-nio-8080-exec-3] Dialect - HHH000400: Using dialect: org.hibernate.dialect.MySQL5Dialect
[DEBUG] 2018-04-20 17:51:56.531 [http-nio-8080-exec-3] IdentifierHelperBuilder - JDBC driver metadata reported database stores quoted identifiers in more than one case
[DEBUG] 2018-04-20 17:51:56.546 [http-nio-8080-exec-3] IdentifierHelperBuilder - IdentifierCaseStrategy for both quoted and unquoted identifiers was set to the same strategy [MIXED]; that will likely lead to problems in schema update and validation if using quoted identifiers
[DEBUG] 2018-04-20 17:51:56.762 [http-nio-8080-exec-3] DefaultIdentifierGeneratorFactory - Registering IdentifierGenerator strategy [uuid2] -> [org.hibernate.id.UUIDGenerator]
[DEBUG] 2018-04-20 17:51:56.766 [http-nio-8080-exec-3] DefaultIdentifierGeneratorFactory - Registering IdentifierGenerator strategy [guid] -> [org.hibernate.id.GUIDGenerator]
[DEBUG] 2018-04-20 17:51:56.767 [http-nio-8080-exec-3] DefaultIdentifierGeneratorFactory - Registering IdentifierGenerator strategy [uuid] -> [org.hibernate.id.UUIDHexGenerator]
[DEBUG] 2018-04-20 17:51:56.767 [http-nio-8080-exec-3] DefaultIdentifierGeneratorFactory - Registering IdentifierGenerator strategy [uuid.hex] -> [org.hibernate.id.UUIDHexGenerator]
[DEBUG] 2018-04-20 17:51:56.768 [http-nio-8080-exec-3] DefaultIdentifierGeneratorFactory - Registering IdentifierGenerator strategy [assigned] -> [org.hibernate.id.Assigned]
[DEBUG] 2018-04-20 17:51:56.774 [http-nio-8080-exec-3] DefaultIdentifierGeneratorFactory - Registering IdentifierGenerator strategy [identity] -> [org.hibernate.id.IdentityGenerator]
[DEBUG] 2018-04-20 17:51:56.775 [http-nio-8080-exec-3] DefaultIdentifierGeneratorFactory - Registering IdentifierGenerator strategy [select] -> [org.hibernate.id.SelectGenerator]
[DEBUG] 2018-04-20 17:51:56.779 [http-nio-8080-exec-3] DefaultIdentifierGeneratorFactory - Registering IdentifierGenerator strategy [sequence] -> [org.hibernate.id.enhanced.SequenceStyleGenerator]
[DEBUG] 2018-04-20 17:51:56.782 [http-nio-8080-exec-3] DefaultIdentifierGeneratorFactory - Registering IdentifierGenerator strategy [seqhilo] -> [org.hibernate.id.SequenceHiLoGenerator]
[DEBUG] 2018-04-20 17:51:56.783 [http-nio-8080-exec-3] DefaultIdentifierGeneratorFactory - Registering IdentifierGenerator strategy [increment] -> [org.hibernate.id.IncrementGenerator]
[DEBUG] 2018-04-20 17:51:56.783 [http-nio-8080-exec-3] DefaultIdentifierGeneratorFactory - Registering IdentifierGenerator strategy [foreign] -> [org.hibernate.id.ForeignGenerator]
[DEBUG] 2018-04-20 17:51:56.784 [http-nio-8080-exec-3] DefaultIdentifierGeneratorFactory - Registering IdentifierGenerator strategy [sequence-identity] -> [org.hibernate.id.SequenceIdentityGenerator]
[DEBUG] 2018-04-20 17:51:56.784 [http-nio-8080-exec-3] DefaultIdentifierGeneratorFactory - Registering IdentifierGenerator strategy [enhanced-sequence] -> [org.hibernate.id.enhanced.SequenceStyleGenerator]
[DEBUG] 2018-04-20 17:51:56.788 [http-nio-8080-exec-3] DefaultIdentifierGeneratorFactory - Registering IdentifierGenerator strategy [enhanced-table] -> [org.hibernate.id.enhanced.TableGenerator]
[DEBUG] 2018-04-20 17:51:56.914 [http-nio-8080-exec-3] Namespace - Created database namespace [logicalName=Name{catalog=null, schema=null}, physicalName=Name{catalog=null, schema=null}]
[DEBUG] 2018-04-20 17:51:57.002 [http-nio-8080-exec-3] AnnotationBinder - Binding entity from annotated class: com.choinoski.entity.Pack
[DEBUG] 2018-04-20 17:51:57.065 [http-nio-8080-exec-3] Ejb3Column - Binding column: Ejb3DiscriminatorColumn{logicalColumnName'DTYPE', discriminatorTypeName='string'}
[DEBUG] 2018-04-20 17:51:57.083 [http-nio-8080-exec-3] EntityBinder - Import with entity name Pack
[DEBUG] 2018-04-20 17:51:57.092 [http-nio-8080-exec-3] EntityBinder - Bind entity com.choinoski.entity.Pack on table pack
[DEBUG] 2018-04-20 17:51:57.162 [http-nio-8080-exec-3] Ejb3Column - Binding column: Ejb3Column{table=org.hibernate.mapping.Table(pack), mappingColumn=pack_nr, insertable=true, updatable=true, unique=false}
[DEBUG] 2018-04-20 17:51:57.166 [http-nio-8080-exec-3] PropertyBinder - MetadataSourceProcessor property packNumber with lazy=false
[DEBUG] 2018-04-20 17:51:57.167 [http-nio-8080-exec-3] AbstractPropertyHolder - Attempting to locate auto-apply AttributeConverter for property [com.choinoski.entity.Pack:packNumber]
[DEBUG] 2018-04-20 17:51:57.170 [http-nio-8080-exec-3] SimpleValueBinder - building SimpleValue for packNumber
[DEBUG] 2018-04-20 17:51:57.172 [http-nio-8080-exec-3] PropertyBinder - Building property packNumber
[DEBUG] 2018-04-20 17:51:57.180 [http-nio-8080-exec-3] Ejb3Column - Binding column: Ejb3Column{table=org.hibernate.mapping.Table(pack), mappingColumn=address, insertable=true, updatable=true, unique=false}
[DEBUG] 2018-04-20 17:51:57.181 [http-nio-8080-exec-3] PropertyBinder - MetadataSourceProcessor property address with lazy=false
[DEBUG] 2018-04-20 17:51:57.181 [http-nio-8080-exec-3] AbstractPropertyHolder - Attempting to locate auto-apply AttributeConverter for property [com.choinoski.entity.Pack:address]
[DEBUG] 2018-04-20 17:51:57.181 [http-nio-8080-exec-3] SimpleValueBinder - building SimpleValue for address
[DEBUG] 2018-04-20 17:51:57.181 [http-nio-8080-exec-3] PropertyBinder - Building property address
[DEBUG] 2018-04-20 17:51:57.181 [http-nio-8080-exec-3] Ejb3Column - Binding column: Ejb3Column{table=org.hibernate.mapping.Table(pack), mappingColumn=email_address, insertable=true, updatable=true, unique=false}
[DEBUG] 2018-04-20 17:51:57.182 [http-nio-8080-exec-3] PropertyBinder - MetadataSourceProcessor property emailAddress with lazy=false
[DEBUG] 2018-04-20 17:51:57.182 [http-nio-8080-exec-3] AbstractPropertyHolder - Attempting to locate auto-apply AttributeConverter for property [com.choinoski.entity.Pack:emailAddress]
[DEBUG] 2018-04-20 17:51:57.182 [http-nio-8080-exec-3] SimpleValueBinder - building SimpleValue for emailAddress
[DEBUG] 2018-04-20 17:51:57.182 [http-nio-8080-exec-3] PropertyBinder - Building property emailAddress
[DEBUG] 2018-04-20 17:51:57.182 [http-nio-8080-exec-3] Ejb3Column - Binding column: Ejb3Column{table=org.hibernate.mapping.Table(pack), mappingColumn=first_name, insertable=true, updatable=true, unique=false}
[DEBUG] 2018-04-20 17:51:57.183 [http-nio-8080-exec-3] PropertyBinder - MetadataSourceProcessor property firstName with lazy=false
[DEBUG] 2018-04-20 17:51:57.183 [http-nio-8080-exec-3] AbstractPropertyHolder - Attempting to locate auto-apply AttributeConverter for property [com.choinoski.entity.Pack:firstName]
[DEBUG] 2018-04-20 17:51:57.183 [http-nio-8080-exec-3] SimpleValueBinder - building SimpleValue for firstName
[DEBUG] 2018-04-20 17:51:57.184 [http-nio-8080-exec-3] PropertyBinder - Building property firstName
[DEBUG] 2018-04-20 17:51:57.184 [http-nio-8080-exec-3] Ejb3Column - Binding column: Ejb3Column{table=org.hibernate.mapping.Table(pack), mappingColumn=last_name, insertable=true, updatable=true, unique=false}
[DEBUG] 2018-04-20 17:51:57.184 [http-nio-8080-exec-3] PropertyBinder - MetadataSourceProcessor property lastName with lazy=false
[DEBUG] 2018-04-20 17:51:57.184 [http-nio-8080-exec-3] AbstractPropertyHolder - Attempting to locate auto-apply AttributeConverter for property [com.choinoski.entity.Pack:lastName]
[DEBUG] 2018-04-20 17:51:57.184 [http-nio-8080-exec-3] SimpleValueBinder - building SimpleValue for lastName
[DEBUG] 2018-04-20 17:51:57.184 [http-nio-8080-exec-3] PropertyBinder - Building property lastName
[DEBUG] 2018-04-20 17:51:57.186 [http-nio-8080-exec-3] Ejb3Column - Binding column: Ejb3JoinColumn{logicalColumnName='null', referencedColumn='null', mappedBy='pack'}
[DEBUG] 2018-04-20 17:51:57.186 [http-nio-8080-exec-3] Ejb3Column - Binding column: Ejb3Column{table=org.hibernate.mapping.Table(pack), mappingColumn=members, insertable=true, updatable=true, unique=false}
[DEBUG] 2018-04-20 17:51:57.188 [http-nio-8080-exec-3] Ejb3Column - Binding column: Ejb3Column{table=org.hibernate.mapping.Table(pack), mappingColumn=null, insertable=true, updatable=true, unique=false}
[DEBUG] 2018-04-20 17:51:57.198 [http-nio-8080-exec-3] Ejb3Column - Binding column: Ejb3Column{table=org.hibernate.mapping.Table(pack), mappingColumn=element, insertable=true, updatable=true, unique=false}
[DEBUG] 2018-04-20 17:51:57.199 [http-nio-8080-exec-3] Ejb3Column - Binding column: Ejb3Column{table=org.hibernate.mapping.Table(pack), mappingColumn=members_KEY, insertable=true, updatable=true, unique=false}
[DEBUG] 2018-04-20 17:51:57.200 [http-nio-8080-exec-3] Ejb3Column - Binding column: Ejb3JoinColumn{logicalColumnName='members_KEY', referencedColumn='null', mappedBy='null'}
[DEBUG] 2018-04-20 17:51:57.200 [http-nio-8080-exec-3] Ejb3Column - Binding column: Ejb3JoinColumn{logicalColumnName='null', referencedColumn='null', mappedBy='pack'}
[DEBUG] 2018-04-20 17:51:57.200 [http-nio-8080-exec-3] Ejb3Column - Binding column: Ejb3JoinColumn{logicalColumnName='null', referencedColumn='null', mappedBy='pack'}
[DEBUG] 2018-04-20 17:51:57.201 [http-nio-8080-exec-3] CollectionBinder - Collection role: com.choinoski.entity.Pack.members
[DEBUG] 2018-04-20 17:51:57.204 [http-nio-8080-exec-3] PropertyBinder - Building property members
[DEBUG] 2018-04-20 17:51:57.206 [http-nio-8080-exec-3] Ejb3Column - Binding column: Ejb3Column{table=org.hibernate.mapping.Table(pack), mappingColumn=pack_name, insertable=true, updatable=true, unique=false}
[DEBUG] 2018-04-20 17:51:57.206 [http-nio-8080-exec-3] PropertyBinder - MetadataSourceProcessor property packName with lazy=false
[DEBUG] 2018-04-20 17:51:57.206 [http-nio-8080-exec-3] AbstractPropertyHolder - Attempting to locate auto-apply AttributeConverter for property [com.choinoski.entity.Pack:packName]
[DEBUG] 2018-04-20 17:51:57.206 [http-nio-8080-exec-3] SimpleValueBinder - building SimpleValue for packName
[DEBUG] 2018-04-20 17:51:57.207 [http-nio-8080-exec-3] PropertyBinder - Building property packName
[DEBUG] 2018-04-20 17:51:57.207 [http-nio-8080-exec-3] Ejb3Column - Binding column: Ejb3Column{table=org.hibernate.mapping.Table(pack), mappingColumn=password, insertable=true, updatable=true, unique=false}
[DEBUG] 2018-04-20 17:51:57.207 [http-nio-8080-exec-3] PropertyBinder - MetadataSourceProcessor property password with lazy=false
[DEBUG] 2018-04-20 17:51:57.207 [http-nio-8080-exec-3] AbstractPropertyHolder - Attempting to locate auto-apply AttributeConverter for property [com.choinoski.entity.Pack:password]
[DEBUG] 2018-04-20 17:51:57.207 [http-nio-8080-exec-3] SimpleValueBinder - building SimpleValue for password
[DEBUG] 2018-04-20 17:51:57.207 [http-nio-8080-exec-3] PropertyBinder - Building property password
[DEBUG] 2018-04-20 17:51:57.207 [http-nio-8080-exec-3] Ejb3Column - Binding column: Ejb3Column{table=org.hibernate.mapping.Table(pack), mappingColumn=phone_number, insertable=true, updatable=true, unique=false}
[DEBUG] 2018-04-20 17:51:57.207 [http-nio-8080-exec-3] PropertyBinder - MetadataSourceProcessor property phoneNumber with lazy=false
[DEBUG] 2018-04-20 17:51:57.207 [http-nio-8080-exec-3] AbstractPropertyHolder - Attempting to locate auto-apply AttributeConverter for property [com.choinoski.entity.Pack:phoneNumber]
[DEBUG] 2018-04-20 17:51:57.208 [http-nio-8080-exec-3] SimpleValueBinder - building SimpleValue for phoneNumber
[DEBUG] 2018-04-20 17:51:57.209 [http-nio-8080-exec-3] PropertyBinder - Building property phoneNumber
[DEBUG] 2018-04-20 17:51:57.209 [http-nio-8080-exec-3] Ejb3Column - Binding column: Ejb3JoinColumn{logicalColumnName='null', referencedColumn='null', mappedBy='pack'}
[DEBUG] 2018-04-20 17:51:57.209 [http-nio-8080-exec-3] Ejb3Column - Binding column: Ejb3Column{table=org.hibernate.mapping.Table(pack), mappingColumn=roles, insertable=true, updatable=true, unique=false}
[DEBUG] 2018-04-20 17:51:57.209 [http-nio-8080-exec-3] Ejb3Column - Binding column: Ejb3Column{table=org.hibernate.mapping.Table(pack), mappingColumn=null, insertable=true, updatable=true, unique=false}
[DEBUG] 2018-04-20 17:51:57.209 [http-nio-8080-exec-3] Ejb3Column - Binding column: Ejb3Column{table=org.hibernate.mapping.Table(pack), mappingColumn=element, insertable=true, updatable=true, unique=false}
[DEBUG] 2018-04-20 17:51:57.209 [http-nio-8080-exec-3] Ejb3Column - Binding column: Ejb3Column{table=org.hibernate.mapping.Table(pack), mappingColumn=roles_KEY, insertable=true, updatable=true, unique=false}
[DEBUG] 2018-04-20 17:51:57.209 [http-nio-8080-exec-3] Ejb3Column - Binding column: Ejb3JoinColumn{logicalColumnName='roles_KEY', referencedColumn='null', mappedBy='null'}
[DEBUG] 2018-04-20 17:51:57.210 [http-nio-8080-exec-3] Ejb3Column - Binding column: Ejb3JoinColumn{logicalColumnName='null', referencedColumn='null', mappedBy='pack'}
[DEBUG] 2018-04-20 17:51:57.210 [http-nio-8080-exec-3] Ejb3Column - Binding column: Ejb3JoinColumn{logicalColumnName='null', referencedColumn='null', mappedBy='pack'}
[DEBUG] 2018-04-20 17:51:57.210 [http-nio-8080-exec-3] CollectionBinder - Collection role: com.choinoski.entity.Pack.roles
[DEBUG] 2018-04-20 17:51:57.210 [http-nio-8080-exec-3] PropertyBinder - Building property roles
[DEBUG] 2018-04-20 17:51:57.211 [http-nio-8080-exec-3] AnnotationBinder - Binding entity from annotated class: com.choinoski.entity.PackMember
[DEBUG] 2018-04-20 17:51:57.211 [http-nio-8080-exec-3] Ejb3Column - Binding column: Ejb3DiscriminatorColumn{logicalColumnName'DTYPE', discriminatorTypeName='string'}
[DEBUG] 2018-04-20 17:51:57.211 [http-nio-8080-exec-3] EntityBinder - Import with entity name PackMember
[DEBUG] 2018-04-20 17:51:57.211 [http-nio-8080-exec-3] EntityBinder - Bind entity com.choinoski.entity.PackMember on table pack_member
[DEBUG] 2018-04-20 17:51:57.227 [http-nio-8080-exec-3] Ejb3Column - Binding column: Ejb3Column{table=org.hibernate.mapping.Table(pack_member), mappingColumn=pack_member_nr, insertable=true, updatable=true, unique=false}
[DEBUG] 2018-04-20 17:51:57.227 [http-nio-8080-exec-3] PropertyBinder - MetadataSourceProcessor property packMemberNumber with lazy=false
[DEBUG] 2018-04-20 17:51:57.227 [http-nio-8080-exec-3] AbstractPropertyHolder - Attempting to locate auto-apply AttributeConverter for property [com.choinoski.entity.PackMember:packMemberNumber]
[DEBUG] 2018-04-20 17:51:57.228 [http-nio-8080-exec-3] SimpleValueBinder - building SimpleValue for packMemberNumber
[DEBUG] 2018-04-20 17:51:57.228 [http-nio-8080-exec-3] PropertyBinder - Building property packMemberNumber
[DEBUG] 2018-04-20 17:51:57.228 [http-nio-8080-exec-3] Ejb3Column - Binding column: Ejb3Column{table=org.hibernate.mapping.Table(pack_member), mappingColumn=breed, insertable=true, updatable=true, unique=false}
[DEBUG] 2018-04-20 17:51:57.228 [http-nio-8080-exec-3] PropertyBinder - MetadataSourceProcessor property breed with lazy=false
[DEBUG] 2018-04-20 17:51:57.228 [http-nio-8080-exec-3] AbstractPropertyHolder - Attempting to locate auto-apply AttributeConverter for property [com.choinoski.entity.PackMember:breed]
[DEBUG] 2018-04-20 17:51:57.228 [http-nio-8080-exec-3] SimpleValueBinder - building SimpleValue for breed
[DEBUG] 2018-04-20 17:51:57.228 [http-nio-8080-exec-3] PropertyBinder - Building property breed
[DEBUG] 2018-04-20 17:51:57.228 [http-nio-8080-exec-3] Ejb3Column - Binding column: Ejb3Column{table=org.hibernate.mapping.Table(pack_member), mappingColumn=create_date, insertable=true, updatable=true, unique=false}
[DEBUG] 2018-04-20 17:51:57.228 [http-nio-8080-exec-3] PropertyBinder - MetadataSourceProcessor property createDate with lazy=false
[DEBUG] 2018-04-20 17:51:57.228 [http-nio-8080-exec-3] AbstractPropertyHolder - Attempting to locate auto-apply AttributeConverter for property [com.choinoski.entity.PackMember:createDate]
