[DEBUG] 2018-02-12 20:56:39.619 [main] IntegratorServiceImpl - Adding Integrator [org.hibernate.cfg.beanvalidation.BeanValidationIntegrator].
[DEBUG] 2018-02-12 20:56:39.637 [main] IntegratorServiceImpl - Adding Integrator [org.hibernate.secure.spi.JaccIntegrator].
[DEBUG] 2018-02-12 20:56:39.659 [main] IntegratorServiceImpl - Adding Integrator [org.hibernate.cache.internal.CollectionCacheInvalidator].
[INFO ] 2018-02-12 20:56:39.937 [main] Version - HHH000412: Hibernate Core {5.2.12.Final}
[INFO ] 2018-02-12 20:56:39.944 [main] Environment - HHH000206: hibernate.properties not found
[DEBUG] 2018-02-12 20:56:40.074 [main] LocalXmlResourceResolver - Interpreting public/system identifier : [-//Hibernate/Hibernate Configuration DTD//EN] - [http://www.hibernate.org/dtd/hibernate-configuration-3.0.dtd]
[DEBUG] 2018-02-12 20:56:40.075 [main] LocalXmlResourceResolver - Recognized hibernate-configuration identifier; attempting to resolve on classpath under org/hibernate/
[DEBUG] 2018-02-12 20:56:40.092 [main] JaxbCfgProcessor - cfg.xml document did not define namespaces; wrapping in custom event reader to introduce namespace information
[DEBUG] 2018-02-12 20:56:40.628 [main] ServiceBinding - Overriding existing service binding [org.hibernate.secure.spi.JaccService]
[DEBUG] 2018-02-12 20:56:40.687 [main] RegionFactoryInitiator - Cache region factory : org.hibernate.cache.internal.NoCachingRegionFactory
[INFO ] 2018-02-12 20:56:40.724 [main] Version - HCANN000001: Hibernate Commons Annotations {5.0.1.Final}
[DEBUG] 2018-02-12 20:56:40.785 [main] BasicTypeRegistry - Adding type registration boolean -> org.hibernate.type.BooleanType@4f0f2942
[DEBUG] 2018-02-12 20:56:40.785 [main] BasicTypeRegistry - Adding type registration boolean -> org.hibernate.type.BooleanType@4f0f2942
[DEBUG] 2018-02-12 20:56:40.790 [main] BasicTypeRegistry - Adding type registration java.lang.Boolean -> org.hibernate.type.BooleanType@4f0f2942
[DEBUG] 2018-02-12 20:56:40.801 [main] BasicTypeRegistry - Adding type registration numeric_boolean -> org.hibernate.type.NumericBooleanType@69504ae9
[DEBUG] 2018-02-12 20:56:40.802 [main] BasicTypeRegistry - Adding type registration true_false -> org.hibernate.type.TrueFalseType@475c9c31
[DEBUG] 2018-02-12 20:56:40.807 [main] BasicTypeRegistry - Adding type registration yes_no -> org.hibernate.type.YesNoType@5276d6ee
[DEBUG] 2018-02-12 20:56:40.808 [main] BasicTypeRegistry - Adding type registration byte -> org.hibernate.type.ByteType@7dfd3c81
[DEBUG] 2018-02-12 20:56:40.808 [main] BasicTypeRegistry - Adding type registration byte -> org.hibernate.type.ByteType@7dfd3c81
[DEBUG] 2018-02-12 20:56:40.808 [main] BasicTypeRegistry - Adding type registration java.lang.Byte -> org.hibernate.type.ByteType@7dfd3c81
[DEBUG] 2018-02-12 20:56:40.816 [main] BasicTypeRegistry - Adding type registration character -> org.hibernate.type.CharacterType@7dfb0c0f
[DEBUG] 2018-02-12 20:56:40.816 [main] BasicTypeRegistry - Adding type registration char -> org.hibernate.type.CharacterType@7dfb0c0f
[DEBUG] 2018-02-12 20:56:40.816 [main] BasicTypeRegistry - Adding type registration java.lang.Character -> org.hibernate.type.CharacterType@7dfb0c0f
[DEBUG] 2018-02-12 20:56:40.818 [main] BasicTypeRegistry - Adding type registration short -> org.hibernate.type.ShortType@2d0399f4
[DEBUG] 2018-02-12 20:56:40.818 [main] BasicTypeRegistry - Adding type registration short -> org.hibernate.type.ShortType@2d0399f4
[DEBUG] 2018-02-12 20:56:40.818 [main] BasicTypeRegistry - Adding type registration java.lang.Short -> org.hibernate.type.ShortType@2d0399f4
[DEBUG] 2018-02-12 20:56:40.826 [main] BasicTypeRegistry - Adding type registration integer -> org.hibernate.type.IntegerType@2254127a
[DEBUG] 2018-02-12 20:56:40.826 [main] BasicTypeRegistry - Adding type registration int -> org.hibernate.type.IntegerType@2254127a
[DEBUG] 2018-02-12 20:56:40.826 [main] BasicTypeRegistry - Adding type registration java.lang.Integer -> org.hibernate.type.IntegerType@2254127a
[DEBUG] 2018-02-12 20:56:40.827 [main] BasicTypeRegistry - Adding type registration long -> org.hibernate.type.LongType@5a7fe64f
[DEBUG] 2018-02-12 20:56:40.827 [main] BasicTypeRegistry - Adding type registration long -> org.hibernate.type.LongType@5a7fe64f
[DEBUG] 2018-02-12 20:56:40.827 [main] BasicTypeRegistry - Adding type registration java.lang.Long -> org.hibernate.type.LongType@5a7fe64f
[DEBUG] 2018-02-12 20:56:40.828 [main] BasicTypeRegistry - Adding type registration float -> org.hibernate.type.FloatType@37313c65
[DEBUG] 2018-02-12 20:56:40.828 [main] BasicTypeRegistry - Adding type registration float -> org.hibernate.type.FloatType@37313c65
[DEBUG] 2018-02-12 20:56:40.832 [main] BasicTypeRegistry - Adding type registration java.lang.Float -> org.hibernate.type.FloatType@37313c65
[DEBUG] 2018-02-12 20:56:40.833 [main] BasicTypeRegistry - Adding type registration double -> org.hibernate.type.DoubleType@5d908d47
[DEBUG] 2018-02-12 20:56:40.833 [main] BasicTypeRegistry - Adding type registration double -> org.hibernate.type.DoubleType@5d908d47
[DEBUG] 2018-02-12 20:56:40.833 [main] BasicTypeRegistry - Adding type registration java.lang.Double -> org.hibernate.type.DoubleType@5d908d47
[DEBUG] 2018-02-12 20:56:40.834 [main] BasicTypeRegistry - Adding type registration big_decimal -> org.hibernate.type.BigDecimalType@6f36c2f0
[DEBUG] 2018-02-12 20:56:40.834 [main] BasicTypeRegistry - Adding type registration java.math.BigDecimal -> org.hibernate.type.BigDecimalType@6f36c2f0
[DEBUG] 2018-02-12 20:56:40.835 [main] BasicTypeRegistry - Adding type registration big_integer -> org.hibernate.type.BigIntegerType@3b35a229
[DEBUG] 2018-02-12 20:56:40.843 [main] BasicTypeRegistry - Adding type registration java.math.BigInteger -> org.hibernate.type.BigIntegerType@3b35a229
[DEBUG] 2018-02-12 20:56:40.844 [main] BasicTypeRegistry - Adding type registration string -> org.hibernate.type.StringType@7dc3712
[DEBUG] 2018-02-12 20:56:40.844 [main] BasicTypeRegistry - Adding type registration java.lang.String -> org.hibernate.type.StringType@7dc3712
[DEBUG] 2018-02-12 20:56:40.851 [main] BasicTypeRegistry - Adding type registration nstring -> org.hibernate.type.StringNVarcharType@5be1d0a4
[DEBUG] 2018-02-12 20:56:40.852 [main] BasicTypeRegistry - Adding type registration ncharacter -> org.hibernate.type.CharacterNCharType@7d322cad
[DEBUG] 2018-02-12 20:56:40.866 [main] BasicTypeRegistry - Adding type registration url -> org.hibernate.type.UrlType@448c8166
[DEBUG] 2018-02-12 20:56:40.866 [main] BasicTypeRegistry - Adding type registration java.net.URL -> org.hibernate.type.UrlType@448c8166
[DEBUG] 2018-02-12 20:56:40.868 [main] BasicTypeRegistry - Adding type registration Duration -> org.hibernate.type.DurationType@13526e59
[DEBUG] 2018-02-12 20:56:40.868 [main] BasicTypeRegistry - Adding type registration java.time.Duration -> org.hibernate.type.DurationType@13526e59
[DEBUG] 2018-02-12 20:56:40.922 [main] BasicTypeRegistry - Adding type registration Instant -> org.hibernate.type.InstantType@6cc4cdb9
[DEBUG] 2018-02-12 20:56:40.923 [main] BasicTypeRegistry - Adding type registration java.time.Instant -> org.hibernate.type.InstantType@6cc4cdb9
[DEBUG] 2018-02-12 20:56:40.928 [main] BasicTypeRegistry - Adding type registration LocalDateTime -> org.hibernate.type.LocalDateTimeType@32115b28
[DEBUG] 2018-02-12 20:56:40.928 [main] BasicTypeRegistry - Adding type registration java.time.LocalDateTime -> org.hibernate.type.LocalDateTimeType@32115b28
[DEBUG] 2018-02-12 20:56:40.931 [main] BasicTypeRegistry - Adding type registration LocalDate -> org.hibernate.type.LocalDateType@3214ee6
[DEBUG] 2018-02-12 20:56:40.931 [main] BasicTypeRegistry - Adding type registration java.time.LocalDate -> org.hibernate.type.LocalDateType@3214ee6
[DEBUG] 2018-02-12 20:56:40.938 [main] BasicTypeRegistry - Adding type registration LocalTime -> org.hibernate.type.LocalTimeType@68746f22
[DEBUG] 2018-02-12 20:56:40.938 [main] BasicTypeRegistry - Adding type registration java.time.LocalTime -> org.hibernate.type.LocalTimeType@68746f22
[DEBUG] 2018-02-12 20:56:40.940 [main] BasicTypeRegistry - Adding type registration OffsetDateTime -> org.hibernate.type.OffsetDateTimeType@2eea88a1
[DEBUG] 2018-02-12 20:56:40.940 [main] BasicTypeRegistry - Adding type registration java.time.OffsetDateTime -> org.hibernate.type.OffsetDateTimeType@2eea88a1
[DEBUG] 2018-02-12 20:56:40.949 [main] BasicTypeRegistry - Adding type registration OffsetTime -> org.hibernate.type.OffsetTimeType@16612a51
[DEBUG] 2018-02-12 20:56:40.949 [main] BasicTypeRegistry - Adding type registration java.time.OffsetTime -> org.hibernate.type.OffsetTimeType@16612a51
[DEBUG] 2018-02-12 20:56:40.961 [main] BasicTypeRegistry - Adding type registration ZonedDateTime -> org.hibernate.type.ZonedDateTimeType@7d61eb55
[DEBUG] 2018-02-12 20:56:40.961 [main] BasicTypeRegistry - Adding type registration java.time.ZonedDateTime -> org.hibernate.type.ZonedDateTimeType@7d61eb55
[DEBUG] 2018-02-12 20:56:40.962 [main] BasicTypeRegistry - Adding type registration date -> org.hibernate.type.DateType@638ef7ed
[DEBUG] 2018-02-12 20:56:40.963 [main] BasicTypeRegistry - Adding type registration java.sql.Date -> org.hibernate.type.DateType@638ef7ed
[DEBUG] 2018-02-12 20:56:40.964 [main] BasicTypeRegistry - Adding type registration time -> org.hibernate.type.TimeType@776a6d9b
[DEBUG] 2018-02-12 20:56:40.964 [main] BasicTypeRegistry - Adding type registration java.sql.Time -> org.hibernate.type.TimeType@776a6d9b
[DEBUG] 2018-02-12 20:56:40.979 [main] BasicTypeRegistry - Adding type registration timestamp -> org.hibernate.type.TimestampType@1cf56a1c
[DEBUG] 2018-02-12 20:56:40.980 [main] BasicTypeRegistry - Adding type registration java.sql.Timestamp -> org.hibernate.type.TimestampType@1cf56a1c
[DEBUG] 2018-02-12 20:56:40.982 [main] BasicTypeRegistry - Adding type registration java.util.Date -> org.hibernate.type.TimestampType@1cf56a1c
[DEBUG] 2018-02-12 20:56:40.984 [main] BasicTypeRegistry - Adding type registration dbtimestamp -> org.hibernate.type.DbTimestampType@264f218
[DEBUG] 2018-02-12 20:56:40.985 [main] BasicTypeRegistry - Adding type registration calendar -> org.hibernate.type.CalendarType@81d9a72
[DEBUG] 2018-02-12 20:56:40.985 [main] BasicTypeRegistry - Adding type registration java.util.Calendar -> org.hibernate.type.CalendarType@81d9a72
[DEBUG] 2018-02-12 20:56:40.985 [main] BasicTypeRegistry - Adding type registration java.util.GregorianCalendar -> org.hibernate.type.CalendarType@81d9a72
[DEBUG] 2018-02-12 20:56:40.986 [main] BasicTypeRegistry - Adding type registration calendar_date -> org.hibernate.type.CalendarDateType@2ca26d77
[DEBUG] 2018-02-12 20:56:40.990 [main] BasicTypeRegistry - Adding type registration locale -> org.hibernate.type.LocaleType@1ebea008
[DEBUG] 2018-02-12 20:56:40.990 [main] BasicTypeRegistry - Adding type registration java.util.Locale -> org.hibernate.type.LocaleType@1ebea008
[DEBUG] 2018-02-12 20:56:40.991 [main] BasicTypeRegistry - Adding type registration currency -> org.hibernate.type.CurrencyType@51bf5add
[DEBUG] 2018-02-12 20:56:40.991 [main] BasicTypeRegistry - Adding type registration java.util.Currency -> org.hibernate.type.CurrencyType@51bf5add
[DEBUG] 2018-02-12 20:56:40.998 [main] BasicTypeRegistry - Adding type registration timezone -> org.hibernate.type.TimeZoneType@478db956
[DEBUG] 2018-02-12 20:56:41.002 [main] BasicTypeRegistry - Adding type registration java.util.TimeZone -> org.hibernate.type.TimeZoneType@478db956
[DEBUG] 2018-02-12 20:56:41.003 [main] BasicTypeRegistry - Adding type registration class -> org.hibernate.type.ClassType@1b410b60
[DEBUG] 2018-02-12 20:56:41.003 [main] BasicTypeRegistry - Adding type registration java.lang.Class -> org.hibernate.type.ClassType@1b410b60
[DEBUG] 2018-02-12 20:56:41.006 [main] BasicTypeRegistry - Adding type registration uuid-binary -> org.hibernate.type.UUIDBinaryType@6b0d80ed
[DEBUG] 2018-02-12 20:56:41.018 [main] BasicTypeRegistry - Adding type registration java.util.UUID -> org.hibernate.type.UUIDBinaryType@6b0d80ed
[DEBUG] 2018-02-12 20:56:41.018 [main] BasicTypeRegistry - Adding type registration uuid-char -> org.hibernate.type.UUIDCharType@928763c
[DEBUG] 2018-02-12 20:56:41.021 [main] BasicTypeRegistry - Adding type registration binary -> org.hibernate.type.BinaryType@2f666ebb
[DEBUG] 2018-02-12 20:56:41.021 [main] BasicTypeRegistry - Adding type registration byte[] -> org.hibernate.type.BinaryType@2f666ebb
[DEBUG] 2018-02-12 20:56:41.022 [main] BasicTypeRegistry - Adding type registration [B -> org.hibernate.type.BinaryType@2f666ebb
[DEBUG] 2018-02-12 20:56:41.023 [main] BasicTypeRegistry - Adding type registration wrapper-binary -> org.hibernate.type.WrapperBinaryType@75c56eb9
[DEBUG] 2018-02-12 20:56:41.023 [main] BasicTypeRegistry - Adding type registration Byte[] -> org.hibernate.type.WrapperBinaryType@75c56eb9
[DEBUG] 2018-02-12 20:56:41.023 [main] BasicTypeRegistry - Adding type registration [Ljava.lang.Byte; -> org.hibernate.type.WrapperBinaryType@75c56eb9
[DEBUG] 2018-02-12 20:56:41.023 [main] BasicTypeRegistry - Adding type registration row_version -> org.hibernate.type.RowVersionType@5e17553a
[DEBUG] 2018-02-12 20:56:41.027 [main] BasicTypeRegistry - Adding type registration image -> org.hibernate.type.ImageType@27912e3
[DEBUG] 2018-02-12 20:56:41.028 [main] BasicTypeRegistry - Adding type registration characters -> org.hibernate.type.CharArrayType@30b6ffe0
[DEBUG] 2018-02-12 20:56:41.028 [main] BasicTypeRegistry - Adding type registration char[] -> org.hibernate.type.CharArrayType@30b6ffe0
[DEBUG] 2018-02-12 20:56:41.028 [main] BasicTypeRegistry - Adding type registration [C -> org.hibernate.type.CharArrayType@30b6ffe0
[DEBUG] 2018-02-12 20:56:41.036 [main] BasicTypeRegistry - Adding type registration wrapper-characters -> org.hibernate.type.CharacterArrayType@24c22fe
[DEBUG] 2018-02-12 20:56:41.036 [main] BasicTypeRegistry - Adding type registration [Ljava.lang.Character; -> org.hibernate.type.CharacterArrayType@24c22fe
[DEBUG] 2018-02-12 20:56:41.036 [main] BasicTypeRegistry - Adding type registration Character[] -> org.hibernate.type.CharacterArrayType@24c22fe
[DEBUG] 2018-02-12 20:56:41.038 [main] BasicTypeRegistry - Adding type registration text -> org.hibernate.type.TextType@15a04efb
[DEBUG] 2018-02-12 20:56:41.038 [main] BasicTypeRegistry - Adding type registration ntext -> org.hibernate.type.NTextType@3336e6b6
[DEBUG] 2018-02-12 20:56:41.048 [main] BasicTypeRegistry - Adding type registration blob -> org.hibernate.type.BlobType@7b993c65
[DEBUG] 2018-02-12 20:56:41.049 [main] BasicTypeRegistry - Adding type registration java.sql.Blob -> org.hibernate.type.BlobType@7b993c65
[DEBUG] 2018-02-12 20:56:41.049 [main] BasicTypeRegistry - Adding type registration materialized_blob -> org.hibernate.type.MaterializedBlobType@4d6025c5
[DEBUG] 2018-02-12 20:56:41.058 [main] BasicTypeRegistry - Adding type registration clob -> org.hibernate.type.ClobType@463fd068
[DEBUG] 2018-02-12 20:56:41.059 [main] BasicTypeRegistry - Adding type registration java.sql.Clob -> org.hibernate.type.ClobType@463fd068
[DEBUG] 2018-02-12 20:56:41.067 [main] BasicTypeRegistry - Adding type registration nclob -> org.hibernate.type.NClobType@4bd31064
[DEBUG] 2018-02-12 20:56:41.068 [main] BasicTypeRegistry - Adding type registration java.sql.NClob -> org.hibernate.type.NClobType@4bd31064
[DEBUG] 2018-02-12 20:56:41.069 [main] BasicTypeRegistry - Adding type registration materialized_clob -> org.hibernate.type.MaterializedClobType@7354b8c5
[DEBUG] 2018-02-12 20:56:41.073 [main] BasicTypeRegistry - Adding type registration materialized_nclob -> org.hibernate.type.MaterializedNClobType@11d8ae8b
[DEBUG] 2018-02-12 20:56:41.074 [main] BasicTypeRegistry - Adding type registration serializable -> org.hibernate.type.SerializableType@2fba3fc4
[DEBUG] 2018-02-12 20:56:41.082 [main] BasicTypeRegistry - Adding type registration object -> org.hibernate.type.ObjectType@6a57ae10
[DEBUG] 2018-02-12 20:56:41.082 [main] BasicTypeRegistry - Adding type registration java.lang.Object -> org.hibernate.type.ObjectType@6a57ae10
[DEBUG] 2018-02-12 20:56:41.082 [main] BasicTypeRegistry - Adding type registration imm_date -> org.hibernate.type.AdaptedImmutableType@28b46423
[DEBUG] 2018-02-12 20:56:41.082 [main] BasicTypeRegistry - Adding type registration imm_time -> org.hibernate.type.AdaptedImmutableType@7fc4780b
[DEBUG] 2018-02-12 20:56:41.082 [main] BasicTypeRegistry - Adding type registration imm_timestamp -> org.hibernate.type.AdaptedImmutableType@3b79fd76
[DEBUG] 2018-02-12 20:56:41.083 [main] BasicTypeRegistry - Adding type registration imm_dbtimestamp -> org.hibernate.type.AdaptedImmutableType@48c76607
[DEBUG] 2018-02-12 20:56:41.086 [main] BasicTypeRegistry - Adding type registration imm_calendar -> org.hibernate.type.AdaptedImmutableType@43599640
[DEBUG] 2018-02-12 20:56:41.086 [main] BasicTypeRegistry - Adding type registration imm_calendar_date -> org.hibernate.type.AdaptedImmutableType@1f81aa00
[DEBUG] 2018-02-12 20:56:41.088 [main] BasicTypeRegistry - Adding type registration imm_binary -> org.hibernate.type.AdaptedImmutableType@6b6776cb
[DEBUG] 2018-02-12 20:56:41.088 [main] BasicTypeRegistry - Adding type registration imm_serializable -> org.hibernate.type.AdaptedImmutableType@1863d2fe
[INFO ] 2018-02-12 20:56:41.151 [main] C3P0ConnectionProvider - HHH010002: C3P0 using driver: com.mysql.jdbc.Driver at URL: jdbc:mysql://localhost:3306/puppy_playtime_test
[INFO ] 2018-02-12 20:56:41.151 [main] C3P0ConnectionProvider - HHH10001001: Connection properties: {user=root, password=****}
[INFO ] 2018-02-12 20:56:41.152 [main] C3P0ConnectionProvider - HHH10001003: Autocommit mode: false
[INFO ] 2018-02-12 20:56:41.528 [main] C3P0ConnectionProvider - HHH10001007: JDBC isolation level: <unknown>
[DEBUG] 2018-02-12 20:56:42.486 [main] JdbcEnvironmentInitiator - Database ->
       name : MySQL
    version : 5.7.21-0ubuntu0.16.04.1
      major : 5
      minor : 7
[DEBUG] 2018-02-12 20:56:42.504 [main] JdbcEnvironmentInitiator - Driver ->
       name : MySQL Connector Java
    version : mysql-connector-java-5.1.39 ( Revision: 3289a357af6d09ecc1a10fd3c26e95183e5790ad )
      major : 5
      minor : 1
[DEBUG] 2018-02-12 20:56:42.511 [main] JdbcEnvironmentInitiator - JDBC version : 4.0
[INFO ] 2018-02-12 20:56:42.585 [main] Dialect - HHH000400: Using dialect: org.hibernate.dialect.MySQL5Dialect
[DEBUG] 2018-02-12 20:56:42.759 [main] IdentifierHelperBuilder - JDBC driver metadata reported database stores quoted identifiers in more than one case
[DEBUG] 2018-02-12 20:56:42.770 [main] IdentifierHelperBuilder - IdentifierCaseStrategy for both quoted and unquoted identifiers was set to the same strategy [MIXED]; that will likely lead to problems in schema update and validation if using quoted identifiers
[DEBUG] 2018-02-12 20:56:42.881 [main] DefaultIdentifierGeneratorFactory - Registering IdentifierGenerator strategy [uuid2] -> [org.hibernate.id.UUIDGenerator]
[DEBUG] 2018-02-12 20:56:42.889 [main] DefaultIdentifierGeneratorFactory - Registering IdentifierGenerator strategy [guid] -> [org.hibernate.id.GUIDGenerator]
[DEBUG] 2018-02-12 20:56:42.890 [main] DefaultIdentifierGeneratorFactory - Registering IdentifierGenerator strategy [uuid] -> [org.hibernate.id.UUIDHexGenerator]
[DEBUG] 2018-02-12 20:56:42.890 [main] DefaultIdentifierGeneratorFactory - Registering IdentifierGenerator strategy [uuid.hex] -> [org.hibernate.id.UUIDHexGenerator]
[DEBUG] 2018-02-12 20:56:42.891 [main] DefaultIdentifierGeneratorFactory - Registering IdentifierGenerator strategy [assigned] -> [org.hibernate.id.Assigned]
[DEBUG] 2018-02-12 20:56:42.892 [main] DefaultIdentifierGeneratorFactory - Registering IdentifierGenerator strategy [identity] -> [org.hibernate.id.IdentityGenerator]
[DEBUG] 2018-02-12 20:56:42.892 [main] DefaultIdentifierGeneratorFactory - Registering IdentifierGenerator strategy [select] -> [org.hibernate.id.SelectGenerator]
[DEBUG] 2018-02-12 20:56:42.893 [main] DefaultIdentifierGeneratorFactory - Registering IdentifierGenerator strategy [sequence] -> [org.hibernate.id.enhanced.SequenceStyleGenerator]
[DEBUG] 2018-02-12 20:56:42.894 [main] DefaultIdentifierGeneratorFactory - Registering IdentifierGenerator strategy [seqhilo] -> [org.hibernate.id.SequenceHiLoGenerator]
[DEBUG] 2018-02-12 20:56:42.894 [main] DefaultIdentifierGeneratorFactory - Registering IdentifierGenerator strategy [increment] -> [org.hibernate.id.IncrementGenerator]
[DEBUG] 2018-02-12 20:56:42.894 [main] DefaultIdentifierGeneratorFactory - Registering IdentifierGenerator strategy [foreign] -> [org.hibernate.id.ForeignGenerator]
[DEBUG] 2018-02-12 20:56:42.895 [main] DefaultIdentifierGeneratorFactory - Registering IdentifierGenerator strategy [sequence-identity] -> [org.hibernate.id.SequenceIdentityGenerator]
[DEBUG] 2018-02-12 20:56:42.895 [main] DefaultIdentifierGeneratorFactory - Registering IdentifierGenerator strategy [enhanced-sequence] -> [org.hibernate.id.enhanced.SequenceStyleGenerator]
[DEBUG] 2018-02-12 20:56:42.897 [main] DefaultIdentifierGeneratorFactory - Registering IdentifierGenerator strategy [enhanced-table] -> [org.hibernate.id.enhanced.TableGenerator]
[DEBUG] 2018-02-12 20:56:42.979 [main] Namespace - Created database namespace [logicalName=Name{catalog=null, schema=null}, physicalName=Name{catalog=null, schema=null}]
[DEBUG] 2018-02-12 20:56:43.063 [main] AnnotationBinder - Binding entity from annotated class: com.choinoski.entity.Pack
[DEBUG] 2018-02-12 20:56:43.089 [main] Ejb3Column - Binding column: Ejb3DiscriminatorColumn{logicalColumnName'DTYPE', discriminatorTypeName='string'}
[DEBUG] 2018-02-12 20:56:43.095 [main] EntityBinder - Import with entity name Pack
[DEBUG] 2018-02-12 20:56:43.102 [main] EntityBinder - Bind entity com.choinoski.entity.Pack on table pack
[DEBUG] 2018-02-12 20:56:43.157 [main] Ejb3Column - Binding column: Ejb3Column{table=org.hibernate.mapping.Table(pack), mappingColumn=pack_token_nr, insertable=true, updatable=true, unique=false}
[DEBUG] 2018-02-12 20:56:43.160 [main] PropertyBinder - MetadataSourceProcessor property packTokenNumber with lazy=false
[DEBUG] 2018-02-12 20:56:43.162 [main] AbstractPropertyHolder - Attempting to locate auto-apply AttributeConverter for property [com.choinoski.entity.Pack:packTokenNumber]
[DEBUG] 2018-02-12 20:56:43.163 [main] SimpleValueBinder - building SimpleValue for packTokenNumber
[DEBUG] 2018-02-12 20:56:43.167 [main] PropertyBinder - Building property packTokenNumber
[DEBUG] 2018-02-12 20:56:43.179 [main] Ejb3Column - Binding column: Ejb3Column{table=org.hibernate.mapping.Table(pack), mappingColumn=login, insertable=true, updatable=true, unique=false}
[DEBUG] 2018-02-12 20:56:43.179 [main] PropertyBinder - MetadataSourceProcessor property login with lazy=false
[DEBUG] 2018-02-12 20:56:43.179 [main] AbstractPropertyHolder - Attempting to locate auto-apply AttributeConverter for property [com.choinoski.entity.Pack:login]
[DEBUG] 2018-02-12 20:56:43.179 [main] SimpleValueBinder - building SimpleValue for login
[DEBUG] 2018-02-12 20:56:43.180 [main] PropertyBinder - Building property login
[DEBUG] 2018-02-12 20:56:43.186 [main] Ejb3Column - Binding column: Ejb3Column{table=org.hibernate.mapping.Table(pack), mappingColumn=pack_name, insertable=true, updatable=true, unique=false}
[DEBUG] 2018-02-12 20:56:43.187 [main] PropertyBinder - MetadataSourceProcessor property packName with lazy=false
[DEBUG] 2018-02-12 20:56:43.187 [main] AbstractPropertyHolder - Attempting to locate auto-apply AttributeConverter for property [com.choinoski.entity.Pack:packName]
[DEBUG] 2018-02-12 20:56:43.187 [main] SimpleValueBinder - building SimpleValue for packName
[DEBUG] 2018-02-12 20:56:43.187 [main] PropertyBinder - Building property packName
[DEBUG] 2018-02-12 20:56:43.187 [main] Ejb3Column - Binding column: Ejb3Column{table=org.hibernate.mapping.Table(pack), mappingColumn=password, insertable=true, updatable=true, unique=false}
[DEBUG] 2018-02-12 20:56:43.187 [main] PropertyBinder - MetadataSourceProcessor property password with lazy=false
[DEBUG] 2018-02-12 20:56:43.187 [main] AbstractPropertyHolder - Attempting to locate auto-apply AttributeConverter for property [com.choinoski.entity.Pack:password]
[DEBUG] 2018-02-12 20:56:43.187 [main] SimpleValueBinder - building SimpleValue for password
[DEBUG] 2018-02-12 20:56:43.189 [main] PropertyBinder - Building property password
[DEBUG] 2018-02-12 20:56:43.191 [main] SimpleValueBinder - Starting fillSimpleValue for packTokenNumber
[DEBUG] 2018-02-12 20:56:43.191 [main] SimpleValueBinder - Starting fillSimpleValue for login
[DEBUG] 2018-02-12 20:56:43.191 [main] SimpleValueBinder - Starting fillSimpleValue for packName
[DEBUG] 2018-02-12 20:56:43.191 [main] SimpleValueBinder - Starting fillSimpleValue for password
[DEBUG] 2018-02-12 20:56:43.192 [main] PrimaryKey - Forcing column [pack_token_nr] to be non-null as it is part of the primary key for table [pack]
[DEBUG] 2018-02-12 20:56:43.243 [main] SessionFactoryImpl - Building session factory
[DEBUG] 2018-02-12 20:56:43.244 [main] Settings - SessionFactory name : null
[DEBUG] 2018-02-12 20:56:43.244 [main] Settings - Automatic flush during beforeCompletion(): enabled
[DEBUG] 2018-02-12 20:56:43.244 [main] Settings - Automatic session close at end of transaction: disabled
[DEBUG] 2018-02-12 20:56:43.245 [main] Settings - Statistics: disabled
[DEBUG] 2018-02-12 20:56:43.245 [main] Settings - Deleted entity synthetic identifier rollback: disabled
[DEBUG] 2018-02-12 20:56:43.245 [main] Settings - Default entity-mode: pojo
[DEBUG] 2018-02-12 20:56:43.245 [main] Settings - Check Nullability in Core (should be disabled when Bean Validation is on): enabled
[DEBUG] 2018-02-12 20:56:43.245 [main] Settings - Allow initialization of lazy state outside session : disabled
[DEBUG] 2018-02-12 20:56:43.245 [main] Settings - Using BatchFetchStyle : LEGACY
[DEBUG] 2018-02-12 20:56:43.245 [main] Settings - Default batch fetch size: -1
[DEBUG] 2018-02-12 20:56:43.245 [main] Settings - Maximum outer join fetch depth: 2
[DEBUG] 2018-02-12 20:56:43.245 [main] Settings - Default null ordering: NONE
[DEBUG] 2018-02-12 20:56:43.245 [main] Settings - Order SQL updates by primary key: disabled
[DEBUG] 2018-02-12 20:56:43.245 [main] Settings - Order SQL inserts for batching: disabled
[DEBUG] 2018-02-12 20:56:43.246 [main] Settings - multi-tenancy strategy : NONE
[DEBUG] 2018-02-12 20:56:43.246 [main] Settings - JTA Track by Thread: enabled
[DEBUG] 2018-02-12 20:56:43.246 [main] Settings - Query language substitutions: {}
[DEBUG] 2018-02-12 20:56:43.246 [main] Settings - JPA query language strict compliance: disabled
[DEBUG] 2018-02-12 20:56:43.246 [main] Settings - Named query checking : enabled
[DEBUG] 2018-02-12 20:56:43.246 [main] Settings - Second-level cache: enabled
[DEBUG] 2018-02-12 20:56:43.247 [main] Settings - Second-level query cache: disabled
[DEBUG] 2018-02-12 20:56:43.247 [main] Settings - Second-level query cache factory: org.hibernate.cache.internal.StandardQueryCacheFactory@3276732
[DEBUG] 2018-02-12 20:56:43.247 [main] Settings - Second-level cache region prefix: null
[DEBUG] 2018-02-12 20:56:43.247 [main] Settings - Optimize second-level cache for minimal puts: disabled
[DEBUG] 2018-02-12 20:56:43.247 [main] Settings - Structured second-level cache entries: disabled
[DEBUG] 2018-02-12 20:56:43.247 [main] Settings - Second-level cache direct-reference entries: disabled
[DEBUG] 2018-02-12 20:56:43.247 [main] Settings - Automatic eviction of collection cache: disabled
[DEBUG] 2018-02-12 20:56:43.247 [main] Settings - JDBC batch size: 15
[DEBUG] 2018-02-12 20:56:43.247 [main] Settings - JDBC batch updates for versioned data: enabled
[DEBUG] 2018-02-12 20:56:43.253 [main] Settings - Scrollable result sets: enabled
[DEBUG] 2018-02-12 20:56:43.253 [main] Settings - Wrap result sets: disabled
[DEBUG] 2018-02-12 20:56:43.253 [main] Settings - JDBC3 getGeneratedKeys(): enabled
[DEBUG] 2018-02-12 20:56:43.253 [main] Settings - JDBC result set fetch size: null
[DEBUG] 2018-02-12 20:56:43.254 [main] Settings - Connection release mode: AFTER_TRANSACTION
[DEBUG] 2018-02-12 20:56:43.254 [main] Settings - Generate SQL with comments: disabled
[DEBUG] 2018-02-12 20:56:43.359 [main] SessionFactoryImpl - Session factory constructed with filter configurations : {}
[DEBUG] 2018-02-12 20:56:43.359 [main] SessionFactoryImpl - Instantiating session factory with properties: {sun.desktop=gnome, awt.toolkit=sun.awt.X11.XToolkit, file.encoding.pkg=sun.io, java.specification.version=1.8, hibernate.c3p0.idle_test_period=3000, sun.cpu.isalist=, sun.jnu.encoding=UTF-8, hibernate.c3p0.min_size=5, java.class.path=/home/student/intellij/lib/idea_rt.jar:/home/student/intellij/plugins/junit/lib/junit-rt.jar:/home/student/intellij/plugins/junit/lib/junit5-rt.jar:/usr/lib/jvm/java-8-oracle/jre/lib/charsets.jar:/usr/lib/jvm/java-8-oracle/jre/lib/deploy.jar:/usr/lib/jvm/java-8-oracle/jre/lib/ext/cldrdata.jar:/usr/lib/jvm/java-8-oracle/jre/lib/ext/dnsns.jar:/usr/lib/jvm/java-8-oracle/jre/lib/ext/jaccess.jar:/usr/lib/jvm/java-8-oracle/jre/lib/ext/jfxrt.jar:/usr/lib/jvm/java-8-oracle/jre/lib/ext/localedata.jar:/usr/lib/jvm/java-8-oracle/jre/lib/ext/nashorn.jar:/usr/lib/jvm/java-8-oracle/jre/lib/ext/sunec.jar:/usr/lib/jvm/java-8-oracle/jre/lib/ext/sunjce_provider.jar:/usr/lib/jvm/java-8-oracle/jre/lib/ext/sunpkcs11.jar:/usr/lib/jvm/java-8-oracle/jre/lib/ext/zipfs.jar:/usr/lib/jvm/java-8-oracle/jre/lib/javaws.jar:/usr/lib/jvm/java-8-oracle/jre/lib/jce.jar:/usr/lib/jvm/java-8-oracle/jre/lib/jfr.jar:/usr/lib/jvm/java-8-oracle/jre/lib/jfxswt.jar:/usr/lib/jvm/java-8-oracle/jre/lib/jsse.jar:/usr/lib/jvm/java-8-oracle/jre/lib/management-agent.jar:/usr/lib/jvm/java-8-oracle/jre/lib/plugin.jar:/usr/lib/jvm/java-8-oracle/jre/lib/resources.jar:/usr/lib/jvm/java-8-oracle/jre/lib/rt.jar:/home/student/IdeaProjects/PuppyPlaytime/target/test-classes:/home/student/IdeaProjects/PuppyPlaytime/target/classes:/home/student/.m2/repository/org/junit/jupiter/junit-jupiter-engine/5.0.0/junit-jupiter-engine-5.0.0.jar:/home/student/.m2/repository/org/apiguardian/apiguardian-api/1.0.0/apiguardian-api-1.0.0.jar:/home/student/.m2/repository/org/junit/platform/junit-platform-engine/1.0.0/junit-platform-engine-1.0.0.jar:/home/student/.m2/repository/org/junit/platform/junit-platform-commons/1.0.0/junit-platform-commons-1.0.0.jar:/home/student/.m2/repository/org/opentest4j/opentest4j/1.0.0/opentest4j-1.0.0.jar:/home/student/.m2/repository/org/junit/jupiter/junit-jupiter-api/5.0.0/junit-jupiter-api-5.0.0.jar:/home/student/.m2/repository/junit/junit/4.12/junit-4.12.jar:/home/student/.m2/repository/org/hamcrest/hamcrest-core/1.3/hamcrest-core-1.3.jar:/home/student/.m2/repository/org/junit/platform/junit-platform-runner/1.0.0/junit-platform-runner-1.0.0.jar:/home/student/.m2/repository/org/junit/platform/junit-platform-launcher/1.0.0/junit-platform-launcher-1.0.0.jar:/home/student/.m2/repository/org/junit/platform/junit-platform-suite-api/1.0.0/junit-platform-suite-api-1.0.0.jar:/home/student/.m2/repository/org/junit/vintage/junit-vintage-engine/4.12.0/junit-vintage-engine-4.12.0.jar:/home/student/.m2/repository/javax/javaee-web-api/7.0/javaee-web-api-7.0.jar:/home/student/.m2/repository/org/apache/logging/log4j/log4j-api/2.10.0/log4j-api-2.10.0.jar:/home/student/.m2/repository/org/apache/logging/log4j/log4j-core/2.10.0/log4j-core-2.10.0.jar:/home/student/.m2/repository/org/hibernate/hibernate-core/5.2.12.Final/hibernate-core-5.2.12.Final.jar:/home/student/.m2/repository/org/jboss/logging/jboss-logging/3.3.0.Final/jboss-logging-3.3.0.Final.jar:/home/student/.m2/repository/org/hibernate/javax/persistence/hibernate-jpa-2.1-api/1.0.0.Final/hibernate-jpa-2.1-api-1.0.0.Final.jar:/home/student/.m2/repository/org/javassist/javassist/3.20.0-GA/javassist-3.20.0-GA.jar:/home/student/.m2/repository/antlr/antlr/2.7.7/antlr-2.7.7.jar:/home/student/.m2/repository/org/jboss/spec/javax/transaction/jboss-transaction-api_1.2_spec/1.0.1.Final/jboss-transaction-api_1.2_spec-1.0.1.Final.jar:/home/student/.m2/repository/org/jboss/jandex/2.0.3.Final/jandex-2.0.3.Final.jar:/home/student/.m2/repository/com/fasterxml/classmate/1.3.0/classmate-1.3.0.jar:/home/student/.m2/repository/dom4j/dom4j/1.6.1/dom4j-1.6.1.jar:/home/student/.m2/repository/org/hibernate/common/hibernate-commons-annotations/5.0.1.Final/hibernate-commons-annotations-5.0.1.Final.jar:/home/student/.m2/repository/org/hibernate/hibernate-c3p0/5.2.12.Final/hibernate-c3p0-5.2.12.Final.jar:/home/student/.m2/repository/com/mchange/c3p0/0.9.5.2/c3p0-0.9.5.2.jar:/home/student/.m2/repository/com/mchange/mchange-commons-java/0.2.11/mchange-commons-java-0.2.11.jar:/home/student/.m2/repository/mysql/mysql-connector-java/5.1.39/mysql-connector-java-5.1.39.jar:/home/student/.m2/repository/jstl/jstl/1.2/jstl-1.2.jar:/home/student/intellij/lib/idea_rt.jar, java.vm.vendor=Oracle Corporation, sun.arch.data.model=64, idea.test.cyclic.buffer.size=1048576, java.vendor.url=http://java.oracle.com/, user.timezone=America/Chicago, os.name=Linux, java.vm.specification.version=1.8, user.country=US, sun.java.launcher=SUN_STANDARD, sun.boot.library.path=/usr/lib/jvm/java-8-oracle/jre/lib/amd64, sun.java.command=com.intellij.rt.execution.junit.JUnitStarter -ideVersion5 -junit5 com.choinoski.persistence.PackDaoTest, sun.cpu.endian=little, hibernate.c3p0.max_statements=50, user.home=/home/student, user.language=en, java.specification.vendor=Oracle Corporation, java.home=/usr/lib/jvm/java-8-oracle/jre, file.separator=/, line.separator=
, hibernate.c3p0.timeout=300, java.vm.specification.vendor=Oracle Corporation, java.specification.name=Java Platform API Specification, java.awt.graphicsenv=sun.awt.X11GraphicsEnvironment, sun.boot.class.path=/usr/lib/jvm/java-8-oracle/jre/lib/resources.jar:/usr/lib/jvm/java-8-oracle/jre/lib/rt.jar:/usr/lib/jvm/java-8-oracle/jre/lib/sunrsasign.jar:/usr/lib/jvm/java-8-oracle/jre/lib/jsse.jar:/usr/lib/jvm/java-8-oracle/jre/lib/jce.jar:/usr/lib/jvm/java-8-oracle/jre/lib/charsets.jar:/usr/lib/jvm/java-8-oracle/jre/lib/jfr.jar:/usr/lib/jvm/java-8-oracle/jre/classes, connection.password=student, sun.management.compiler=HotSpot 64-Bit Tiered Compilers, hibernate.c3p0.max_size=20, java.runtime.version=1.8.0_144-b01, user.name=student, path.separator=:, hibernate.connection.username=root, os.version=4.4.0-112-generic, java.endorsed.dirs=/usr/lib/jvm/java-8-oracle/jre/lib/endorsed, java.runtime.name=Java(TM) SE Runtime Environment, hibernate.connection.url=jdbc:mysql://localhost:3306/puppy_playtime_test, file.encoding=UTF-8, java.vm.name=Java HotSpot(TM) 64-Bit Server VM, hibernate.connection.driver_class=com.mysql.jdbc.Driver, java.vendor.url.bug=http://bugreport.sun.com/bugreport/, java.io.tmpdir=/tmp, java.version=1.8.0_144, user.dir=/home/student/IdeaProjects/PuppyPlaytime, os.arch=amd64, connection.username=root, java.vm.specification.name=Java Virtual Machine Specification, hibernate.connection.password=****, java.awt.printerjob=sun.print.PSPrinterJob, sun.os.patch.level=unknown, connection.driver_class=com.mysql.jdbc.Driver, hibernate.boot.CfgXmlAccessService.key=org.hibernate.boot.cfgxml.spi.LoadedConfig@6fefce9e, java.library.path=/usr/java/packages/lib/amd64:/usr/lib64:/lib64:/lib:/usr/lib, java.vm.info=mixed mode, java.vendor=Oracle Corporation, java.vm.version=25.144-b01, hibernate.bytecode.use_reflection_optimizer=false, java.ext.dirs=/usr/lib/jvm/java-8-oracle/jre/lib/ext:/usr/java/packages/lib/ext, sun.io.unicode.encoding=UnicodeLittle, connection.url=jdbc:mysql://localhost:3306/puppy_playtime_test, java.class.version=52.0}
[DEBUG] 2018-02-12 20:56:43.390 [main] TypeSafeActivator - Unable to acquire Bean Validation ValidatorFactory, skipping activation
[DEBUG] 2018-02-12 20:56:43.390 [main] JaccIntegrator - Skipping JACC integration as it was not enabled
[DEBUG] 2018-02-12 20:56:43.393 [main] SessionFactoryImpl - Instantiated session factory
[DEBUG] 2018-02-12 20:56:43.472 [main] ClassLoaderAccessImpl - Not known whether passed class name [com.choinoski.entity.Pack] is safe
[DEBUG] 2018-02-12 20:56:43.472 [main] ClassLoaderAccessImpl - No temp ClassLoader provided; using live ClassLoader for loading potentially unsafe class : com.choinoski.entity.Pack
[DEBUG] 2018-02-12 20:56:43.512 [main] ClassLoaderAccessImpl - Not known whether passed class name [com.choinoski.entity.Pack] is safe
[DEBUG] 2018-02-12 20:56:43.512 [main] ClassLoaderAccessImpl - No temp ClassLoader provided; using live ClassLoader for loading potentially unsafe class : com.choinoski.entity.Pack
[DEBUG] 2018-02-12 20:56:43.617 [main] AbstractEntityPersister - Static SQL for entity: com.choinoski.entity.Pack
[DEBUG] 2018-02-12 20:56:43.617 [main] AbstractEntityPersister -  Version select: select pack_token_nr from pack where pack_token_nr =?
[DEBUG] 2018-02-12 20:56:43.617 [main] AbstractEntityPersister -  Snapshot select: select pack_.pack_token_nr, pack_.login as login2_0_, pack_.pack_name as pack_nam3_0_, pack_.password as password4_0_ from pack pack_ where pack_.pack_token_nr=?
[DEBUG] 2018-02-12 20:56:43.618 [main] AbstractEntityPersister -  Insert 0: insert into pack (login, pack_name, password, pack_token_nr) values (?, ?, ?, ?)
[DEBUG] 2018-02-12 20:56:43.619 [main] AbstractEntityPersister -  Update 0: update pack set login=?, pack_name=?, password=? where pack_token_nr=?
[DEBUG] 2018-02-12 20:56:43.619 [main] AbstractEntityPersister -  Delete 0: delete from pack where pack_token_nr=?
[DEBUG] 2018-02-12 20:56:43.619 [main] AbstractEntityPersister -  Identity insert: insert into pack (login, pack_name, password) values (?, ?, ?)
[DEBUG] 2018-02-12 20:56:43.649 [main] QuerySpacesImpl - Adding QuerySpace : uid = <gen:0> -> org.hibernate.loader.plan.build.internal.spaces.EntityQuerySpaceImpl@66b72664]
[DEBUG] 2018-02-12 20:56:43.659 [main] MetamodelGraphWalker - Visiting attribute path : login
[DEBUG] 2018-02-12 20:56:43.660 [main] MetamodelGraphWalker - Visiting attribute path : packName
[DEBUG] 2018-02-12 20:56:43.660 [main] MetamodelGraphWalker - Visiting attribute path : password
[DEBUG] 2018-02-12 20:56:43.661 [main] FetchStyleLoadPlanBuildingAssociationVisitationStrategy - Building LoadPlan...
[DEBUG] 2018-02-12 20:56:43.680 [main] LoadQueryJoinAndFetchProcessor - processing queryspace <gen:0>
[DEBUG] 2018-02-12 20:56:43.691 [main] LoadPlanTreePrinter - LoadPlan(entity=com.choinoski.entity.Pack)
    - Returns
       - EntityReturnImpl(entity=com.choinoski.entity.Pack, querySpaceUid=<gen:0>, path=com.choinoski.entity.Pack)
    - QuerySpaces
       - EntityQuerySpaceImpl(uid=<gen:0>, entity=com.choinoski.entity.Pack)
          - SQL table alias mapping - pack0_
          - alias suffix - 0_
          - suffixed key columns - {pack_tok1_0_0_}

[DEBUG] 2018-02-12 20:56:43.700 [main] EntityLoader - Static select for entity com.choinoski.entity.Pack [NONE]: select pack0_.pack_token_nr as pack_tok1_0_0_, pack0_.login as login2_0_0_, pack0_.pack_name as pack_nam3_0_0_, pack0_.password as password4_0_0_ from pack pack0_ where pack0_.pack_token_nr=?
[DEBUG] 2018-02-12 20:56:43.700 [main] QuerySpacesImpl - Adding QuerySpace : uid = <gen:0> -> org.hibernate.loader.plan.build.internal.spaces.EntityQuerySpaceImpl@27f0ad19]
[DEBUG] 2018-02-12 20:56:43.700 [main] MetamodelGraphWalker - Visiting attribute path : login
[DEBUG] 2018-02-12 20:56:43.700 [main] MetamodelGraphWalker - Visiting attribute path : packName
[DEBUG] 2018-02-12 20:56:43.700 [main] MetamodelGraphWalker - Visiting attribute path : password
[DEBUG] 2018-02-12 20:56:43.700 [main] FetchStyleLoadPlanBuildingAssociationVisitationStrategy - Building LoadPlan...
[DEBUG] 2018-02-12 20:56:43.701 [main] LoadQueryJoinAndFetchProcessor - processing queryspace <gen:0>
[DEBUG] 2018-02-12 20:56:43.701 [main] LoadPlanTreePrinter - LoadPlan(entity=com.choinoski.entity.Pack)
    - Returns
       - EntityReturnImpl(entity=com.choinoski.entity.Pack, querySpaceUid=<gen:0>, path=com.choinoski.entity.Pack)
    - QuerySpaces
       - EntityQuerySpaceImpl(uid=<gen:0>, entity=com.choinoski.entity.Pack)
          - SQL table alias mapping - pack0_
          - alias suffix - 0_
          - suffixed key columns - {pack_tok1_0_0_}

[DEBUG] 2018-02-12 20:56:43.701 [main] EntityLoader - Static select for entity com.choinoski.entity.Pack [READ]: select pack0_.pack_token_nr as pack_tok1_0_0_, pack0_.login as login2_0_0_, pack0_.pack_name as pack_nam3_0_0_, pack0_.password as password4_0_0_ from pack pack0_ where pack0_.pack_token_nr=?
[DEBUG] 2018-02-12 20:56:43.701 [main] QuerySpacesImpl - Adding QuerySpace : uid = <gen:0> -> org.hibernate.loader.plan.build.internal.spaces.EntityQuerySpaceImpl@38d5b107]
[DEBUG] 2018-02-12 20:56:43.702 [main] MetamodelGraphWalker - Visiting attribute path : login
[DEBUG] 2018-02-12 20:56:43.702 [main] MetamodelGraphWalker - Visiting attribute path : packName
[DEBUG] 2018-02-12 20:56:43.702 [main] MetamodelGraphWalker - Visiting attribute path : password
[DEBUG] 2018-02-12 20:56:43.702 [main] FetchStyleLoadPlanBuildingAssociationVisitationStrategy - Building LoadPlan...
[DEBUG] 2018-02-12 20:56:43.702 [main] LoadQueryJoinAndFetchProcessor - processing queryspace <gen:0>
[DEBUG] 2018-02-12 20:56:43.702 [main] LoadPlanTreePrinter - LoadPlan(entity=com.choinoski.entity.Pack)
    - Returns
       - EntityReturnImpl(entity=com.choinoski.entity.Pack, querySpaceUid=<gen:0>, path=com.choinoski.entity.Pack)
    - QuerySpaces
       - EntityQuerySpaceImpl(uid=<gen:0>, entity=com.choinoski.entity.Pack)
          - SQL table alias mapping - pack0_
          - alias suffix - 0_
          - suffixed key columns - {pack_tok1_0_0_}

[DEBUG] 2018-02-12 20:56:43.703 [main] EntityLoader - Static select for entity com.choinoski.entity.Pack [UPGRADE]: select pack0_.pack_token_nr as pack_tok1_0_0_, pack0_.login as login2_0_0_, pack0_.pack_name as pack_nam3_0_0_, pack0_.password as password4_0_0_ from pack pack0_ where pack0_.pack_token_nr=? for update
[DEBUG] 2018-02-12 20:56:43.704 [main] QuerySpacesImpl - Adding QuerySpace : uid = <gen:0> -> org.hibernate.loader.plan.build.internal.spaces.EntityQuerySpaceImpl@44ea608c]
[DEBUG] 2018-02-12 20:56:43.705 [main] MetamodelGraphWalker - Visiting attribute path : login
[DEBUG] 2018-02-12 20:56:43.705 [main] MetamodelGraphWalker - Visiting attribute path : packName
[DEBUG] 2018-02-12 20:56:43.706 [main] MetamodelGraphWalker - Visiting attribute path : password
[DEBUG] 2018-02-12 20:56:43.706 [main] FetchStyleLoadPlanBuildingAssociationVisitationStrategy - Building LoadPlan...
[DEBUG] 2018-02-12 20:56:43.706 [main] LoadQueryJoinAndFetchProcessor - processing queryspace <gen:0>
[DEBUG] 2018-02-12 20:56:43.706 [main] LoadPlanTreePrinter - LoadPlan(entity=com.choinoski.entity.Pack)
    - Returns
       - EntityReturnImpl(entity=com.choinoski.entity.Pack, querySpaceUid=<gen:0>, path=com.choinoski.entity.Pack)
    - QuerySpaces
       - EntityQuerySpaceImpl(uid=<gen:0>, entity=com.choinoski.entity.Pack)
          - SQL table alias mapping - pack0_
          - alias suffix - 0_
          - suffixed key columns - {pack_tok1_0_0_}

[DEBUG] 2018-02-12 20:56:43.706 [main] EntityLoader - Static select for entity com.choinoski.entity.Pack [UPGRADE_NOWAIT]: select pack0_.pack_token_nr as pack_tok1_0_0_, pack0_.login as login2_0_0_, pack0_.pack_name as pack_nam3_0_0_, pack0_.password as password4_0_0_ from pack pack0_ where pack0_.pack_token_nr=? for update
[DEBUG] 2018-02-12 20:56:43.706 [main] QuerySpacesImpl - Adding QuerySpace : uid = <gen:0> -> org.hibernate.loader.plan.build.internal.spaces.EntityQuerySpaceImpl@450794b4]
[DEBUG] 2018-02-12 20:56:43.706 [main] MetamodelGraphWalker - Visiting attribute path : login
[DEBUG] 2018-02-12 20:56:43.706 [main] MetamodelGraphWalker - Visiting attribute path : packName
[DEBUG] 2018-02-12 20:56:43.706 [main] MetamodelGraphWalker - Visiting attribute path : password
[DEBUG] 2018-02-12 20:56:43.706 [main] FetchStyleLoadPlanBuildingAssociationVisitationStrategy - Building LoadPlan...
[DEBUG] 2018-02-12 20:56:43.706 [main] LoadQueryJoinAndFetchProcessor - processing queryspace <gen:0>
[DEBUG] 2018-02-12 20:56:43.707 [main] LoadPlanTreePrinter - LoadPlan(entity=com.choinoski.entity.Pack)
    - Returns
       - EntityReturnImpl(entity=com.choinoski.entity.Pack, querySpaceUid=<gen:0>, path=com.choinoski.entity.Pack)
    - QuerySpaces
       - EntityQuerySpaceImpl(uid=<gen:0>, entity=com.choinoski.entity.Pack)
          - SQL table alias mapping - pack0_
          - alias suffix - 0_
          - suffixed key columns - {pack_tok1_0_0_}

[DEBUG] 2018-02-12 20:56:43.707 [main] EntityLoader - Static select for entity com.choinoski.entity.Pack [UPGRADE_SKIPLOCKED]: select pack0_.pack_token_nr as pack_tok1_0_0_, pack0_.login as login2_0_0_, pack0_.pack_name as pack_nam3_0_0_, pack0_.password as password4_0_0_ from pack pack0_ where pack0_.pack_token_nr=? for update
[DEBUG] 2018-02-12 20:56:43.707 [main] QuerySpacesImpl - Adding QuerySpace : uid = <gen:0> -> org.hibernate.loader.plan.build.internal.spaces.EntityQuerySpaceImpl@30457e14]
[DEBUG] 2018-02-12 20:56:43.707 [main] MetamodelGraphWalker - Visiting attribute path : login
[DEBUG] 2018-02-12 20:56:43.707 [main] MetamodelGraphWalker - Visiting attribute path : packName
[DEBUG] 2018-02-12 20:56:43.707 [main] MetamodelGraphWalker - Visiting attribute path : password
[DEBUG] 2018-02-12 20:56:43.707 [main] FetchStyleLoadPlanBuildingAssociationVisitationStrategy - Building LoadPlan...
[DEBUG] 2018-02-12 20:56:43.707 [main] LoadQueryJoinAndFetchProcessor - processing queryspace <gen:0>
[DEBUG] 2018-02-12 20:56:43.711 [main] LoadPlanTreePrinter - LoadPlan(entity=com.choinoski.entity.Pack)
    - Returns
       - EntityReturnImpl(entity=com.choinoski.entity.Pack, querySpaceUid=<gen:0>, path=com.choinoski.entity.Pack)
    - QuerySpaces
       - EntityQuerySpaceImpl(uid=<gen:0>, entity=com.choinoski.entity.Pack)
          - SQL table alias mapping - pack0_
          - alias suffix - 0_
          - suffixed key columns - {pack_tok1_0_0_}

[DEBUG] 2018-02-12 20:56:43.711 [main] EntityLoader - Static select for entity com.choinoski.entity.Pack [FORCE]: select pack0_.pack_token_nr as pack_tok1_0_0_, pack0_.login as login2_0_0_, pack0_.pack_name as pack_nam3_0_0_, pack0_.password as password4_0_0_ from pack pack0_ where pack0_.pack_token_nr=? for update
[DEBUG] 2018-02-12 20:56:43.712 [main] QuerySpacesImpl - Adding QuerySpace : uid = <gen:0> -> org.hibernate.loader.plan.build.internal.spaces.EntityQuerySpaceImpl@632aa1a3]
[DEBUG] 2018-02-12 20:56:43.713 [main] MetamodelGraphWalker - Visiting attribute path : login
[DEBUG] 2018-02-12 20:56:43.713 [main] MetamodelGraphWalker - Visiting attribute path : packName
[DEBUG] 2018-02-12 20:56:43.713 [main] MetamodelGraphWalker - Visiting attribute path : password
[DEBUG] 2018-02-12 20:56:43.713 [main] FetchStyleLoadPlanBuildingAssociationVisitationStrategy - Building LoadPlan...
[DEBUG] 2018-02-12 20:56:43.713 [main] LoadQueryJoinAndFetchProcessor - processing queryspace <gen:0>
[DEBUG] 2018-02-12 20:56:43.713 [main] LoadPlanTreePrinter - LoadPlan(entity=com.choinoski.entity.Pack)
    - Returns
       - EntityReturnImpl(entity=com.choinoski.entity.Pack, querySpaceUid=<gen:0>, path=com.choinoski.entity.Pack)
    - QuerySpaces
       - EntityQuerySpaceImpl(uid=<gen:0>, entity=com.choinoski.entity.Pack)
          - SQL table alias mapping - pack0_
          - alias suffix - 0_
          - suffixed key columns - {pack_tok1_0_0_}

[DEBUG] 2018-02-12 20:56:43.714 [main] EntityLoader - Static select for entity com.choinoski.entity.Pack [PESSIMISTIC_READ]: select pack0_.pack_token_nr as pack_tok1_0_0_, pack0_.login as login2_0_0_, pack0_.pack_name as pack_nam3_0_0_, pack0_.password as password4_0_0_ from pack pack0_ where pack0_.pack_token_nr=? lock in share mode
[DEBUG] 2018-02-12 20:56:43.714 [main] QuerySpacesImpl - Adding QuerySpace : uid = <gen:0> -> org.hibernate.loader.plan.build.internal.spaces.EntityQuerySpaceImpl@3b582111]
[DEBUG] 2018-02-12 20:56:43.714 [main] MetamodelGraphWalker - Visiting attribute path : login
[DEBUG] 2018-02-12 20:56:43.718 [main] MetamodelGraphWalker - Visiting attribute path : packName
[DEBUG] 2018-02-12 20:56:43.719 [main] MetamodelGraphWalker - Visiting attribute path : password
[DEBUG] 2018-02-12 20:56:43.719 [main] FetchStyleLoadPlanBuildingAssociationVisitationStrategy - Building LoadPlan...
[DEBUG] 2018-02-12 20:56:43.719 [main] LoadQueryJoinAndFetchProcessor - processing queryspace <gen:0>
[DEBUG] 2018-02-12 20:56:43.719 [main] LoadPlanTreePrinter - LoadPlan(entity=com.choinoski.entity.Pack)
    - Returns
       - EntityReturnImpl(entity=com.choinoski.entity.Pack, querySpaceUid=<gen:0>, path=com.choinoski.entity.Pack)
    - QuerySpaces
       - EntityQuerySpaceImpl(uid=<gen:0>, entity=com.choinoski.entity.Pack)
          - SQL table alias mapping - pack0_
          - alias suffix - 0_
          - suffixed key columns - {pack_tok1_0_0_}

[DEBUG] 2018-02-12 20:56:43.719 [main] EntityLoader - Static select for entity com.choinoski.entity.Pack [PESSIMISTIC_WRITE]: select pack0_.pack_token_nr as pack_tok1_0_0_, pack0_.login as login2_0_0_, pack0_.pack_name as pack_nam3_0_0_, pack0_.password as password4_0_0_ from pack pack0_ where pack0_.pack_token_nr=? for update
[DEBUG] 2018-02-12 20:56:43.719 [main] QuerySpacesImpl - Adding QuerySpace : uid = <gen:0> -> org.hibernate.loader.plan.build.internal.spaces.EntityQuerySpaceImpl@1e8823d2]
[DEBUG] 2018-02-12 20:56:43.720 [main] MetamodelGraphWalker - Visiting attribute path : login
[DEBUG] 2018-02-12 20:56:43.720 [main] MetamodelGraphWalker - Visiting attribute path : packName
[DEBUG] 2018-02-12 20:56:43.720 [main] MetamodelGraphWalker - Visiting attribute path : password
[DEBUG] 2018-02-12 20:56:43.720 [main] FetchStyleLoadPlanBuildingAssociationVisitationStrategy - Building LoadPlan...
[DEBUG] 2018-02-12 20:56:43.720 [main] LoadQueryJoinAndFetchProcessor - processing queryspace <gen:0>
[DEBUG] 2018-02-12 20:56:43.720 [main] LoadPlanTreePrinter - LoadPlan(entity=com.choinoski.entity.Pack)
    - Returns
       - EntityReturnImpl(entity=com.choinoski.entity.Pack, querySpaceUid=<gen:0>, path=com.choinoski.entity.Pack)
    - QuerySpaces
       - EntityQuerySpaceImpl(uid=<gen:0>, entity=com.choinoski.entity.Pack)
          - SQL table alias mapping - pack0_
          - alias suffix - 0_
          - suffixed key columns - {pack_tok1_0_0_}

[DEBUG] 2018-02-12 20:56:43.720 [main] EntityLoader - Static select for entity com.choinoski.entity.Pack [PESSIMISTIC_FORCE_INCREMENT]: select pack0_.pack_token_nr as pack_tok1_0_0_, pack0_.login as login2_0_0_, pack0_.pack_name as pack_nam3_0_0_, pack0_.password as password4_0_0_ from pack pack0_ where pack0_.pack_token_nr=? for update
[DEBUG] 2018-02-12 20:56:43.721 [main] QuerySpacesImpl - Adding QuerySpace : uid = <gen:0> -> org.hibernate.loader.plan.build.internal.spaces.EntityQuerySpaceImpl@76b0ae1b]
[DEBUG] 2018-02-12 20:56:43.721 [main] MetamodelGraphWalker - Visiting attribute path : login
[DEBUG] 2018-02-12 20:56:43.721 [main] MetamodelGraphWalker - Visiting attribute path : packName
[DEBUG] 2018-02-12 20:56:43.721 [main] MetamodelGraphWalker - Visiting attribute path : password
[DEBUG] 2018-02-12 20:56:43.721 [main] FetchStyleLoadPlanBuildingAssociationVisitationStrategy - Building LoadPlan...
[DEBUG] 2018-02-12 20:56:43.721 [main] LoadQueryJoinAndFetchProcessor - processing queryspace <gen:0>
[DEBUG] 2018-02-12 20:56:43.721 [main] LoadPlanTreePrinter - LoadPlan(entity=com.choinoski.entity.Pack)
    - Returns
       - EntityReturnImpl(entity=com.choinoski.entity.Pack, querySpaceUid=<gen:0>, path=com.choinoski.entity.Pack)
    - QuerySpaces
       - EntityQuerySpaceImpl(uid=<gen:0>, entity=com.choinoski.entity.Pack)
          - SQL table alias mapping - pack0_
          - alias suffix - 0_
          - suffixed key columns - {pack_tok1_0_0_}

[DEBUG] 2018-02-12 20:56:43.721 [main] EntityLoader - Static select for entity com.choinoski.entity.Pack [OPTIMISTIC]: select pack0_.pack_token_nr as pack_tok1_0_0_, pack0_.login as login2_0_0_, pack0_.pack_name as pack_nam3_0_0_, pack0_.password as password4_0_0_ from pack pack0_ where pack0_.pack_token_nr=?
[DEBUG] 2018-02-12 20:56:43.722 [main] QuerySpacesImpl - Adding QuerySpace : uid = <gen:0> -> org.hibernate.loader.plan.build.internal.spaces.EntityQuerySpaceImpl@4c432866]
[DEBUG] 2018-02-12 20:56:43.722 [main] MetamodelGraphWalker - Visiting attribute path : login
[DEBUG] 2018-02-12 20:56:43.722 [main] MetamodelGraphWalker - Visiting attribute path : packName
[DEBUG] 2018-02-12 20:56:43.722 [main] MetamodelGraphWalker - Visiting attribute path : password
[DEBUG] 2018-02-12 20:56:43.722 [main] FetchStyleLoadPlanBuildingAssociationVisitationStrategy - Building LoadPlan...
[DEBUG] 2018-02-12 20:56:43.722 [main] LoadQueryJoinAndFetchProcessor - processing queryspace <gen:0>
[DEBUG] 2018-02-12 20:56:43.722 [main] LoadPlanTreePrinter - LoadPlan(entity=com.choinoski.entity.Pack)
    - Returns
       - EntityReturnImpl(entity=com.choinoski.entity.Pack, querySpaceUid=<gen:0>, path=com.choinoski.entity.Pack)
    - QuerySpaces
       - EntityQuerySpaceImpl(uid=<gen:0>, entity=com.choinoski.entity.Pack)
          - SQL table alias mapping - pack0_
          - alias suffix - 0_
          - suffixed key columns - {pack_tok1_0_0_}

[DEBUG] 2018-02-12 20:56:43.723 [main] EntityLoader - Static select for entity com.choinoski.entity.Pack [OPTIMISTIC_FORCE_INCREMENT]: select pack0_.pack_token_nr as pack_tok1_0_0_, pack0_.login as login2_0_0_, pack0_.pack_name as pack_nam3_0_0_, pack0_.password as password4_0_0_ from pack pack0_ where pack0_.pack_token_nr=?
[DEBUG] 2018-02-12 20:56:43.765 [main] Loader - Static select for action ACTION_MERGE on entity com.choinoski.entity.Pack: select pack0_.pack_token_nr as pack_tok1_0_0_, pack0_.login as login2_0_0_, pack0_.pack_name as pack_nam3_0_0_, pack0_.password as password4_0_0_ from pack pack0_ where pack0_.pack_token_nr=?
[DEBUG] 2018-02-12 20:56:43.765 [main] Loader - Static select for action ACTION_REFRESH on entity com.choinoski.entity.Pack: select pack0_.pack_token_nr as pack_tok1_0_0_, pack0_.login as login2_0_0_, pack0_.pack_name as pack_nam3_0_0_, pack0_.password as password4_0_0_ from pack pack0_ where pack0_.pack_token_nr=?
[DEBUG] 2018-02-12 20:56:43.789 [main] SchemaManagementToolCoordinator - No actions specified; doing nothing
[DEBUG] 2018-02-12 20:56:43.790 [main] JtaPlatformInitiator - No JtaPlatform was specified, checking resolver
[DEBUG] 2018-02-12 20:56:43.790 [main] JtaPlatformResolverInitiator - No JtaPlatformResolver was specified, using default [org.hibernate.engine.transaction.jta.platform.internal.StandardJtaPlatformResolver]
[DEBUG] 2018-02-12 20:56:43.793 [main] StandardJtaPlatformResolver - Could not resolve JtaPlatform, using default [org.hibernate.engine.transaction.jta.platform.internal.NoJtaPlatform]
[DEBUG] 2018-02-12 20:56:43.794 [main] NamedQueryRepository - Checking 0 named HQL queries
[DEBUG] 2018-02-12 20:56:43.794 [main] NamedQueryRepository - Checking 0 named SQL queries
[DEBUG] 2018-02-12 20:56:43.796 [main] SessionFactoryRegistry - Initializing SessionFactoryRegistry : org.hibernate.internal.SessionFactoryRegistry@595f4da5
[DEBUG] 2018-02-12 20:56:43.798 [main] SessionFactoryRegistry - Registering SessionFactory: 26b95934-3f56-4438-82b1-6be40e26cbfc (<unnamed>)
[DEBUG] 2018-02-12 20:56:43.798 [main] SessionFactoryRegistry - Not binding SessionFactory to JNDI, no JNDI name configured
[DEBUG] 2018-02-12 20:56:43.890 [main] StatisticsInitiator - Statistics initialized [enabled=false]
[DEBUG] 2018-02-12 20:56:43.928 [main] CriteriaQueryImpl - Rendered criteria query -> select generatedAlias0 from Pack as generatedAlias0 where generatedAlias0.packName=:param0
[DEBUG] 2018-02-12 20:56:43.961 [main] QueryTranslatorFactoryInitiator - QueryTranslatorFactory : org.hibernate.hql.internal.ast.ASTQueryTranslatorFactory@4d6f197e
[INFO ] 2018-02-12 20:56:43.961 [main] QueryTranslatorFactoryInitiator - HHH000397: Using ASTQueryTranslatorFactory
[DEBUG] 2018-02-12 20:56:44.002 [main] QueryTranslatorImpl - parse() - HQL: select generatedAlias0 from com.choinoski.entity.Pack as generatedAlias0 where generatedAlias0.packName=:param0
[DEBUG] 2018-02-12 20:56:44.034 [main] ErrorCounter - throwQueryException() : no errors
[DEBUG] 2018-02-12 20:56:44.051 [main] QueryTranslatorImpl - --- HQL AST ---
 \-[QUERY] Node: 'query'
    +-[SELECT_FROM] Node: 'SELECT_FROM'
    |  +-[FROM] Node: 'from'
    |  |  \-[RANGE] Node: 'RANGE'
    |  |     +-[DOT] Node: '.'
    |  |     |  +-[DOT] Node: '.'
    |  |     |  |  +-[DOT] Node: '.'
    |  |     |  |  |  +-[IDENT] Node: 'com'
    |  |     |  |  |  \-[IDENT] Node: 'choinoski'
    |  |     |  |  \-[IDENT] Node: 'entity'
    |  |     |  \-[IDENT] Node: 'Pack'
    |  |     \-[ALIAS] Node: 'generatedAlias0'
    |  \-[SELECT] Node: 'select'
    |     \-[IDENT] Node: 'generatedAlias0'
    \-[WHERE] Node: 'where'
       \-[EQ] Node: '='
          +-[DOT] Node: '.'
          |  +-[IDENT] Node: 'generatedAlias0'
          |  \-[IDENT] Node: 'packName'
          \-[COLON] Node: ':'
             \-[IDENT] Node: 'param0'

[DEBUG] 2018-02-12 20:56:44.093 [main] HqlSqlBaseWalker - select << begin [level=1, statement=select]
[DEBUG] 2018-02-12 20:56:44.114 [main] FromElement - FromClause{level=1} : com.choinoski.entity.Pack (generatedAlias0) -> pack0_
[DEBUG] 2018-02-12 20:56:44.115 [main] FromReferenceNode - Resolved : generatedAlias0 -> pack0_.pack_token_nr
[DEBUG] 2018-02-12 20:56:44.123 [main] FromReferenceNode - Resolved : generatedAlias0 -> pack0_.pack_token_nr
[DEBUG] 2018-02-12 20:56:44.124 [main] DotNode - getDataType() : packName -> org.hibernate.type.StringType@7dc3712
[DEBUG] 2018-02-12 20:56:44.125 [main] FromReferenceNode - Resolved : generatedAlias0.packName -> pack0_.pack_name
[DEBUG] 2018-02-12 20:56:44.126 [main] HqlSqlBaseWalker - select : finishing up [level=1, statement=select]
[DEBUG] 2018-02-12 20:56:44.127 [main] HqlSqlWalker - processQuery() :  ( SELECT ( {select clause} pack0_.pack_token_nr ) ( FromClause{level=1} pack pack0_ ) ( where ( = ( pack0_.pack_name pack0_.pack_token_nr packName ) ? ) ) )
[DEBUG] 2018-02-12 20:56:44.151 [main] JoinProcessor - Using FROM fragment [pack pack0_]
[DEBUG] 2018-02-12 20:56:44.151 [main] HqlSqlBaseWalker - select >> end [level=1, statement=select]
[DEBUG] 2018-02-12 20:56:44.152 [main] QueryTranslatorImpl - --- SQL AST ---
 \-[SELECT] QueryNode: 'SELECT'  querySpaces (pack)
    +-[SELECT_CLAUSE] SelectClause: '{select clause}'
    |  +-[ALIAS_REF] IdentNode: 'pack0_.pack_token_nr as pack_tok1_0_' {alias=generatedAlias0, className=com.choinoski.entity.Pack, tableAlias=pack0_}
    |  \-[SQL_TOKEN] SqlFragment: 'pack0_.login as login2_0_, pack0_.pack_name as pack_nam3_0_, pack0_.password as password4_0_'
    +-[FROM] FromClause: 'from' FromClause{level=1, fromElementCounter=1, fromElements=1, fromElementByClassAlias=[generatedAlias0], fromElementByTableAlias=[pack0_], fromElementsByPath=[], collectionJoinFromElementsByPath=[], impliedElements=[]}
    |  \-[FROM_FRAGMENT] FromElement: 'pack pack0_' FromElement{explicit,not a collection join,not a fetch join,fetch non-lazy properties,classAlias=generatedAlias0,role=null,tableName=pack,tableAlias=pack0_,origin=null,columns={,className=com.choinoski.entity.Pack}}
    \-[WHERE] SqlNode: 'where'
       \-[EQ] BinaryLogicOperatorNode: '='
          +-[DOT] DotNode: 'pack0_.pack_name' {propertyName=packName,dereferenceType=PRIMITIVE,getPropertyPath=packName,path=generatedAlias0.packName,tableAlias=pack0_,className=com.choinoski.entity.Pack,classAlias=generatedAlias0}
          |  +-[ALIAS_REF] IdentNode: 'pack0_.pack_token_nr' {alias=generatedAlias0, className=com.choinoski.entity.Pack, tableAlias=pack0_}
          |  \-[IDENT] IdentNode: 'packName' {originalText=packName}
          \-[NAMED_PARAM] ParameterNode: '?' {name=param0, expectedType=org.hibernate.type.StringType@7dc3712}

[DEBUG] 2018-02-12 20:56:44.153 [main] ErrorCounter - throwQueryException() : no errors
[DEBUG] 2018-02-12 20:56:44.164 [main] QueryTranslatorImpl - HQL: select generatedAlias0 from com.choinoski.entity.Pack as generatedAlias0 where generatedAlias0.packName=:param0
[DEBUG] 2018-02-12 20:56:44.164 [main] QueryTranslatorImpl - SQL: select pack0_.pack_token_nr as pack_tok1_0_, pack0_.login as login2_0_, pack0_.pack_name as pack_nam3_0_, pack0_.password as password4_0_ from pack pack0_ where pack0_.pack_name=?
[DEBUG] 2018-02-12 20:56:44.164 [main] ErrorCounter - throwQueryException() : no errors
[DEBUG] 2018-02-12 20:56:44.200 [main] SQL - select pack0_.pack_token_nr as pack_tok1_0_, pack0_.login as login2_0_, pack0_.pack_name as pack_nam3_0_, pack0_.password as password4_0_ from pack pack0_ where pack0_.pack_name=?
[DEBUG] 2018-02-12 20:56:44.233 [main] Loader - Result set row: 0
[DEBUG] 2018-02-12 20:56:44.246 [main] Loader - Result row: EntityKey[com.choinoski.entity.Pack#4]
[DEBUG] 2018-02-12 20:56:44.261 [main] TwoPhaseLoad - Resolving associations for [com.choinoski.entity.Pack#4]
[DEBUG] 2018-02-12 20:56:44.267 [main] TwoPhaseLoad - Done materializing entity [com.choinoski.entity.Pack#4]
[DEBUG] 2018-02-12 20:56:44.269 [main] LogicalConnectionManagedImpl - Initiating JDBC connection release from afterTransaction
[DEBUG] 2018-02-12 20:56:44.344 [main] SQL - select pack0_.pack_token_nr as pack_tok1_0_0_, pack0_.login as login2_0_0_, pack0_.pack_name as pack_nam3_0_0_, pack0_.password as password4_0_0_ from pack pack0_ where pack0_.pack_token_nr=?
[DEBUG] 2018-02-12 20:56:44.353 [main] ResultSetProcessorImpl - Starting ResultSet row #0
[DEBUG] 2018-02-12 20:56:44.354 [main] EntityReferenceInitializerImpl - On call to EntityIdentifierReaderImpl#resolve, EntityKey was already known; should only happen on root returns with an optional identifier specified
[DEBUG] 2018-02-12 20:56:44.356 [main] TwoPhaseLoad - Resolving associations for [com.choinoski.entity.Pack#3]
[DEBUG] 2018-02-12 20:56:44.357 [main] TwoPhaseLoad - Done materializing entity [com.choinoski.entity.Pack#3]
[DEBUG] 2018-02-12 20:56:44.357 [main] ResourceRegistryStandardImpl - HHH000387: ResultSet's statement was not registered
[DEBUG] 2018-02-12 20:56:44.357 [main] AbstractLoadPlanBasedEntityLoader - Done entity load : com.choinoski.entity.Pack#3
[DEBUG] 2018-02-12 20:56:44.357 [main] LogicalConnectionManagedImpl - Initiating JDBC connection release from afterTransaction
[DEBUG] 2018-02-12 20:56:44.408 [main] SQL - select pack0_.pack_token_nr as pack_tok1_0_0_, pack0_.login as login2_0_0_, pack0_.pack_name as pack_nam3_0_0_, pack0_.password as password4_0_0_ from pack pack0_ where pack0_.pack_token_nr=?
[DEBUG] 2018-02-12 20:56:44.411 [main] ResultSetProcessorImpl - Starting ResultSet row #0
[DEBUG] 2018-02-12 20:56:44.415 [main] EntityReferenceInitializerImpl - On call to EntityIdentifierReaderImpl#resolve, EntityKey was already known; should only happen on root returns with an optional identifier specified
[DEBUG] 2018-02-12 20:56:44.422 [main] TwoPhaseLoad - Resolving associations for [com.choinoski.entity.Pack#2]
[DEBUG] 2018-02-12 20:56:44.423 [main] TwoPhaseLoad - Done materializing entity [com.choinoski.entity.Pack#2]
[DEBUG] 2018-02-12 20:56:44.423 [main] ResourceRegistryStandardImpl - HHH000387: ResultSet's statement was not registered
[DEBUG] 2018-02-12 20:56:44.424 [main] AbstractLoadPlanBasedEntityLoader - Done entity load : com.choinoski.entity.Pack#2
[DEBUG] 2018-02-12 20:56:44.424 [main] LogicalConnectionManagedImpl - Initiating JDBC connection release from afterTransaction
[DEBUG] 2018-02-12 20:56:44.460 [main] TransactionImpl - begin
[DEBUG] 2018-02-12 20:56:44.493 [main] TransactionImpl - committing
[DEBUG] 2018-02-12 20:56:44.499 [main] AbstractFlushingEventListener - Processing flush-time cascades
[DEBUG] 2018-02-12 20:56:44.499 [main] AbstractFlushingEventListener - Dirty checking collections
[DEBUG] 2018-02-12 20:56:44.500 [main] AbstractFlushingEventListener - Flushed: 0 insertions, 0 updates, 1 deletions to 1 objects
[DEBUG] 2018-02-12 20:56:44.501 [main] AbstractFlushingEventListener - Flushed: 0 (re)creations, 0 updates, 0 removals to 0 collections
[DEBUG] 2018-02-12 20:56:44.502 [main] EntityPrinter - Listing entities:
[DEBUG] 2018-02-12 20:56:44.502 [main] EntityPrinter - com.choinoski.entity.Pack{password=RedBike21, packTokenNumber=2, login=awesomepack21, packName=Awesome Pack!}
[DEBUG] 2018-02-12 20:56:44.548 [main] SQL - delete from pack where pack_token_nr=?
[DEBUG] 2018-02-12 20:56:44.553 [main] LogicalConnectionManagedImpl - Initiating JDBC connection release from afterTransaction
[DEBUG] 2018-02-12 20:56:44.562 [main] LogicalConnectionManagedImpl - Initiating JDBC connection release from afterTransaction
[DEBUG] 2018-02-12 20:56:44.564 [main] JdbcCoordinatorImpl - HHH000420: Closing un-released batch
[DEBUG] 2018-02-12 20:56:44.565 [main] SQL - select pack0_.pack_token_nr as pack_tok1_0_0_, pack0_.login as login2_0_0_, pack0_.pack_name as pack_nam3_0_0_, pack0_.password as password4_0_0_ from pack pack0_ where pack0_.pack_token_nr=?
[DEBUG] 2018-02-12 20:56:44.568 [main] ResourceRegistryStandardImpl - HHH000387: ResultSet's statement was not registered
[DEBUG] 2018-02-12 20:56:44.568 [main] AbstractLoadPlanBasedEntityLoader - Done entity load : com.choinoski.entity.Pack#2
[DEBUG] 2018-02-12 20:56:44.568 [main] LogicalConnectionManagedImpl - Initiating JDBC connection release from afterTransaction
[DEBUG] 2018-02-12 20:56:44.641 [main] CriteriaQueryImpl - Rendered criteria query -> select generatedAlias0 from Pack as generatedAlias0
[DEBUG] 2018-02-12 20:56:44.649 [main] QueryTranslatorImpl - parse() - HQL: select generatedAlias0 from com.choinoski.entity.Pack as generatedAlias0
[DEBUG] 2018-02-12 20:56:44.658 [main] ErrorCounter - throwQueryException() : no errors
[DEBUG] 2018-02-12 20:56:44.665 [main] QueryTranslatorImpl - --- HQL AST ---
 \-[QUERY] Node: 'query'
    \-[SELECT_FROM] Node: 'SELECT_FROM'
       +-[FROM] Node: 'from'
       |  \-[RANGE] Node: 'RANGE'
       |     +-[DOT] Node: '.'
       |     |  +-[DOT] Node: '.'
       |     |  |  +-[DOT] Node: '.'
       |     |  |  |  +-[IDENT] Node: 'com'
       |     |  |  |  \-[IDENT] Node: 'choinoski'
       |     |  |  \-[IDENT] Node: 'entity'
       |     |  \-[IDENT] Node: 'Pack'
       |     \-[ALIAS] Node: 'generatedAlias0'
       \-[SELECT] Node: 'select'
          \-[IDENT] Node: 'generatedAlias0'

[DEBUG] 2018-02-12 20:56:44.669 [main] HqlSqlBaseWalker - select << begin [level=1, statement=select]
[DEBUG] 2018-02-12 20:56:44.672 [main] FromElement - FromClause{level=1} : com.choinoski.entity.Pack (generatedAlias0) -> pack0_
[DEBUG] 2018-02-12 20:56:44.675 [main] FromReferenceNode - Resolved : generatedAlias0 -> pack0_.pack_token_nr
[DEBUG] 2018-02-12 20:56:44.675 [main] HqlSqlBaseWalker - select : finishing up [level=1, statement=select]
[DEBUG] 2018-02-12 20:56:44.675 [main] HqlSqlWalker - processQuery() :  ( SELECT ( {select clause} pack0_.pack_token_nr ) ( FromClause{level=1} pack pack0_ ) )
[DEBUG] 2018-02-12 20:56:44.675 [main] JoinProcessor - Using FROM fragment [pack pack0_]
[DEBUG] 2018-02-12 20:56:44.675 [main] HqlSqlBaseWalker - select >> end [level=1, statement=select]
[DEBUG] 2018-02-12 20:56:44.675 [main] QueryTranslatorImpl - --- SQL AST ---
 \-[SELECT] QueryNode: 'SELECT'  querySpaces (pack)
    +-[SELECT_CLAUSE] SelectClause: '{select clause}'
    |  +-[ALIAS_REF] IdentNode: 'pack0_.pack_token_nr as pack_tok1_0_' {alias=generatedAlias0, className=com.choinoski.entity.Pack, tableAlias=pack0_}
    |  \-[SQL_TOKEN] SqlFragment: 'pack0_.login as login2_0_, pack0_.pack_name as pack_nam3_0_, pack0_.password as password4_0_'
    \-[FROM] FromClause: 'from' FromClause{level=1, fromElementCounter=1, fromElements=1, fromElementByClassAlias=[generatedAlias0], fromElementByTableAlias=[pack0_], fromElementsByPath=[], collectionJoinFromElementsByPath=[], impliedElements=[]}
       \-[FROM_FRAGMENT] FromElement: 'pack pack0_' FromElement{explicit,not a collection join,not a fetch join,fetch non-lazy properties,classAlias=generatedAlias0,role=null,tableName=pack,tableAlias=pack0_,origin=null,columns={,className=com.choinoski.entity.Pack}}

[DEBUG] 2018-02-12 20:56:44.678 [main] ErrorCounter - throwQueryException() : no errors
[DEBUG] 2018-02-12 20:56:44.679 [main] QueryTranslatorImpl - HQL: select generatedAlias0 from com.choinoski.entity.Pack as generatedAlias0
[DEBUG] 2018-02-12 20:56:44.679 [main] QueryTranslatorImpl - SQL: select pack0_.pack_token_nr as pack_tok1_0_, pack0_.login as login2_0_, pack0_.pack_name as pack_nam3_0_, pack0_.password as password4_0_ from pack pack0_
[DEBUG] 2018-02-12 20:56:44.681 [main] ErrorCounter - throwQueryException() : no errors
[DEBUG] 2018-02-12 20:56:44.682 [main] SQL - select pack0_.pack_token_nr as pack_tok1_0_, pack0_.login as login2_0_, pack0_.pack_name as pack_nam3_0_, pack0_.password as password4_0_ from pack pack0_
[DEBUG] 2018-02-12 20:56:44.690 [main] Loader - Result set row: 0
[DEBUG] 2018-02-12 20:56:44.691 [main] Loader - Result row: EntityKey[com.choinoski.entity.Pack#1]
[DEBUG] 2018-02-12 20:56:44.691 [main] Loader - Result set row: 1
[DEBUG] 2018-02-12 20:56:44.693 [main] Loader - Result row: EntityKey[com.choinoski.entity.Pack#2]
[DEBUG] 2018-02-12 20:56:44.693 [main] Loader - Result set row: 2
[DEBUG] 2018-02-12 20:56:44.693 [main] Loader - Result row: EntityKey[com.choinoski.entity.Pack#3]
[DEBUG] 2018-02-12 20:56:44.693 [main] Loader - Result set row: 3
[DEBUG] 2018-02-12 20:56:44.693 [main] Loader - Result row: EntityKey[com.choinoski.entity.Pack#4]
[DEBUG] 2018-02-12 20:56:44.694 [main] TwoPhaseLoad - Resolving associations for [com.choinoski.entity.Pack#1]
[DEBUG] 2018-02-12 20:56:44.694 [main] TwoPhaseLoad - Done materializing entity [com.choinoski.entity.Pack#1]
[DEBUG] 2018-02-12 20:56:44.694 [main] TwoPhaseLoad - Resolving associations for [com.choinoski.entity.Pack#2]
[DEBUG] 2018-02-12 20:56:44.694 [main] TwoPhaseLoad - Done materializing entity [com.choinoski.entity.Pack#2]
[DEBUG] 2018-02-12 20:56:44.696 [main] TwoPhaseLoad - Resolving associations for [com.choinoski.entity.Pack#3]
[DEBUG] 2018-02-12 20:56:44.696 [main] TwoPhaseLoad - Done materializing entity [com.choinoski.entity.Pack#3]
[DEBUG] 2018-02-12 20:56:44.696 [main] TwoPhaseLoad - Resolving associations for [com.choinoski.entity.Pack#4]
[DEBUG] 2018-02-12 20:56:44.696 [main] TwoPhaseLoad - Done materializing entity [com.choinoski.entity.Pack#4]
[DEBUG] 2018-02-12 20:56:44.696 [main] LogicalConnectionManagedImpl - Initiating JDBC connection release from afterTransaction
[DEBUG] 2018-02-12 20:56:44.781 [main] TransactionImpl - begin
[DEBUG] 2018-02-12 20:56:44.795 [main] ActionQueue - Executing identity-insert immediately
[DEBUG] 2018-02-12 20:56:44.796 [main] SQL - insert into pack (login, pack_name, password) values (?, ?, ?)
[DEBUG] 2018-02-12 20:56:44.814 [main] IdentifierGeneratorHelper - Natively generated identity: 7
[DEBUG] 2018-02-12 20:56:44.814 [main] ResourceRegistryStandardImpl - HHH000387: ResultSet's statement was not registered
[DEBUG] 2018-02-12 20:56:44.815 [main] TransactionImpl - committing
[DEBUG] 2018-02-12 20:56:44.815 [main] AbstractFlushingEventListener - Processing flush-time cascades
[DEBUG] 2018-02-12 20:56:44.815 [main] AbstractFlushingEventListener - Dirty checking collections
[DEBUG] 2018-02-12 20:56:44.815 [main] AbstractFlushingEventListener - Flushed: 0 insertions, 0 updates, 0 deletions to 1 objects
[DEBUG] 2018-02-12 20:56:44.815 [main] AbstractFlushingEventListener - Flushed: 0 (re)creations, 0 updates, 0 removals to 0 collections
[DEBUG] 2018-02-12 20:56:44.824 [main] EntityPrinter - Listing entities:
[DEBUG] 2018-02-12 20:56:44.825 [main] EntityPrinter - com.choinoski.entity.Pack{password=trickypassword!, packTokenNumber=7, login=pack12321, packName=Newest Pack}
[DEBUG] 2018-02-12 20:56:44.826 [main] LogicalConnectionManagedImpl - Initiating JDBC connection release from afterTransaction
[DEBUG] 2018-02-12 20:56:44.827 [main] LogicalConnectionManagedImpl - Initiating JDBC connection release from afterTransaction
[DEBUG] 2018-02-12 20:56:44.831 [main] SQL - select pack0_.pack_token_nr as pack_tok1_0_0_, pack0_.login as login2_0_0_, pack0_.pack_name as pack_nam3_0_0_, pack0_.password as password4_0_0_ from pack pack0_ where pack0_.pack_token_nr=?
[DEBUG] 2018-02-12 20:56:44.833 [main] ResultSetProcessorImpl - Starting ResultSet row #0
[DEBUG] 2018-02-12 20:56:44.833 [main] EntityReferenceInitializerImpl - On call to EntityIdentifierReaderImpl#resolve, EntityKey was already known; should only happen on root returns with an optional identifier specified
[DEBUG] 2018-02-12 20:56:44.833 [main] TwoPhaseLoad - Resolving associations for [com.choinoski.entity.Pack#7]
[DEBUG] 2018-02-12 20:56:44.833 [main] TwoPhaseLoad - Done materializing entity [com.choinoski.entity.Pack#7]
[DEBUG] 2018-02-12 20:56:44.834 [main] ResourceRegistryStandardImpl - HHH000387: ResultSet's statement was not registered
[DEBUG] 2018-02-12 20:56:44.834 [main] AbstractLoadPlanBasedEntityLoader - Done entity load : com.choinoski.entity.Pack#7
[DEBUG] 2018-02-12 20:56:44.835 [main] LogicalConnectionManagedImpl - Initiating JDBC connection release from afterTransaction
[DEBUG] 2018-02-12 20:56:44.898 [main] SQL - select pack0_.pack_token_nr as pack_tok1_0_0_, pack0_.login as login2_0_0_, pack0_.pack_name as pack_nam3_0_0_, pack0_.password as password4_0_0_ from pack pack0_ where pack0_.pack_token_nr=?
[DEBUG] 2018-02-12 20:56:44.900 [main] ResultSetProcessorImpl - Starting ResultSet row #0
[DEBUG] 2018-02-12 20:56:44.900 [main] EntityReferenceInitializerImpl - On call to EntityIdentifierReaderImpl#resolve, EntityKey was already known; should only happen on root returns with an optional identifier specified
[DEBUG] 2018-02-12 20:56:44.900 [main] TwoPhaseLoad - Resolving associations for [com.choinoski.entity.Pack#1]
[DEBUG] 2018-02-12 20:56:44.900 [main] TwoPhaseLoad - Done materializing entity [com.choinoski.entity.Pack#1]
[DEBUG] 2018-02-12 20:56:44.900 [main] ResourceRegistryStandardImpl - HHH000387: ResultSet's statement was not registered
[DEBUG] 2018-02-12 20:56:44.904 [main] AbstractLoadPlanBasedEntityLoader - Done entity load : com.choinoski.entity.Pack#1
[DEBUG] 2018-02-12 20:56:44.905 [main] LogicalConnectionManagedImpl - Initiating JDBC connection release from afterTransaction
[DEBUG] 2018-02-12 20:56:44.907 [main] TransactionImpl - begin
[DEBUG] 2018-02-12 20:56:44.908 [main] TransactionImpl - committing
[DEBUG] 2018-02-12 20:56:44.908 [main] AbstractFlushingEventListener - Processing flush-time cascades
[DEBUG] 2018-02-12 20:56:44.908 [main] AbstractFlushingEventListener - Dirty checking collections
[DEBUG] 2018-02-12 20:56:44.912 [main] AbstractFlushingEventListener - Flushed: 0 insertions, 1 updates, 0 deletions to 1 objects
[DEBUG] 2018-02-12 20:56:44.915 [main] AbstractFlushingEventListener - Flushed: 0 (re)creations, 0 updates, 0 removals to 0 collections
[DEBUG] 2018-02-12 20:56:44.915 [main] EntityPrinter - Listing entities:
[DEBUG] 2018-02-12 20:56:44.915 [main] EntityPrinter - com.choinoski.entity.Pack{password=littlefish2, packTokenNumber=1, login=choinoski, packName=The Best Pack Ever}
[DEBUG] 2018-02-12 20:56:44.915 [main] SQL - update pack set login=?, pack_name=?, password=? where pack_token_nr=?
[DEBUG] 2018-02-12 20:56:44.917 [main] LogicalConnectionManagedImpl - Initiating JDBC connection release from afterTransaction
[DEBUG] 2018-02-12 20:56:44.918 [main] LogicalConnectionManagedImpl - Initiating JDBC connection release from afterTransaction
[DEBUG] 2018-02-12 20:56:44.918 [main] JdbcCoordinatorImpl - HHH000420: Closing un-released batch
[DEBUG] 2018-02-12 20:56:44.919 [main] SQL - select pack0_.pack_token_nr as pack_tok1_0_0_, pack0_.login as login2_0_0_, pack0_.pack_name as pack_nam3_0_0_, pack0_.password as password4_0_0_ from pack pack0_ where pack0_.pack_token_nr=?
[DEBUG] 2018-02-12 20:56:44.921 [main] ResultSetProcessorImpl - Starting ResultSet row #0
[DEBUG] 2018-02-12 20:56:44.922 [main] EntityReferenceInitializerImpl - On call to EntityIdentifierReaderImpl#resolve, EntityKey was already known; should only happen on root returns with an optional identifier specified
[DEBUG] 2018-02-12 20:56:44.922 [main] TwoPhaseLoad - Resolving associations for [com.choinoski.entity.Pack#1]
[DEBUG] 2018-02-12 20:56:44.922 [main] TwoPhaseLoad - Done materializing entity [com.choinoski.entity.Pack#1]
[DEBUG] 2018-02-12 20:56:44.922 [main] ResourceRegistryStandardImpl - HHH000387: ResultSet's statement was not registered
[DEBUG] 2018-02-12 20:56:44.922 [main] AbstractLoadPlanBasedEntityLoader - Done entity load : com.choinoski.entity.Pack#1
[DEBUG] 2018-02-12 20:56:44.922 [main] LogicalConnectionManagedImpl - Initiating JDBC connection release from afterTransaction
[DEBUG] 2018-02-12 20:56:44.966 [main] CriteriaQueryImpl - Rendered criteria query -> select generatedAlias0 from Pack as generatedAlias0 where generatedAlias0.packName like :param0
[DEBUG] 2018-02-12 20:56:44.974 [main] QueryTranslatorImpl - parse() - HQL: select generatedAlias0 from com.choinoski.entity.Pack as generatedAlias0 where generatedAlias0.packName like :param0
[DEBUG] 2018-02-12 20:56:44.977 [main] ErrorCounter - throwQueryException() : no errors
[DEBUG] 2018-02-12 20:56:44.977 [main] QueryTranslatorImpl - --- HQL AST ---
 \-[QUERY] Node: 'query'
    +-[SELECT_FROM] Node: 'SELECT_FROM'
    |  +-[FROM] Node: 'from'
    |  |  \-[RANGE] Node: 'RANGE'
    |  |     +-[DOT] Node: '.'
    |  |     |  +-[DOT] Node: '.'
    |  |     |  |  +-[DOT] Node: '.'
    |  |     |  |  |  +-[IDENT] Node: 'com'
    |  |     |  |  |  \-[IDENT] Node: 'choinoski'
    |  |     |  |  \-[IDENT] Node: 'entity'
    |  |     |  \-[IDENT] Node: 'Pack'
    |  |     \-[ALIAS] Node: 'generatedAlias0'
    |  \-[SELECT] Node: 'select'
    |     \-[IDENT] Node: 'generatedAlias0'
    \-[WHERE] Node: 'where'
       \-[LIKE] Node: 'like'
          +-[DOT] Node: '.'
          |  +-[IDENT] Node: 'generatedAlias0'
          |  \-[IDENT] Node: 'packName'
          \-[COLON] Node: ':'
             \-[IDENT] Node: 'param0'

[DEBUG] 2018-02-12 20:56:44.979 [main] HqlSqlBaseWalker - select << begin [level=1, statement=select]
[DEBUG] 2018-02-12 20:56:44.980 [main] FromElement - FromClause{level=1} : com.choinoski.entity.Pack (generatedAlias0) -> pack0_
[DEBUG] 2018-02-12 20:56:44.980 [main] FromReferenceNode - Resolved : generatedAlias0 -> pack0_.pack_token_nr
[DEBUG] 2018-02-12 20:56:44.980 [main] FromReferenceNode - Resolved : generatedAlias0 -> pack0_.pack_token_nr
[DEBUG] 2018-02-12 20:56:44.981 [main] DotNode - getDataType() : packName -> org.hibernate.type.StringType@7dc3712
[DEBUG] 2018-02-12 20:56:44.982 [main] FromReferenceNode - Resolved : generatedAlias0.packName -> pack0_.pack_name
[DEBUG] 2018-02-12 20:56:44.982 [main] HqlSqlBaseWalker - select : finishing up [level=1, statement=select]
[DEBUG] 2018-02-12 20:56:44.982 [main] HqlSqlWalker - processQuery() :  ( SELECT ( {select clause} pack0_.pack_token_nr ) ( FromClause{level=1} pack pack0_ ) ( where ( like ( pack0_.pack_name pack0_.pack_token_nr packName ) ? ) ) )
[DEBUG] 2018-02-12 20:56:44.984 [main] JoinProcessor - Using FROM fragment [pack pack0_]
[DEBUG] 2018-02-12 20:56:44.984 [main] HqlSqlBaseWalker - select >> end [level=1, statement=select]
[DEBUG] 2018-02-12 20:56:44.985 [main] QueryTranslatorImpl - --- SQL AST ---
 \-[SELECT] QueryNode: 'SELECT'  querySpaces (pack)
    +-[SELECT_CLAUSE] SelectClause: '{select clause}'
    |  +-[ALIAS_REF] IdentNode: 'pack0_.pack_token_nr as pack_tok1_0_' {alias=generatedAlias0, className=com.choinoski.entity.Pack, tableAlias=pack0_}
    |  \-[SQL_TOKEN] SqlFragment: 'pack0_.login as login2_0_, pack0_.pack_name as pack_nam3_0_, pack0_.password as password4_0_'
    +-[FROM] FromClause: 'from' FromClause{level=1, fromElementCounter=1, fromElements=1, fromElementByClassAlias=[generatedAlias0], fromElementByTableAlias=[pack0_], fromElementsByPath=[], collectionJoinFromElementsByPath=[], impliedElements=[]}
    |  \-[FROM_FRAGMENT] FromElement: 'pack pack0_' FromElement{explicit,not a collection join,not a fetch join,fetch non-lazy properties,classAlias=generatedAlias0,role=null,tableName=pack,tableAlias=pack0_,origin=null,columns={,className=com.choinoski.entity.Pack}}
    \-[WHERE] SqlNode: 'where'
       \-[LIKE] BinaryLogicOperatorNode: 'like'
          +-[DOT] DotNode: 'pack0_.pack_name' {propertyName=packName,dereferenceType=PRIMITIVE,getPropertyPath=packName,path=generatedAlias0.packName,tableAlias=pack0_,className=com.choinoski.entity.Pack,classAlias=generatedAlias0}
          |  +-[ALIAS_REF] IdentNode: 'pack0_.pack_token_nr' {alias=generatedAlias0, className=com.choinoski.entity.Pack, tableAlias=pack0_}
          |  \-[IDENT] IdentNode: 'packName' {originalText=packName}
          \-[NAMED_PARAM] ParameterNode: '?' {name=param0, expectedType=org.hibernate.type.StringType@7dc3712}

[DEBUG] 2018-02-12 20:56:44.985 [main] ErrorCounter - throwQueryException() : no errors
[DEBUG] 2018-02-12 20:56:44.985 [main] QueryTranslatorImpl - HQL: select generatedAlias0 from com.choinoski.entity.Pack as generatedAlias0 where generatedAlias0.packName like :param0
[DEBUG] 2018-02-12 20:56:44.985 [main] QueryTranslatorImpl - SQL: select pack0_.pack_token_nr as pack_tok1_0_, pack0_.login as login2_0_, pack0_.pack_name as pack_nam3_0_, pack0_.password as password4_0_ from pack pack0_ where pack0_.pack_name like ?
[DEBUG] 2018-02-12 20:56:44.985 [main] ErrorCounter - throwQueryException() : no errors
[DEBUG] 2018-02-12 20:56:44.986 [main] SQL - select pack0_.pack_token_nr as pack_tok1_0_, pack0_.login as login2_0_, pack0_.pack_name as pack_nam3_0_, pack0_.password as password4_0_ from pack pack0_ where pack0_.pack_name like ?
[DEBUG] 2018-02-12 20:56:44.987 [main] Loader - Result set row: 0
[DEBUG] 2018-02-12 20:56:44.987 [main] Loader - Result row: EntityKey[com.choinoski.entity.Pack#3]
[DEBUG] 2018-02-12 20:56:44.988 [main] TwoPhaseLoad - Resolving associations for [com.choinoski.entity.Pack#3]
[DEBUG] 2018-02-12 20:56:44.988 [main] TwoPhaseLoad - Done materializing entity [com.choinoski.entity.Pack#3]
[DEBUG] 2018-02-12 20:56:44.988 [main] LogicalConnectionManagedImpl - Initiating JDBC connection release from afterTransaction
