[DEBUG] 2018-02-13 18:49:38.597 [main] IntegratorServiceImpl - Adding Integrator [org.hibernate.cfg.beanvalidation.BeanValidationIntegrator].
[DEBUG] 2018-02-13 18:49:38.607 [main] IntegratorServiceImpl - Adding Integrator [org.hibernate.secure.spi.JaccIntegrator].
[DEBUG] 2018-02-13 18:49:38.612 [main] IntegratorServiceImpl - Adding Integrator [org.hibernate.cache.internal.CollectionCacheInvalidator].
[INFO ] 2018-02-13 18:49:38.712 [main] Version - HHH000412: Hibernate Core {5.2.12.Final}
[INFO ] 2018-02-13 18:49:38.715 [main] Environment - HHH000206: hibernate.properties not found
[DEBUG] 2018-02-13 18:49:38.759 [main] LocalXmlResourceResolver - Interpreting public/system identifier : [-//Hibernate/Hibernate Configuration DTD//EN] - [http://www.hibernate.org/dtd/hibernate-configuration-3.0.dtd]
[DEBUG] 2018-02-13 18:49:38.760 [main] LocalXmlResourceResolver - Recognized hibernate-configuration identifier; attempting to resolve on classpath under org/hibernate/
[DEBUG] 2018-02-13 18:49:38.767 [main] JaxbCfgProcessor - cfg.xml document did not define namespaces; wrapping in custom event reader to introduce namespace information
[DEBUG] 2018-02-13 18:49:39.060 [main] ServiceBinding - Overriding existing service binding [org.hibernate.secure.spi.JaccService]
[DEBUG] 2018-02-13 18:49:39.092 [main] RegionFactoryInitiator - Cache region factory : org.hibernate.cache.internal.NoCachingRegionFactory
[INFO ] 2018-02-13 18:49:39.103 [main] Version - HCANN000001: Hibernate Commons Annotations {5.0.1.Final}
[DEBUG] 2018-02-13 18:49:39.128 [main] BasicTypeRegistry - Adding type registration boolean -> org.hibernate.type.BooleanType@30b6ffe0
[DEBUG] 2018-02-13 18:49:39.128 [main] BasicTypeRegistry - Adding type registration boolean -> org.hibernate.type.BooleanType@30b6ffe0
[DEBUG] 2018-02-13 18:49:39.128 [main] BasicTypeRegistry - Adding type registration java.lang.Boolean -> org.hibernate.type.BooleanType@30b6ffe0
[DEBUG] 2018-02-13 18:49:39.129 [main] BasicTypeRegistry - Adding type registration numeric_boolean -> org.hibernate.type.NumericBooleanType@24c22fe
[DEBUG] 2018-02-13 18:49:39.131 [main] BasicTypeRegistry - Adding type registration true_false -> org.hibernate.type.TrueFalseType@2bec854f
[DEBUG] 2018-02-13 18:49:39.131 [main] BasicTypeRegistry - Adding type registration yes_no -> org.hibernate.type.YesNoType@3336e6b6
[DEBUG] 2018-02-13 18:49:39.132 [main] BasicTypeRegistry - Adding type registration byte -> org.hibernate.type.ByteType@48b67364
[DEBUG] 2018-02-13 18:49:39.136 [main] BasicTypeRegistry - Adding type registration byte -> org.hibernate.type.ByteType@48b67364
[DEBUG] 2018-02-13 18:49:39.136 [main] BasicTypeRegistry - Adding type registration java.lang.Byte -> org.hibernate.type.ByteType@48b67364
[DEBUG] 2018-02-13 18:49:39.137 [main] BasicTypeRegistry - Adding type registration character -> org.hibernate.type.CharacterType@44be0077
[DEBUG] 2018-02-13 18:49:39.137 [main] BasicTypeRegistry - Adding type registration char -> org.hibernate.type.CharacterType@44be0077
[DEBUG] 2018-02-13 18:49:39.138 [main] BasicTypeRegistry - Adding type registration java.lang.Character -> org.hibernate.type.CharacterType@44be0077
[DEBUG] 2018-02-13 18:49:39.139 [main] BasicTypeRegistry - Adding type registration short -> org.hibernate.type.ShortType@72ade7e3
[DEBUG] 2018-02-13 18:49:39.139 [main] BasicTypeRegistry - Adding type registration short -> org.hibernate.type.ShortType@72ade7e3
[DEBUG] 2018-02-13 18:49:39.139 [main] BasicTypeRegistry - Adding type registration java.lang.Short -> org.hibernate.type.ShortType@72ade7e3
[DEBUG] 2018-02-13 18:49:39.142 [main] BasicTypeRegistry - Adding type registration integer -> org.hibernate.type.IntegerType@560348e6
[DEBUG] 2018-02-13 18:49:39.142 [main] BasicTypeRegistry - Adding type registration int -> org.hibernate.type.IntegerType@560348e6
[DEBUG] 2018-02-13 18:49:39.142 [main] BasicTypeRegistry - Adding type registration java.lang.Integer -> org.hibernate.type.IntegerType@560348e6
[DEBUG] 2018-02-13 18:49:39.144 [main] BasicTypeRegistry - Adding type registration long -> org.hibernate.type.LongType@7f284218
[DEBUG] 2018-02-13 18:49:39.144 [main] BasicTypeRegistry - Adding type registration long -> org.hibernate.type.LongType@7f284218
[DEBUG] 2018-02-13 18:49:39.144 [main] BasicTypeRegistry - Adding type registration java.lang.Long -> org.hibernate.type.LongType@7f284218
[DEBUG] 2018-02-13 18:49:39.147 [main] BasicTypeRegistry - Adding type registration float -> org.hibernate.type.FloatType@64e7619d
[DEBUG] 2018-02-13 18:49:39.147 [main] BasicTypeRegistry - Adding type registration float -> org.hibernate.type.FloatType@64e7619d
[DEBUG] 2018-02-13 18:49:39.147 [main] BasicTypeRegistry - Adding type registration java.lang.Float -> org.hibernate.type.FloatType@64e7619d
[DEBUG] 2018-02-13 18:49:39.149 [main] BasicTypeRegistry - Adding type registration double -> org.hibernate.type.DoubleType@352ff4da
[DEBUG] 2018-02-13 18:49:39.149 [main] BasicTypeRegistry - Adding type registration double -> org.hibernate.type.DoubleType@352ff4da
[DEBUG] 2018-02-13 18:49:39.149 [main] BasicTypeRegistry - Adding type registration java.lang.Double -> org.hibernate.type.DoubleType@352ff4da
[DEBUG] 2018-02-13 18:49:39.151 [main] BasicTypeRegistry - Adding type registration big_decimal -> org.hibernate.type.BigDecimalType@895e367
[DEBUG] 2018-02-13 18:49:39.151 [main] BasicTypeRegistry - Adding type registration java.math.BigDecimal -> org.hibernate.type.BigDecimalType@895e367
[DEBUG] 2018-02-13 18:49:39.153 [main] BasicTypeRegistry - Adding type registration big_integer -> org.hibernate.type.BigIntegerType@4dd6fd0a
[DEBUG] 2018-02-13 18:49:39.153 [main] BasicTypeRegistry - Adding type registration java.math.BigInteger -> org.hibernate.type.BigIntegerType@4dd6fd0a
[DEBUG] 2018-02-13 18:49:39.153 [main] BasicTypeRegistry - Adding type registration string -> org.hibernate.type.StringType@589da3f3
[DEBUG] 2018-02-13 18:49:39.153 [main] BasicTypeRegistry - Adding type registration java.lang.String -> org.hibernate.type.StringType@589da3f3
[DEBUG] 2018-02-13 18:49:39.154 [main] BasicTypeRegistry - Adding type registration nstring -> org.hibernate.type.StringNVarcharType@50313382
[DEBUG] 2018-02-13 18:49:39.154 [main] BasicTypeRegistry - Adding type registration ncharacter -> org.hibernate.type.CharacterNCharType@4bd31064
[DEBUG] 2018-02-13 18:49:39.155 [main] BasicTypeRegistry - Adding type registration url -> org.hibernate.type.UrlType@4ef782af
[DEBUG] 2018-02-13 18:49:39.155 [main] BasicTypeRegistry - Adding type registration java.net.URL -> org.hibernate.type.UrlType@4ef782af
[DEBUG] 2018-02-13 18:49:39.156 [main] BasicTypeRegistry - Adding type registration Duration -> org.hibernate.type.DurationType@7f8a9499
[DEBUG] 2018-02-13 18:49:39.156 [main] BasicTypeRegistry - Adding type registration java.time.Duration -> org.hibernate.type.DurationType@7f8a9499
[DEBUG] 2018-02-13 18:49:39.171 [main] BasicTypeRegistry - Adding type registration Instant -> org.hibernate.type.InstantType@1787bc24
[DEBUG] 2018-02-13 18:49:39.173 [main] BasicTypeRegistry - Adding type registration java.time.Instant -> org.hibernate.type.InstantType@1787bc24
[DEBUG] 2018-02-13 18:49:39.174 [main] BasicTypeRegistry - Adding type registration LocalDateTime -> org.hibernate.type.LocalDateTimeType@5a37d3ed
[DEBUG] 2018-02-13 18:49:39.174 [main] BasicTypeRegistry - Adding type registration java.time.LocalDateTime -> org.hibernate.type.LocalDateTimeType@5a37d3ed
[DEBUG] 2018-02-13 18:49:39.176 [main] BasicTypeRegistry - Adding type registration LocalDate -> org.hibernate.type.LocalDateType@79c97cb
[DEBUG] 2018-02-13 18:49:39.176 [main] BasicTypeRegistry - Adding type registration java.time.LocalDate -> org.hibernate.type.LocalDateType@79c97cb
[DEBUG] 2018-02-13 18:49:39.177 [main] BasicTypeRegistry - Adding type registration LocalTime -> org.hibernate.type.LocalTimeType@4f704591
[DEBUG] 2018-02-13 18:49:39.177 [main] BasicTypeRegistry - Adding type registration java.time.LocalTime -> org.hibernate.type.LocalTimeType@4f704591
[DEBUG] 2018-02-13 18:49:39.178 [main] BasicTypeRegistry - Adding type registration OffsetDateTime -> org.hibernate.type.OffsetDateTimeType@379614be
[DEBUG] 2018-02-13 18:49:39.178 [main] BasicTypeRegistry - Adding type registration java.time.OffsetDateTime -> org.hibernate.type.OffsetDateTimeType@379614be
[DEBUG] 2018-02-13 18:49:39.179 [main] BasicTypeRegistry - Adding type registration OffsetTime -> org.hibernate.type.OffsetTimeType@1bab8268
[DEBUG] 2018-02-13 18:49:39.179 [main] BasicTypeRegistry - Adding type registration java.time.OffsetTime -> org.hibernate.type.OffsetTimeType@1bab8268
[DEBUG] 2018-02-13 18:49:39.183 [main] BasicTypeRegistry - Adding type registration ZonedDateTime -> org.hibernate.type.ZonedDateTimeType@6d7fc27
[DEBUG] 2018-02-13 18:49:39.183 [main] BasicTypeRegistry - Adding type registration java.time.ZonedDateTime -> org.hibernate.type.ZonedDateTimeType@6d7fc27
[DEBUG] 2018-02-13 18:49:39.184 [main] BasicTypeRegistry - Adding type registration date -> org.hibernate.type.DateType@58594a11
[DEBUG] 2018-02-13 18:49:39.184 [main] BasicTypeRegistry - Adding type registration java.sql.Date -> org.hibernate.type.DateType@58594a11
[DEBUG] 2018-02-13 18:49:39.185 [main] BasicTypeRegistry - Adding type registration time -> org.hibernate.type.TimeType@68f1b17f
[DEBUG] 2018-02-13 18:49:39.185 [main] BasicTypeRegistry - Adding type registration java.sql.Time -> org.hibernate.type.TimeType@68f1b17f
[DEBUG] 2018-02-13 18:49:39.186 [main] BasicTypeRegistry - Adding type registration timestamp -> org.hibernate.type.TimestampType@398dada8
[DEBUG] 2018-02-13 18:49:39.187 [main] BasicTypeRegistry - Adding type registration java.sql.Timestamp -> org.hibernate.type.TimestampType@398dada8
[DEBUG] 2018-02-13 18:49:39.187 [main] BasicTypeRegistry - Adding type registration java.util.Date -> org.hibernate.type.TimestampType@398dada8
[DEBUG] 2018-02-13 18:49:39.187 [main] BasicTypeRegistry - Adding type registration dbtimestamp -> org.hibernate.type.DbTimestampType@1b8a29df
[DEBUG] 2018-02-13 18:49:39.188 [main] BasicTypeRegistry - Adding type registration calendar -> org.hibernate.type.CalendarType@1ef6d34c
[DEBUG] 2018-02-13 18:49:39.188 [main] BasicTypeRegistry - Adding type registration java.util.Calendar -> org.hibernate.type.CalendarType@1ef6d34c
[DEBUG] 2018-02-13 18:49:39.188 [main] BasicTypeRegistry - Adding type registration java.util.GregorianCalendar -> org.hibernate.type.CalendarType@1ef6d34c
[DEBUG] 2018-02-13 18:49:39.189 [main] BasicTypeRegistry - Adding type registration calendar_date -> org.hibernate.type.CalendarDateType@7c51f34b
[DEBUG] 2018-02-13 18:49:39.190 [main] BasicTypeRegistry - Adding type registration locale -> org.hibernate.type.LocaleType@6fa34d52
[DEBUG] 2018-02-13 18:49:39.190 [main] BasicTypeRegistry - Adding type registration java.util.Locale -> org.hibernate.type.LocaleType@6fa34d52
[DEBUG] 2018-02-13 18:49:39.190 [main] BasicTypeRegistry - Adding type registration currency -> org.hibernate.type.CurrencyType@7ef27d7f
[DEBUG] 2018-02-13 18:49:39.191 [main] BasicTypeRegistry - Adding type registration java.util.Currency -> org.hibernate.type.CurrencyType@7ef27d7f
[DEBUG] 2018-02-13 18:49:39.191 [main] BasicTypeRegistry - Adding type registration timezone -> org.hibernate.type.TimeZoneType@1d483de4
[DEBUG] 2018-02-13 18:49:39.191 [main] BasicTypeRegistry - Adding type registration java.util.TimeZone -> org.hibernate.type.TimeZoneType@1d483de4
[DEBUG] 2018-02-13 18:49:39.192 [main] BasicTypeRegistry - Adding type registration class -> org.hibernate.type.ClassType@3b74ac8
[DEBUG] 2018-02-13 18:49:39.192 [main] BasicTypeRegistry - Adding type registration java.lang.Class -> org.hibernate.type.ClassType@3b74ac8
[DEBUG] 2018-02-13 18:49:39.193 [main] BasicTypeRegistry - Adding type registration uuid-binary -> org.hibernate.type.UUIDBinaryType@1ae8bcbc
[DEBUG] 2018-02-13 18:49:39.193 [main] BasicTypeRegistry - Adding type registration java.util.UUID -> org.hibernate.type.UUIDBinaryType@1ae8bcbc
[DEBUG] 2018-02-13 18:49:39.193 [main] BasicTypeRegistry - Adding type registration uuid-char -> org.hibernate.type.UUIDCharType@30c8681
[DEBUG] 2018-02-13 18:49:39.194 [main] BasicTypeRegistry - Adding type registration binary -> org.hibernate.type.BinaryType@35399441
[DEBUG] 2018-02-13 18:49:39.194 [main] BasicTypeRegistry - Adding type registration byte[] -> org.hibernate.type.BinaryType@35399441
[DEBUG] 2018-02-13 18:49:39.194 [main] BasicTypeRegistry - Adding type registration [B -> org.hibernate.type.BinaryType@35399441
[DEBUG] 2018-02-13 18:49:39.195 [main] BasicTypeRegistry - Adding type registration wrapper-binary -> org.hibernate.type.WrapperBinaryType@df6620a
[DEBUG] 2018-02-13 18:49:39.195 [main] BasicTypeRegistry - Adding type registration Byte[] -> org.hibernate.type.WrapperBinaryType@df6620a
[DEBUG] 2018-02-13 18:49:39.195 [main] BasicTypeRegistry - Adding type registration [Ljava.lang.Byte; -> org.hibernate.type.WrapperBinaryType@df6620a
[DEBUG] 2018-02-13 18:49:39.195 [main] BasicTypeRegistry - Adding type registration row_version -> org.hibernate.type.RowVersionType@5e403b4a
[DEBUG] 2018-02-13 18:49:39.196 [main] BasicTypeRegistry - Adding type registration image -> org.hibernate.type.ImageType@19e7a160
[DEBUG] 2018-02-13 18:49:39.197 [main] BasicTypeRegistry - Adding type registration characters -> org.hibernate.type.CharArrayType@6cb6decd
[DEBUG] 2018-02-13 18:49:39.197 [main] BasicTypeRegistry - Adding type registration char[] -> org.hibernate.type.CharArrayType@6cb6decd
[DEBUG] 2018-02-13 18:49:39.197 [main] BasicTypeRegistry - Adding type registration [C -> org.hibernate.type.CharArrayType@6cb6decd
[DEBUG] 2018-02-13 18:49:39.198 [main] BasicTypeRegistry - Adding type registration wrapper-characters -> org.hibernate.type.CharacterArrayType@3e6f3f28
[DEBUG] 2018-02-13 18:49:39.198 [main] BasicTypeRegistry - Adding type registration [Ljava.lang.Character; -> org.hibernate.type.CharacterArrayType@3e6f3f28
[DEBUG] 2018-02-13 18:49:39.198 [main] BasicTypeRegistry - Adding type registration Character[] -> org.hibernate.type.CharacterArrayType@3e6f3f28
[DEBUG] 2018-02-13 18:49:39.198 [main] BasicTypeRegistry - Adding type registration text -> org.hibernate.type.TextType@5717c37
[DEBUG] 2018-02-13 18:49:39.199 [main] BasicTypeRegistry - Adding type registration ntext -> org.hibernate.type.NTextType@3c01cfa1
[DEBUG] 2018-02-13 18:49:39.201 [main] BasicTypeRegistry - Adding type registration blob -> org.hibernate.type.BlobType@18e36d14
[DEBUG] 2018-02-13 18:49:39.201 [main] BasicTypeRegistry - Adding type registration java.sql.Blob -> org.hibernate.type.BlobType@18e36d14
[DEBUG] 2018-02-13 18:49:39.201 [main] BasicTypeRegistry - Adding type registration materialized_blob -> org.hibernate.type.MaterializedBlobType@302f7971
[DEBUG] 2018-02-13 18:49:39.203 [main] BasicTypeRegistry - Adding type registration clob -> org.hibernate.type.ClobType@3b8f0a79
[DEBUG] 2018-02-13 18:49:39.204 [main] BasicTypeRegistry - Adding type registration java.sql.Clob -> org.hibernate.type.ClobType@3b8f0a79
[DEBUG] 2018-02-13 18:49:39.205 [main] BasicTypeRegistry - Adding type registration nclob -> org.hibernate.type.NClobType@68dc098b
[DEBUG] 2018-02-13 18:49:39.206 [main] BasicTypeRegistry - Adding type registration java.sql.NClob -> org.hibernate.type.NClobType@68dc098b
[DEBUG] 2018-02-13 18:49:39.206 [main] BasicTypeRegistry - Adding type registration materialized_clob -> org.hibernate.type.MaterializedClobType@2d6c53fc
[DEBUG] 2018-02-13 18:49:39.206 [main] BasicTypeRegistry - Adding type registration materialized_nclob -> org.hibernate.type.MaterializedNClobType@7fbdb894
[DEBUG] 2018-02-13 18:49:39.207 [main] BasicTypeRegistry - Adding type registration serializable -> org.hibernate.type.SerializableType@59e32960
[DEBUG] 2018-02-13 18:49:39.215 [main] BasicTypeRegistry - Adding type registration object -> org.hibernate.type.ObjectType@768fc0f2
[DEBUG] 2018-02-13 18:49:39.215 [main] BasicTypeRegistry - Adding type registration java.lang.Object -> org.hibernate.type.ObjectType@768fc0f2
[DEBUG] 2018-02-13 18:49:39.215 [main] BasicTypeRegistry - Adding type registration imm_date -> org.hibernate.type.AdaptedImmutableType@455b6df1
[DEBUG] 2018-02-13 18:49:39.215 [main] BasicTypeRegistry - Adding type registration imm_time -> org.hibernate.type.AdaptedImmutableType@4ddbbdf8
[DEBUG] 2018-02-13 18:49:39.215 [main] BasicTypeRegistry - Adding type registration imm_timestamp -> org.hibernate.type.AdaptedImmutableType@3f67593e
[DEBUG] 2018-02-13 18:49:39.215 [main] BasicTypeRegistry - Adding type registration imm_dbtimestamp -> org.hibernate.type.AdaptedImmutableType@1ab06251
[DEBUG] 2018-02-13 18:49:39.215 [main] BasicTypeRegistry - Adding type registration imm_calendar -> org.hibernate.type.AdaptedImmutableType@41ab013
[DEBUG] 2018-02-13 18:49:39.215 [main] BasicTypeRegistry - Adding type registration imm_calendar_date -> org.hibernate.type.AdaptedImmutableType@14bee915
[DEBUG] 2018-02-13 18:49:39.216 [main] BasicTypeRegistry - Adding type registration imm_binary -> org.hibernate.type.AdaptedImmutableType@1115ec15
[DEBUG] 2018-02-13 18:49:39.216 [main] BasicTypeRegistry - Adding type registration imm_serializable -> org.hibernate.type.AdaptedImmutableType@82ea68c
[INFO ] 2018-02-13 18:49:39.228 [main] C3P0ConnectionProvider - HHH010002: C3P0 using driver: com.mysql.jdbc.Driver at URL: jdbc:mysql://localhost:3306/puppy_playtime_test
[INFO ] 2018-02-13 18:49:39.229 [main] C3P0ConnectionProvider - HHH10001001: Connection properties: {user=root, password=****}
[INFO ] 2018-02-13 18:49:39.231 [main] C3P0ConnectionProvider - HHH10001003: Autocommit mode: false
[INFO ] 2018-02-13 18:49:39.369 [main] C3P0ConnectionProvider - HHH10001007: JDBC isolation level: <unknown>
[DEBUG] 2018-02-13 18:49:39.448 [main] JdbcEnvironmentInitiator - Database ->
       name : MySQL
    version : 5.7.21-0ubuntu0.16.04.1
      major : 5
      minor : 7
[DEBUG] 2018-02-13 18:49:39.454 [main] JdbcEnvironmentInitiator - Driver ->
       name : MySQL Connector Java
    version : mysql-connector-java-5.1.39 ( Revision: 3289a357af6d09ecc1a10fd3c26e95183e5790ad )
      major : 5
      minor : 1
[DEBUG] 2018-02-13 18:49:39.454 [main] JdbcEnvironmentInitiator - JDBC version : 4.0
[INFO ] 2018-02-13 18:49:39.488 [main] Dialect - HHH000400: Using dialect: org.hibernate.dialect.MySQL5Dialect
[DEBUG] 2018-02-13 18:49:39.547 [main] IdentifierHelperBuilder - JDBC driver metadata reported database stores quoted identifiers in more than one case
[DEBUG] 2018-02-13 18:49:39.548 [main] IdentifierHelperBuilder - IdentifierCaseStrategy for both quoted and unquoted identifiers was set to the same strategy [MIXED]; that will likely lead to problems in schema update and validation if using quoted identifiers
[DEBUG] 2018-02-13 18:49:39.601 [main] DefaultIdentifierGeneratorFactory - Registering IdentifierGenerator strategy [uuid2] -> [org.hibernate.id.UUIDGenerator]
[DEBUG] 2018-02-13 18:49:39.601 [main] DefaultIdentifierGeneratorFactory - Registering IdentifierGenerator strategy [guid] -> [org.hibernate.id.GUIDGenerator]
[DEBUG] 2018-02-13 18:49:39.601 [main] DefaultIdentifierGeneratorFactory - Registering IdentifierGenerator strategy [uuid] -> [org.hibernate.id.UUIDHexGenerator]
[DEBUG] 2018-02-13 18:49:39.601 [main] DefaultIdentifierGeneratorFactory - Registering IdentifierGenerator strategy [uuid.hex] -> [org.hibernate.id.UUIDHexGenerator]
[DEBUG] 2018-02-13 18:49:39.602 [main] DefaultIdentifierGeneratorFactory - Registering IdentifierGenerator strategy [assigned] -> [org.hibernate.id.Assigned]
[DEBUG] 2018-02-13 18:49:39.603 [main] DefaultIdentifierGeneratorFactory - Registering IdentifierGenerator strategy [identity] -> [org.hibernate.id.IdentityGenerator]
[DEBUG] 2018-02-13 18:49:39.603 [main] DefaultIdentifierGeneratorFactory - Registering IdentifierGenerator strategy [select] -> [org.hibernate.id.SelectGenerator]
[DEBUG] 2018-02-13 18:49:39.603 [main] DefaultIdentifierGeneratorFactory - Registering IdentifierGenerator strategy [sequence] -> [org.hibernate.id.enhanced.SequenceStyleGenerator]
[DEBUG] 2018-02-13 18:49:39.604 [main] DefaultIdentifierGeneratorFactory - Registering IdentifierGenerator strategy [seqhilo] -> [org.hibernate.id.SequenceHiLoGenerator]
[DEBUG] 2018-02-13 18:49:39.604 [main] DefaultIdentifierGeneratorFactory - Registering IdentifierGenerator strategy [increment] -> [org.hibernate.id.IncrementGenerator]
[DEBUG] 2018-02-13 18:49:39.605 [main] DefaultIdentifierGeneratorFactory - Registering IdentifierGenerator strategy [foreign] -> [org.hibernate.id.ForeignGenerator]
[DEBUG] 2018-02-13 18:49:39.605 [main] DefaultIdentifierGeneratorFactory - Registering IdentifierGenerator strategy [sequence-identity] -> [org.hibernate.id.SequenceIdentityGenerator]
[DEBUG] 2018-02-13 18:49:39.605 [main] DefaultIdentifierGeneratorFactory - Registering IdentifierGenerator strategy [enhanced-sequence] -> [org.hibernate.id.enhanced.SequenceStyleGenerator]
[DEBUG] 2018-02-13 18:49:39.606 [main] DefaultIdentifierGeneratorFactory - Registering IdentifierGenerator strategy [enhanced-table] -> [org.hibernate.id.enhanced.TableGenerator]
[DEBUG] 2018-02-13 18:49:39.638 [main] Namespace - Created database namespace [logicalName=Name{catalog=null, schema=null}, physicalName=Name{catalog=null, schema=null}]
[DEBUG] 2018-02-13 18:49:39.680 [main] AnnotationBinder - Binding entity from annotated class: com.choinoski.entity.Pack
[DEBUG] 2018-02-13 18:49:39.701 [main] Ejb3Column - Binding column: Ejb3DiscriminatorColumn{logicalColumnName'DTYPE', discriminatorTypeName='string'}
[DEBUG] 2018-02-13 18:49:39.712 [main] EntityBinder - Import with entity name Pack
[DEBUG] 2018-02-13 18:49:39.714 [main] EntityBinder - Bind entity com.choinoski.entity.Pack on table pack
[DEBUG] 2018-02-13 18:49:39.745 [main] Ejb3Column - Binding column: Ejb3Column{table=org.hibernate.mapping.Table(pack), mappingColumn=pack_token_nr, insertable=true, updatable=true, unique=false}
[DEBUG] 2018-02-13 18:49:39.750 [main] PropertyBinder - MetadataSourceProcessor property packTokenNumber with lazy=false
[DEBUG] 2018-02-13 18:49:39.751 [main] AbstractPropertyHolder - Attempting to locate auto-apply AttributeConverter for property [com.choinoski.entity.Pack:packTokenNumber]
[DEBUG] 2018-02-13 18:49:39.752 [main] SimpleValueBinder - building SimpleValue for packTokenNumber
[DEBUG] 2018-02-13 18:49:39.753 [main] PropertyBinder - Building property packTokenNumber
[DEBUG] 2018-02-13 18:49:39.763 [main] Ejb3Column - Binding column: Ejb3Column{table=org.hibernate.mapping.Table(pack), mappingColumn=login, insertable=true, updatable=true, unique=false}
[DEBUG] 2018-02-13 18:49:39.763 [main] PropertyBinder - MetadataSourceProcessor property login with lazy=false
[DEBUG] 2018-02-13 18:49:39.763 [main] AbstractPropertyHolder - Attempting to locate auto-apply AttributeConverter for property [com.choinoski.entity.Pack:login]
[DEBUG] 2018-02-13 18:49:39.763 [main] SimpleValueBinder - building SimpleValue for login
[DEBUG] 2018-02-13 18:49:39.764 [main] PropertyBinder - Building property login
[DEBUG] 2018-02-13 18:49:39.773 [main] Ejb3Column - Binding column: Ejb3Column{table=org.hibernate.mapping.Table(pack), mappingColumn=pack_name, insertable=true, updatable=true, unique=false}
[DEBUG] 2018-02-13 18:49:39.773 [main] PropertyBinder - MetadataSourceProcessor property packName with lazy=false
[DEBUG] 2018-02-13 18:49:39.773 [main] AbstractPropertyHolder - Attempting to locate auto-apply AttributeConverter for property [com.choinoski.entity.Pack:packName]
[DEBUG] 2018-02-13 18:49:39.773 [main] SimpleValueBinder - building SimpleValue for packName
[DEBUG] 2018-02-13 18:49:39.773 [main] PropertyBinder - Building property packName
[DEBUG] 2018-02-13 18:49:39.773 [main] Ejb3Column - Binding column: Ejb3Column{table=org.hibernate.mapping.Table(pack), mappingColumn=password, insertable=true, updatable=true, unique=false}
[DEBUG] 2018-02-13 18:49:39.773 [main] PropertyBinder - MetadataSourceProcessor property password with lazy=false
[DEBUG] 2018-02-13 18:49:39.773 [main] AbstractPropertyHolder - Attempting to locate auto-apply AttributeConverter for property [com.choinoski.entity.Pack:password]
[DEBUG] 2018-02-13 18:49:39.773 [main] SimpleValueBinder - building SimpleValue for password
[DEBUG] 2018-02-13 18:49:39.778 [main] PropertyBinder - Building property password
[DEBUG] 2018-02-13 18:49:39.780 [main] SimpleValueBinder - Starting fillSimpleValue for packTokenNumber
[DEBUG] 2018-02-13 18:49:39.780 [main] SimpleValueBinder - Starting fillSimpleValue for login
[DEBUG] 2018-02-13 18:49:39.780 [main] SimpleValueBinder - Starting fillSimpleValue for packName
[DEBUG] 2018-02-13 18:49:39.780 [main] SimpleValueBinder - Starting fillSimpleValue for password
[DEBUG] 2018-02-13 18:49:39.781 [main] PrimaryKey - Forcing column [pack_token_nr] to be non-null as it is part of the primary key for table [pack]
[DEBUG] 2018-02-13 18:49:39.833 [main] SessionFactoryImpl - Building session factory
[DEBUG] 2018-02-13 18:49:39.833 [main] Settings - SessionFactory name : null
[DEBUG] 2018-02-13 18:49:39.834 [main] Settings - Automatic flush during beforeCompletion(): enabled
[DEBUG] 2018-02-13 18:49:39.834 [main] Settings - Automatic session close at end of transaction: disabled
[DEBUG] 2018-02-13 18:49:39.838 [main] Settings - Statistics: disabled
[DEBUG] 2018-02-13 18:49:39.838 [main] Settings - Deleted entity synthetic identifier rollback: disabled
[DEBUG] 2018-02-13 18:49:39.838 [main] Settings - Default entity-mode: pojo
[DEBUG] 2018-02-13 18:49:39.838 [main] Settings - Check Nullability in Core (should be disabled when Bean Validation is on): enabled
[DEBUG] 2018-02-13 18:49:39.838 [main] Settings - Allow initialization of lazy state outside session : disabled
[DEBUG] 2018-02-13 18:49:39.838 [main] Settings - Using BatchFetchStyle : LEGACY
[DEBUG] 2018-02-13 18:49:39.838 [main] Settings - Default batch fetch size: -1
[DEBUG] 2018-02-13 18:49:39.838 [main] Settings - Maximum outer join fetch depth: 2
[DEBUG] 2018-02-13 18:49:39.838 [main] Settings - Default null ordering: NONE
[DEBUG] 2018-02-13 18:49:39.838 [main] Settings - Order SQL updates by primary key: disabled
[DEBUG] 2018-02-13 18:49:39.838 [main] Settings - Order SQL inserts for batching: disabled
[DEBUG] 2018-02-13 18:49:39.839 [main] Settings - multi-tenancy strategy : NONE
[DEBUG] 2018-02-13 18:49:39.839 [main] Settings - JTA Track by Thread: enabled
[DEBUG] 2018-02-13 18:49:39.839 [main] Settings - Query language substitutions: {}
[DEBUG] 2018-02-13 18:49:39.839 [main] Settings - JPA query language strict compliance: disabled
[DEBUG] 2018-02-13 18:49:39.839 [main] Settings - Named query checking : enabled
[DEBUG] 2018-02-13 18:49:39.839 [main] Settings - Second-level cache: enabled
[DEBUG] 2018-02-13 18:49:39.839 [main] Settings - Second-level query cache: disabled
[DEBUG] 2018-02-13 18:49:39.839 [main] Settings - Second-level query cache factory: org.hibernate.cache.internal.StandardQueryCacheFactory@2cab9998
[DEBUG] 2018-02-13 18:49:39.839 [main] Settings - Second-level cache region prefix: null
[DEBUG] 2018-02-13 18:49:39.839 [main] Settings - Optimize second-level cache for minimal puts: disabled
[DEBUG] 2018-02-13 18:49:39.839 [main] Settings - Structured second-level cache entries: disabled
[DEBUG] 2018-02-13 18:49:39.839 [main] Settings - Second-level cache direct-reference entries: disabled
[DEBUG] 2018-02-13 18:49:39.839 [main] Settings - Automatic eviction of collection cache: disabled
[DEBUG] 2018-02-13 18:49:39.839 [main] Settings - JDBC batch size: 15
[DEBUG] 2018-02-13 18:49:39.839 [main] Settings - JDBC batch updates for versioned data: enabled
[DEBUG] 2018-02-13 18:49:39.840 [main] Settings - Scrollable result sets: enabled
[DEBUG] 2018-02-13 18:49:39.840 [main] Settings - Wrap result sets: disabled
[DEBUG] 2018-02-13 18:49:39.840 [main] Settings - JDBC3 getGeneratedKeys(): enabled
[DEBUG] 2018-02-13 18:49:39.840 [main] Settings - JDBC result set fetch size: null
[DEBUG] 2018-02-13 18:49:39.840 [main] Settings - Connection release mode: AFTER_TRANSACTION
[DEBUG] 2018-02-13 18:49:39.840 [main] Settings - Generate SQL with comments: disabled
[DEBUG] 2018-02-13 18:49:39.928 [main] SessionFactoryImpl - Session factory constructed with filter configurations : {}
[DEBUG] 2018-02-13 18:49:39.929 [main] SessionFactoryImpl - Instantiating session factory with properties: {sun.desktop=gnome, awt.toolkit=sun.awt.X11.XToolkit, file.encoding.pkg=sun.io, java.specification.version=1.8, hibernate.c3p0.idle_test_period=3000, sun.cpu.isalist=, sun.jnu.encoding=UTF-8, hibernate.c3p0.min_size=5, java.class.path=/home/student/intellij/lib/idea_rt.jar:/home/student/intellij/plugins/junit/lib/junit-rt.jar:/home/student/intellij/plugins/junit/lib/junit5-rt.jar:/usr/lib/jvm/java-8-oracle/jre/lib/charsets.jar:/usr/lib/jvm/java-8-oracle/jre/lib/deploy.jar:/usr/lib/jvm/java-8-oracle/jre/lib/ext/cldrdata.jar:/usr/lib/jvm/java-8-oracle/jre/lib/ext/dnsns.jar:/usr/lib/jvm/java-8-oracle/jre/lib/ext/jaccess.jar:/usr/lib/jvm/java-8-oracle/jre/lib/ext/jfxrt.jar:/usr/lib/jvm/java-8-oracle/jre/lib/ext/localedata.jar:/usr/lib/jvm/java-8-oracle/jre/lib/ext/nashorn.jar:/usr/lib/jvm/java-8-oracle/jre/lib/ext/sunec.jar:/usr/lib/jvm/java-8-oracle/jre/lib/ext/sunjce_provider.jar:/usr/lib/jvm/java-8-oracle/jre/lib/ext/sunpkcs11.jar:/usr/lib/jvm/java-8-oracle/jre/lib/ext/zipfs.jar:/usr/lib/jvm/java-8-oracle/jre/lib/javaws.jar:/usr/lib/jvm/java-8-oracle/jre/lib/jce.jar:/usr/lib/jvm/java-8-oracle/jre/lib/jfr.jar:/usr/lib/jvm/java-8-oracle/jre/lib/jfxswt.jar:/usr/lib/jvm/java-8-oracle/jre/lib/jsse.jar:/usr/lib/jvm/java-8-oracle/jre/lib/management-agent.jar:/usr/lib/jvm/java-8-oracle/jre/lib/plugin.jar:/usr/lib/jvm/java-8-oracle/jre/lib/resources.jar:/usr/lib/jvm/java-8-oracle/jre/lib/rt.jar:/home/student/IdeaProjects/PuppyPlaytime/target/test-classes:/home/student/IdeaProjects/PuppyPlaytime/target/classes:/home/student/.m2/repository/org/junit/jupiter/junit-jupiter-engine/5.0.0/junit-jupiter-engine-5.0.0.jar:/home/student/.m2/repository/org/apiguardian/apiguardian-api/1.0.0/apiguardian-api-1.0.0.jar:/home/student/.m2/repository/org/junit/platform/junit-platform-engine/1.0.0/junit-platform-engine-1.0.0.jar:/home/student/.m2/repository/org/junit/platform/junit-platform-commons/1.0.0/junit-platform-commons-1.0.0.jar:/home/student/.m2/repository/org/opentest4j/opentest4j/1.0.0/opentest4j-1.0.0.jar:/home/student/.m2/repository/org/junit/jupiter/junit-jupiter-api/5.0.0/junit-jupiter-api-5.0.0.jar:/home/student/.m2/repository/junit/junit/4.12/junit-4.12.jar:/home/student/.m2/repository/org/hamcrest/hamcrest-core/1.3/hamcrest-core-1.3.jar:/home/student/.m2/repository/org/junit/platform/junit-platform-runner/1.0.0/junit-platform-runner-1.0.0.jar:/home/student/.m2/repository/org/junit/platform/junit-platform-launcher/1.0.0/junit-platform-launcher-1.0.0.jar:/home/student/.m2/repository/org/junit/platform/junit-platform-suite-api/1.0.0/junit-platform-suite-api-1.0.0.jar:/home/student/.m2/repository/org/junit/vintage/junit-vintage-engine/4.12.0/junit-vintage-engine-4.12.0.jar:/home/student/.m2/repository/javax/javaee-web-api/7.0/javaee-web-api-7.0.jar:/home/student/.m2/repository/org/apache/logging/log4j/log4j-api/2.10.0/log4j-api-2.10.0.jar:/home/student/.m2/repository/org/apache/logging/log4j/log4j-core/2.10.0/log4j-core-2.10.0.jar:/home/student/.m2/repository/org/hibernate/hibernate-core/5.2.12.Final/hibernate-core-5.2.12.Final.jar:/home/student/.m2/repository/org/jboss/logging/jboss-logging/3.3.0.Final/jboss-logging-3.3.0.Final.jar:/home/student/.m2/repository/org/hibernate/javax/persistence/hibernate-jpa-2.1-api/1.0.0.Final/hibernate-jpa-2.1-api-1.0.0.Final.jar:/home/student/.m2/repository/org/javassist/javassist/3.20.0-GA/javassist-3.20.0-GA.jar:/home/student/.m2/repository/antlr/antlr/2.7.7/antlr-2.7.7.jar:/home/student/.m2/repository/org/jboss/spec/javax/transaction/jboss-transaction-api_1.2_spec/1.0.1.Final/jboss-transaction-api_1.2_spec-1.0.1.Final.jar:/home/student/.m2/repository/org/jboss/jandex/2.0.3.Final/jandex-2.0.3.Final.jar:/home/student/.m2/repository/com/fasterxml/classmate/1.3.0/classmate-1.3.0.jar:/home/student/.m2/repository/dom4j/dom4j/1.6.1/dom4j-1.6.1.jar:/home/student/.m2/repository/org/hibernate/common/hibernate-commons-annotations/5.0.1.Final/hibernate-commons-annotations-5.0.1.Final.jar:/home/student/.m2/repository/org/hibernate/hibernate-c3p0/5.2.12.Final/hibernate-c3p0-5.2.12.Final.jar:/home/student/.m2/repository/com/mchange/c3p0/0.9.5.2/c3p0-0.9.5.2.jar:/home/student/.m2/repository/com/mchange/mchange-commons-java/0.2.11/mchange-commons-java-0.2.11.jar:/home/student/.m2/repository/mysql/mysql-connector-java/5.1.39/mysql-connector-java-5.1.39.jar:/home/student/.m2/repository/jstl/jstl/1.2/jstl-1.2.jar:/home/student/intellij/lib/idea_rt.jar, java.vm.vendor=Oracle Corporation, sun.arch.data.model=64, idea.test.cyclic.buffer.size=1048576, java.vendor.url=http://java.oracle.com/, user.timezone=America/Chicago, os.name=Linux, java.vm.specification.version=1.8, user.country=US, sun.java.launcher=SUN_STANDARD, sun.boot.library.path=/usr/lib/jvm/java-8-oracle/jre/lib/amd64, sun.java.command=com.intellij.rt.execution.junit.JUnitStarter -ideVersion5 -junit5 com.choinoski.persistence.PackDaoTest, sun.cpu.endian=little, hibernate.c3p0.max_statements=50, user.home=/home/student, user.language=en, java.specification.vendor=Oracle Corporation, java.home=/usr/lib/jvm/java-8-oracle/jre, file.separator=/, line.separator=
, hibernate.c3p0.timeout=300, java.vm.specification.vendor=Oracle Corporation, java.specification.name=Java Platform API Specification, java.awt.graphicsenv=sun.awt.X11GraphicsEnvironment, sun.boot.class.path=/usr/lib/jvm/java-8-oracle/jre/lib/resources.jar:/usr/lib/jvm/java-8-oracle/jre/lib/rt.jar:/usr/lib/jvm/java-8-oracle/jre/lib/sunrsasign.jar:/usr/lib/jvm/java-8-oracle/jre/lib/jsse.jar:/usr/lib/jvm/java-8-oracle/jre/lib/jce.jar:/usr/lib/jvm/java-8-oracle/jre/lib/charsets.jar:/usr/lib/jvm/java-8-oracle/jre/lib/jfr.jar:/usr/lib/jvm/java-8-oracle/jre/classes, connection.password=student, sun.management.compiler=HotSpot 64-Bit Tiered Compilers, hibernate.c3p0.max_size=20, java.runtime.version=1.8.0_144-b01, user.name=student, path.separator=:, hibernate.connection.username=root, os.version=4.4.0-112-generic, java.endorsed.dirs=/usr/lib/jvm/java-8-oracle/jre/lib/endorsed, java.runtime.name=Java(TM) SE Runtime Environment, hibernate.connection.url=jdbc:mysql://localhost:3306/puppy_playtime_test, file.encoding=UTF-8, java.vm.name=Java HotSpot(TM) 64-Bit Server VM, hibernate.connection.driver_class=com.mysql.jdbc.Driver, java.vendor.url.bug=http://bugreport.sun.com/bugreport/, java.io.tmpdir=/tmp, java.version=1.8.0_144, user.dir=/home/student/IdeaProjects/PuppyPlaytime, os.arch=amd64, connection.username=root, java.vm.specification.name=Java Virtual Machine Specification, hibernate.connection.password=****, java.awt.printerjob=sun.print.PSPrinterJob, sun.os.patch.level=unknown, connection.driver_class=com.mysql.jdbc.Driver, hibernate.boot.CfgXmlAccessService.key=org.hibernate.boot.cfgxml.spi.LoadedConfig@1a2e2935, java.library.path=/usr/java/packages/lib/amd64:/usr/lib64:/lib64:/lib:/usr/lib, java.vm.info=mixed mode, java.vendor=Oracle Corporation, java.vm.version=25.144-b01, hibernate.bytecode.use_reflection_optimizer=false, java.ext.dirs=/usr/lib/jvm/java-8-oracle/jre/lib/ext:/usr/java/packages/lib/ext, sun.io.unicode.encoding=UnicodeLittle, connection.url=jdbc:mysql://localhost:3306/puppy_playtime_test, java.class.version=52.0}
[DEBUG] 2018-02-13 18:49:39.954 [main] TypeSafeActivator - Unable to acquire Bean Validation ValidatorFactory, skipping activation
[DEBUG] 2018-02-13 18:49:39.954 [main] JaccIntegrator - Skipping JACC integration as it was not enabled
[DEBUG] 2018-02-13 18:49:39.955 [main] SessionFactoryImpl - Instantiated session factory
[DEBUG] 2018-02-13 18:49:40.024 [main] ClassLoaderAccessImpl - Not known whether passed class name [com.choinoski.entity.Pack] is safe
[DEBUG] 2018-02-13 18:49:40.025 [main] ClassLoaderAccessImpl - No temp ClassLoader provided; using live ClassLoader for loading potentially unsafe class : com.choinoski.entity.Pack
[DEBUG] 2018-02-13 18:49:40.044 [main] ClassLoaderAccessImpl - Not known whether passed class name [com.choinoski.entity.Pack] is safe
[DEBUG] 2018-02-13 18:49:40.044 [main] ClassLoaderAccessImpl - No temp ClassLoader provided; using live ClassLoader for loading potentially unsafe class : com.choinoski.entity.Pack
[DEBUG] 2018-02-13 18:49:40.124 [main] AbstractEntityPersister - Static SQL for entity: com.choinoski.entity.Pack
[DEBUG] 2018-02-13 18:49:40.125 [main] AbstractEntityPersister -  Version select: select pack_token_nr from pack where pack_token_nr =?
[DEBUG] 2018-02-13 18:49:40.125 [main] AbstractEntityPersister -  Snapshot select: select pack_.pack_token_nr, pack_.login as login2_0_, pack_.pack_name as pack_nam3_0_, pack_.password as password4_0_ from pack pack_ where pack_.pack_token_nr=?
[DEBUG] 2018-02-13 18:49:40.125 [main] AbstractEntityPersister -  Insert 0: insert into pack (login, pack_name, password, pack_token_nr) values (?, ?, ?, ?)
[DEBUG] 2018-02-13 18:49:40.125 [main] AbstractEntityPersister -  Update 0: update pack set login=?, pack_name=?, password=? where pack_token_nr=?
[DEBUG] 2018-02-13 18:49:40.125 [main] AbstractEntityPersister -  Delete 0: delete from pack where pack_token_nr=?
[DEBUG] 2018-02-13 18:49:40.125 [main] AbstractEntityPersister -  Identity insert: insert into pack (login, pack_name, password) values (?, ?, ?)
[DEBUG] 2018-02-13 18:49:40.139 [main] QuerySpacesImpl - Adding QuerySpace : uid = <gen:0> -> org.hibernate.loader.plan.build.internal.spaces.EntityQuerySpaceImpl@5d10455d]
[DEBUG] 2018-02-13 18:49:40.141 [main] MetamodelGraphWalker - Visiting attribute path : login
[DEBUG] 2018-02-13 18:49:40.141 [main] MetamodelGraphWalker - Visiting attribute path : packName
[DEBUG] 2018-02-13 18:49:40.142 [main] MetamodelGraphWalker - Visiting attribute path : password
[DEBUG] 2018-02-13 18:49:40.142 [main] FetchStyleLoadPlanBuildingAssociationVisitationStrategy - Building LoadPlan...
[DEBUG] 2018-02-13 18:49:40.155 [main] LoadQueryJoinAndFetchProcessor - processing queryspace <gen:0>
[DEBUG] 2018-02-13 18:49:40.159 [main] LoadPlanTreePrinter - LoadPlan(entity=com.choinoski.entity.Pack)
    - Returns
       - EntityReturnImpl(entity=com.choinoski.entity.Pack, querySpaceUid=<gen:0>, path=com.choinoski.entity.Pack)
    - QuerySpaces
       - EntityQuerySpaceImpl(uid=<gen:0>, entity=com.choinoski.entity.Pack)
          - SQL table alias mapping - pack0_
          - alias suffix - 0_
          - suffixed key columns - {pack_tok1_0_0_}

[DEBUG] 2018-02-13 18:49:40.162 [main] EntityLoader - Static select for entity com.choinoski.entity.Pack [NONE]: select pack0_.pack_token_nr as pack_tok1_0_0_, pack0_.login as login2_0_0_, pack0_.pack_name as pack_nam3_0_0_, pack0_.password as password4_0_0_ from pack pack0_ where pack0_.pack_token_nr=?
[DEBUG] 2018-02-13 18:49:40.162 [main] QuerySpacesImpl - Adding QuerySpace : uid = <gen:0> -> org.hibernate.loader.plan.build.internal.spaces.EntityQuerySpaceImpl@4c9e9fb8]
[DEBUG] 2018-02-13 18:49:40.162 [main] MetamodelGraphWalker - Visiting attribute path : login
[DEBUG] 2018-02-13 18:49:40.162 [main] MetamodelGraphWalker - Visiting attribute path : packName
[DEBUG] 2018-02-13 18:49:40.162 [main] MetamodelGraphWalker - Visiting attribute path : password
[DEBUG] 2018-02-13 18:49:40.162 [main] FetchStyleLoadPlanBuildingAssociationVisitationStrategy - Building LoadPlan...
[DEBUG] 2018-02-13 18:49:40.162 [main] LoadQueryJoinAndFetchProcessor - processing queryspace <gen:0>
[DEBUG] 2018-02-13 18:49:40.162 [main] LoadPlanTreePrinter - LoadPlan(entity=com.choinoski.entity.Pack)
    - Returns
       - EntityReturnImpl(entity=com.choinoski.entity.Pack, querySpaceUid=<gen:0>, path=com.choinoski.entity.Pack)
    - QuerySpaces
       - EntityQuerySpaceImpl(uid=<gen:0>, entity=com.choinoski.entity.Pack)
          - SQL table alias mapping - pack0_
          - alias suffix - 0_
          - suffixed key columns - {pack_tok1_0_0_}

[DEBUG] 2018-02-13 18:49:40.162 [main] EntityLoader - Static select for entity com.choinoski.entity.Pack [READ]: select pack0_.pack_token_nr as pack_tok1_0_0_, pack0_.login as login2_0_0_, pack0_.pack_name as pack_nam3_0_0_, pack0_.password as password4_0_0_ from pack pack0_ where pack0_.pack_token_nr=?
[DEBUG] 2018-02-13 18:49:40.163 [main] QuerySpacesImpl - Adding QuerySpace : uid = <gen:0> -> org.hibernate.loader.plan.build.internal.spaces.EntityQuerySpaceImpl@40147317]
[DEBUG] 2018-02-13 18:49:40.165 [main] MetamodelGraphWalker - Visiting attribute path : login
[DEBUG] 2018-02-13 18:49:40.165 [main] MetamodelGraphWalker - Visiting attribute path : packName
[DEBUG] 2018-02-13 18:49:40.165 [main] MetamodelGraphWalker - Visiting attribute path : password
[DEBUG] 2018-02-13 18:49:40.165 [main] FetchStyleLoadPlanBuildingAssociationVisitationStrategy - Building LoadPlan...
[DEBUG] 2018-02-13 18:49:40.165 [main] LoadQueryJoinAndFetchProcessor - processing queryspace <gen:0>
[DEBUG] 2018-02-13 18:49:40.165 [main] LoadPlanTreePrinter - LoadPlan(entity=com.choinoski.entity.Pack)
    - Returns
       - EntityReturnImpl(entity=com.choinoski.entity.Pack, querySpaceUid=<gen:0>, path=com.choinoski.entity.Pack)
    - QuerySpaces
       - EntityQuerySpaceImpl(uid=<gen:0>, entity=com.choinoski.entity.Pack)
          - SQL table alias mapping - pack0_
          - alias suffix - 0_
          - suffixed key columns - {pack_tok1_0_0_}

[DEBUG] 2018-02-13 18:49:40.166 [main] EntityLoader - Static select for entity com.choinoski.entity.Pack [UPGRADE]: select pack0_.pack_token_nr as pack_tok1_0_0_, pack0_.login as login2_0_0_, pack0_.pack_name as pack_nam3_0_0_, pack0_.password as password4_0_0_ from pack pack0_ where pack0_.pack_token_nr=? for update
[DEBUG] 2018-02-13 18:49:40.167 [main] QuerySpacesImpl - Adding QuerySpace : uid = <gen:0> -> org.hibernate.loader.plan.build.internal.spaces.EntityQuerySpaceImpl@19542407]
[DEBUG] 2018-02-13 18:49:40.168 [main] MetamodelGraphWalker - Visiting attribute path : login
[DEBUG] 2018-02-13 18:49:40.169 [main] MetamodelGraphWalker - Visiting attribute path : packName
[DEBUG] 2018-02-13 18:49:40.169 [main] MetamodelGraphWalker - Visiting attribute path : password
[DEBUG] 2018-02-13 18:49:40.169 [main] FetchStyleLoadPlanBuildingAssociationVisitationStrategy - Building LoadPlan...
[DEBUG] 2018-02-13 18:49:40.169 [main] LoadQueryJoinAndFetchProcessor - processing queryspace <gen:0>
[DEBUG] 2018-02-13 18:49:40.174 [main] LoadPlanTreePrinter - LoadPlan(entity=com.choinoski.entity.Pack)
    - Returns
       - EntityReturnImpl(entity=com.choinoski.entity.Pack, querySpaceUid=<gen:0>, path=com.choinoski.entity.Pack)
    - QuerySpaces
       - EntityQuerySpaceImpl(uid=<gen:0>, entity=com.choinoski.entity.Pack)
          - SQL table alias mapping - pack0_
          - alias suffix - 0_
          - suffixed key columns - {pack_tok1_0_0_}

[DEBUG] 2018-02-13 18:49:40.174 [main] EntityLoader - Static select for entity com.choinoski.entity.Pack [UPGRADE_NOWAIT]: select pack0_.pack_token_nr as pack_tok1_0_0_, pack0_.login as login2_0_0_, pack0_.pack_name as pack_nam3_0_0_, pack0_.password as password4_0_0_ from pack pack0_ where pack0_.pack_token_nr=? for update
[DEBUG] 2018-02-13 18:49:40.174 [main] QuerySpacesImpl - Adding QuerySpace : uid = <gen:0> -> org.hibernate.loader.plan.build.internal.spaces.EntityQuerySpaceImpl@c7a977f]
[DEBUG] 2018-02-13 18:49:40.175 [main] MetamodelGraphWalker - Visiting attribute path : login
[DEBUG] 2018-02-13 18:49:40.176 [main] MetamodelGraphWalker - Visiting attribute path : packName
[DEBUG] 2018-02-13 18:49:40.176 [main] MetamodelGraphWalker - Visiting attribute path : password
[DEBUG] 2018-02-13 18:49:40.176 [main] FetchStyleLoadPlanBuildingAssociationVisitationStrategy - Building LoadPlan...
[DEBUG] 2018-02-13 18:49:40.176 [main] LoadQueryJoinAndFetchProcessor - processing queryspace <gen:0>
[DEBUG] 2018-02-13 18:49:40.176 [main] LoadPlanTreePrinter - LoadPlan(entity=com.choinoski.entity.Pack)
    - Returns
       - EntityReturnImpl(entity=com.choinoski.entity.Pack, querySpaceUid=<gen:0>, path=com.choinoski.entity.Pack)
    - QuerySpaces
       - EntityQuerySpaceImpl(uid=<gen:0>, entity=com.choinoski.entity.Pack)
          - SQL table alias mapping - pack0_
          - alias suffix - 0_
          - suffixed key columns - {pack_tok1_0_0_}

[DEBUG] 2018-02-13 18:49:40.176 [main] EntityLoader - Static select for entity com.choinoski.entity.Pack [UPGRADE_SKIPLOCKED]: select pack0_.pack_token_nr as pack_tok1_0_0_, pack0_.login as login2_0_0_, pack0_.pack_name as pack_nam3_0_0_, pack0_.password as password4_0_0_ from pack pack0_ where pack0_.pack_token_nr=? for update
[DEBUG] 2018-02-13 18:49:40.176 [main] QuerySpacesImpl - Adding QuerySpace : uid = <gen:0> -> org.hibernate.loader.plan.build.internal.spaces.EntityQuerySpaceImpl@6d868997]
[DEBUG] 2018-02-13 18:49:40.176 [main] MetamodelGraphWalker - Visiting attribute path : login
[DEBUG] 2018-02-13 18:49:40.176 [main] MetamodelGraphWalker - Visiting attribute path : packName
[DEBUG] 2018-02-13 18:49:40.176 [main] MetamodelGraphWalker - Visiting attribute path : password
[DEBUG] 2018-02-13 18:49:40.176 [main] FetchStyleLoadPlanBuildingAssociationVisitationStrategy - Building LoadPlan...
[DEBUG] 2018-02-13 18:49:40.176 [main] LoadQueryJoinAndFetchProcessor - processing queryspace <gen:0>
[DEBUG] 2018-02-13 18:49:40.177 [main] LoadPlanTreePrinter - LoadPlan(entity=com.choinoski.entity.Pack)
    - Returns
       - EntityReturnImpl(entity=com.choinoski.entity.Pack, querySpaceUid=<gen:0>, path=com.choinoski.entity.Pack)
    - QuerySpaces
       - EntityQuerySpaceImpl(uid=<gen:0>, entity=com.choinoski.entity.Pack)
          - SQL table alias mapping - pack0_
          - alias suffix - 0_
          - suffixed key columns - {pack_tok1_0_0_}

[DEBUG] 2018-02-13 18:49:40.177 [main] EntityLoader - Static select for entity com.choinoski.entity.Pack [FORCE]: select pack0_.pack_token_nr as pack_tok1_0_0_, pack0_.login as login2_0_0_, pack0_.pack_name as pack_nam3_0_0_, pack0_.password as password4_0_0_ from pack pack0_ where pack0_.pack_token_nr=? for update
[DEBUG] 2018-02-13 18:49:40.177 [main] QuerySpacesImpl - Adding QuerySpace : uid = <gen:0> -> org.hibernate.loader.plan.build.internal.spaces.EntityQuerySpaceImpl@74a195a4]
[DEBUG] 2018-02-13 18:49:40.177 [main] MetamodelGraphWalker - Visiting attribute path : login
[DEBUG] 2018-02-13 18:49:40.177 [main] MetamodelGraphWalker - Visiting attribute path : packName
[DEBUG] 2018-02-13 18:49:40.177 [main] MetamodelGraphWalker - Visiting attribute path : password
[DEBUG] 2018-02-13 18:49:40.177 [main] FetchStyleLoadPlanBuildingAssociationVisitationStrategy - Building LoadPlan...
[DEBUG] 2018-02-13 18:49:40.177 [main] LoadQueryJoinAndFetchProcessor - processing queryspace <gen:0>
[DEBUG] 2018-02-13 18:49:40.177 [main] LoadPlanTreePrinter - LoadPlan(entity=com.choinoski.entity.Pack)
    - Returns
       - EntityReturnImpl(entity=com.choinoski.entity.Pack, querySpaceUid=<gen:0>, path=com.choinoski.entity.Pack)
    - QuerySpaces
       - EntityQuerySpaceImpl(uid=<gen:0>, entity=com.choinoski.entity.Pack)
          - SQL table alias mapping - pack0_
          - alias suffix - 0_
          - suffixed key columns - {pack_tok1_0_0_}

[DEBUG] 2018-02-13 18:49:40.177 [main] EntityLoader - Static select for entity com.choinoski.entity.Pack [PESSIMISTIC_READ]: select pack0_.pack_token_nr as pack_tok1_0_0_, pack0_.login as login2_0_0_, pack0_.pack_name as pack_nam3_0_0_, pack0_.password as password4_0_0_ from pack pack0_ where pack0_.pack_token_nr=? lock in share mode
[DEBUG] 2018-02-13 18:49:40.177 [main] QuerySpacesImpl - Adding QuerySpace : uid = <gen:0> -> org.hibernate.loader.plan.build.internal.spaces.EntityQuerySpaceImpl@2fa3be26]
[DEBUG] 2018-02-13 18:49:40.177 [main] MetamodelGraphWalker - Visiting attribute path : login
[DEBUG] 2018-02-13 18:49:40.177 [main] MetamodelGraphWalker - Visiting attribute path : packName
[DEBUG] 2018-02-13 18:49:40.177 [main] MetamodelGraphWalker - Visiting attribute path : password
[DEBUG] 2018-02-13 18:49:40.177 [main] FetchStyleLoadPlanBuildingAssociationVisitationStrategy - Building LoadPlan...
[DEBUG] 2018-02-13 18:49:40.177 [main] LoadQueryJoinAndFetchProcessor - processing queryspace <gen:0>
[DEBUG] 2018-02-13 18:49:40.177 [main] LoadPlanTreePrinter - LoadPlan(entity=com.choinoski.entity.Pack)
    - Returns
       - EntityReturnImpl(entity=com.choinoski.entity.Pack, querySpaceUid=<gen:0>, path=com.choinoski.entity.Pack)
    - QuerySpaces
       - EntityQuerySpaceImpl(uid=<gen:0>, entity=com.choinoski.entity.Pack)
          - SQL table alias mapping - pack0_
          - alias suffix - 0_
          - suffixed key columns - {pack_tok1_0_0_}

[DEBUG] 2018-02-13 18:49:40.177 [main] EntityLoader - Static select for entity com.choinoski.entity.Pack [PESSIMISTIC_WRITE]: select pack0_.pack_token_nr as pack_tok1_0_0_, pack0_.login as login2_0_0_, pack0_.pack_name as pack_nam3_0_0_, pack0_.password as password4_0_0_ from pack pack0_ where pack0_.pack_token_nr=? for update
[DEBUG] 2018-02-13 18:49:40.184 [main] QuerySpacesImpl - Adding QuerySpace : uid = <gen:0> -> org.hibernate.loader.plan.build.internal.spaces.EntityQuerySpaceImpl@3af37506]
[DEBUG] 2018-02-13 18:49:40.184 [main] MetamodelGraphWalker - Visiting attribute path : login
[DEBUG] 2018-02-13 18:49:40.184 [main] MetamodelGraphWalker - Visiting attribute path : packName
[DEBUG] 2018-02-13 18:49:40.184 [main] MetamodelGraphWalker - Visiting attribute path : password
[DEBUG] 2018-02-13 18:49:40.184 [main] FetchStyleLoadPlanBuildingAssociationVisitationStrategy - Building LoadPlan...
[DEBUG] 2018-02-13 18:49:40.184 [main] LoadQueryJoinAndFetchProcessor - processing queryspace <gen:0>
[DEBUG] 2018-02-13 18:49:40.185 [main] LoadPlanTreePrinter - LoadPlan(entity=com.choinoski.entity.Pack)
    - Returns
       - EntityReturnImpl(entity=com.choinoski.entity.Pack, querySpaceUid=<gen:0>, path=com.choinoski.entity.Pack)
    - QuerySpaces
       - EntityQuerySpaceImpl(uid=<gen:0>, entity=com.choinoski.entity.Pack)
          - SQL table alias mapping - pack0_
          - alias suffix - 0_
          - suffixed key columns - {pack_tok1_0_0_}

[DEBUG] 2018-02-13 18:49:40.185 [main] EntityLoader - Static select for entity com.choinoski.entity.Pack [PESSIMISTIC_FORCE_INCREMENT]: select pack0_.pack_token_nr as pack_tok1_0_0_, pack0_.login as login2_0_0_, pack0_.pack_name as pack_nam3_0_0_, pack0_.password as password4_0_0_ from pack pack0_ where pack0_.pack_token_nr=? for update
[DEBUG] 2018-02-13 18:49:40.185 [main] QuerySpacesImpl - Adding QuerySpace : uid = <gen:0> -> org.hibernate.loader.plan.build.internal.spaces.EntityQuerySpaceImpl@7c0da600]
[DEBUG] 2018-02-13 18:49:40.185 [main] MetamodelGraphWalker - Visiting attribute path : login
[DEBUG] 2018-02-13 18:49:40.185 [main] MetamodelGraphWalker - Visiting attribute path : packName
[DEBUG] 2018-02-13 18:49:40.185 [main] MetamodelGraphWalker - Visiting attribute path : password
[DEBUG] 2018-02-13 18:49:40.185 [main] FetchStyleLoadPlanBuildingAssociationVisitationStrategy - Building LoadPlan...
[DEBUG] 2018-02-13 18:49:40.185 [main] LoadQueryJoinAndFetchProcessor - processing queryspace <gen:0>
[DEBUG] 2018-02-13 18:49:40.185 [main] LoadPlanTreePrinter - LoadPlan(entity=com.choinoski.entity.Pack)
    - Returns
       - EntityReturnImpl(entity=com.choinoski.entity.Pack, querySpaceUid=<gen:0>, path=com.choinoski.entity.Pack)
    - QuerySpaces
       - EntityQuerySpaceImpl(uid=<gen:0>, entity=com.choinoski.entity.Pack)
          - SQL table alias mapping - pack0_
          - alias suffix - 0_
          - suffixed key columns - {pack_tok1_0_0_}

[DEBUG] 2018-02-13 18:49:40.185 [main] EntityLoader - Static select for entity com.choinoski.entity.Pack [OPTIMISTIC]: select pack0_.pack_token_nr as pack_tok1_0_0_, pack0_.login as login2_0_0_, pack0_.pack_name as pack_nam3_0_0_, pack0_.password as password4_0_0_ from pack pack0_ where pack0_.pack_token_nr=?
[DEBUG] 2018-02-13 18:49:40.185 [main] QuerySpacesImpl - Adding QuerySpace : uid = <gen:0> -> org.hibernate.loader.plan.build.internal.spaces.EntityQuerySpaceImpl@21ae6e73]
[DEBUG] 2018-02-13 18:49:40.186 [main] MetamodelGraphWalker - Visiting attribute path : login
[DEBUG] 2018-02-13 18:49:40.186 [main] MetamodelGraphWalker - Visiting attribute path : packName
[DEBUG] 2018-02-13 18:49:40.186 [main] MetamodelGraphWalker - Visiting attribute path : password
[DEBUG] 2018-02-13 18:49:40.186 [main] FetchStyleLoadPlanBuildingAssociationVisitationStrategy - Building LoadPlan...
[DEBUG] 2018-02-13 18:49:40.186 [main] LoadQueryJoinAndFetchProcessor - processing queryspace <gen:0>
[DEBUG] 2018-02-13 18:49:40.186 [main] LoadPlanTreePrinter - LoadPlan(entity=com.choinoski.entity.Pack)
    - Returns
       - EntityReturnImpl(entity=com.choinoski.entity.Pack, querySpaceUid=<gen:0>, path=com.choinoski.entity.Pack)
    - QuerySpaces
       - EntityQuerySpaceImpl(uid=<gen:0>, entity=com.choinoski.entity.Pack)
          - SQL table alias mapping - pack0_
          - alias suffix - 0_
          - suffixed key columns - {pack_tok1_0_0_}

[DEBUG] 2018-02-13 18:49:40.186 [main] EntityLoader - Static select for entity com.choinoski.entity.Pack [OPTIMISTIC_FORCE_INCREMENT]: select pack0_.pack_token_nr as pack_tok1_0_0_, pack0_.login as login2_0_0_, pack0_.pack_name as pack_nam3_0_0_, pack0_.password as password4_0_0_ from pack pack0_ where pack0_.pack_token_nr=?
[DEBUG] 2018-02-13 18:49:40.205 [main] Loader - Static select for action ACTION_MERGE on entity com.choinoski.entity.Pack: select pack0_.pack_token_nr as pack_tok1_0_0_, pack0_.login as login2_0_0_, pack0_.pack_name as pack_nam3_0_0_, pack0_.password as password4_0_0_ from pack pack0_ where pack0_.pack_token_nr=?
[DEBUG] 2018-02-13 18:49:40.205 [main] Loader - Static select for action ACTION_REFRESH on entity com.choinoski.entity.Pack: select pack0_.pack_token_nr as pack_tok1_0_0_, pack0_.login as login2_0_0_, pack0_.pack_name as pack_nam3_0_0_, pack0_.password as password4_0_0_ from pack pack0_ where pack0_.pack_token_nr=?
[DEBUG] 2018-02-13 18:49:40.227 [main] SchemaManagementToolCoordinator - No actions specified; doing nothing
[DEBUG] 2018-02-13 18:49:40.228 [main] JtaPlatformInitiator - No JtaPlatform was specified, checking resolver
[DEBUG] 2018-02-13 18:49:40.228 [main] JtaPlatformResolverInitiator - No JtaPlatformResolver was specified, using default [org.hibernate.engine.transaction.jta.platform.internal.StandardJtaPlatformResolver]
[DEBUG] 2018-02-13 18:49:40.230 [main] StandardJtaPlatformResolver - Could not resolve JtaPlatform, using default [org.hibernate.engine.transaction.jta.platform.internal.NoJtaPlatform]
[DEBUG] 2018-02-13 18:49:40.231 [main] NamedQueryRepository - Checking 0 named HQL queries
[DEBUG] 2018-02-13 18:49:40.231 [main] NamedQueryRepository - Checking 0 named SQL queries
[DEBUG] 2018-02-13 18:49:40.232 [main] SessionFactoryRegistry - Initializing SessionFactoryRegistry : org.hibernate.internal.SessionFactoryRegistry@7e0b9178
[DEBUG] 2018-02-13 18:49:40.233 [main] SessionFactoryRegistry - Registering SessionFactory: 2b6f56e4-7742-4667-85d2-3996d791f08c (<unnamed>)
[DEBUG] 2018-02-13 18:49:40.233 [main] SessionFactoryRegistry - Not binding SessionFactory to JNDI, no JNDI name configured
[DEBUG] 2018-02-13 18:49:40.309 [main] StatisticsInitiator - Statistics initialized [enabled=false]
[DEBUG] 2018-02-13 18:49:40.335 [main] CriteriaQueryImpl - Rendered criteria query -> select generatedAlias0 from Pack as generatedAlias0 where generatedAlias0.packName=:param0
[DEBUG] 2018-02-13 18:49:40.353 [main] QueryTranslatorFactoryInitiator - QueryTranslatorFactory : org.hibernate.hql.internal.ast.ASTQueryTranslatorFactory@1e6308a9
[INFO ] 2018-02-13 18:49:40.353 [main] QueryTranslatorFactoryInitiator - HHH000397: Using ASTQueryTranslatorFactory
[DEBUG] 2018-02-13 18:49:40.390 [main] QueryTranslatorImpl - parse() - HQL: select generatedAlias0 from com.choinoski.entity.Pack as generatedAlias0 where generatedAlias0.packName=:param0
[DEBUG] 2018-02-13 18:49:40.403 [main] ErrorCounter - throwQueryException() : no errors
[DEBUG] 2018-02-13 18:49:40.406 [main] QueryTranslatorImpl - --- HQL AST ---
 \-[QUERY] Node: 'query'
    +-[SELECT_FROM] Node: 'SELECT_FROM'
    |  +-[FROM] Node: 'from'
    |  |  \-[RANGE] Node: 'RANGE'
    |  |     +-[DOT] Node: '.'
    |  |     |  +-[DOT] Node: '.'
    |  |     |  |  +-[DOT] Node: '.'
    |  |     |  |  |  +-[IDENT] Node: 'com'
    |  |     |  |  |  \-[IDENT] Node: 'choinoski'
    |  |     |  |  \-[IDENT] Node: 'entity'
    |  |     |  \-[IDENT] Node: 'Pack'
    |  |     \-[ALIAS] Node: 'generatedAlias0'
    |  \-[SELECT] Node: 'select'
    |     \-[IDENT] Node: 'generatedAlias0'
    \-[WHERE] Node: 'where'
       \-[EQ] Node: '='
          +-[DOT] Node: '.'
          |  +-[IDENT] Node: 'generatedAlias0'
          |  \-[IDENT] Node: 'packName'
          \-[COLON] Node: ':'
             \-[IDENT] Node: 'param0'

[DEBUG] 2018-02-13 18:49:40.452 [main] HqlSqlBaseWalker - select << begin [level=1, statement=select]
[DEBUG] 2018-02-13 18:49:40.480 [main] FromElement - FromClause{level=1} : com.choinoski.entity.Pack (generatedAlias0) -> pack0_
[DEBUG] 2018-02-13 18:49:40.487 [main] FromReferenceNode - Resolved : generatedAlias0 -> pack0_.pack_token_nr
[DEBUG] 2018-02-13 18:49:40.489 [main] FromReferenceNode - Resolved : generatedAlias0 -> pack0_.pack_token_nr
[DEBUG] 2018-02-13 18:49:40.490 [main] DotNode - getDataType() : packName -> org.hibernate.type.StringType@589da3f3
[DEBUG] 2018-02-13 18:49:40.493 [main] FromReferenceNode - Resolved : generatedAlias0.packName -> pack0_.pack_name
[DEBUG] 2018-02-13 18:49:40.495 [main] HqlSqlBaseWalker - select : finishing up [level=1, statement=select]
[DEBUG] 2018-02-13 18:49:40.495 [main] HqlSqlWalker - processQuery() :  ( SELECT ( {select clause} pack0_.pack_token_nr ) ( FromClause{level=1} pack pack0_ ) ( where ( = ( pack0_.pack_name pack0_.pack_token_nr packName ) ? ) ) )
[DEBUG] 2018-02-13 18:49:40.506 [main] JoinProcessor - Using FROM fragment [pack pack0_]
[DEBUG] 2018-02-13 18:49:40.506 [main] HqlSqlBaseWalker - select >> end [level=1, statement=select]
[DEBUG] 2018-02-13 18:49:40.507 [main] QueryTranslatorImpl - --- SQL AST ---
 \-[SELECT] QueryNode: 'SELECT'  querySpaces (pack)
    +-[SELECT_CLAUSE] SelectClause: '{select clause}'
    |  +-[ALIAS_REF] IdentNode: 'pack0_.pack_token_nr as pack_tok1_0_' {alias=generatedAlias0, className=com.choinoski.entity.Pack, tableAlias=pack0_}
    |  \-[SQL_TOKEN] SqlFragment: 'pack0_.login as login2_0_, pack0_.pack_name as pack_nam3_0_, pack0_.password as password4_0_'
    +-[FROM] FromClause: 'from' FromClause{level=1, fromElementCounter=1, fromElements=1, fromElementByClassAlias=[generatedAlias0], fromElementByTableAlias=[pack0_], fromElementsByPath=[], collectionJoinFromElementsByPath=[], impliedElements=[]}
    |  \-[FROM_FRAGMENT] FromElement: 'pack pack0_' FromElement{explicit,not a collection join,not a fetch join,fetch non-lazy properties,classAlias=generatedAlias0,role=null,tableName=pack,tableAlias=pack0_,origin=null,columns={,className=com.choinoski.entity.Pack}}
    \-[WHERE] SqlNode: 'where'
       \-[EQ] BinaryLogicOperatorNode: '='
          +-[DOT] DotNode: 'pack0_.pack_name' {propertyName=packName,dereferenceType=PRIMITIVE,getPropertyPath=packName,path=generatedAlias0.packName,tableAlias=pack0_,className=com.choinoski.entity.Pack,classAlias=generatedAlias0}
          |  +-[ALIAS_REF] IdentNode: 'pack0_.pack_token_nr' {alias=generatedAlias0, className=com.choinoski.entity.Pack, tableAlias=pack0_}
          |  \-[IDENT] IdentNode: 'packName' {originalText=packName}
          \-[NAMED_PARAM] ParameterNode: '?' {name=param0, expectedType=org.hibernate.type.StringType@589da3f3}

[DEBUG] 2018-02-13 18:49:40.507 [main] ErrorCounter - throwQueryException() : no errors
[DEBUG] 2018-02-13 18:49:40.522 [main] QueryTranslatorImpl - HQL: select generatedAlias0 from com.choinoski.entity.Pack as generatedAlias0 where generatedAlias0.packName=:param0
[DEBUG] 2018-02-13 18:49:40.522 [main] QueryTranslatorImpl - SQL: select pack0_.pack_token_nr as pack_tok1_0_, pack0_.login as login2_0_, pack0_.pack_name as pack_nam3_0_, pack0_.password as password4_0_ from pack pack0_ where pack0_.pack_name=?
[DEBUG] 2018-02-13 18:49:40.522 [main] ErrorCounter - throwQueryException() : no errors
[DEBUG] 2018-02-13 18:49:40.567 [main] SQL - select pack0_.pack_token_nr as pack_tok1_0_, pack0_.login as login2_0_, pack0_.pack_name as pack_nam3_0_, pack0_.password as password4_0_ from pack pack0_ where pack0_.pack_name=?
[DEBUG] 2018-02-13 18:49:40.595 [main] Loader - Result set row: 0
[DEBUG] 2018-02-13 18:49:40.600 [main] Loader - Result row: EntityKey[com.choinoski.entity.Pack#4]
[DEBUG] 2018-02-13 18:49:40.605 [main] TwoPhaseLoad - Resolving associations for [com.choinoski.entity.Pack#4]
[DEBUG] 2018-02-13 18:49:40.612 [main] TwoPhaseLoad - Done materializing entity [com.choinoski.entity.Pack#4]
[DEBUG] 2018-02-13 18:49:40.616 [main] LogicalConnectionManagedImpl - Initiating JDBC connection release from afterTransaction
[DEBUG] 2018-02-13 18:49:40.664 [main] SQL - select pack0_.pack_token_nr as pack_tok1_0_0_, pack0_.login as login2_0_0_, pack0_.pack_name as pack_nam3_0_0_, pack0_.password as password4_0_0_ from pack pack0_ where pack0_.pack_token_nr=?
[DEBUG] 2018-02-13 18:49:40.667 [main] ResultSetProcessorImpl - Starting ResultSet row #0
[DEBUG] 2018-02-13 18:49:40.667 [main] EntityReferenceInitializerImpl - On call to EntityIdentifierReaderImpl#resolve, EntityKey was already known; should only happen on root returns with an optional identifier specified
[DEBUG] 2018-02-13 18:49:40.672 [main] TwoPhaseLoad - Resolving associations for [com.choinoski.entity.Pack#3]
[DEBUG] 2018-02-13 18:49:40.672 [main] TwoPhaseLoad - Done materializing entity [com.choinoski.entity.Pack#3]
[DEBUG] 2018-02-13 18:49:40.675 [main] ResourceRegistryStandardImpl - HHH000387: ResultSet's statement was not registered
[DEBUG] 2018-02-13 18:49:40.675 [main] AbstractLoadPlanBasedEntityLoader - Done entity load : com.choinoski.entity.Pack#3
[DEBUG] 2018-02-13 18:49:40.675 [main] LogicalConnectionManagedImpl - Initiating JDBC connection release from afterTransaction
[DEBUG] 2018-02-13 18:49:40.705 [main] SQL - select pack0_.pack_token_nr as pack_tok1_0_0_, pack0_.login as login2_0_0_, pack0_.pack_name as pack_nam3_0_0_, pack0_.password as password4_0_0_ from pack pack0_ where pack0_.pack_token_nr=?
[DEBUG] 2018-02-13 18:49:40.706 [main] ResultSetProcessorImpl - Starting ResultSet row #0
[DEBUG] 2018-02-13 18:49:40.706 [main] EntityReferenceInitializerImpl - On call to EntityIdentifierReaderImpl#resolve, EntityKey was already known; should only happen on root returns with an optional identifier specified
[DEBUG] 2018-02-13 18:49:40.706 [main] TwoPhaseLoad - Resolving associations for [com.choinoski.entity.Pack#2]
[DEBUG] 2018-02-13 18:49:40.707 [main] TwoPhaseLoad - Done materializing entity [com.choinoski.entity.Pack#2]
[DEBUG] 2018-02-13 18:49:40.707 [main] ResourceRegistryStandardImpl - HHH000387: ResultSet's statement was not registered
[DEBUG] 2018-02-13 18:49:40.707 [main] AbstractLoadPlanBasedEntityLoader - Done entity load : com.choinoski.entity.Pack#2
[DEBUG] 2018-02-13 18:49:40.707 [main] LogicalConnectionManagedImpl - Initiating JDBC connection release from afterTransaction
[DEBUG] 2018-02-13 18:49:40.709 [main] TransactionImpl - begin
[DEBUG] 2018-02-13 18:49:40.723 [main] TransactionImpl - committing
[DEBUG] 2018-02-13 18:49:40.724 [main] AbstractFlushingEventListener - Processing flush-time cascades
[DEBUG] 2018-02-13 18:49:40.724 [main] AbstractFlushingEventListener - Dirty checking collections
[DEBUG] 2018-02-13 18:49:40.726 [main] AbstractFlushingEventListener - Flushed: 0 insertions, 0 updates, 1 deletions to 1 objects
[DEBUG] 2018-02-13 18:49:40.727 [main] AbstractFlushingEventListener - Flushed: 0 (re)creations, 0 updates, 0 removals to 0 collections
[DEBUG] 2018-02-13 18:49:40.727 [main] EntityPrinter - Listing entities:
[DEBUG] 2018-02-13 18:49:40.727 [main] EntityPrinter - com.choinoski.entity.Pack{password=RedBike21, packTokenNumber=2, login=awesomepack21, packName=Awesome Pack!}
[DEBUG] 2018-02-13 18:49:40.751 [main] SQL - delete from pack where pack_token_nr=?
[DEBUG] 2018-02-13 18:49:40.760 [main] LogicalConnectionManagedImpl - Initiating JDBC connection release from afterTransaction
[DEBUG] 2018-02-13 18:49:40.762 [main] LogicalConnectionManagedImpl - Initiating JDBC connection release from afterTransaction
[DEBUG] 2018-02-13 18:49:40.762 [main] JdbcCoordinatorImpl - HHH000420: Closing un-released batch
[DEBUG] 2018-02-13 18:49:40.764 [main] SQL - select pack0_.pack_token_nr as pack_tok1_0_0_, pack0_.login as login2_0_0_, pack0_.pack_name as pack_nam3_0_0_, pack0_.password as password4_0_0_ from pack pack0_ where pack0_.pack_token_nr=?
[DEBUG] 2018-02-13 18:49:40.765 [main] ResourceRegistryStandardImpl - HHH000387: ResultSet's statement was not registered
[DEBUG] 2018-02-13 18:49:40.765 [main] AbstractLoadPlanBasedEntityLoader - Done entity load : com.choinoski.entity.Pack#2
[DEBUG] 2018-02-13 18:49:40.765 [main] LogicalConnectionManagedImpl - Initiating JDBC connection release from afterTransaction
[DEBUG] 2018-02-13 18:49:40.790 [main] CriteriaQueryImpl - Rendered criteria query -> select generatedAlias0 from Pack as generatedAlias0
[DEBUG] 2018-02-13 18:49:40.790 [main] QueryTranslatorImpl - parse() - HQL: select generatedAlias0 from com.choinoski.entity.Pack as generatedAlias0
[DEBUG] 2018-02-13 18:49:40.791 [main] ErrorCounter - throwQueryException() : no errors
[DEBUG] 2018-02-13 18:49:40.792 [main] QueryTranslatorImpl - --- HQL AST ---
 \-[QUERY] Node: 'query'
    \-[SELECT_FROM] Node: 'SELECT_FROM'
       +-[FROM] Node: 'from'
       |  \-[RANGE] Node: 'RANGE'
       |     +-[DOT] Node: '.'
       |     |  +-[DOT] Node: '.'
       |     |  |  +-[DOT] Node: '.'
       |     |  |  |  +-[IDENT] Node: 'com'
       |     |  |  |  \-[IDENT] Node: 'choinoski'
       |     |  |  \-[IDENT] Node: 'entity'
       |     |  \-[IDENT] Node: 'Pack'
       |     \-[ALIAS] Node: 'generatedAlias0'
       \-[SELECT] Node: 'select'
          \-[IDENT] Node: 'generatedAlias0'

[DEBUG] 2018-02-13 18:49:40.792 [main] HqlSqlBaseWalker - select << begin [level=1, statement=select]
[DEBUG] 2018-02-13 18:49:40.792 [main] FromElement - FromClause{level=1} : com.choinoski.entity.Pack (generatedAlias0) -> pack0_
[DEBUG] 2018-02-13 18:49:40.792 [main] FromReferenceNode - Resolved : generatedAlias0 -> pack0_.pack_token_nr
[DEBUG] 2018-02-13 18:49:40.792 [main] HqlSqlBaseWalker - select : finishing up [level=1, statement=select]
[DEBUG] 2018-02-13 18:49:40.792 [main] HqlSqlWalker - processQuery() :  ( SELECT ( {select clause} pack0_.pack_token_nr ) ( FromClause{level=1} pack pack0_ ) )
[DEBUG] 2018-02-13 18:49:40.792 [main] JoinProcessor - Using FROM fragment [pack pack0_]
[DEBUG] 2018-02-13 18:49:40.792 [main] HqlSqlBaseWalker - select >> end [level=1, statement=select]
[DEBUG] 2018-02-13 18:49:40.793 [main] QueryTranslatorImpl - --- SQL AST ---
 \-[SELECT] QueryNode: 'SELECT'  querySpaces (pack)
    +-[SELECT_CLAUSE] SelectClause: '{select clause}'
    |  +-[ALIAS_REF] IdentNode: 'pack0_.pack_token_nr as pack_tok1_0_' {alias=generatedAlias0, className=com.choinoski.entity.Pack, tableAlias=pack0_}
    |  \-[SQL_TOKEN] SqlFragment: 'pack0_.login as login2_0_, pack0_.pack_name as pack_nam3_0_, pack0_.password as password4_0_'
    \-[FROM] FromClause: 'from' FromClause{level=1, fromElementCounter=1, fromElements=1, fromElementByClassAlias=[generatedAlias0], fromElementByTableAlias=[pack0_], fromElementsByPath=[], collectionJoinFromElementsByPath=[], impliedElements=[]}
       \-[FROM_FRAGMENT] FromElement: 'pack pack0_' FromElement{explicit,not a collection join,not a fetch join,fetch non-lazy properties,classAlias=generatedAlias0,role=null,tableName=pack,tableAlias=pack0_,origin=null,columns={,className=com.choinoski.entity.Pack}}

[DEBUG] 2018-02-13 18:49:40.793 [main] ErrorCounter - throwQueryException() : no errors
[DEBUG] 2018-02-13 18:49:40.793 [main] QueryTranslatorImpl - HQL: select generatedAlias0 from com.choinoski.entity.Pack as generatedAlias0
[DEBUG] 2018-02-13 18:49:40.793 [main] QueryTranslatorImpl - SQL: select pack0_.pack_token_nr as pack_tok1_0_, pack0_.login as login2_0_, pack0_.pack_name as pack_nam3_0_, pack0_.password as password4_0_ from pack pack0_
[DEBUG] 2018-02-13 18:49:40.793 [main] ErrorCounter - throwQueryException() : no errors
[DEBUG] 2018-02-13 18:49:40.793 [main] SQL - select pack0_.pack_token_nr as pack_tok1_0_, pack0_.login as login2_0_, pack0_.pack_name as pack_nam3_0_, pack0_.password as password4_0_ from pack pack0_
[DEBUG] 2018-02-13 18:49:40.794 [main] Loader - Result set row: 0
[DEBUG] 2018-02-13 18:49:40.797 [main] Loader - Result row: EntityKey[com.choinoski.entity.Pack#1]
[DEBUG] 2018-02-13 18:49:40.797 [main] Loader - Result set row: 1
[DEBUG] 2018-02-13 18:49:40.797 [main] Loader - Result row: EntityKey[com.choinoski.entity.Pack#2]
[DEBUG] 2018-02-13 18:49:40.797 [main] Loader - Result set row: 2
[DEBUG] 2018-02-13 18:49:40.797 [main] Loader - Result row: EntityKey[com.choinoski.entity.Pack#3]
[DEBUG] 2018-02-13 18:49:40.798 [main] Loader - Result set row: 3
[DEBUG] 2018-02-13 18:49:40.798 [main] Loader - Result row: EntityKey[com.choinoski.entity.Pack#4]
[DEBUG] 2018-02-13 18:49:40.798 [main] TwoPhaseLoad - Resolving associations for [com.choinoski.entity.Pack#1]
[DEBUG] 2018-02-13 18:49:40.798 [main] TwoPhaseLoad - Done materializing entity [com.choinoski.entity.Pack#1]
[DEBUG] 2018-02-13 18:49:40.798 [main] TwoPhaseLoad - Resolving associations for [com.choinoski.entity.Pack#2]
[DEBUG] 2018-02-13 18:49:40.798 [main] TwoPhaseLoad - Done materializing entity [com.choinoski.entity.Pack#2]
[DEBUG] 2018-02-13 18:49:40.800 [main] TwoPhaseLoad - Resolving associations for [com.choinoski.entity.Pack#3]
[DEBUG] 2018-02-13 18:49:40.800 [main] TwoPhaseLoad - Done materializing entity [com.choinoski.entity.Pack#3]
[DEBUG] 2018-02-13 18:49:40.800 [main] TwoPhaseLoad - Resolving associations for [com.choinoski.entity.Pack#4]
[DEBUG] 2018-02-13 18:49:40.800 [main] TwoPhaseLoad - Done materializing entity [com.choinoski.entity.Pack#4]
[DEBUG] 2018-02-13 18:49:40.800 [main] LogicalConnectionManagedImpl - Initiating JDBC connection release from afterTransaction
[DEBUG] 2018-02-13 18:49:40.822 [main] TransactionImpl - begin
[DEBUG] 2018-02-13 18:49:40.827 [main] ActionQueue - Executing identity-insert immediately
[DEBUG] 2018-02-13 18:49:40.828 [main] SQL - insert into pack (login, pack_name, password) values (?, ?, ?)
[DEBUG] 2018-02-13 18:49:40.832 [main] IdentifierGeneratorHelper - Natively generated identity: 5
[DEBUG] 2018-02-13 18:49:40.832 [main] ResourceRegistryStandardImpl - HHH000387: ResultSet's statement was not registered
[DEBUG] 2018-02-13 18:49:40.832 [main] TransactionImpl - committing
[DEBUG] 2018-02-13 18:49:40.832 [main] AbstractFlushingEventListener - Processing flush-time cascades
[DEBUG] 2018-02-13 18:49:40.832 [main] AbstractFlushingEventListener - Dirty checking collections
[DEBUG] 2018-02-13 18:49:40.832 [main] AbstractFlushingEventListener - Flushed: 0 insertions, 0 updates, 0 deletions to 1 objects
[DEBUG] 2018-02-13 18:49:40.832 [main] AbstractFlushingEventListener - Flushed: 0 (re)creations, 0 updates, 0 removals to 0 collections
[DEBUG] 2018-02-13 18:49:40.832 [main] EntityPrinter - Listing entities:
[DEBUG] 2018-02-13 18:49:40.833 [main] EntityPrinter - com.choinoski.entity.Pack{password=trickypassword!, packTokenNumber=5, login=pack12321, packName=Newest Pack}
[DEBUG] 2018-02-13 18:49:40.836 [main] LogicalConnectionManagedImpl - Initiating JDBC connection release from afterTransaction
[DEBUG] 2018-02-13 18:49:40.836 [main] LogicalConnectionManagedImpl - Initiating JDBC connection release from afterTransaction
[DEBUG] 2018-02-13 18:49:40.843 [main] SQL - select pack0_.pack_token_nr as pack_tok1_0_0_, pack0_.login as login2_0_0_, pack0_.pack_name as pack_nam3_0_0_, pack0_.password as password4_0_0_ from pack pack0_ where pack0_.pack_token_nr=?
[DEBUG] 2018-02-13 18:49:40.847 [main] ResultSetProcessorImpl - Starting ResultSet row #0
[DEBUG] 2018-02-13 18:49:40.847 [main] EntityReferenceInitializerImpl - On call to EntityIdentifierReaderImpl#resolve, EntityKey was already known; should only happen on root returns with an optional identifier specified
[DEBUG] 2018-02-13 18:49:40.847 [main] TwoPhaseLoad - Resolving associations for [com.choinoski.entity.Pack#5]
[DEBUG] 2018-02-13 18:49:40.847 [main] TwoPhaseLoad - Done materializing entity [com.choinoski.entity.Pack#5]
[DEBUG] 2018-02-13 18:49:40.847 [main] ResourceRegistryStandardImpl - HHH000387: ResultSet's statement was not registered
[DEBUG] 2018-02-13 18:49:40.847 [main] AbstractLoadPlanBasedEntityLoader - Done entity load : com.choinoski.entity.Pack#5
[DEBUG] 2018-02-13 18:49:40.847 [main] LogicalConnectionManagedImpl - Initiating JDBC connection release from afterTransaction
[DEBUG] 2018-02-13 18:49:40.882 [main] SQL - select pack0_.pack_token_nr as pack_tok1_0_0_, pack0_.login as login2_0_0_, pack0_.pack_name as pack_nam3_0_0_, pack0_.password as password4_0_0_ from pack pack0_ where pack0_.pack_token_nr=?
[DEBUG] 2018-02-13 18:49:40.883 [main] ResultSetProcessorImpl - Starting ResultSet row #0
[DEBUG] 2018-02-13 18:49:40.883 [main] EntityReferenceInitializerImpl - On call to EntityIdentifierReaderImpl#resolve, EntityKey was already known; should only happen on root returns with an optional identifier specified
[DEBUG] 2018-02-13 18:49:40.883 [main] TwoPhaseLoad - Resolving associations for [com.choinoski.entity.Pack#1]
[DEBUG] 2018-02-13 18:49:40.883 [main] TwoPhaseLoad - Done materializing entity [com.choinoski.entity.Pack#1]
[DEBUG] 2018-02-13 18:49:40.884 [main] ResourceRegistryStandardImpl - HHH000387: ResultSet's statement was not registered
[DEBUG] 2018-02-13 18:49:40.887 [main] AbstractLoadPlanBasedEntityLoader - Done entity load : com.choinoski.entity.Pack#1
[DEBUG] 2018-02-13 18:49:40.887 [main] LogicalConnectionManagedImpl - Initiating JDBC connection release from afterTransaction
[DEBUG] 2018-02-13 18:49:40.889 [main] TransactionImpl - begin
[DEBUG] 2018-02-13 18:49:40.890 [main] TransactionImpl - committing
[DEBUG] 2018-02-13 18:49:40.890 [main] AbstractFlushingEventListener - Processing flush-time cascades
[DEBUG] 2018-02-13 18:49:40.890 [main] AbstractFlushingEventListener - Dirty checking collections
[DEBUG] 2018-02-13 18:49:40.894 [main] AbstractFlushingEventListener - Flushed: 0 insertions, 1 updates, 0 deletions to 1 objects
[DEBUG] 2018-02-13 18:49:40.894 [main] AbstractFlushingEventListener - Flushed: 0 (re)creations, 0 updates, 0 removals to 0 collections
[DEBUG] 2018-02-13 18:49:40.894 [main] EntityPrinter - Listing entities:
[DEBUG] 2018-02-13 18:49:40.894 [main] EntityPrinter - com.choinoski.entity.Pack{password=littlefish2, packTokenNumber=1, login=choinoski, packName=The Best Pack Ever}
[DEBUG] 2018-02-13 18:49:40.895 [main] SQL - update pack set login=?, pack_name=?, password=? where pack_token_nr=?
[DEBUG] 2018-02-13 18:49:40.900 [main] LogicalConnectionManagedImpl - Initiating JDBC connection release from afterTransaction
[DEBUG] 2018-02-13 18:49:40.900 [main] LogicalConnectionManagedImpl - Initiating JDBC connection release from afterTransaction
[DEBUG] 2018-02-13 18:49:40.900 [main] JdbcCoordinatorImpl - HHH000420: Closing un-released batch
[DEBUG] 2018-02-13 18:49:40.900 [main] SQL - select pack0_.pack_token_nr as pack_tok1_0_0_, pack0_.login as login2_0_0_, pack0_.pack_name as pack_nam3_0_0_, pack0_.password as password4_0_0_ from pack pack0_ where pack0_.pack_token_nr=?
[DEBUG] 2018-02-13 18:49:40.901 [main] ResultSetProcessorImpl - Starting ResultSet row #0
[DEBUG] 2018-02-13 18:49:40.901 [main] EntityReferenceInitializerImpl - On call to EntityIdentifierReaderImpl#resolve, EntityKey was already known; should only happen on root returns with an optional identifier specified
[DEBUG] 2018-02-13 18:49:40.904 [main] TwoPhaseLoad - Resolving associations for [com.choinoski.entity.Pack#1]
[DEBUG] 2018-02-13 18:49:40.904 [main] TwoPhaseLoad - Done materializing entity [com.choinoski.entity.Pack#1]
[DEBUG] 2018-02-13 18:49:40.904 [main] ResourceRegistryStandardImpl - HHH000387: ResultSet's statement was not registered
[DEBUG] 2018-02-13 18:49:40.904 [main] AbstractLoadPlanBasedEntityLoader - Done entity load : com.choinoski.entity.Pack#1
[DEBUG] 2018-02-13 18:49:40.904 [main] LogicalConnectionManagedImpl - Initiating JDBC connection release from afterTransaction
[DEBUG] 2018-02-13 18:49:40.940 [main] CriteriaQueryImpl - Rendered criteria query -> select generatedAlias0 from Pack as generatedAlias0 where generatedAlias0.packName like :param0
[DEBUG] 2018-02-13 18:49:40.944 [main] QueryTranslatorImpl - parse() - HQL: select generatedAlias0 from com.choinoski.entity.Pack as generatedAlias0 where generatedAlias0.packName like :param0
[DEBUG] 2018-02-13 18:49:40.947 [main] ErrorCounter - throwQueryException() : no errors
[DEBUG] 2018-02-13 18:49:40.948 [main] QueryTranslatorImpl - --- HQL AST ---
 \-[QUERY] Node: 'query'
    +-[SELECT_FROM] Node: 'SELECT_FROM'
    |  +-[FROM] Node: 'from'
    |  |  \-[RANGE] Node: 'RANGE'
    |  |     +-[DOT] Node: '.'
    |  |     |  +-[DOT] Node: '.'
    |  |     |  |  +-[DOT] Node: '.'
    |  |     |  |  |  +-[IDENT] Node: 'com'
    |  |     |  |  |  \-[IDENT] Node: 'choinoski'
    |  |     |  |  \-[IDENT] Node: 'entity'
    |  |     |  \-[IDENT] Node: 'Pack'
    |  |     \-[ALIAS] Node: 'generatedAlias0'
    |  \-[SELECT] Node: 'select'
    |     \-[IDENT] Node: 'generatedAlias0'
    \-[WHERE] Node: 'where'
       \-[LIKE] Node: 'like'
          +-[DOT] Node: '.'
          |  +-[IDENT] Node: 'generatedAlias0'
          |  \-[IDENT] Node: 'packName'
          \-[COLON] Node: ':'
             \-[IDENT] Node: 'param0'

[DEBUG] 2018-02-13 18:49:40.948 [main] HqlSqlBaseWalker - select << begin [level=1, statement=select]
[DEBUG] 2018-02-13 18:49:40.948 [main] FromElement - FromClause{level=1} : com.choinoski.entity.Pack (generatedAlias0) -> pack0_
[DEBUG] 2018-02-13 18:49:40.948 [main] FromReferenceNode - Resolved : generatedAlias0 -> pack0_.pack_token_nr
[DEBUG] 2018-02-13 18:49:40.950 [main] FromReferenceNode - Resolved : generatedAlias0 -> pack0_.pack_token_nr
[DEBUG] 2018-02-13 18:49:40.950 [main] DotNode - getDataType() : packName -> org.hibernate.type.StringType@589da3f3
[DEBUG] 2018-02-13 18:49:40.950 [main] FromReferenceNode - Resolved : generatedAlias0.packName -> pack0_.pack_name
[DEBUG] 2018-02-13 18:49:40.953 [main] HqlSqlBaseWalker - select : finishing up [level=1, statement=select]
[DEBUG] 2018-02-13 18:49:40.953 [main] HqlSqlWalker - processQuery() :  ( SELECT ( {select clause} pack0_.pack_token_nr ) ( FromClause{level=1} pack pack0_ ) ( where ( like ( pack0_.pack_name pack0_.pack_token_nr packName ) ? ) ) )
[DEBUG] 2018-02-13 18:49:40.953 [main] JoinProcessor - Using FROM fragment [pack pack0_]
[DEBUG] 2018-02-13 18:49:40.953 [main] HqlSqlBaseWalker - select >> end [level=1, statement=select]
[DEBUG] 2018-02-13 18:49:40.954 [main] QueryTranslatorImpl - --- SQL AST ---
 \-[SELECT] QueryNode: 'SELECT'  querySpaces (pack)
    +-[SELECT_CLAUSE] SelectClause: '{select clause}'
    |  +-[ALIAS_REF] IdentNode: 'pack0_.pack_token_nr as pack_tok1_0_' {alias=generatedAlias0, className=com.choinoski.entity.Pack, tableAlias=pack0_}
    |  \-[SQL_TOKEN] SqlFragment: 'pack0_.login as login2_0_, pack0_.pack_name as pack_nam3_0_, pack0_.password as password4_0_'
    +-[FROM] FromClause: 'from' FromClause{level=1, fromElementCounter=1, fromElements=1, fromElementByClassAlias=[generatedAlias0], fromElementByTableAlias=[pack0_], fromElementsByPath=[], collectionJoinFromElementsByPath=[], impliedElements=[]}
    |  \-[FROM_FRAGMENT] FromElement: 'pack pack0_' FromElement{explicit,not a collection join,not a fetch join,fetch non-lazy properties,classAlias=generatedAlias0,role=null,tableName=pack,tableAlias=pack0_,origin=null,columns={,className=com.choinoski.entity.Pack}}
    \-[WHERE] SqlNode: 'where'
       \-[LIKE] BinaryLogicOperatorNode: 'like'
          +-[DOT] DotNode: 'pack0_.pack_name' {propertyName=packName,dereferenceType=PRIMITIVE,getPropertyPath=packName,path=generatedAlias0.packName,tableAlias=pack0_,className=com.choinoski.entity.Pack,classAlias=generatedAlias0}
          |  +-[ALIAS_REF] IdentNode: 'pack0_.pack_token_nr' {alias=generatedAlias0, className=com.choinoski.entity.Pack, tableAlias=pack0_}
          |  \-[IDENT] IdentNode: 'packName' {originalText=packName}
          \-[NAMED_PARAM] ParameterNode: '?' {name=param0, expectedType=org.hibernate.type.StringType@589da3f3}

[DEBUG] 2018-02-13 18:49:40.954 [main] ErrorCounter - throwQueryException() : no errors
[DEBUG] 2018-02-13 18:49:40.954 [main] QueryTranslatorImpl - HQL: select generatedAlias0 from com.choinoski.entity.Pack as generatedAlias0 where generatedAlias0.packName like :param0
[DEBUG] 2018-02-13 18:49:40.954 [main] QueryTranslatorImpl - SQL: select pack0_.pack_token_nr as pack_tok1_0_, pack0_.login as login2_0_, pack0_.pack_name as pack_nam3_0_, pack0_.password as password4_0_ from pack pack0_ where pack0_.pack_name like ?
[DEBUG] 2018-02-13 18:49:40.954 [main] ErrorCounter - throwQueryException() : no errors
[DEBUG] 2018-02-13 18:49:40.955 [main] SQL - select pack0_.pack_token_nr as pack_tok1_0_, pack0_.login as login2_0_, pack0_.pack_name as pack_nam3_0_, pack0_.password as password4_0_ from pack pack0_ where pack0_.pack_name like ?
[DEBUG] 2018-02-13 18:49:40.956 [main] Loader - Result set row: 0
[DEBUG] 2018-02-13 18:49:40.956 [main] Loader - Result row: EntityKey[com.choinoski.entity.Pack#3]
[DEBUG] 2018-02-13 18:49:40.957 [main] TwoPhaseLoad - Resolving associations for [com.choinoski.entity.Pack#3]
[DEBUG] 2018-02-13 18:49:40.957 [main] TwoPhaseLoad - Done materializing entity [com.choinoski.entity.Pack#3]
[DEBUG] 2018-02-13 18:49:40.961 [main] LogicalConnectionManagedImpl - Initiating JDBC connection release from afterTransaction
