[DEBUG] 2018-04-21 13:03:36.880 [http-nio-8080-exec-2] GenericDao - Searching for user with packName = user
[DEBUG] 2018-04-21 13:03:49.300 [http-nio-8080-exec-8] GenericDao - Inserting into com.choinoski.entity.PackMember
[DEBUG] 2018-04-21 13:12:09.910 [http-nio-8080-exec-2] GenericDao - Searching for user with packName = user
[DEBUG] 2018-04-21 13:12:24.286 [http-nio-8080-exec-6] GenericDao - Inserting into com.choinoski.entity.PackMember
[DEBUG] 2018-04-21 13:12:24.360 [http-nio-8080-exec-6] GenericDao - Selecting rows by 7
[DEBUG] 2018-04-21 13:52:46.146 [http-nio-8080-exec-2] GenericDao - Searching for user with packName = user
[DEBUG] 2018-04-21 13:57:57.194 [http-nio-8080-exec-6] GenericDao - Searching for user with packName = user
[DEBUG] 2018-04-21 14:07:47.451 [http-nio-8080-exec-10] GenericDao - Searching for user with packName = user
[DEBUG] 2018-04-21 14:10:03.006 [http-nio-8080-exec-7] GenericDao - Inserting into com.choinoski.entity.PackMember
[DEBUG] 2018-04-21 14:10:03.085 [http-nio-8080-exec-7] GenericDao - Selecting rows by 8
[DEBUG] 2018-04-21 14:16:52.656 [http-nio-8080-exec-6] GenericDao - Searching for user with packName = user
[DEBUG] 2018-04-21 14:19:18.967 [http-nio-8080-exec-2] GenericDao - Searching for user with packName = user
[DEBUG] 2018-04-21 14:33:53.414 [http-nio-8080-exec-4] GenericDao - Searching for user with packName = user
[DEBUG] 2018-04-21 14:41:11.227 [http-nio-8080-exec-9] GenericDao - Inserting into com.choinoski.entity.PackMember
[DEBUG] 2018-04-21 14:41:11.304 [http-nio-8080-exec-9] GenericDao - Selecting rows by 9
[DEBUG] 2018-04-21 14:49:15.461 [http-nio-8080-exec-2] GenericDao - Searching for user with packName = user
[DEBUG] 2018-04-21 14:49:37.132 [http-nio-8080-exec-7] GenericDao - Inserting into com.choinoski.entity.PackMember
[DEBUG] 2018-04-21 14:49:37.194 [http-nio-8080-exec-7] GenericDao - Selecting rows by 10
[DEBUG] 2018-04-21 14:51:35.663 [http-nio-8080-exec-3] GenericDao - Searching for user with packName = user
[DEBUG] 2018-04-21 14:52:00.725 [http-nio-8080-exec-8] GenericDao - Inserting into com.choinoski.entity.PackMember
[DEBUG] 2018-04-21 14:52:00.806 [http-nio-8080-exec-8] GenericDao - Selecting rows by 11
[DEBUG] 2018-04-21 15:05:44.092 [http-nio-8080-exec-1] GenericDao - Searching for user with packName = user
[DEBUG] 2018-04-21 15:09:04.072 [http-nio-8080-exec-10] GenericDao - Searching for user with packName = user
[DEBUG] 2018-04-21 15:18:29.269 [http-nio-8080-exec-1] GenericDao - Searching for user with packName = user
[DEBUG] 2018-04-21 15:21:15.210 [http-nio-8080-exec-2] GenericDao - Searching for user with packName = user
[DEBUG] 2018-04-21 15:23:39.817 [http-nio-8080-exec-2] GenericDao - Searching for user with packName = user
[DEBUG] 2018-04-21 15:27:24.889 [http-nio-8080-exec-2] GenericDao - Searching for user with packName = user
[DEBUG] 2018-04-21 15:28:50.168 [http-nio-8080-exec-2] GenericDao - Searching for user with packName = user
[DEBUG] 2018-04-21 15:30:21.820 [http-nio-8080-exec-10] GenericDao - Searching for user with packName = user
[DEBUG] 2018-04-21 15:31:22.249 [http-nio-8080-exec-2] GenericDao - Searching for user with packName = user
[DEBUG] 2018-04-21 15:33:29.792 [http-nio-8080-exec-1] GenericDao - Searching for user with packName = user
[DEBUG] 2018-04-21 15:34:44.445 [http-nio-8080-exec-2] GenericDao - Searching for user with packName = user
[DEBUG] 2018-04-21 15:36:01.577 [http-nio-8080-exec-2] GenericDao - Searching for user with packName = user
[DEBUG] 2018-04-21 15:37:23.300 [http-nio-8080-exec-2] GenericDao - Searching for user with packName = user
[DEBUG] 2018-04-21 15:39:25.472 [http-nio-8080-exec-10] GenericDao - Searching for user with packName = user
[DEBUG] 2018-04-21 15:41:18.141 [http-nio-8080-exec-1] GenericDao - Searching for user with packName = user
[DEBUG] 2018-04-21 15:42:36.369 [http-nio-8080-exec-2] GenericDao - Searching for user with packName = user
[DEBUG] 2018-04-21 15:44:03.122 [http-nio-8080-exec-10] GenericDao - Searching for user with packName = user
[DEBUG] 2018-04-21 15:45:18.073 [http-nio-8080-exec-2] GenericDao - Searching for user with packName = user
[DEBUG] 2018-04-21 15:48:32.024 [http-nio-8080-exec-1] GenericDao - Searching for user with packName = user
[DEBUG] 2018-04-21 15:49:46.333 [http-nio-8080-exec-2] GenericDao - Searching for user with packName = user
[DEBUG] 2018-04-21 15:52:24.714 [http-nio-8080-exec-2] GenericDao - Searching for user with packName = user
[DEBUG] 2018-04-21 15:53:52.393 [http-nio-8080-exec-1] GenericDao - Searching for user with packName = user
[DEBUG] 2018-04-21 16:20:26.301 [http-nio-8080-exec-4] GenericDao - Searching for user with packName = user
[DEBUG] 2018-04-21 16:32:06.545 [http-nio-8080-exec-2] GenericDao - Searching for user with packName = user
[DEBUG] 2018-04-21 16:33:35.971 [http-nio-8080-exec-2] GenericDao - Searching for user with packName = user
[DEBUG] 2018-04-21 16:36:19.243 [http-nio-8080-exec-3] GenericDao - Searching for user with packName = user
[DEBUG] 2018-04-21 16:38:41.485 [http-nio-8080-exec-2] GenericDao - Searching for user with packName = user
[DEBUG] 2018-04-21 16:43:25.568 [http-nio-8080-exec-7] GenericDao - Searching for user with packName = user
[DEBUG] 2018-04-21 16:44:41.548 [http-nio-8080-exec-3] GenericDao - Searching for user with packName = user
[DEBUG] 2018-04-21 16:52:01.489 [http-nio-8080-exec-2] GenericDao - Searching for user with packName = user
[DEBUG] 2018-04-21 16:53:59.582 [http-nio-8080-exec-3] GenericDao - Searching for user with packName = user
[DEBUG] 2018-04-21 16:57:42.390 [http-nio-8080-exec-4] GenericDao - Searching for user with packName = user
[DEBUG] 2018-04-21 17:00:38.119 [http-nio-8080-exec-2] GenericDao - Searching for user with packName = user
[DEBUG] 2018-04-21 17:02:40.926 [http-nio-8080-exec-3] GenericDao - Searching for user with packName = user
[DEBUG] 2018-04-21 17:04:45.931 [http-nio-8080-exec-4] GenericDao - Searching for user with packName = user
[DEBUG] 2018-04-21 21:58:46.339 [http-nio-8080-exec-8] GenericDao - Searching for user with packName = user
[DEBUG] 2018-04-21 22:10:40.437 [http-nio-8080-exec-4] GenericDao - Searching for user with packName = user
[DEBUG] 2018-04-21 22:15:18.997 [http-nio-8080-exec-3] GenericDao - Searching for user with packName = user
[DEBUG] 2018-04-21 22:39:16.002 [http-nio-8080-exec-3] GenericDao - Searching for user with packName = user
[DEBUG] 2018-04-21 22:39:33.520 [http-nio-8080-exec-6] GenericDao - Updating com.choinoski.entity.PackMember
[DEBUG] 2018-04-21 22:39:33.722 [http-nio-8080-exec-6] GenericDao - Updating com.choinoski.entity.PackMember
[DEBUG] 2018-04-21 22:39:33.760 [http-nio-8080-exec-6] GenericDao - Updating com.choinoski.entity.PackMember
[DEBUG] 2018-04-21 22:39:33.784 [http-nio-8080-exec-6] GenericDao - Updating com.choinoski.entity.PackMember
[DEBUG] 2018-04-21 22:39:33.800 [http-nio-8080-exec-6] GenericDao - Updating com.choinoski.entity.PackMember
[DEBUG] 2018-04-21 22:39:33.811 [http-nio-8080-exec-6] GenericDao - Updating com.choinoski.entity.PackMember
[DEBUG] 2018-04-21 22:39:33.833 [http-nio-8080-exec-6] GenericDao - Updating com.choinoski.entity.PackMember
[DEBUG] 2018-04-21 22:39:45.035 [http-nio-8080-exec-7] GenericDao - Searching for user with packName = user
[DEBUG] 2018-04-21 22:46:24.618 [http-nio-8080-exec-2] GenericDao - Searching for user with packName = user
[DEBUG] 2018-04-21 22:46:42.178 [http-nio-8080-exec-5] GenericDao - Updating com.choinoski.entity.PackMember
[DEBUG] 2018-04-21 22:46:42.321 [http-nio-8080-exec-5] GenericDao - Updating com.choinoski.entity.PackMember
[DEBUG] 2018-04-21 22:46:42.347 [http-nio-8080-exec-5] GenericDao - Updating com.choinoski.entity.PackMember
[DEBUG] 2018-04-21 22:46:42.381 [http-nio-8080-exec-5] GenericDao - Updating com.choinoski.entity.PackMember
[DEBUG] 2018-04-21 22:46:42.403 [http-nio-8080-exec-5] GenericDao - Updating com.choinoski.entity.PackMember
[DEBUG] 2018-04-21 22:46:42.421 [http-nio-8080-exec-5] GenericDao - Updating com.choinoski.entity.PackMember
[DEBUG] 2018-04-21 22:46:42.453 [http-nio-8080-exec-5] GenericDao - Updating com.choinoski.entity.PackMember
[DEBUG] 2018-04-21 22:46:51.726 [http-nio-8080-exec-7] GenericDao - Updating com.choinoski.entity.PackMember
[DEBUG] 2018-04-21 22:46:51.746 [http-nio-8080-exec-7] GenericDao - Updating com.choinoski.entity.PackMember
[DEBUG] 2018-04-21 22:46:51.763 [http-nio-8080-exec-7] GenericDao - Updating com.choinoski.entity.PackMember
[DEBUG] 2018-04-21 22:46:51.779 [http-nio-8080-exec-7] GenericDao - Updating com.choinoski.entity.PackMember
[DEBUG] 2018-04-21 22:46:51.798 [http-nio-8080-exec-7] GenericDao - Updating com.choinoski.entity.PackMember
[DEBUG] 2018-04-21 22:46:51.814 [http-nio-8080-exec-7] GenericDao - Updating com.choinoski.entity.PackMember
[DEBUG] 2018-04-21 22:46:51.829 [http-nio-8080-exec-7] GenericDao - Updating com.choinoski.entity.PackMember
[DEBUG] 2018-04-21 22:47:15.915 [http-nio-8080-exec-10] GenericDao - Updating com.choinoski.entity.PackMember
[DEBUG] 2018-04-21 22:47:15.937 [http-nio-8080-exec-10] GenericDao - Updating com.choinoski.entity.PackMember
[DEBUG] 2018-04-21 22:47:15.949 [http-nio-8080-exec-10] GenericDao - Updating com.choinoski.entity.PackMember
[DEBUG] 2018-04-21 22:47:15.968 [http-nio-8080-exec-10] GenericDao - Updating com.choinoski.entity.PackMember
[DEBUG] 2018-04-21 22:47:15.989 [http-nio-8080-exec-10] GenericDao - Updating com.choinoski.entity.PackMember
[DEBUG] 2018-04-21 22:47:16.002 [http-nio-8080-exec-10] GenericDao - Updating com.choinoski.entity.PackMember
[DEBUG] 2018-04-21 22:47:16.016 [http-nio-8080-exec-10] GenericDao - Updating com.choinoski.entity.PackMember
[DEBUG] 2018-04-21 22:59:41.408 [http-nio-8080-exec-1] GenericDao - Searching for user with packName = user
[DEBUG] 2018-04-21 22:59:52.840 [http-nio-8080-exec-5] GenericDao - Updating com.choinoski.entity.PackMember
[DEBUG] 2018-04-21 22:59:52.984 [http-nio-8080-exec-5] GenericDao - Updating com.choinoski.entity.PackMember
[DEBUG] 2018-04-21 22:59:53.020 [http-nio-8080-exec-5] GenericDao - Updating com.choinoski.entity.PackMember
[DEBUG] 2018-04-21 22:59:53.040 [http-nio-8080-exec-5] GenericDao - Deleting from com.choinoski.entity.PackMember
[DEBUG] 2018-04-21 22:59:53.089 [http-nio-8080-exec-5] GenericDao - Updating com.choinoski.entity.PackMember
[DEBUG] 2018-04-21 22:59:53.114 [http-nio-8080-exec-5] GenericDao - Updating com.choinoski.entity.PackMember
[DEBUG] 2018-04-21 22:59:53.142 [http-nio-8080-exec-5] GenericDao - Updating com.choinoski.entity.PackMember
[DEBUG] 2018-04-21 22:59:59.850 [http-nio-8080-exec-7] GenericDao - Updating com.choinoski.entity.PackMember
[DEBUG] 2018-04-21 22:59:59.880 [http-nio-8080-exec-7] GenericDao - Updating com.choinoski.entity.PackMember
[DEBUG] 2018-04-21 22:59:59.901 [http-nio-8080-exec-7] GenericDao - Updating com.choinoski.entity.PackMember
[DEBUG] 2018-04-21 22:59:59.914 [http-nio-8080-exec-7] GenericDao - Updating com.choinoski.entity.PackMember
[DEBUG] 2018-04-21 23:00:28.838 [http-nio-8080-exec-9] GenericDao - Searching for user with packName = user
[DEBUG] 2018-04-21 23:00:33.125 [http-nio-8080-exec-2] GenericDao - Searching for user with packName = user
[DEBUG] 2018-04-21 23:00:37.361 [http-nio-8080-exec-3] GenericDao - Updating com.choinoski.entity.PackMember
[DEBUG] 2018-04-21 23:00:37.384 [http-nio-8080-exec-3] GenericDao - Updating com.choinoski.entity.PackMember
[DEBUG] 2018-04-21 23:00:37.399 [http-nio-8080-exec-3] GenericDao - Updating com.choinoski.entity.PackMember
[DEBUG] 2018-04-21 23:00:37.419 [http-nio-8080-exec-3] GenericDao - Updating com.choinoski.entity.PackMember
[DEBUG] 2018-04-21 23:00:37.444 [http-nio-8080-exec-3] GenericDao - Updating com.choinoski.entity.PackMember
[DEBUG] 2018-04-21 23:00:37.471 [http-nio-8080-exec-3] GenericDao - Deleting from com.choinoski.entity.PackMember
[DEBUG] 2018-04-21 23:00:46.514 [http-nio-8080-exec-5] GenericDao - Searching for user with packName = user
[DEBUG] 2018-04-21 23:06:15.937 [http-nio-8080-exec-4] GenericDao - Searching for user with packName = user
[DEBUG] 2018-04-21 23:06:26.400 [http-nio-8080-exec-6] GenericDao - Updating com.choinoski.entity.PackMember
[DEBUG] 2018-04-21 23:10:25.628 [http-nio-8080-exec-7] GenericDao - Searching for user with packName = user
[DEBUG] 2018-04-21 23:10:33.874 [http-nio-8080-exec-9] GenericDao - Updating com.choinoski.entity.PackMember
[DEBUG] 2018-04-21 23:10:34.014 [http-nio-8080-exec-9] GenericDao - Updating com.choinoski.entity.PackMember
[DEBUG] 2018-04-21 23:10:34.034 [http-nio-8080-exec-9] GenericDao - Updating com.choinoski.entity.PackMember
[DEBUG] 2018-04-21 23:10:34.052 [http-nio-8080-exec-9] GenericDao - Updating com.choinoski.entity.PackMember
[DEBUG] 2018-04-21 23:11:24.938 [http-nio-8080-exec-10] GenericDao - Searching for user with packName = user
[DEBUG] 2018-04-21 23:13:11.694 [http-nio-8080-exec-1] GenericDao - Searching for user with packName = user
[DEBUG] 2018-04-21 23:14:47.345 [http-nio-8080-exec-5] GenericDao - Updating com.choinoski.entity.PackMember
[DEBUG] 2018-04-21 23:16:03.192 [http-nio-8080-exec-10] GenericDao - Searching for user with packName = user
[DEBUG] 2018-04-21 23:16:28.135 [http-nio-8080-exec-3] GenericDao - Updating com.choinoski.entity.PackMember
[DEBUG] 2018-04-21 23:20:06.670 [http-nio-8080-exec-2] GenericDao - Searching for user with packName = user
[DEBUG] 2018-04-21 23:20:17.938 [http-nio-8080-exec-6] GenericDao - Deleting from com.choinoski.entity.PackMember
[DEBUG] 2018-04-21 23:22:11.394 [http-nio-8080-exec-8] GenericDao - Searching for user with packName = user
[DEBUG] 2018-04-21 23:34:08.542 [http-nio-8080-exec-5] GenericDao - Searching for user with packName = user
[DEBUG] 2018-04-21 23:34:16.761 [http-nio-8080-exec-7] GenericDao - Deleting from com.choinoski.entity.PackMember
[DEBUG] 2018-04-21 23:34:50.837 [http-nio-8080-exec-8] GenericDao - Searching for user with packName = user
[DEBUG] 2018-04-21 23:35:21.309 [http-nio-8080-exec-2] GenericDao - Inserting into com.choinoski.entity.PackMember
[DEBUG] 2018-04-21 23:35:21.381 [http-nio-8080-exec-2] GenericDao - Selecting rows by 12
[DEBUG] 2018-04-21 23:38:18.325 [http-nio-8080-exec-1] GenericDao - Searching for user with packName = user
[DEBUG] 2018-04-21 23:38:44.635 [http-nio-8080-exec-4] GenericDao - Deleting from com.choinoski.entity.PackMember
[DEBUG] 2018-04-21 23:45:48.661 [http-nio-8080-exec-1] GenericDao - Searching for user with packName = user
[DEBUG] 2018-04-21 23:46:08.793 [http-nio-8080-exec-8] GenericDao - Inserting into com.choinoski.entity.PackMember
[DEBUG] 2018-04-21 23:46:08.920 [http-nio-8080-exec-8] GenericDao - Selecting rows by 13
[DEBUG] 2018-04-21 23:46:14.048 [http-nio-8080-exec-10] GenericDao - Deleting from com.choinoski.entity.PackMember
[DEBUG] 2018-04-21 23:48:03.335 [http-nio-8080-exec-3] GenericDao - Searching for user with packName = user
[DEBUG] 2018-04-21 23:48:43.598 [http-nio-8080-exec-2] GenericDao - Inserting into com.choinoski.entity.PackMember
[DEBUG] 2018-04-21 23:48:43.827 [http-nio-8080-exec-2] GenericDao - Selecting rows by 14
[DEBUG] 2018-04-21 23:48:51.069 [http-nio-8080-exec-3] GenericDao - Deleting from com.choinoski.entity.PackMember
[DEBUG] 2018-04-21 23:53:50.938 [http-nio-8080-exec-10] GenericDao - Searching for user with packName = user
[DEBUG] 2018-04-22 00:09:20.850 [http-nio-8080-exec-3] GenericDao - Selecting all rows from a table
[DEBUG] 2018-04-22 14:48:26.282 [http-nio-8080-exec-4] GenericDao - Searching for user with packName = user
[DEBUG] 2018-04-22 14:48:54.860 [http-nio-8080-exec-5] GenericDao - Inserting into com.choinoski.entity.PackMember
[DEBUG] 2018-04-22 14:48:54.947 [http-nio-8080-exec-5] GenericDao - Selecting rows by 15
[DEBUG] 2018-04-22 14:53:19.760 [http-nio-8080-exec-2] GenericDao - Searching for user with packName = user
[DEBUG] 2018-04-22 14:58:02.379 [http-nio-8080-exec-2] GenericDao - Searching for user with packName = user
[DEBUG] 2018-04-22 15:01:23.781 [http-nio-8080-exec-2] GenericDao - Searching for user with packName = user
[DEBUG] 2018-04-22 15:24:24.707 [http-nio-8080-exec-2] GenericDao - Searching for user with packName = user
[DEBUG] 2018-04-22 15:26:31.510 [http-nio-8080-exec-2] GenericDao - Searching for user with packName = user
[DEBUG] 2018-04-22 15:28:20.940 [http-nio-8080-exec-2] GenericDao - Searching for user with packName = user
[DEBUG] 2018-04-22 15:29:42.258 [http-nio-8080-exec-6] GenericDao - Deleting from com.choinoski.entity.PackMember
[DEBUG] 2018-04-22 16:22:46.824 [http-nio-8080-exec-2] GenericDao - Searching for user with packName = user
[DEBUG] 2018-04-22 16:22:54.557 [http-nio-8080-exec-5] GenericDao - Updating com.choinoski.entity.PackMember
[DEBUG] 2018-04-22 16:22:54.678 [http-nio-8080-exec-5] GenericDao - Updating com.choinoski.entity.PackMember
[DEBUG] 2018-04-22 16:22:54.690 [http-nio-8080-exec-5] GenericDao - Updating com.choinoski.entity.PackMember
[DEBUG] 2018-04-22 16:22:58.218 [http-nio-8080-exec-7] GenericDao - Updating com.choinoski.entity.PackMember
[DEBUG] 2018-04-22 16:23:04.008 [http-nio-8080-exec-9] GenericDao - Updating com.choinoski.entity.PackMember
[DEBUG] 2018-04-22 16:23:08.029 [http-nio-8080-exec-1] GenericDao - Updating com.choinoski.entity.PackMember
[DEBUG] 2018-04-22 16:23:15.950 [http-nio-8080-exec-2] GenericDao - Updating com.choinoski.entity.PackMember
[DEBUG] 2018-04-22 16:23:28.451 [http-nio-8080-exec-5] GenericDao - Updating com.choinoski.entity.PackMember
[DEBUG] 2018-04-22 16:23:50.787 [http-nio-8080-exec-9] GenericDao - Updating com.choinoski.entity.PackMember
[DEBUG] 2018-04-22 16:23:50.806 [http-nio-8080-exec-9] GenericDao - Deleting from com.choinoski.entity.PackMember
[DEBUG] 2018-04-22 16:24:09.593 [http-nio-8080-exec-2] GenericDao - Updating com.choinoski.entity.PackMember
[DEBUG] 2018-04-22 16:24:12.715 [http-nio-8080-exec-5] GenericDao - Searching for user with packName = user
[DEBUG] 2018-04-22 16:25:18.566 [http-nio-8080-exec-8] GenericDao - Updating com.choinoski.entity.PackMember
[DEBUG] 2018-04-22 16:25:40.908 [http-nio-8080-exec-1] GenericDao - Deleting from com.choinoski.entity.PackMember
[DEBUG] 2018-04-22 16:26:01.446 [http-nio-8080-exec-9] GenericDao - Inserting into com.choinoski.entity.PackMember
[DEBUG] 2018-04-22 16:26:01.471 [http-nio-8080-exec-9] GenericDao - Selecting rows by 16
[DEBUG] 2018-04-22 16:31:13.335 [http-nio-8080-exec-10] GenericDao - Searching for user with packName = user
[DEBUG] 2018-04-22 16:31:30.162 [http-nio-8080-exec-5] GenericDao - Searching for user with packName = user
[DEBUG] 2018-04-22 16:31:32.067 [http-nio-8080-exec-7] GenericDao - Searching for user with packName = user
[DEBUG] 2018-04-22 16:31:33.116 [http-nio-8080-exec-9] GenericDao - Searching for user with packName = user
[DEBUG] 2018-04-22 16:31:34.215 [http-nio-8080-exec-10] GenericDao - Searching for user with packName = user
[DEBUG] 2018-04-22 16:31:42.515 [http-nio-8080-exec-6] GenericDao - Searching for user with packName = user
[DEBUG] 2018-04-22 16:31:43.785 [http-nio-8080-exec-8] GenericDao - Searching for user with packName = user
[DEBUG] 2018-04-22 16:31:44.631 [http-nio-8080-exec-1] GenericDao - Searching for user with packName = user
[DEBUG] 2018-04-22 16:33:25.302 [http-nio-8080-exec-2] GenericDao - Searching for user with packName = user
[DEBUG] 2018-04-22 16:33:28.764 [http-nio-8080-exec-5] GenericDao - Deleting from com.choinoski.entity.PackMember
[DEBUG] 2018-04-22 16:33:43.696 [http-nio-8080-exec-9] GenericDao - Inserting into com.choinoski.entity.PackMember
[DEBUG] 2018-04-22 16:33:43.768 [http-nio-8080-exec-9] GenericDao - Selecting rows by 17
[DEBUG] 2018-04-22 16:33:57.965 [http-nio-8080-exec-1] GenericDao - Deleting from com.choinoski.entity.PackMember
